[0.014s] Invoking command in '/home/jiaverso/Desktop/SparkCar_ROS2_WS/HunterSE_Driver/build/hunter_base': AMENT_PREFIX_PATH=/home/jiaverso/Desktop/SparkCar_ROS2_WS/HunterSE_Driver/install/hunter_msgs:${AMENT_PREFIX_PATH} CMAKE_PREFIX_PATH=/opt/ros/humble:/home/jiaverso/Desktop/SparkCar_ROS2_WS/HunterSE_Driver/install/ugv_sdk:/home/jiaverso/Desktop/SparkCar_ROS2_WS/HunterSE_Driver/install/hunter_msgs:${CMAKE_PREFIX_PATH} LD_LIBRARY_PATH=/home/jiaverso/Desktop/SparkCar_ROS2_WS/HunterSE_Driver/install/hunter_msgs/lib:${LD_LIBRARY_PATH} PKG_CONFIG_PATH=/home/jiaverso/Desktop/SparkCar_ROS2_WS/HunterSE_Driver/install/ugv_sdk/lib/x86_64-linux-gnu/pkgconfig:/home/jiaverso/Desktop/SparkCar_ROS2_WS/HunterSE_Driver/install/ugv_sdk/lib/pkgconfig PYTHONPATH=/home/jiaverso/Desktop/SparkCar_ROS2_WS/HunterSE_Driver/install/hunter_msgs/local/lib/python3.10/dist-packages:${PYTHONPATH} ROS_PACKAGE_PATH=/home/jiaverso/Desktop/SparkCar_ROS2_WS/HunterSE_Driver/install/ugv_sdk/share /usr/bin/cmake --build /home/jiaverso/Desktop/SparkCar_ROS2_WS/HunterSE_Driver/build/hunter_base -- -j8 -l8
[0.065s] Consolidate compiler generated dependencies of target hunter_base_node
[0.082s] [ 25%] Building CXX object CMakeFiles/hunter_base_node.dir/src/hunter_base_ros.cpp.o
[2.696s] In file included from /home/jiaverso/Desktop/SparkCar_ROS2_WS/HunterSE_Driver/src/hunter_ros2/hunter_base/ascent/include/ascent/Recorder.h:25,
[2.697s]                  from /home/jiaverso/Desktop/SparkCar_ROS2_WS/HunterSE_Driver/src/hunter_ros2/hunter_base/ascent/include/ascent/Ascent.h:17,
[2.697s]                  from /home/jiaverso/Desktop/SparkCar_ROS2_WS/HunterSE_Driver/src/hunter_ros2/hunter_base/include/hunter_base/hunter_messenger.hpp:24,
[2.697s]                  from /home/jiaverso/Desktop/SparkCar_ROS2_WS/HunterSE_Driver/src/hunter_ros2/hunter_base/src/hunter_base_ros.cpp:12:
[2.697s] /home/jiaverso/Desktop/SparkCar_ROS2_WS/HunterSE_Driver/src/hunter_ros2/hunter_base/ascent/include/ascent/containers/stack.h:54:7: warning: type qualifiers ignored on function return type [-Wignored-qualifiers]
[2.697s]    54 |       const pointer operator->() const noexcept
[2.697s]       |       ^~~~~
[2.697s] /home/jiaverso/Desktop/SparkCar_ROS2_WS/HunterSE_Driver/src/hunter_ros2/hunter_base/ascent/include/ascent/containers/stack.h:113:7: warning: type qualifiers ignored on function return type [-Wignored-qualifiers]
[2.697s]   113 |       const pointer operator->() const
[2.697s]       |       ^~~~~
[2.700s] In file included from /home/jiaverso/Desktop/SparkCar_ROS2_WS/HunterSE_Driver/src/hunter_ros2/hunter_base/ascent/include/ascent/integrators/RK2.h:17,
[2.700s]                  from /home/jiaverso/Desktop/SparkCar_ROS2_WS/HunterSE_Driver/src/hunter_ros2/hunter_base/ascent/include/ascent/Ascent.h:26,
[2.700s]                  from /home/jiaverso/Desktop/SparkCar_ROS2_WS/HunterSE_Driver/src/hunter_ros2/hunter_base/include/hunter_base/hunter_messenger.hpp:24,
[2.700s]                  from /home/jiaverso/Desktop/SparkCar_ROS2_WS/HunterSE_Driver/src/hunter_ros2/hunter_base/src/hunter_base_ros.cpp:12:
[2.700s] /home/jiaverso/Desktop/SparkCar_ROS2_WS/HunterSE_Driver/src/hunter_ros2/hunter_base/ascent/include/ascent/Utility.h:25:14: warning: type qualifiers ignored on function return type [-Wignored-qualifiers]
[2.700s]    25 |    constexpr const value_t cx(long double v) { return static_cast<value_t>(v); }
[2.700s]       |              ^~~~~
[2.700s] /home/jiaverso/Desktop/SparkCar_ROS2_WS/HunterSE_Driver/src/hunter_ros2/hunter_base/ascent/include/ascent/Utility.h:26:14: warning: type qualifiers ignored on function return type [-Wignored-qualifiers]
[2.700s]    26 |    constexpr const value_t operator"" _v(long double v) { return static_cast<value_t>(v); }
[2.700s]       |              ^~~~~
[8.866s] [ 50%] Linking CXX executable hunter_base_node
[9.285s] [100%] Built target hunter_base_node
[9.294s] Invoked command in '/home/jiaverso/Desktop/SparkCar_ROS2_WS/HunterSE_Driver/build/hunter_base' returned '0': AMENT_PREFIX_PATH=/home/jiaverso/Desktop/SparkCar_ROS2_WS/HunterSE_Driver/install/hunter_msgs:${AMENT_PREFIX_PATH} CMAKE_PREFIX_PATH=/opt/ros/humble:/home/jiaverso/Desktop/SparkCar_ROS2_WS/HunterSE_Driver/install/ugv_sdk:/home/jiaverso/Desktop/SparkCar_ROS2_WS/HunterSE_Driver/install/hunter_msgs:${CMAKE_PREFIX_PATH} LD_LIBRARY_PATH=/home/jiaverso/Desktop/SparkCar_ROS2_WS/HunterSE_Driver/install/hunter_msgs/lib:${LD_LIBRARY_PATH} PKG_CONFIG_PATH=/home/jiaverso/Desktop/SparkCar_ROS2_WS/HunterSE_Driver/install/ugv_sdk/lib/x86_64-linux-gnu/pkgconfig:/home/jiaverso/Desktop/SparkCar_ROS2_WS/HunterSE_Driver/install/ugv_sdk/lib/pkgconfig PYTHONPATH=/home/jiaverso/Desktop/SparkCar_ROS2_WS/HunterSE_Driver/install/hunter_msgs/local/lib/python3.10/dist-packages:${PYTHONPATH} ROS_PACKAGE_PATH=/home/jiaverso/Desktop/SparkCar_ROS2_WS/HunterSE_Driver/install/ugv_sdk/share /usr/bin/cmake --build /home/jiaverso/Desktop/SparkCar_ROS2_WS/HunterSE_Driver/build/hunter_base -- -j8 -l8
[9.301s] Invoking command in '/home/jiaverso/Desktop/SparkCar_ROS2_WS/HunterSE_Driver/build/hunter_base': AMENT_PREFIX_PATH=/home/jiaverso/Desktop/SparkCar_ROS2_WS/HunterSE_Driver/install/hunter_msgs:${AMENT_PREFIX_PATH} CMAKE_PREFIX_PATH=/opt/ros/humble:/home/jiaverso/Desktop/SparkCar_ROS2_WS/HunterSE_Driver/install/ugv_sdk:/home/jiaverso/Desktop/SparkCar_ROS2_WS/HunterSE_Driver/install/hunter_msgs:${CMAKE_PREFIX_PATH} LD_LIBRARY_PATH=/home/jiaverso/Desktop/SparkCar_ROS2_WS/HunterSE_Driver/install/hunter_msgs/lib:${LD_LIBRARY_PATH} PKG_CONFIG_PATH=/home/jiaverso/Desktop/SparkCar_ROS2_WS/HunterSE_Driver/install/ugv_sdk/lib/x86_64-linux-gnu/pkgconfig:/home/jiaverso/Desktop/SparkCar_ROS2_WS/HunterSE_Driver/install/ugv_sdk/lib/pkgconfig PYTHONPATH=/home/jiaverso/Desktop/SparkCar_ROS2_WS/HunterSE_Driver/install/hunter_msgs/local/lib/python3.10/dist-packages:${PYTHONPATH} ROS_PACKAGE_PATH=/home/jiaverso/Desktop/SparkCar_ROS2_WS/HunterSE_Driver/install/ugv_sdk/share /usr/bin/cmake --install /home/jiaverso/Desktop/SparkCar_ROS2_WS/HunterSE_Driver/build/hunter_base
[9.306s] -- Install configuration: ""
[9.307s] -- Execute custom install script
[9.307s] -- Up-to-date symlink: /home/jiaverso/Desktop/SparkCar_ROS2_WS/HunterSE_Driver/install/hunter_base/share/ascent/cmake/ascentConfig.cmake
[9.307s] -- Up-to-date symlink: /home/jiaverso/Desktop/SparkCar_ROS2_WS/HunterSE_Driver/install/hunter_base/share/ascent/cmake/ascentConfigVersion.cmake
[9.308s] -- Up-to-date symlink: /home/jiaverso/Desktop/SparkCar_ROS2_WS/HunterSE_Driver/install/hunter_base/include/ascent/Ascent.h
[9.308s] -- Up-to-date symlink: /home/jiaverso/Desktop/SparkCar_ROS2_WS/HunterSE_Driver/install/hunter_base/include/ascent/ChaiEngine.h
[9.308s] -- Up-to-date symlink: /home/jiaverso/Desktop/SparkCar_ROS2_WS/HunterSE_Driver/install/hunter_base/include/ascent/Param.h
[9.308s] -- Up-to-date symlink: /home/jiaverso/Desktop/SparkCar_ROS2_WS/HunterSE_Driver/install/hunter_base/include/ascent/ParamV.h
[9.308s] -- Up-to-date symlink: /home/jiaverso/Desktop/SparkCar_ROS2_WS/HunterSE_Driver/install/hunter_base/include/ascent/Recorder.h
[9.308s] -- Up-to-date symlink: /home/jiaverso/Desktop/SparkCar_ROS2_WS/HunterSE_Driver/install/hunter_base/include/ascent/System.h
[9.308s] -- Up-to-date symlink: /home/jiaverso/Desktop/SparkCar_ROS2_WS/HunterSE_Driver/install/hunter_base/include/ascent/Utility.h
[9.308s] -- Up-to-date symlink: /home/jiaverso/Desktop/SparkCar_ROS2_WS/HunterSE_Driver/install/hunter_base/include/ascent/Vector.h
[9.308s] -- Up-to-date symlink: /home/jiaverso/Desktop/SparkCar_ROS2_WS/HunterSE_Driver/install/hunter_base/include/ascent/algorithms/Derivative.h
[9.309s] -- Up-to-date symlink: /home/jiaverso/Desktop/SparkCar_ROS2_WS/HunterSE_Driver/install/hunter_base/include/ascent/containers/stack.h
[9.309s] -- Up-to-date symlink: /home/jiaverso/Desktop/SparkCar_ROS2_WS/HunterSE_Driver/install/hunter_base/include/ascent/direct/State.h
[9.309s] -- Up-to-date symlink: /home/jiaverso/Desktop/SparkCar_ROS2_WS/HunterSE_Driver/install/hunter_base/include/ascent/integrators/DOPRI45.h
[9.309s] -- Up-to-date symlink: /home/jiaverso/Desktop/SparkCar_ROS2_WS/HunterSE_Driver/install/hunter_base/include/ascent/integrators/Euler.h
[9.309s] -- Up-to-date symlink: /home/jiaverso/Desktop/SparkCar_ROS2_WS/HunterSE_Driver/install/hunter_base/include/ascent/integrators/Midpoint.h
[9.309s] -- Up-to-date symlink: /home/jiaverso/Desktop/SparkCar_ROS2_WS/HunterSE_Driver/install/hunter_base/include/ascent/integrators/PC233.h
[9.309s] -- Up-to-date symlink: /home/jiaverso/Desktop/SparkCar_ROS2_WS/HunterSE_Driver/install/hunter_base/include/ascent/integrators/RK2.h
[9.309s] -- Up-to-date symlink: /home/jiaverso/Desktop/SparkCar_ROS2_WS/HunterSE_Driver/install/hunter_base/include/ascent/integrators/RK4.h
[9.309s] -- Up-to-date symlink: /home/jiaverso/Desktop/SparkCar_ROS2_WS/HunterSE_Driver/install/hunter_base/include/ascent/integrators/RKMM.h
[9.309s] -- Up-to-date symlink: /home/jiaverso/Desktop/SparkCar_ROS2_WS/HunterSE_Driver/install/hunter_base/include/ascent/integrators/RTAM4.h
[9.310s] -- Up-to-date symlink: /home/jiaverso/Desktop/SparkCar_ROS2_WS/HunterSE_Driver/install/hunter_base/include/ascent/integrators_direct/Euler.h
[9.310s] -- Up-to-date symlink: /home/jiaverso/Desktop/SparkCar_ROS2_WS/HunterSE_Driver/install/hunter_base/include/ascent/integrators_direct/RK4.h
[9.310s] -- Up-to-date symlink: /home/jiaverso/Desktop/SparkCar_ROS2_WS/HunterSE_Driver/install/hunter_base/include/ascent/integrators_modular/DOPRI45.h
[9.310s] -- Up-to-date symlink: /home/jiaverso/Desktop/SparkCar_ROS2_WS/HunterSE_Driver/install/hunter_base/include/ascent/integrators_modular/Euler.h
[9.310s] -- Up-to-date symlink: /home/jiaverso/Desktop/SparkCar_ROS2_WS/HunterSE_Driver/install/hunter_base/include/ascent/integrators_modular/Heun.h
[9.310s] -- Up-to-date symlink: /home/jiaverso/Desktop/SparkCar_ROS2_WS/HunterSE_Driver/install/hunter_base/include/ascent/integrators_modular/Midpoint.h
[9.310s] -- Up-to-date symlink: /home/jiaverso/Desktop/SparkCar_ROS2_WS/HunterSE_Driver/install/hunter_base/include/ascent/integrators_modular/ModularIntegrators.h
[9.311s] -- Up-to-date symlink: /home/jiaverso/Desktop/SparkCar_ROS2_WS/HunterSE_Driver/install/hunter_base/include/ascent/integrators_modular/NCRK4.h
[9.311s] -- Up-to-date symlink: /home/jiaverso/Desktop/SparkCar_ROS2_WS/HunterSE_Driver/install/hunter_base/include/ascent/integrators_modular/PC233.h
[9.311s] -- Up-to-date symlink: /home/jiaverso/Desktop/SparkCar_ROS2_WS/HunterSE_Driver/install/hunter_base/include/ascent/integrators_modular/RK2.h
[9.311s] -- Up-to-date symlink: /home/jiaverso/Desktop/SparkCar_ROS2_WS/HunterSE_Driver/install/hunter_base/include/ascent/integrators_modular/RK3.h
[9.311s] -- Up-to-date symlink: /home/jiaverso/Desktop/SparkCar_ROS2_WS/HunterSE_Driver/install/hunter_base/include/ascent/integrators_modular/RK4.h
[9.311s] -- Up-to-date symlink: /home/jiaverso/Desktop/SparkCar_ROS2_WS/HunterSE_Driver/install/hunter_base/include/ascent/integrators_modular/RTAM2.h
[9.311s] -- Up-to-date symlink: /home/jiaverso/Desktop/SparkCar_ROS2_WS/HunterSE_Driver/install/hunter_base/include/ascent/integrators_modular/RTAM3.h
[9.311s] -- Up-to-date symlink: /home/jiaverso/Desktop/SparkCar_ROS2_WS/HunterSE_Driver/install/hunter_base/include/ascent/integrators_modular/RTAM4.h
[9.311s] -- Up-to-date symlink: /home/jiaverso/Desktop/SparkCar_ROS2_WS/HunterSE_Driver/install/hunter_base/include/ascent/modular/Link.h
[9.311s] -- Up-to-date symlink: /home/jiaverso/Desktop/SparkCar_ROS2_WS/HunterSE_Driver/install/hunter_base/include/ascent/modular/Module.h
[9.311s] -- Up-to-date symlink: /home/jiaverso/Desktop/SparkCar_ROS2_WS/HunterSE_Driver/install/hunter_base/include/ascent/threading/Pool.h
[9.311s] -- Up-to-date symlink: /home/jiaverso/Desktop/SparkCar_ROS2_WS/HunterSE_Driver/install/hunter_base/include/ascent/threading/Queue.h
[9.311s] -- Up-to-date symlink: /home/jiaverso/Desktop/SparkCar_ROS2_WS/HunterSE_Driver/install/hunter_base/include/ascent/timing/Sampler.h
[9.311s] -- Up-to-date symlink: /home/jiaverso/Desktop/SparkCar_ROS2_WS/HunterSE_Driver/install/hunter_base/include/ascent/timing/TimeAdvanced.h
[9.311s] -- Up-to-date symlink: /home/jiaverso/Desktop/SparkCar_ROS2_WS/HunterSE_Driver/install/hunter_base/include/ascent/timing/Timing.h
[9.312s] -- Up-to-date symlink: /home/jiaverso/Desktop/SparkCar_ROS2_WS/HunterSE_Driver/install/hunter_base/lib/hunter_base/hunter_base_node
[9.312s] -- Up-to-date symlink: /home/jiaverso/Desktop/SparkCar_ROS2_WS/HunterSE_Driver/install/hunter_base/share/hunter_base//launch/hunter_base.launch.py
[9.312s] -- Up-to-date symlink: /home/jiaverso/Desktop/SparkCar_ROS2_WS/HunterSE_Driver/install/hunter_base/share/ament_index/resource_index/package_run_dependencies/hunter_base
[9.312s] -- Up-to-date symlink: /home/jiaverso/Desktop/SparkCar_ROS2_WS/HunterSE_Driver/install/hunter_base/share/ament_index/resource_index/parent_prefix_path/hunter_base
[9.312s] -- Up-to-date symlink: /home/jiaverso/Desktop/SparkCar_ROS2_WS/HunterSE_Driver/install/hunter_base/share/hunter_base/environment/ament_prefix_path.sh
[9.312s] -- Up-to-date symlink: /home/jiaverso/Desktop/SparkCar_ROS2_WS/HunterSE_Driver/install/hunter_base/share/hunter_base/environment/ament_prefix_path.dsv
[9.312s] -- Up-to-date symlink: /home/jiaverso/Desktop/SparkCar_ROS2_WS/HunterSE_Driver/install/hunter_base/share/hunter_base/environment/path.sh
[9.312s] -- Up-to-date symlink: /home/jiaverso/Desktop/SparkCar_ROS2_WS/HunterSE_Driver/install/hunter_base/share/hunter_base/environment/path.dsv
[9.312s] -- Up-to-date symlink: /home/jiaverso/Desktop/SparkCar_ROS2_WS/HunterSE_Driver/install/hunter_base/share/hunter_base/local_setup.bash
[9.312s] -- Up-to-date symlink: /home/jiaverso/Desktop/SparkCar_ROS2_WS/HunterSE_Driver/install/hunter_base/share/hunter_base/local_setup.sh
[9.313s] -- Up-to-date symlink: /home/jiaverso/Desktop/SparkCar_ROS2_WS/HunterSE_Driver/install/hunter_base/share/hunter_base/local_setup.zsh
[9.313s] -- Up-to-date symlink: /home/jiaverso/Desktop/SparkCar_ROS2_WS/HunterSE_Driver/install/hunter_base/share/hunter_base/local_setup.dsv
[9.313s] -- Symlinking: /home/jiaverso/Desktop/SparkCar_ROS2_WS/HunterSE_Driver/install/hunter_base/share/hunter_base/package.dsv
[9.320s] -- Up-to-date symlink: /home/jiaverso/Desktop/SparkCar_ROS2_WS/HunterSE_Driver/install/hunter_base/share/ament_index/resource_index/packages/hunter_base
[9.320s] -- Up-to-date symlink: /home/jiaverso/Desktop/SparkCar_ROS2_WS/HunterSE_Driver/install/hunter_base/share/hunter_base/cmake/hunter_baseConfig.cmake
[9.320s] -- Up-to-date symlink: /home/jiaverso/Desktop/SparkCar_ROS2_WS/HunterSE_Driver/install/hunter_base/share/hunter_base/cmake/hunter_baseConfig-version.cmake
[9.320s] -- Up-to-date symlink: /home/jiaverso/Desktop/SparkCar_ROS2_WS/HunterSE_Driver/install/hunter_base/share/hunter_base/package.xml
[9.320s] -- Up-to-date: /home/jiaverso/Desktop/SparkCar_ROS2_WS/HunterSE_Driver/install/hunter_base/share/ascent/cmake/ascentTargets.cmake
[9.321s] Invoked command in '/home/jiaverso/Desktop/SparkCar_ROS2_WS/HunterSE_Driver/build/hunter_base' returned '0': AMENT_PREFIX_PATH=/home/jiaverso/Desktop/SparkCar_ROS2_WS/HunterSE_Driver/install/hunter_msgs:${AMENT_PREFIX_PATH} CMAKE_PREFIX_PATH=/opt/ros/humble:/home/jiaverso/Desktop/SparkCar_ROS2_WS/HunterSE_Driver/install/ugv_sdk:/home/jiaverso/Desktop/SparkCar_ROS2_WS/HunterSE_Driver/install/hunter_msgs:${CMAKE_PREFIX_PATH} LD_LIBRARY_PATH=/home/jiaverso/Desktop/SparkCar_ROS2_WS/HunterSE_Driver/install/hunter_msgs/lib:${LD_LIBRARY_PATH} PKG_CONFIG_PATH=/home/jiaverso/Desktop/SparkCar_ROS2_WS/HunterSE_Driver/install/ugv_sdk/lib/x86_64-linux-gnu/pkgconfig:/home/jiaverso/Desktop/SparkCar_ROS2_WS/HunterSE_Driver/install/ugv_sdk/lib/pkgconfig PYTHONPATH=/home/jiaverso/Desktop/SparkCar_ROS2_WS/HunterSE_Driver/install/hunter_msgs/local/lib/python3.10/dist-packages:${PYTHONPATH} ROS_PACKAGE_PATH=/home/jiaverso/Desktop/SparkCar_ROS2_WS/HunterSE_Driver/install/ugv_sdk/share /usr/bin/cmake --install /home/jiaverso/Desktop/SparkCar_ROS2_WS/HunterSE_Driver/build/hunter_base
