[0.073s] DEBUG:colcon:Command line arguments: ['/usr/bin/colcon', 'build', '--packages-select', 'sparkcar_nav_bringup']
[0.073s] DEBUG:colcon:Parsed command line arguments: Namespace(log_base=None, log_level=None, verb_name='build', build_base='build', install_base='install', merge_install=False, symlink_install=False, test_result_base=None, continue_on_error=False, executor='parallel', parallel_workers=8, event_handlers=None, ignore_user_meta=False, metas=['./colcon.meta'], base_paths=['.'], packages_ignore=None, packages_ignore_regex=None, paths=None, packages_up_to=None, packages_up_to_regex=None, packages_above=None, packages_above_and_dependencies=None, packages_above_depth=None, packages_select_by_dep=None, packages_skip_by_dep=None, packages_skip_up_to=None, packages_select_build_failed=False, packages_skip_build_finished=False, packages_select_test_failures=False, packages_skip_test_passed=False, packages_select=['sparkcar_nav_bringup'], packages_skip=None, packages_select_regex=None, packages_skip_regex=None, packages_start=None, packages_end=None, allow_overriding=[], cmake_args=None, cmake_target=None, cmake_target_skip_unavailable=False, cmake_clean_cache=False, cmake_clean_first=False, cmake_force_configure=False, ament_cmake_args=None, catkin_cmake_args=None, catkin_skip_building_tests=False, verb_parser=<colcon_defaults.argument_parser.defaults.DefaultArgumentsDecorator object at 0x777ab722fc70>, verb_extension=<colcon_core.verb.build.BuildVerb object at 0x777ab7375180>, main=<bound method BuildVerb.main of <colcon_core.verb.build.BuildVerb object at 0x777ab7375180>>)
[0.185s] Level 1:colcon.colcon_core.package_discovery:discover_packages(colcon_meta) check parameters
[0.185s] Level 1:colcon.colcon_core.package_discovery:discover_packages(recursive) check parameters
[0.185s] Level 1:colcon.colcon_core.package_discovery:discover_packages(ignore) check parameters
[0.185s] Level 1:colcon.colcon_core.package_discovery:discover_packages(path) check parameters
[0.185s] Level 1:colcon.colcon_core.package_discovery:discover_packages(colcon_meta) discover
[0.185s] Level 1:colcon.colcon_core.package_discovery:discover_packages(recursive) discover
[0.185s] INFO:colcon.colcon_core.package_discovery:Crawling recursively for packages in '/home/jiaverso/Desktop/SparkCar_ROS2_WS/SparkCar_Navigation'
[0.185s] Level 1:colcon.colcon_core.package_identification:_identify(.) by extensions ['ignore', 'ignore_ament_install']
[0.185s] Level 1:colcon.colcon_core.package_identification:_identify(.) by extension 'ignore'
[0.186s] Level 1:colcon.colcon_core.package_identification:_identify(.) by extension 'ignore_ament_install'
[0.186s] Level 1:colcon.colcon_core.package_identification:_identify(.) by extensions ['colcon_pkg']
[0.186s] Level 1:colcon.colcon_core.package_identification:_identify(.) by extension 'colcon_pkg'
[0.186s] Level 1:colcon.colcon_core.package_identification:_identify(.) by extensions ['colcon_meta']
[0.186s] Level 1:colcon.colcon_core.package_identification:_identify(.) by extension 'colcon_meta'
[0.186s] Level 1:colcon.colcon_core.package_identification:_identify(.) by extensions ['ros']
[0.186s] Level 1:colcon.colcon_core.package_identification:_identify(.) by extension 'ros'
[0.194s] Level 1:colcon.colcon_core.package_identification:_identify(.) by extensions ['cmake', 'python']
[0.194s] Level 1:colcon.colcon_core.package_identification:_identify(.) by extension 'cmake'
[0.194s] Level 1:colcon.colcon_core.package_identification:_identify(.) by extension 'python'
[0.194s] Level 1:colcon.colcon_core.package_identification:_identify(.) by extensions ['python_setup_py']
[0.194s] Level 1:colcon.colcon_core.package_identification:_identify(.) by extension 'python_setup_py'
[0.194s] Level 1:colcon.colcon_core.package_identification:_identify(build) by extensions ['ignore', 'ignore_ament_install']
[0.194s] Level 1:colcon.colcon_core.package_identification:_identify(build) by extension 'ignore'
[0.194s] Level 1:colcon.colcon_core.package_identification:_identify(build) ignored
[0.194s] Level 1:colcon.colcon_core.package_identification:_identify(install) by extensions ['ignore', 'ignore_ament_install']
[0.194s] Level 1:colcon.colcon_core.package_identification:_identify(install) by extension 'ignore'
[0.194s] Level 1:colcon.colcon_core.package_identification:_identify(install) ignored
[0.194s] Level 1:colcon.colcon_core.package_identification:_identify(log) by extensions ['ignore', 'ignore_ament_install']
[0.194s] Level 1:colcon.colcon_core.package_identification:_identify(log) by extension 'ignore'
[0.194s] Level 1:colcon.colcon_core.package_identification:_identify(log) ignored
[0.194s] Level 1:colcon.colcon_core.package_identification:_identify(src) by extensions ['ignore', 'ignore_ament_install']
[0.195s] Level 1:colcon.colcon_core.package_identification:_identify(src) by extension 'ignore'
[0.195s] Level 1:colcon.colcon_core.package_identification:_identify(src) by extension 'ignore_ament_install'
[0.195s] Level 1:colcon.colcon_core.package_identification:_identify(src) by extensions ['colcon_pkg']
[0.195s] Level 1:colcon.colcon_core.package_identification:_identify(src) by extension 'colcon_pkg'
[0.195s] Level 1:colcon.colcon_core.package_identification:_identify(src) by extensions ['colcon_meta']
[0.195s] Level 1:colcon.colcon_core.package_identification:_identify(src) by extension 'colcon_meta'
[0.195s] Level 1:colcon.colcon_core.package_identification:_identify(src) by extensions ['ros']
[0.195s] Level 1:colcon.colcon_core.package_identification:_identify(src) by extension 'ros'
[0.195s] Level 1:colcon.colcon_core.package_identification:_identify(src) by extensions ['cmake', 'python']
[0.195s] Level 1:colcon.colcon_core.package_identification:_identify(src) by extension 'cmake'
[0.195s] Level 1:colcon.colcon_core.package_identification:_identify(src) by extension 'python'
[0.195s] Level 1:colcon.colcon_core.package_identification:_identify(src) by extensions ['python_setup_py']
[0.195s] Level 1:colcon.colcon_core.package_identification:_identify(src) by extension 'python_setup_py'
[0.195s] Level 1:colcon.colcon_core.package_identification:_identify(src/hybrid_astar_planner) by extensions ['ignore', 'ignore_ament_install']
[0.195s] Level 1:colcon.colcon_core.package_identification:_identify(src/hybrid_astar_planner) by extension 'ignore'
[0.195s] Level 1:colcon.colcon_core.package_identification:_identify(src/hybrid_astar_planner) by extension 'ignore_ament_install'
[0.195s] Level 1:colcon.colcon_core.package_identification:_identify(src/hybrid_astar_planner) by extensions ['colcon_pkg']
[0.195s] Level 1:colcon.colcon_core.package_identification:_identify(src/hybrid_astar_planner) by extension 'colcon_pkg'
[0.195s] Level 1:colcon.colcon_core.package_identification:_identify(src/hybrid_astar_planner) by extensions ['colcon_meta']
[0.195s] Level 1:colcon.colcon_core.package_identification:_identify(src/hybrid_astar_planner) by extension 'colcon_meta'
[0.195s] Level 1:colcon.colcon_core.package_identification:_identify(src/hybrid_astar_planner) by extensions ['ros']
[0.195s] Level 1:colcon.colcon_core.package_identification:_identify(src/hybrid_astar_planner) by extension 'ros'
[0.197s] DEBUG:colcon.colcon_core.package_identification:Package 'src/hybrid_astar_planner' with type 'ros.ament_cmake' and name 'hybrid_astar_planner'
[0.197s] Level 1:colcon.colcon_core.package_identification:_identify(src/sparkcar_nav_bringup) by extensions ['ignore', 'ignore_ament_install']
[0.197s] Level 1:colcon.colcon_core.package_identification:_identify(src/sparkcar_nav_bringup) by extension 'ignore'
[0.197s] Level 1:colcon.colcon_core.package_identification:_identify(src/sparkcar_nav_bringup) by extension 'ignore_ament_install'
[0.197s] Level 1:colcon.colcon_core.package_identification:_identify(src/sparkcar_nav_bringup) by extensions ['colcon_pkg']
[0.197s] Level 1:colcon.colcon_core.package_identification:_identify(src/sparkcar_nav_bringup) by extension 'colcon_pkg'
[0.197s] Level 1:colcon.colcon_core.package_identification:_identify(src/sparkcar_nav_bringup) by extensions ['colcon_meta']
[0.197s] Level 1:colcon.colcon_core.package_identification:_identify(src/sparkcar_nav_bringup) by extension 'colcon_meta'
[0.197s] Level 1:colcon.colcon_core.package_identification:_identify(src/sparkcar_nav_bringup) by extensions ['ros']
[0.197s] Level 1:colcon.colcon_core.package_identification:_identify(src/sparkcar_nav_bringup) by extension 'ros'
[0.199s] DEBUG:colcon.colcon_core.package_identification:Package 'src/sparkcar_nav_bringup' with type 'ros.ament_cmake' and name 'sparkcar_nav_bringup'
[0.199s] Level 1:colcon.colcon_core.package_discovery:discover_packages(recursive) using defaults
[0.199s] Level 1:colcon.colcon_core.package_discovery:discover_packages(ignore) discover
[0.199s] Level 1:colcon.colcon_core.package_discovery:discover_packages(ignore) using defaults
[0.199s] Level 1:colcon.colcon_core.package_discovery:discover_packages(path) discover
[0.199s] Level 1:colcon.colcon_core.package_discovery:discover_packages(path) using defaults
[0.214s] INFO:colcon.colcon_core.package_selection:Skipping not selected package 'hybrid_astar_planner' in 'src/hybrid_astar_planner'
[0.214s] Level 1:colcon.colcon_core.package_discovery:discover_packages(prefix_path) check parameters
[0.214s] Level 1:colcon.colcon_core.package_discovery:discover_packages(prefix_path) discover
[0.215s] DEBUG:colcon.colcon_installed_package_information.package_discovery:Found 1 installed packages in /home/jiaverso/Desktop/SparkCar_ROS2_WS/SparkCar_Tools/install
[0.216s] DEBUG:colcon.colcon_installed_package_information.package_discovery:Found 6 installed packages in /home/jiaverso/Desktop/SparkCar_ROS2_WS/SparkCar_Perception/install
[0.217s] DEBUG:colcon.colcon_installed_package_information.package_discovery:Found 322 installed packages in /opt/ros/humble
[0.225s] Level 1:colcon.colcon_core.package_discovery:discover_packages(prefix_path) using defaults
[0.253s] Level 5:colcon.colcon_core.verb:set package 'sparkcar_nav_bringup' build argument 'cmake_args' from command line to 'None'
[0.253s] Level 5:colcon.colcon_core.verb:set package 'sparkcar_nav_bringup' build argument 'cmake_target' from command line to 'None'
[0.253s] Level 5:colcon.colcon_core.verb:set package 'sparkcar_nav_bringup' build argument 'cmake_target_skip_unavailable' from command line to 'False'
[0.254s] Level 5:colcon.colcon_core.verb:set package 'sparkcar_nav_bringup' build argument 'cmake_clean_cache' from command line to 'False'
[0.254s] Level 5:colcon.colcon_core.verb:set package 'sparkcar_nav_bringup' build argument 'cmake_clean_first' from command line to 'False'
[0.254s] Level 5:colcon.colcon_core.verb:set package 'sparkcar_nav_bringup' build argument 'cmake_force_configure' from command line to 'False'
[0.254s] Level 5:colcon.colcon_core.verb:set package 'sparkcar_nav_bringup' build argument 'ament_cmake_args' from command line to 'None'
[0.254s] Level 5:colcon.colcon_core.verb:set package 'sparkcar_nav_bringup' build argument 'catkin_cmake_args' from command line to 'None'
[0.254s] Level 5:colcon.colcon_core.verb:set package 'sparkcar_nav_bringup' build argument 'catkin_skip_building_tests' from command line to 'False'
[0.254s] DEBUG:colcon.colcon_core.verb:Building package 'sparkcar_nav_bringup' with the following arguments: {'ament_cmake_args': None, 'build_base': '/home/jiaverso/Desktop/SparkCar_ROS2_WS/SparkCar_Navigation/build/sparkcar_nav_bringup', 'catkin_cmake_args': None, 'catkin_skip_building_tests': False, 'cmake_args': None, 'cmake_clean_cache': False, 'cmake_clean_first': False, 'cmake_force_configure': False, 'cmake_target': None, 'cmake_target_skip_unavailable': False, 'install_base': '/home/jiaverso/Desktop/SparkCar_ROS2_WS/SparkCar_Navigation/install/sparkcar_nav_bringup', 'merge_install': False, 'path': '/home/jiaverso/Desktop/SparkCar_ROS2_WS/SparkCar_Navigation/src/sparkcar_nav_bringup', 'symlink_install': False, 'test_result_base': None}
[0.254s] INFO:colcon.colcon_core.executor:Executing jobs using 'parallel' executor
[0.254s] DEBUG:colcon.colcon_parallel_executor.executor.parallel:run_until_complete
[0.255s] INFO:colcon.colcon_ros.task.ament_cmake.build:Building ROS package in '/home/jiaverso/Desktop/SparkCar_ROS2_WS/SparkCar_Navigation/src/sparkcar_nav_bringup' with build type 'ament_cmake'
[0.255s] INFO:colcon.colcon_cmake.task.cmake.build:Building CMake package in '/home/jiaverso/Desktop/SparkCar_ROS2_WS/SparkCar_Navigation/src/sparkcar_nav_bringup'
[0.256s] INFO:colcon.colcon_core.plugin_system:Skipping extension 'colcon_core.shell.bat': Not used on non-Windows systems
[0.256s] INFO:colcon.colcon_core.shell:Skip shell extension 'powershell' for command environment: Not usable outside of PowerShell
[0.256s] DEBUG:colcon.colcon_core.shell:Skip shell extension 'dsv' for command environment
[0.263s] DEBUG:colcon.colcon_core.event_handler.log_command:Invoking command in '/home/jiaverso/Desktop/SparkCar_ROS2_WS/SparkCar_Navigation/build/sparkcar_nav_bringup': CMAKE_PREFIX_PATH=${CMAKE_PREFIX_PATH}:/opt/ros/humble /usr/bin/cmake --build /home/jiaverso/Desktop/SparkCar_ROS2_WS/SparkCar_Navigation/build/sparkcar_nav_bringup -- -j8 -l8
[6.491s] DEBUG:colcon.colcon_core.event_handler.log_command:Invoked command in '/home/jiaverso/Desktop/SparkCar_ROS2_WS/SparkCar_Navigation/build/sparkcar_nav_bringup' returned '0': CMAKE_PREFIX_PATH=${CMAKE_PREFIX_PATH}:/opt/ros/humble /usr/bin/cmake --build /home/jiaverso/Desktop/SparkCar_ROS2_WS/SparkCar_Navigation/build/sparkcar_nav_bringup -- -j8 -l8
[6.498s] DEBUG:colcon.colcon_core.event_handler.log_command:Invoking command in '/home/jiaverso/Desktop/SparkCar_ROS2_WS/SparkCar_Navigation/build/sparkcar_nav_bringup': CMAKE_PREFIX_PATH=${CMAKE_PREFIX_PATH}:/opt/ros/humble /usr/bin/cmake --install /home/jiaverso/Desktop/SparkCar_ROS2_WS/SparkCar_Navigation/build/sparkcar_nav_bringup
[6.512s] Level 1:colcon.colcon_core.environment:create_environment_scripts_only(sparkcar_nav_bringup)
[6.513s] DEBUG:colcon.colcon_core.event_handler.log_command:Invoked command in '/home/jiaverso/Desktop/SparkCar_ROS2_WS/SparkCar_Navigation/build/sparkcar_nav_bringup' returned '0': CMAKE_PREFIX_PATH=${CMAKE_PREFIX_PATH}:/opt/ros/humble /usr/bin/cmake --install /home/jiaverso/Desktop/SparkCar_ROS2_WS/SparkCar_Navigation/build/sparkcar_nav_bringup
[6.514s] Level 1:colcon.colcon_core.environment:checking '/home/jiaverso/Desktop/SparkCar_ROS2_WS/SparkCar_Navigation/install/sparkcar_nav_bringup' for CMake module files
[6.515s] Level 1:colcon.colcon_core.environment:checking '/home/jiaverso/Desktop/SparkCar_ROS2_WS/SparkCar_Navigation/install/sparkcar_nav_bringup' for CMake config files
[6.515s] Level 1:colcon.colcon_core.shell:create_environment_hook('sparkcar_nav_bringup', 'cmake_prefix_path')
[6.515s] INFO:colcon.colcon_core.shell:Creating environment hook '/home/jiaverso/Desktop/SparkCar_ROS2_WS/SparkCar_Navigation/install/sparkcar_nav_bringup/share/sparkcar_nav_bringup/hook/cmake_prefix_path.ps1'
[6.516s] INFO:colcon.colcon_core.shell:Creating environment descriptor '/home/jiaverso/Desktop/SparkCar_ROS2_WS/SparkCar_Navigation/install/sparkcar_nav_bringup/share/sparkcar_nav_bringup/hook/cmake_prefix_path.dsv'
[6.516s] INFO:colcon.colcon_core.shell:Creating environment hook '/home/jiaverso/Desktop/SparkCar_ROS2_WS/SparkCar_Navigation/install/sparkcar_nav_bringup/share/sparkcar_nav_bringup/hook/cmake_prefix_path.sh'
[6.516s] Level 1:colcon.colcon_core.environment:checking '/home/jiaverso/Desktop/SparkCar_ROS2_WS/SparkCar_Navigation/install/sparkcar_nav_bringup/lib'
[6.517s] Level 1:colcon.colcon_core.environment:checking '/home/jiaverso/Desktop/SparkCar_ROS2_WS/SparkCar_Navigation/install/sparkcar_nav_bringup/bin'
[6.517s] Level 1:colcon.colcon_core.environment:checking '/home/jiaverso/Desktop/SparkCar_ROS2_WS/SparkCar_Navigation/install/sparkcar_nav_bringup/lib/pkgconfig/sparkcar_nav_bringup.pc'
[6.517s] Level 1:colcon.colcon_core.environment:checking '/home/jiaverso/Desktop/SparkCar_ROS2_WS/SparkCar_Navigation/install/sparkcar_nav_bringup/lib/python3.10/site-packages'
[6.517s] Level 1:colcon.colcon_core.environment:checking '/home/jiaverso/Desktop/SparkCar_ROS2_WS/SparkCar_Navigation/install/sparkcar_nav_bringup/bin'
[6.517s] INFO:colcon.colcon_core.shell:Creating package script '/home/jiaverso/Desktop/SparkCar_ROS2_WS/SparkCar_Navigation/install/sparkcar_nav_bringup/share/sparkcar_nav_bringup/package.ps1'
[6.518s] INFO:colcon.colcon_core.shell:Creating package descriptor '/home/jiaverso/Desktop/SparkCar_ROS2_WS/SparkCar_Navigation/install/sparkcar_nav_bringup/share/sparkcar_nav_bringup/package.dsv'
[6.518s] INFO:colcon.colcon_core.shell:Creating package script '/home/jiaverso/Desktop/SparkCar_ROS2_WS/SparkCar_Navigation/install/sparkcar_nav_bringup/share/sparkcar_nav_bringup/package.sh'
[6.519s] INFO:colcon.colcon_core.shell:Creating package script '/home/jiaverso/Desktop/SparkCar_ROS2_WS/SparkCar_Navigation/install/sparkcar_nav_bringup/share/sparkcar_nav_bringup/package.bash'
[6.519s] INFO:colcon.colcon_core.shell:Creating package script '/home/jiaverso/Desktop/SparkCar_ROS2_WS/SparkCar_Navigation/install/sparkcar_nav_bringup/share/sparkcar_nav_bringup/package.zsh'
[6.520s] Level 1:colcon.colcon_core.environment:create_file_with_runtime_dependencies(/home/jiaverso/Desktop/SparkCar_ROS2_WS/SparkCar_Navigation/install/sparkcar_nav_bringup/share/colcon-core/packages/sparkcar_nav_bringup)
[6.520s] Level 1:colcon.colcon_core.environment:create_environment_scripts_only(sparkcar_nav_bringup)
[6.520s] Level 1:colcon.colcon_core.environment:checking '/home/jiaverso/Desktop/SparkCar_ROS2_WS/SparkCar_Navigation/install/sparkcar_nav_bringup' for CMake module files
[6.521s] Level 1:colcon.colcon_core.environment:checking '/home/jiaverso/Desktop/SparkCar_ROS2_WS/SparkCar_Navigation/install/sparkcar_nav_bringup' for CMake config files
[6.521s] Level 1:colcon.colcon_core.shell:create_environment_hook('sparkcar_nav_bringup', 'cmake_prefix_path')
[6.521s] INFO:colcon.colcon_core.shell:Creating environment hook '/home/jiaverso/Desktop/SparkCar_ROS2_WS/SparkCar_Navigation/install/sparkcar_nav_bringup/share/sparkcar_nav_bringup/hook/cmake_prefix_path.ps1'
[6.521s] INFO:colcon.colcon_core.shell:Creating environment descriptor '/home/jiaverso/Desktop/SparkCar_ROS2_WS/SparkCar_Navigation/install/sparkcar_nav_bringup/share/sparkcar_nav_bringup/hook/cmake_prefix_path.dsv'
[6.521s] INFO:colcon.colcon_core.shell:Creating environment hook '/home/jiaverso/Desktop/SparkCar_ROS2_WS/SparkCar_Navigation/install/sparkcar_nav_bringup/share/sparkcar_nav_bringup/hook/cmake_prefix_path.sh'
[6.522s] Level 1:colcon.colcon_core.environment:checking '/home/jiaverso/Desktop/SparkCar_ROS2_WS/SparkCar_Navigation/install/sparkcar_nav_bringup/lib'
[6.522s] Level 1:colcon.colcon_core.environment:checking '/home/jiaverso/Desktop/SparkCar_ROS2_WS/SparkCar_Navigation/install/sparkcar_nav_bringup/bin'
[6.522s] Level 1:colcon.colcon_core.environment:checking '/home/jiaverso/Desktop/SparkCar_ROS2_WS/SparkCar_Navigation/install/sparkcar_nav_bringup/lib/pkgconfig/sparkcar_nav_bringup.pc'
[6.522s] Level 1:colcon.colcon_core.environment:checking '/home/jiaverso/Desktop/SparkCar_ROS2_WS/SparkCar_Navigation/install/sparkcar_nav_bringup/lib/python3.10/site-packages'
[6.522s] Level 1:colcon.colcon_core.environment:checking '/home/jiaverso/Desktop/SparkCar_ROS2_WS/SparkCar_Navigation/install/sparkcar_nav_bringup/bin'
[6.522s] INFO:colcon.colcon_core.shell:Creating package script '/home/jiaverso/Desktop/SparkCar_ROS2_WS/SparkCar_Navigation/install/sparkcar_nav_bringup/share/sparkcar_nav_bringup/package.ps1'
[6.523s] INFO:colcon.colcon_core.shell:Creating package descriptor '/home/jiaverso/Desktop/SparkCar_ROS2_WS/SparkCar_Navigation/install/sparkcar_nav_bringup/share/sparkcar_nav_bringup/package.dsv'
[6.523s] INFO:colcon.colcon_core.shell:Creating package script '/home/jiaverso/Desktop/SparkCar_ROS2_WS/SparkCar_Navigation/install/sparkcar_nav_bringup/share/sparkcar_nav_bringup/package.sh'
[6.523s] INFO:colcon.colcon_core.shell:Creating package script '/home/jiaverso/Desktop/SparkCar_ROS2_WS/SparkCar_Navigation/install/sparkcar_nav_bringup/share/sparkcar_nav_bringup/package.bash'
[6.524s] INFO:colcon.colcon_core.shell:Creating package script '/home/jiaverso/Desktop/SparkCar_ROS2_WS/SparkCar_Navigation/install/sparkcar_nav_bringup/share/sparkcar_nav_bringup/package.zsh'
[6.524s] Level 1:colcon.colcon_core.environment:create_file_with_runtime_dependencies(/home/jiaverso/Desktop/SparkCar_ROS2_WS/SparkCar_Navigation/install/sparkcar_nav_bringup/share/colcon-core/packages/sparkcar_nav_bringup)
[6.524s] DEBUG:colcon.colcon_parallel_executor.executor.parallel:closing loop
[6.524s] DEBUG:colcon.colcon_parallel_executor.executor.parallel:loop closed
[6.524s] DEBUG:colcon.colcon_parallel_executor.executor.parallel:run_until_complete finished with '0'
[6.524s] DEBUG:colcon.colcon_core.event_reactor:joining thread
[6.525s] DEBUG:colcon.colcon_core.event_reactor:joined thread
[6.525s] INFO:colcon.colcon_core.shell:Creating prefix script '/home/jiaverso/Desktop/SparkCar_ROS2_WS/SparkCar_Navigation/install/local_setup.ps1'
[6.525s] INFO:colcon.colcon_core.shell:Creating prefix util module '/home/jiaverso/Desktop/SparkCar_ROS2_WS/SparkCar_Navigation/install/_local_setup_util_ps1.py'
[6.526s] INFO:colcon.colcon_core.shell:Creating prefix chain script '/home/jiaverso/Desktop/SparkCar_ROS2_WS/SparkCar_Navigation/install/setup.ps1'
[6.527s] INFO:colcon.colcon_core.shell:Creating prefix script '/home/jiaverso/Desktop/SparkCar_ROS2_WS/SparkCar_Navigation/install/local_setup.sh'
[6.528s] INFO:colcon.colcon_core.shell:Creating prefix util module '/home/jiaverso/Desktop/SparkCar_ROS2_WS/SparkCar_Navigation/install/_local_setup_util_sh.py'
[6.528s] INFO:colcon.colcon_core.shell:Creating prefix chain script '/home/jiaverso/Desktop/SparkCar_ROS2_WS/SparkCar_Navigation/install/setup.sh'
[6.529s] INFO:colcon.colcon_core.shell:Creating prefix script '/home/jiaverso/Desktop/SparkCar_ROS2_WS/SparkCar_Navigation/install/local_setup.bash'
[6.529s] INFO:colcon.colcon_core.shell:Creating prefix chain script '/home/jiaverso/Desktop/SparkCar_ROS2_WS/SparkCar_Navigation/install/setup.bash'
[6.530s] INFO:colcon.colcon_core.shell:Creating prefix script '/home/jiaverso/Desktop/SparkCar_ROS2_WS/SparkCar_Navigation/install/local_setup.zsh'
[6.530s] INFO:colcon.colcon_core.shell:Creating prefix chain script '/home/jiaverso/Desktop/SparkCar_ROS2_WS/SparkCar_Navigation/install/setup.zsh'
