[0.008s] Invoking command in '/home/jiaverso/Desktop/SparkCar_ROS2_WS/SparkCar_Perception/build/livox_ros_driver2': CMAKE_PREFIX_PATH=${CMAKE_PREFIX_PATH}:/opt/ros/humble /usr/bin/cmake /home/jiaverso/Desktop/SparkCar_ROS2_WS/SparkCar_Perception/src/livox_ros_driver2 -DROS_EDITION=ROS2 -DDISTRO_ROS=humble -DCMAKE_INSTALL_PREFIX=/home/jiaverso/Desktop/SparkCar_ROS2_WS/SparkCar_Perception/install/livox_ros_driver2
[0.059s] -- The C compiler identification is GNU 11.4.0
[0.124s] -- The CXX compiler identification is GNU 11.4.0
[0.131s] -- Detecting C compiler ABI info
[0.184s] -- Detecting C compiler ABI info - done
[0.189s] -- Check for working C compiler: /usr/bin/cc - skipped
[0.189s] -- Detecting C compile features
[0.190s] -- Detecting C compile features - done
[0.192s] -- Detecting CXX compiler ABI info
[0.254s] -- Detecting CXX compiler ABI info - done
[0.264s] -- Check for working CXX compiler: /usr/bin/c++ - skipped
[0.264s] -- Detecting CXX compile features
[0.265s] -- Detecting CXX compile features - done
[0.266s] -- livox_ros_driver2 version: 1.2.6
[0.267s] -- Found ament_cmake_auto: 1.3.14 (/opt/ros/humble/share/ament_cmake_auto/cmake)
[0.385s] -- Found Python3: /usr/bin/python3 (found version "3.10.12") found components: Interpreter 
[0.497s] -- Using all available rosidl_typesupport_c: rosidl_typesupport_fastrtps_c;rosidl_typesupport_introspection_c
[0.501s] -- Found rosidl_adapter: 3.1.8 (/opt/ros/humble/share/rosidl_adapter/cmake)
[0.528s] -- Using all available rosidl_typesupport_cpp: rosidl_typesupport_fastrtps_cpp;rosidl_typesupport_introspection_cpp
[0.587s] -- Found rmw_implementation_cmake: 6.1.2 (/opt/ros/humble/share/rmw_implementation_cmake/cmake)
[0.589s] -- Found rmw_fastrtps_cpp: 6.2.10 (/opt/ros/humble/share/rmw_fastrtps_cpp/cmake)
[0.657s] -- Found OpenSSL: /usr/lib/x86_64-linux-gnu/libcrypto.so (found version "3.0.2")  
[0.677s] -- Found FastRTPS: /opt/ros/humble/include  
[0.707s] -- Using RMW implementation 'rmw_fastrtps_cpp' as default
[0.712s] -- Looking for pthread.h
[0.773s] -- Looking for pthread.h - found
[0.773s] -- Performing Test CMAKE_HAVE_LIBC_PTHREAD
[0.833s] -- Performing Test CMAKE_HAVE_LIBC_PTHREAD - Success
[0.833s] -- Found Threads: TRUE  
[0.955s] -- Checking for module 'eigen3'
[0.964s] --   Found eigen3, version 3.4.0
[0.986s] -- Found Eigen: /usr/include/eigen3 (Required is at least version "3.1") 
[0.986s] -- Eigen found (include: /usr/include/eigen3, version: 3.4.0)
[1.009s] -- Checking for module 'flann'
[1.021s] --   Found flann, version 1.9.1
[1.050s] -- Found FLANN: /usr/lib/x86_64-linux-gnu/libflann_cpp.so  
[1.050s] -- FLANN found (include: /usr/include, lib: /usr/lib/x86_64-linux-gnu/libflann_cpp.so)
[1.838s] -- Checking for module 'libusb-1.0'
[1.852s] --   Found libusb-1.0, version 1.0.25
[1.883s] -- Found libusb: /usr/lib/x86_64-linux-gnu/libusb-1.0.so  
[1.883s] -- OpenNI found (version: 1.5.4.0, include: /usr/include/ni, lib: /usr/lib/libOpenNI.so;libusb::libusb)
[1.933s] -- OpenNI2 found (version: 2.2.0.33, include: /usr/include/openni2, lib: /usr/lib/x86_64-linux-gnu/libOpenNI2.so;libusb::libusb)
[2.130s] -- Eigen found (include: /usr/include/eigen3, version: 3.4.0)
[2.136s] -- OpenNI found (version: 1.5.4.0, include: /usr/include/ni, lib: /usr/lib/libOpenNI.so;libusb::libusb)
[2.145s] -- OpenNI2 found (version: 2.2.0.33, include: /usr/include/openni2, lib: /usr/lib/x86_64-linux-gnu/libOpenNI2.so;libusb::libusb)
[2.322s] -- Found Qhull version 8.0.2
[2.510s] -- OpenNI found (version: 1.5.4.0, include: /usr/include/ni, lib: /usr/lib/libOpenNI.so;libusb::libusb)
[2.709s] -- Found PCL_COMMON: /usr/lib/x86_64-linux-gnu/libpcl_common.so  
[2.709s] -- Found PCL_KDTREE: /usr/lib/x86_64-linux-gnu/libpcl_kdtree.so  
[2.710s] -- Found PCL_OCTREE: /usr/lib/x86_64-linux-gnu/libpcl_octree.so  
[2.711s] -- Found PCL_SEARCH: /usr/lib/x86_64-linux-gnu/libpcl_search.so  
[2.712s] -- Found PCL_SAMPLE_CONSENSUS: /usr/lib/x86_64-linux-gnu/libpcl_sample_consensus.so  
[2.713s] -- Found PCL_FILTERS: /usr/lib/x86_64-linux-gnu/libpcl_filters.so  
[2.714s] -- Found PCL_2D: /usr/include/pcl-1.12  
[2.715s] -- Found PCL_GEOMETRY: /usr/include/pcl-1.12  
[2.715s] -- Found PCL_IO: /usr/lib/x86_64-linux-gnu/libpcl_io.so  
[2.717s] -- Found PCL_FEATURES: /usr/lib/x86_64-linux-gnu/libpcl_features.so  
[2.718s] -- Found PCL_ML: /usr/lib/x86_64-linux-gnu/libpcl_ml.so  
[2.719s] -- Found PCL_SEGMENTATION: /usr/lib/x86_64-linux-gnu/libpcl_segmentation.so  
[2.720s] -- Found PCL_VISUALIZATION: /usr/lib/x86_64-linux-gnu/libpcl_visualization.so  
[2.721s] -- Found PCL_SURFACE: /usr/lib/x86_64-linux-gnu/libpcl_surface.so  
[2.723s] -- Found PCL_REGISTRATION: /usr/lib/x86_64-linux-gnu/libpcl_registration.so  
[2.727s] -- Found PCL_KEYPOINTS: /usr/lib/x86_64-linux-gnu/libpcl_keypoints.so  
[2.727s] -- Found PCL_TRACKING: /usr/lib/x86_64-linux-gnu/libpcl_tracking.so  
[2.727s] -- Found PCL_RECOGNITION: /usr/lib/x86_64-linux-gnu/libpcl_recognition.so  
[2.727s] -- Found PCL_STEREO: /usr/lib/x86_64-linux-gnu/libpcl_stereo.so  
[2.728s] -- Found PCL_APPS: /usr/lib/x86_64-linux-gnu/libpcl_apps.so  
[2.729s] -- Found PCL_IN_HAND_SCANNER: /usr/include/pcl-1.12  
[2.730s] -- Found PCL_MODELER: /usr/include/pcl-1.12  
[2.731s] -- Found PCL_POINT_CLOUD_EDITOR: /usr/include/pcl-1.12  
[2.735s] -- Found PCL_OUTOFCORE: /usr/lib/x86_64-linux-gnu/libpcl_outofcore.so  
[2.735s] -- Found PCL_PEOPLE: /usr/lib/x86_64-linux-gnu/libpcl_people.so  
[2.795s] -- Found PkgConfig: /usr/bin/pkg-config (found version "0.29.2") 
[2.797s] -- Checking for module 'apr-1'
[2.802s] --   No package 'apr-1' found
[3.178s] -- Found ament_cmake_ros: 0.10.0 (/opt/ros/humble/share/ament_cmake_ros/cmake)
[3.547s] -- Using all available rosidl_typesupport_c: rosidl_typesupport_fastrtps_c;rosidl_typesupport_introspection_c
[4.078s] -- Using all available rosidl_typesupport_cpp: rosidl_typesupport_fastrtps_cpp;rosidl_typesupport_introspection_cpp
[4.095s] -- Found PythonInterp: /usr/bin/python3 (found suitable version "3.10.12", minimum required is "3.6") 
[4.096s] -- Found python_cmake_module: 0.10.0 (/opt/ros/humble/share/python_cmake_module/cmake)
[4.121s] -- Found PythonLibs: /usr/lib/x86_64-linux-gnu/libpython3.10.so (found suitable version "3.10.12", minimum required is "3.5") 
[4.121s] -- Using PYTHON_EXECUTABLE: /usr/bin/python3
[4.121s] -- Using PYTHON_INCLUDE_DIRS: /usr/include/python3.10
[4.121s] -- Using PYTHON_LIBRARIES: /usr/lib/x86_64-linux-gnu/libpython3.10.so
[4.145s] -- Found PythonExtra: .so  
[4.266s] -- Found ament_lint_auto: 0.12.15 (/opt/ros/humble/share/ament_lint_auto/cmake)
[4.279s] -- Added test 'copyright' to check source files copyright and LICENSE
[4.284s] -- Added test 'cppcheck' to perform static code analysis on C / C++ code
[4.285s] -- Configured cppcheck include dirs: /home/jiaverso/Desktop/SparkCar_ROS2_WS/SparkCar_Perception/src/livox_ros_driver2/3rdparty;/home/jiaverso/Desktop/SparkCar_ROS2_WS/SparkCar_Perception/src/livox_ros_driver2/src
[4.285s] -- Configured cppcheck exclude dirs and/or files: 
[4.289s] -- Added test 'cpplint' to check C / C++ code against the Google style
[4.289s] -- Configured cpplint exclude dirs and/or files: 
[4.289s] -- Added test 'flake8' to check Python code syntax and style conventions
[4.291s] -- Added test 'lint_cmake' to check CMake code style
[4.292s] -- Added test 'pep257' to check Python code against some of the docstring style conventions in PEP 257
[4.295s] -- Added test 'uncrustify' to check C / C++ code style
[4.295s] -- Configured uncrustify additional arguments: 
[4.296s] -- Added test 'xmllint' to check XML markup files
[4.298s] -- Configuring done
[4.348s] -- Generating done
[4.363s] -- Build files have been written to: /home/jiaverso/Desktop/SparkCar_ROS2_WS/SparkCar_Perception/build/livox_ros_driver2
[4.381s] Invoked command in '/home/jiaverso/Desktop/SparkCar_ROS2_WS/SparkCar_Perception/build/livox_ros_driver2' returned '0': CMAKE_PREFIX_PATH=${CMAKE_PREFIX_PATH}:/opt/ros/humble /usr/bin/cmake /home/jiaverso/Desktop/SparkCar_ROS2_WS/SparkCar_Perception/src/livox_ros_driver2 -DROS_EDITION=ROS2 -DDISTRO_ROS=humble -DCMAKE_INSTALL_PREFIX=/home/jiaverso/Desktop/SparkCar_ROS2_WS/SparkCar_Perception/install/livox_ros_driver2
[4.382s] Invoking command in '/home/jiaverso/Desktop/SparkCar_ROS2_WS/SparkCar_Perception/build/livox_ros_driver2': CMAKE_PREFIX_PATH=${CMAKE_PREFIX_PATH}:/opt/ros/humble /usr/bin/cmake --build /home/jiaverso/Desktop/SparkCar_ROS2_WS/SparkCar_Perception/build/livox_ros_driver2 -- -j8 -l8
[4.417s] [  1%] [34m[1mGenerating C code for ROS interfaces[0m
[4.424s] [  3%] [32mBuilding CXX object CMakeFiles/livox_ros_driver2_node.dir/rclcpp_components/node_main_livox_ros_driver2_node.cpp.o[0m
[4.427s] [  5%] [34m[1mGenerating Rust code for ROS interfaces[0m
[4.438s] [  5%] Built target ament_cmake_python_copy_livox_ros_driver2
[4.453s] [  6%] [34m[1mGenerating C++ code for ROS interfaces[0m
[4.634s] running egg_info
[4.635s] creating livox_ros_driver2.egg-info
[4.635s] writing livox_ros_driver2.egg-info/PKG-INFO
[4.635s] writing dependency_links to livox_ros_driver2.egg-info/dependency_links.txt
[4.635s] writing top-level names to livox_ros_driver2.egg-info/top_level.txt
[4.635s] writing manifest file 'livox_ros_driver2.egg-info/SOURCES.txt'
[4.637s] reading manifest file 'livox_ros_driver2.egg-info/SOURCES.txt'
[4.638s] writing manifest file 'livox_ros_driver2.egg-info/SOURCES.txt'
[4.663s] [  6%] Built target ament_cmake_python_build_livox_ros_driver2_egg
[4.832s] [  8%] [32mBuilding C object CMakeFiles/livox_interfaces2__rosidl_generator_c.dir/rosidl_generator_c/livox_ros_driver2/msg/detail/custom_point__functions.c.o[0m
[4.832s] [ 10%] [32mBuilding C object CMakeFiles/livox_interfaces2__rosidl_generator_c.dir/rosidl_generator_c/livox_ros_driver2/msg/detail/custom_msg__functions.c.o[0m
[4.883s] [ 12%] [32m[1mLinking C shared library liblivox_ros_driver2__rosidl_generator_c.so[0m
[4.909s] [ 12%] Built target livox_interfaces2__rosidl_generator_c
[4.921s] [ 15%] [34m[1mGenerating C type support for eProsima Fast-RTPS[0m
[4.921s] [ 13%] [34m[1mGenerating C introspection for ROS interfaces[0m
[4.921s] [ 17%] [34m[1mGenerating C type support dispatch for ROS interfaces[0m
[4.975s] [ 17%] Built target livox_interfaces2__rs
[5.102s] [ 17%] Built target livox_interfaces2__cpp
[5.118s] [ 18%] [34m[1mGenerating C++ introspection for ROS interfaces[0m
[5.118s] [ 20%] [34m[1mGenerating C++ type support for eProsima Fast-RTPS[0m
[5.132s] [ 22%] [34m[1mGenerating C++ type support dispatch for ROS interfaces[0m
[5.492s] [ 24%] [32mBuilding CXX object CMakeFiles/livox_interfaces2__rosidl_typesupport_fastrtps_c.dir/rosidl_typesupport_fastrtps_c/livox_ros_driver2/msg/detail/custom_msg__type_support_c.cpp.o[0m
[5.497s] [ 25%] [32mBuilding CXX object CMakeFiles/livox_interfaces2__rosidl_typesupport_fastrtps_c.dir/rosidl_typesupport_fastrtps_c/livox_ros_driver2/msg/detail/custom_point__type_support_c.cpp.o[0m
[5.499s] [ 27%] [32mBuilding CXX object CMakeFiles/livox_interfaces2__rosidl_typesupport_c.dir/rosidl_typesupport_c/livox_ros_driver2/msg/custom_point__type_support.cpp.o[0m
[5.564s] [ 29%] [32mBuilding CXX object CMakeFiles/livox_interfaces2__rosidl_typesupport_c.dir/rosidl_typesupport_c/livox_ros_driver2/msg/custom_msg__type_support.cpp.o[0m
[5.577s] [ 31%] [32mBuilding C object CMakeFiles/livox_interfaces2__rosidl_typesupport_introspection_c.dir/rosidl_typesupport_introspection_c/livox_ros_driver2/msg/detail/custom_point__type_support.c.o[0m
[5.637s] [ 32%] [32mBuilding C object CMakeFiles/livox_interfaces2__rosidl_typesupport_introspection_c.dir/rosidl_typesupport_introspection_c/livox_ros_driver2/msg/detail/custom_msg__type_support.c.o[0m
[5.638s] [ 34%] [32m[1mLinking CXX shared library liblivox_ros_driver2__rosidl_typesupport_c.so[0m
[5.709s] [ 36%] [32m[1mLinking C shared library liblivox_ros_driver2__rosidl_typesupport_introspection_c.so[0m
[5.722s] [ 36%] Built target livox_interfaces2__rosidl_typesupport_c
[5.746s] [ 37%] [32mBuilding CXX object CMakeFiles/livox_interfaces2__rosidl_typesupport_introspection_cpp.dir/rosidl_typesupport_introspection_cpp/livox_ros_driver2/msg/detail/custom_msg__type_support.cpp.o[0m
[5.754s] [ 39%] [32mBuilding CXX object CMakeFiles/livox_interfaces2__rosidl_typesupport_introspection_cpp.dir/rosidl_typesupport_introspection_cpp/livox_ros_driver2/msg/detail/custom_point__type_support.cpp.o[0m
[5.758s] [ 39%] Built target livox_interfaces2__rosidl_typesupport_introspection_c
[5.760s] [ 41%] [32mBuilding CXX object CMakeFiles/livox_interfaces2__rosidl_typesupport_fastrtps_cpp.dir/rosidl_typesupport_fastrtps_cpp/livox_ros_driver2/msg/detail/dds_fastrtps/custom_point__type_support.cpp.o[0m
[5.775s] [ 43%] [32mBuilding CXX object CMakeFiles/livox_interfaces2__rosidl_typesupport_fastrtps_cpp.dir/rosidl_typesupport_fastrtps_cpp/livox_ros_driver2/msg/detail/dds_fastrtps/custom_msg__type_support.cpp.o[0m
[5.991s] [ 44%] [32m[1mLinking CXX shared library liblivox_ros_driver2__rosidl_typesupport_fastrtps_c.so[0m
[6.102s] [ 44%] Built target livox_interfaces2__rosidl_typesupport_fastrtps_c
[6.238s] [ 46%] [32m[1mLinking CXX shared library liblivox_ros_driver2__rosidl_typesupport_introspection_cpp.so[0m
[6.337s] [ 48%] [32m[1mLinking CXX shared library liblivox_ros_driver2__rosidl_typesupport_fastrtps_cpp.so[0m
[6.348s] [ 48%] Built target livox_interfaces2__rosidl_typesupport_introspection_cpp
[6.437s] [ 48%] Built target livox_interfaces2__rosidl_typesupport_fastrtps_cpp
[6.528s] [ 50%] [32mBuilding CXX object CMakeFiles/livox_interfaces2__rosidl_typesupport_cpp.dir/rosidl_typesupport_cpp/livox_ros_driver2/msg/custom_point__type_support.cpp.o[0m
[6.540s] [ 51%] [32mBuilding CXX object CMakeFiles/livox_interfaces2__rosidl_typesupport_cpp.dir/rosidl_typesupport_cpp/livox_ros_driver2/msg/custom_msg__type_support.cpp.o[0m
[6.835s] [ 53%] [32m[1mLinking CXX shared library liblivox_ros_driver2__rosidl_typesupport_cpp.so[0m
[6.873s] [ 53%] Built target livox_interfaces2__rosidl_typesupport_cpp
[6.889s] [ 53%] Built target livox_interfaces2
[6.898s] [ 55%] [32mBuilding CXX object CMakeFiles/livox_ros_driver2.dir/src/livox_ros_driver2.cpp.o[0m
[6.905s] [ 56%] [32mBuilding CXX object CMakeFiles/livox_ros_driver2.dir/src/driver_node.cpp.o[0m
[6.905s] [ 58%] [32mBuilding CXX object CMakeFiles/livox_ros_driver2.dir/src/lddc.cpp.o[0m
[6.906s] [ 60%] [32mBuilding CXX object CMakeFiles/livox_ros_driver2.dir/src/lds_lidar.cpp.o[0m
[6.911s] [ 62%] [32mBuilding CXX object CMakeFiles/livox_ros_driver2.dir/src/lds.cpp.o[0m
[6.914s] [ 63%] [32mBuilding CXX object CMakeFiles/livox_ros_driver2.dir/src/comm/comm.cpp.o[0m
[6.917s] [ 65%] [34m[1mGenerating Python code for ROS interfaces[0m
[7.756s] [ 67%] [32mBuilding CXX object CMakeFiles/livox_ros_driver2.dir/src/comm/ldq.cpp.o[0m
[7.991s] [ 67%] Built target livox_interfaces2__py
[8.001s] [ 68%] [32mBuilding CXX object CMakeFiles/livox_ros_driver2.dir/src/comm/semaphore.cpp.o[0m
[8.427s] [ 70%] [32mBuilding C object CMakeFiles/livox_interfaces2__rosidl_generator_py.dir/rosidl_generator_py/livox_ros_driver2/msg/_custom_point_s.c.o[0m
[8.577s] [ 72%] [32mBuilding C object CMakeFiles/livox_interfaces2__rosidl_generator_py.dir/rosidl_generator_py/livox_ros_driver2/msg/_custom_msg_s.c.o[0m
[8.715s] [ 74%] [32mBuilding CXX object CMakeFiles/livox_ros_driver2.dir/src/comm/lidar_imu_data_queue.cpp.o[0m
[8.837s] [ 75%] [32mBuilding CXX object CMakeFiles/livox_ros_driver2.dir/src/comm/cache_index.cpp.o[0m
[8.868s] [ 77%] [32m[1mLinking C shared library rosidl_generator_py/livox_ros_driver2/liblivox_interfaces2__rosidl_generator_py.so[0m
[8.965s] [ 77%] Built target livox_interfaces2__rosidl_generator_py
[9.011s] [ 79%] [32mBuilding C object CMakeFiles/livox_ros_driver2__rosidl_typesupport_fastrtps_c__pyext.dir/rosidl_generator_py/livox_ros_driver2/_livox_ros_driver2_s.ep.rosidl_typesupport_fastrtps_c.c.o[0m
[9.192s] [ 81%] [32m[1mLinking C shared library rosidl_generator_py/livox_ros_driver2/livox_ros_driver2_s__rosidl_typesupport_fastrtps_c.cpython-310-x86_64-linux-gnu.so[0m
[9.280s] [ 81%] Built target livox_ros_driver2__rosidl_typesupport_fastrtps_c__pyext
[9.331s] [ 82%] [32mBuilding C object CMakeFiles/livox_ros_driver2__rosidl_typesupport_introspection_c__pyext.dir/rosidl_generator_py/livox_ros_driver2/_livox_ros_driver2_s.ep.rosidl_typesupport_introspection_c.c.o[0m
[9.442s] [ 84%] [32mBuilding C object CMakeFiles/livox_ros_driver2__rosidl_typesupport_c__pyext.dir/rosidl_generator_py/livox_ros_driver2/_livox_ros_driver2_s.ep.rosidl_typesupport_c.c.o[0m
[9.475s] [ 86%] [32m[1mLinking C shared library rosidl_generator_py/livox_ros_driver2/livox_ros_driver2_s__rosidl_typesupport_introspection_c.cpython-310-x86_64-linux-gnu.so[0m
[9.552s] [ 86%] Built target livox_ros_driver2__rosidl_typesupport_introspection_c__pyext
[9.571s] [ 87%] [32mBuilding CXX object CMakeFiles/livox_ros_driver2.dir/src/comm/pub_handler.cpp.o[0m
[9.618s] [ 89%] [32m[1mLinking C shared library rosidl_generator_py/livox_ros_driver2/livox_ros_driver2_s__rosidl_typesupport_c.cpython-310-x86_64-linux-gnu.so[0m
[9.630s] [ 91%] [32m[1mLinking CXX executable livox_ros_driver2_node[0m
[9.670s] [ 91%] Built target livox_ros_driver2__rosidl_typesupport_c__pyext
[9.690s] [ 93%] [32mBuilding CXX object CMakeFiles/livox_ros_driver2.dir/src/parse_cfg_file/parse_cfg_file.cpp.o[0m
[9.728s] [ 94%] [32mBuilding CXX object CMakeFiles/livox_ros_driver2.dir/src/parse_cfg_file/parse_livox_lidar_cfg.cpp.o[0m
[9.789s] [ 96%] [32mBuilding CXX object CMakeFiles/livox_ros_driver2.dir/src/call_back/lidar_common_callback.cpp.o[0m
[9.841s] [ 96%] Built target livox_ros_driver2_node
[9.860s] [ 98%] [32mBuilding CXX object CMakeFiles/livox_ros_driver2.dir/src/call_back/livox_lidar_callback.cpp.o[0m
[22.715s] [100%] [32m[1mLinking CXX shared library liblivox_ros_driver2.so[0m
[23.846s] [100%] Built target livox_ros_driver2
[23.872s] Invoked command in '/home/jiaverso/Desktop/SparkCar_ROS2_WS/SparkCar_Perception/build/livox_ros_driver2' returned '0': CMAKE_PREFIX_PATH=${CMAKE_PREFIX_PATH}:/opt/ros/humble /usr/bin/cmake --build /home/jiaverso/Desktop/SparkCar_ROS2_WS/SparkCar_Perception/build/livox_ros_driver2 -- -j8 -l8
[23.872s] Invoking command in '/home/jiaverso/Desktop/SparkCar_ROS2_WS/SparkCar_Perception/build/livox_ros_driver2': CMAKE_PREFIX_PATH=${CMAKE_PREFIX_PATH}:/opt/ros/humble /usr/bin/cmake --install /home/jiaverso/Desktop/SparkCar_ROS2_WS/SparkCar_Perception/build/livox_ros_driver2
[23.880s] -- Install configuration: ""
[23.881s] -- Installing: /home/jiaverso/Desktop/SparkCar_ROS2_WS/SparkCar_Perception/install/livox_ros_driver2/share/ament_index/resource_index/rosidl_interfaces/livox_ros_driver2
[23.883s] -- Installing: /home/jiaverso/Desktop/SparkCar_ROS2_WS/SparkCar_Perception/install/livox_ros_driver2/include/livox_ros_driver2/livox_ros_driver2
[23.883s] -- Installing: /home/jiaverso/Desktop/SparkCar_ROS2_WS/SparkCar_Perception/install/livox_ros_driver2/include/livox_ros_driver2/livox_ros_driver2/msg
[23.883s] -- Installing: /home/jiaverso/Desktop/SparkCar_ROS2_WS/SparkCar_Perception/install/livox_ros_driver2/include/livox_ros_driver2/livox_ros_driver2/msg/custom_msg.h
[23.883s] -- Installing: /home/jiaverso/Desktop/SparkCar_ROS2_WS/SparkCar_Perception/install/livox_ros_driver2/include/livox_ros_driver2/livox_ros_driver2/msg/detail
[23.883s] -- Installing: /home/jiaverso/Desktop/SparkCar_ROS2_WS/SparkCar_Perception/install/livox_ros_driver2/include/livox_ros_driver2/livox_ros_driver2/msg/detail/custom_msg__functions.h
[23.884s] -- Installing: /home/jiaverso/Desktop/SparkCar_ROS2_WS/SparkCar_Perception/install/livox_ros_driver2/include/livox_ros_driver2/livox_ros_driver2/msg/detail/custom_point__type_support.h
[23.884s] -- Installing: /home/jiaverso/Desktop/SparkCar_ROS2_WS/SparkCar_Perception/install/livox_ros_driver2/include/livox_ros_driver2/livox_ros_driver2/msg/detail/custom_msg__type_support.h
[23.884s] -- Installing: /home/jiaverso/Desktop/SparkCar_ROS2_WS/SparkCar_Perception/install/livox_ros_driver2/include/livox_ros_driver2/livox_ros_driver2/msg/detail/custom_msg__functions.c
[23.884s] -- Installing: /home/jiaverso/Desktop/SparkCar_ROS2_WS/SparkCar_Perception/install/livox_ros_driver2/include/livox_ros_driver2/livox_ros_driver2/msg/detail/custom_msg__struct.h
[23.884s] -- Installing: /home/jiaverso/Desktop/SparkCar_ROS2_WS/SparkCar_Perception/install/livox_ros_driver2/include/livox_ros_driver2/livox_ros_driver2/msg/detail/custom_point__struct.h
[23.884s] -- Installing: /home/jiaverso/Desktop/SparkCar_ROS2_WS/SparkCar_Perception/install/livox_ros_driver2/include/livox_ros_driver2/livox_ros_driver2/msg/detail/custom_point__functions.c
[23.884s] -- Installing: /home/jiaverso/Desktop/SparkCar_ROS2_WS/SparkCar_Perception/install/livox_ros_driver2/include/livox_ros_driver2/livox_ros_driver2/msg/detail/custom_point__functions.h
[23.884s] -- Installing: /home/jiaverso/Desktop/SparkCar_ROS2_WS/SparkCar_Perception/install/livox_ros_driver2/include/livox_ros_driver2/livox_ros_driver2/msg/custom_point.h
[23.884s] -- Installing: /home/jiaverso/Desktop/SparkCar_ROS2_WS/SparkCar_Perception/install/livox_ros_driver2/include/livox_ros_driver2/livox_ros_driver2/msg/rosidl_generator_c__visibility_control.h
[23.884s] -- Installing: /home/jiaverso/Desktop/SparkCar_ROS2_WS/SparkCar_Perception/install/livox_ros_driver2/share/livox_ros_driver2/environment/library_path.sh
[23.884s] -- Installing: /home/jiaverso/Desktop/SparkCar_ROS2_WS/SparkCar_Perception/install/livox_ros_driver2/share/livox_ros_driver2/environment/library_path.dsv
[23.884s] -- Installing: /home/jiaverso/Desktop/SparkCar_ROS2_WS/SparkCar_Perception/install/livox_ros_driver2/lib/liblivox_ros_driver2__rosidl_generator_c.so
[23.885s] -- Set runtime path of "/home/jiaverso/Desktop/SparkCar_ROS2_WS/SparkCar_Perception/install/livox_ros_driver2/lib/liblivox_ros_driver2__rosidl_generator_c.so" to ""
[23.885s] -- Up-to-date: /home/jiaverso/Desktop/SparkCar_ROS2_WS/SparkCar_Perception/install/livox_ros_driver2/include/livox_ros_driver2/livox_ros_driver2
[23.885s] -- Up-to-date: /home/jiaverso/Desktop/SparkCar_ROS2_WS/SparkCar_Perception/install/livox_ros_driver2/include/livox_ros_driver2/livox_ros_driver2/msg
[23.885s] -- Up-to-date: /home/jiaverso/Desktop/SparkCar_ROS2_WS/SparkCar_Perception/install/livox_ros_driver2/include/livox_ros_driver2/livox_ros_driver2/msg/detail
[23.885s] -- Installing: /home/jiaverso/Desktop/SparkCar_ROS2_WS/SparkCar_Perception/install/livox_ros_driver2/include/livox_ros_driver2/livox_ros_driver2/msg/detail/custom_msg__rosidl_typesupport_fastrtps_c.h
[23.885s] -- Installing: /home/jiaverso/Desktop/SparkCar_ROS2_WS/SparkCar_Perception/install/livox_ros_driver2/include/livox_ros_driver2/livox_ros_driver2/msg/detail/custom_point__rosidl_typesupport_fastrtps_c.h
[23.885s] -- Installing: /home/jiaverso/Desktop/SparkCar_ROS2_WS/SparkCar_Perception/install/livox_ros_driver2/include/livox_ros_driver2/livox_ros_driver2/msg/rosidl_typesupport_fastrtps_c__visibility_control.h
[23.885s] -- Installing: /home/jiaverso/Desktop/SparkCar_ROS2_WS/SparkCar_Perception/install/livox_ros_driver2/lib/liblivox_ros_driver2__rosidl_typesupport_fastrtps_c.so
[23.885s] -- Set runtime path of "/home/jiaverso/Desktop/SparkCar_ROS2_WS/SparkCar_Perception/install/livox_ros_driver2/lib/liblivox_ros_driver2__rosidl_typesupport_fastrtps_c.so" to ""
[23.885s] -- Up-to-date: /home/jiaverso/Desktop/SparkCar_ROS2_WS/SparkCar_Perception/install/livox_ros_driver2/include/livox_ros_driver2/livox_ros_driver2
[23.885s] -- Up-to-date: /home/jiaverso/Desktop/SparkCar_ROS2_WS/SparkCar_Perception/install/livox_ros_driver2/include/livox_ros_driver2/livox_ros_driver2/msg
[23.888s] -- Up-to-date: /home/jiaverso/Desktop/SparkCar_ROS2_WS/SparkCar_Perception/install/livox_ros_driver2/include/livox_ros_driver2/livox_ros_driver2/msg/detail
[23.889s] -- Installing: /home/jiaverso/Desktop/SparkCar_ROS2_WS/SparkCar_Perception/install/livox_ros_driver2/include/livox_ros_driver2/livox_ros_driver2/msg/detail/custom_msg__type_support.c
[23.889s] -- Installing: /home/jiaverso/Desktop/SparkCar_ROS2_WS/SparkCar_Perception/install/livox_ros_driver2/include/livox_ros_driver2/livox_ros_driver2/msg/detail/custom_point__rosidl_typesupport_introspection_c.h
[23.889s] -- Installing: /home/jiaverso/Desktop/SparkCar_ROS2_WS/SparkCar_Perception/install/livox_ros_driver2/include/livox_ros_driver2/livox_ros_driver2/msg/detail/custom_msg__rosidl_typesupport_introspection_c.h
[23.889s] -- Installing: /home/jiaverso/Desktop/SparkCar_ROS2_WS/SparkCar_Perception/install/livox_ros_driver2/include/livox_ros_driver2/livox_ros_driver2/msg/detail/custom_point__type_support.c
[23.889s] -- Installing: /home/jiaverso/Desktop/SparkCar_ROS2_WS/SparkCar_Perception/install/livox_ros_driver2/include/livox_ros_driver2/livox_ros_driver2/msg/rosidl_typesupport_introspection_c__visibility_control.h
[23.889s] -- Installing: /home/jiaverso/Desktop/SparkCar_ROS2_WS/SparkCar_Perception/install/livox_ros_driver2/lib/liblivox_ros_driver2__rosidl_typesupport_introspection_c.so
[23.889s] -- Set runtime path of "/home/jiaverso/Desktop/SparkCar_ROS2_WS/SparkCar_Perception/install/livox_ros_driver2/lib/liblivox_ros_driver2__rosidl_typesupport_introspection_c.so" to ""
[23.889s] -- Installing: /home/jiaverso/Desktop/SparkCar_ROS2_WS/SparkCar_Perception/install/livox_ros_driver2/lib/liblivox_ros_driver2__rosidl_typesupport_c.so
[23.889s] -- Set runtime path of "/home/jiaverso/Desktop/SparkCar_ROS2_WS/SparkCar_Perception/install/livox_ros_driver2/lib/liblivox_ros_driver2__rosidl_typesupport_c.so" to ""
[23.889s] -- Up-to-date: /home/jiaverso/Desktop/SparkCar_ROS2_WS/SparkCar_Perception/install/livox_ros_driver2/include/livox_ros_driver2/livox_ros_driver2
[23.889s] -- Up-to-date: /home/jiaverso/Desktop/SparkCar_ROS2_WS/SparkCar_Perception/install/livox_ros_driver2/include/livox_ros_driver2/livox_ros_driver2/msg
[23.889s] -- Installing: /home/jiaverso/Desktop/SparkCar_ROS2_WS/SparkCar_Perception/install/livox_ros_driver2/include/livox_ros_driver2/livox_ros_driver2/msg/custom_msg.hpp
[23.890s] -- Installing: /home/jiaverso/Desktop/SparkCar_ROS2_WS/SparkCar_Perception/install/livox_ros_driver2/include/livox_ros_driver2/livox_ros_driver2/msg/custom_point.hpp
[23.890s] -- Up-to-date: /home/jiaverso/Desktop/SparkCar_ROS2_WS/SparkCar_Perception/install/livox_ros_driver2/include/livox_ros_driver2/livox_ros_driver2/msg/detail
[23.890s] -- Installing: /home/jiaverso/Desktop/SparkCar_ROS2_WS/SparkCar_Perception/install/livox_ros_driver2/include/livox_ros_driver2/livox_ros_driver2/msg/detail/custom_msg__builder.hpp
[23.890s] -- Installing: /home/jiaverso/Desktop/SparkCar_ROS2_WS/SparkCar_Perception/install/livox_ros_driver2/include/livox_ros_driver2/livox_ros_driver2/msg/detail/custom_point__type_support.hpp
[23.890s] -- Installing: /home/jiaverso/Desktop/SparkCar_ROS2_WS/SparkCar_Perception/install/livox_ros_driver2/include/livox_ros_driver2/livox_ros_driver2/msg/detail/custom_point__builder.hpp
[23.890s] -- Installing: /home/jiaverso/Desktop/SparkCar_ROS2_WS/SparkCar_Perception/install/livox_ros_driver2/include/livox_ros_driver2/livox_ros_driver2/msg/detail/custom_point__traits.hpp
[23.890s] -- Installing: /home/jiaverso/Desktop/SparkCar_ROS2_WS/SparkCar_Perception/install/livox_ros_driver2/include/livox_ros_driver2/livox_ros_driver2/msg/detail/custom_msg__type_support.hpp
[23.890s] -- Installing: /home/jiaverso/Desktop/SparkCar_ROS2_WS/SparkCar_Perception/install/livox_ros_driver2/include/livox_ros_driver2/livox_ros_driver2/msg/detail/custom_point__struct.hpp
[23.890s] -- Installing: /home/jiaverso/Desktop/SparkCar_ROS2_WS/SparkCar_Perception/install/livox_ros_driver2/include/livox_ros_driver2/livox_ros_driver2/msg/detail/custom_msg__struct.hpp
[23.890s] -- Installing: /home/jiaverso/Desktop/SparkCar_ROS2_WS/SparkCar_Perception/install/livox_ros_driver2/include/livox_ros_driver2/livox_ros_driver2/msg/detail/custom_msg__traits.hpp
[23.890s] -- Installing: /home/jiaverso/Desktop/SparkCar_ROS2_WS/SparkCar_Perception/install/livox_ros_driver2/include/livox_ros_driver2/livox_ros_driver2/msg/rosidl_generator_cpp__visibility_control.hpp
[23.890s] -- Up-to-date: /home/jiaverso/Desktop/SparkCar_ROS2_WS/SparkCar_Perception/install/livox_ros_driver2/include/livox_ros_driver2/livox_ros_driver2
[23.890s] -- Up-to-date: /home/jiaverso/Desktop/SparkCar_ROS2_WS/SparkCar_Perception/install/livox_ros_driver2/include/livox_ros_driver2/livox_ros_driver2/msg
[23.891s] -- Up-to-date: /home/jiaverso/Desktop/SparkCar_ROS2_WS/SparkCar_Perception/install/livox_ros_driver2/include/livox_ros_driver2/livox_ros_driver2/msg/detail
[23.891s] -- Installing: /home/jiaverso/Desktop/SparkCar_ROS2_WS/SparkCar_Perception/install/livox_ros_driver2/include/livox_ros_driver2/livox_ros_driver2/msg/detail/custom_msg__rosidl_typesupport_fastrtps_cpp.hpp
[23.891s] -- Installing: /home/jiaverso/Desktop/SparkCar_ROS2_WS/SparkCar_Perception/install/livox_ros_driver2/include/livox_ros_driver2/livox_ros_driver2/msg/detail/dds_fastrtps
[23.891s] -- Installing: /home/jiaverso/Desktop/SparkCar_ROS2_WS/SparkCar_Perception/install/livox_ros_driver2/include/livox_ros_driver2/livox_ros_driver2/msg/detail/custom_point__rosidl_typesupport_fastrtps_cpp.hpp
[23.891s] -- Installing: /home/jiaverso/Desktop/SparkCar_ROS2_WS/SparkCar_Perception/install/livox_ros_driver2/include/livox_ros_driver2/livox_ros_driver2/msg/rosidl_typesupport_fastrtps_cpp__visibility_control.h
[23.891s] -- Installing: /home/jiaverso/Desktop/SparkCar_ROS2_WS/SparkCar_Perception/install/livox_ros_driver2/lib/liblivox_ros_driver2__rosidl_typesupport_fastrtps_cpp.so
[23.891s] -- Set runtime path of "/home/jiaverso/Desktop/SparkCar_ROS2_WS/SparkCar_Perception/install/livox_ros_driver2/lib/liblivox_ros_driver2__rosidl_typesupport_fastrtps_cpp.so" to ""
[23.891s] -- Up-to-date: /home/jiaverso/Desktop/SparkCar_ROS2_WS/SparkCar_Perception/install/livox_ros_driver2/include/livox_ros_driver2/livox_ros_driver2
[23.891s] -- Up-to-date: /home/jiaverso/Desktop/SparkCar_ROS2_WS/SparkCar_Perception/install/livox_ros_driver2/include/livox_ros_driver2/livox_ros_driver2/msg
[23.891s] -- Up-to-date: /home/jiaverso/Desktop/SparkCar_ROS2_WS/SparkCar_Perception/install/livox_ros_driver2/include/livox_ros_driver2/livox_ros_driver2/msg/detail
[23.891s] -- Installing: /home/jiaverso/Desktop/SparkCar_ROS2_WS/SparkCar_Perception/install/livox_ros_driver2/include/livox_ros_driver2/livox_ros_driver2/msg/detail/custom_msg__rosidl_typesupport_introspection_cpp.hpp
[23.891s] -- Installing: /home/jiaverso/Desktop/SparkCar_ROS2_WS/SparkCar_Perception/install/livox_ros_driver2/include/livox_ros_driver2/livox_ros_driver2/msg/detail/custom_point__type_support.cpp
[23.891s] -- Installing: /home/jiaverso/Desktop/SparkCar_ROS2_WS/SparkCar_Perception/install/livox_ros_driver2/include/livox_ros_driver2/livox_ros_driver2/msg/detail/custom_point__rosidl_typesupport_introspection_cpp.hpp
[23.892s] -- Installing: /home/jiaverso/Desktop/SparkCar_ROS2_WS/SparkCar_Perception/install/livox_ros_driver2/include/livox_ros_driver2/livox_ros_driver2/msg/detail/custom_msg__type_support.cpp
[23.892s] -- Installing: /home/jiaverso/Desktop/SparkCar_ROS2_WS/SparkCar_Perception/install/livox_ros_driver2/lib/liblivox_ros_driver2__rosidl_typesupport_introspection_cpp.so
[23.895s] -- Set runtime path of "/home/jiaverso/Desktop/SparkCar_ROS2_WS/SparkCar_Perception/install/livox_ros_driver2/lib/liblivox_ros_driver2__rosidl_typesupport_introspection_cpp.so" to ""
[23.895s] -- Installing: /home/jiaverso/Desktop/SparkCar_ROS2_WS/SparkCar_Perception/install/livox_ros_driver2/lib/liblivox_ros_driver2__rosidl_typesupport_cpp.so
[23.895s] -- Set runtime path of "/home/jiaverso/Desktop/SparkCar_ROS2_WS/SparkCar_Perception/install/livox_ros_driver2/lib/liblivox_ros_driver2__rosidl_typesupport_cpp.so" to ""
[23.895s] -- Installing: /home/jiaverso/Desktop/SparkCar_ROS2_WS/SparkCar_Perception/install/livox_ros_driver2/share/livox_ros_driver2/environment/pythonpath.sh
[23.895s] -- Installing: /home/jiaverso/Desktop/SparkCar_ROS2_WS/SparkCar_Perception/install/livox_ros_driver2/share/livox_ros_driver2/environment/pythonpath.dsv
[23.895s] -- Installing: /home/jiaverso/Desktop/SparkCar_ROS2_WS/SparkCar_Perception/install/livox_ros_driver2/local/lib/python3.10/dist-packages/livox_ros_driver2-1.0.0-py3.10.egg-info
[23.895s] -- Installing: /home/jiaverso/Desktop/SparkCar_ROS2_WS/SparkCar_Perception/install/livox_ros_driver2/local/lib/python3.10/dist-packages/livox_ros_driver2-1.0.0-py3.10.egg-info/top_level.txt
[23.895s] -- Installing: /home/jiaverso/Desktop/SparkCar_ROS2_WS/SparkCar_Perception/install/livox_ros_driver2/local/lib/python3.10/dist-packages/livox_ros_driver2-1.0.0-py3.10.egg-info/dependency_links.txt
[23.895s] -- Installing: /home/jiaverso/Desktop/SparkCar_ROS2_WS/SparkCar_Perception/install/livox_ros_driver2/local/lib/python3.10/dist-packages/livox_ros_driver2-1.0.0-py3.10.egg-info/SOURCES.txt
[23.895s] -- Installing: /home/jiaverso/Desktop/SparkCar_ROS2_WS/SparkCar_Perception/install/livox_ros_driver2/local/lib/python3.10/dist-packages/livox_ros_driver2-1.0.0-py3.10.egg-info/PKG-INFO
[23.895s] -- Installing: /home/jiaverso/Desktop/SparkCar_ROS2_WS/SparkCar_Perception/install/livox_ros_driver2/local/lib/python3.10/dist-packages/livox_ros_driver2
[23.896s] -- Installing: /home/jiaverso/Desktop/SparkCar_ROS2_WS/SparkCar_Perception/install/livox_ros_driver2/local/lib/python3.10/dist-packages/livox_ros_driver2/livox_ros_driver2_s__rosidl_typesupport_fastrtps_c.cpython-310-x86_64-linux-gnu.so
[23.896s] -- Installing: /home/jiaverso/Desktop/SparkCar_ROS2_WS/SparkCar_Perception/install/livox_ros_driver2/local/lib/python3.10/dist-packages/livox_ros_driver2/_livox_ros_driver2_s.ep.rosidl_typesupport_introspection_c.c
[23.896s] -- Installing: /home/jiaverso/Desktop/SparkCar_ROS2_WS/SparkCar_Perception/install/livox_ros_driver2/local/lib/python3.10/dist-packages/livox_ros_driver2/__init__.py
[23.896s] -- Installing: /home/jiaverso/Desktop/SparkCar_ROS2_WS/SparkCar_Perception/install/livox_ros_driver2/local/lib/python3.10/dist-packages/livox_ros_driver2/liblivox_interfaces2__rosidl_generator_py.so
[23.896s] -- Installing: /home/jiaverso/Desktop/SparkCar_ROS2_WS/SparkCar_Perception/install/livox_ros_driver2/local/lib/python3.10/dist-packages/livox_ros_driver2/livox_ros_driver2_s__rosidl_typesupport_introspection_c.cpython-310-x86_64-linux-gnu.so
[23.896s] -- Installing: /home/jiaverso/Desktop/SparkCar_ROS2_WS/SparkCar_Perception/install/livox_ros_driver2/local/lib/python3.10/dist-packages/livox_ros_driver2/msg
[23.896s] -- Installing: /home/jiaverso/Desktop/SparkCar_ROS2_WS/SparkCar_Perception/install/livox_ros_driver2/local/lib/python3.10/dist-packages/livox_ros_driver2/msg/_custom_msg_s.c
[23.896s] -- Installing: /home/jiaverso/Desktop/SparkCar_ROS2_WS/SparkCar_Perception/install/livox_ros_driver2/local/lib/python3.10/dist-packages/livox_ros_driver2/msg/_custom_point.py
[23.896s] -- Installing: /home/jiaverso/Desktop/SparkCar_ROS2_WS/SparkCar_Perception/install/livox_ros_driver2/local/lib/python3.10/dist-packages/livox_ros_driver2/msg/__init__.py
[23.896s] -- Installing: /home/jiaverso/Desktop/SparkCar_ROS2_WS/SparkCar_Perception/install/livox_ros_driver2/local/lib/python3.10/dist-packages/livox_ros_driver2/msg/_custom_point_s.c
[23.896s] -- Installing: /home/jiaverso/Desktop/SparkCar_ROS2_WS/SparkCar_Perception/install/livox_ros_driver2/local/lib/python3.10/dist-packages/livox_ros_driver2/msg/_custom_msg.py
[23.896s] -- Installing: /home/jiaverso/Desktop/SparkCar_ROS2_WS/SparkCar_Perception/install/livox_ros_driver2/local/lib/python3.10/dist-packages/livox_ros_driver2/_livox_ros_driver2_s.ep.rosidl_typesupport_fastrtps_c.c
[23.896s] -- Installing: /home/jiaverso/Desktop/SparkCar_ROS2_WS/SparkCar_Perception/install/livox_ros_driver2/local/lib/python3.10/dist-packages/livox_ros_driver2/livox_ros_driver2_s__rosidl_typesupport_c.cpython-310-x86_64-linux-gnu.so
[23.896s] -- Installing: /home/jiaverso/Desktop/SparkCar_ROS2_WS/SparkCar_Perception/install/livox_ros_driver2/local/lib/python3.10/dist-packages/livox_ros_driver2/_livox_ros_driver2_s.ep.rosidl_typesupport_c.c
[23.941s] Listing '/home/jiaverso/Desktop/SparkCar_ROS2_WS/SparkCar_Perception/install/livox_ros_driver2/local/lib/python3.10/dist-packages/livox_ros_driver2'...
[23.941s] Compiling '/home/jiaverso/Desktop/SparkCar_ROS2_WS/SparkCar_Perception/install/livox_ros_driver2/local/lib/python3.10/dist-packages/livox_ros_driver2/__init__.py'...
[23.941s] Listing '/home/jiaverso/Desktop/SparkCar_ROS2_WS/SparkCar_Perception/install/livox_ros_driver2/local/lib/python3.10/dist-packages/livox_ros_driver2/msg'...
[23.941s] Compiling '/home/jiaverso/Desktop/SparkCar_ROS2_WS/SparkCar_Perception/install/livox_ros_driver2/local/lib/python3.10/dist-packages/livox_ros_driver2/msg/__init__.py'...
[23.941s] Compiling '/home/jiaverso/Desktop/SparkCar_ROS2_WS/SparkCar_Perception/install/livox_ros_driver2/local/lib/python3.10/dist-packages/livox_ros_driver2/msg/_custom_msg.py'...
[23.941s] Compiling '/home/jiaverso/Desktop/SparkCar_ROS2_WS/SparkCar_Perception/install/livox_ros_driver2/local/lib/python3.10/dist-packages/livox_ros_driver2/msg/_custom_point.py'...
[23.947s] -- Installing: /home/jiaverso/Desktop/SparkCar_ROS2_WS/SparkCar_Perception/install/livox_ros_driver2/local/lib/python3.10/dist-packages/livox_ros_driver2/livox_ros_driver2_s__rosidl_typesupport_fastrtps_c.cpython-310-x86_64-linux-gnu.so
[23.948s] -- Set runtime path of "/home/jiaverso/Desktop/SparkCar_ROS2_WS/SparkCar_Perception/install/livox_ros_driver2/local/lib/python3.10/dist-packages/livox_ros_driver2/livox_ros_driver2_s__rosidl_typesupport_fastrtps_c.cpython-310-x86_64-linux-gnu.so" to ""
[23.948s] -- Installing: /home/jiaverso/Desktop/SparkCar_ROS2_WS/SparkCar_Perception/install/livox_ros_driver2/local/lib/python3.10/dist-packages/livox_ros_driver2/livox_ros_driver2_s__rosidl_typesupport_introspection_c.cpython-310-x86_64-linux-gnu.so
[23.949s] -- Set runtime path of "/home/jiaverso/Desktop/SparkCar_ROS2_WS/SparkCar_Perception/install/livox_ros_driver2/local/lib/python3.10/dist-packages/livox_ros_driver2/livox_ros_driver2_s__rosidl_typesupport_introspection_c.cpython-310-x86_64-linux-gnu.so" to ""
[23.949s] -- Installing: /home/jiaverso/Desktop/SparkCar_ROS2_WS/SparkCar_Perception/install/livox_ros_driver2/local/lib/python3.10/dist-packages/livox_ros_driver2/livox_ros_driver2_s__rosidl_typesupport_c.cpython-310-x86_64-linux-gnu.so
[23.949s] -- Set runtime path of "/home/jiaverso/Desktop/SparkCar_ROS2_WS/SparkCar_Perception/install/livox_ros_driver2/local/lib/python3.10/dist-packages/livox_ros_driver2/livox_ros_driver2_s__rosidl_typesupport_c.cpython-310-x86_64-linux-gnu.so" to ""
[23.950s] -- Installing: /home/jiaverso/Desktop/SparkCar_ROS2_WS/SparkCar_Perception/install/livox_ros_driver2/lib/liblivox_interfaces2__rosidl_generator_py.so
[23.950s] -- Set runtime path of "/home/jiaverso/Desktop/SparkCar_ROS2_WS/SparkCar_Perception/install/livox_ros_driver2/lib/liblivox_interfaces2__rosidl_generator_py.so" to ""
[23.950s] -- Installing: /home/jiaverso/Desktop/SparkCar_ROS2_WS/SparkCar_Perception/install/livox_ros_driver2/share/ament_index/resource_index/rust_packages/livox_ros_driver2
[23.951s] -- Installing: /home/jiaverso/Desktop/SparkCar_ROS2_WS/SparkCar_Perception/install/livox_ros_driver2/share/livox_ros_driver2/rust
[23.951s] -- Installing: /home/jiaverso/Desktop/SparkCar_ROS2_WS/SparkCar_Perception/install/livox_ros_driver2/share/livox_ros_driver2/rust/Cargo.toml
[23.951s] -- Installing: /home/jiaverso/Desktop/SparkCar_ROS2_WS/SparkCar_Perception/install/livox_ros_driver2/share/livox_ros_driver2/rust/src
[23.951s] -- Installing: /home/jiaverso/Desktop/SparkCar_ROS2_WS/SparkCar_Perception/install/livox_ros_driver2/share/livox_ros_driver2/rust/src/msg.rs
[23.952s] -- Installing: /home/jiaverso/Desktop/SparkCar_ROS2_WS/SparkCar_Perception/install/livox_ros_driver2/share/livox_ros_driver2/rust/src/msg
[23.952s] -- Installing: /home/jiaverso/Desktop/SparkCar_ROS2_WS/SparkCar_Perception/install/livox_ros_driver2/share/livox_ros_driver2/rust/src/msg/rmw.rs
[23.952s] -- Installing: /home/jiaverso/Desktop/SparkCar_ROS2_WS/SparkCar_Perception/install/livox_ros_driver2/share/livox_ros_driver2/rust/src/lib.rs
[23.952s] -- Installing: /home/jiaverso/Desktop/SparkCar_ROS2_WS/SparkCar_Perception/install/livox_ros_driver2/share/livox_ros_driver2/rust/build.rs
[23.953s] -- Installing: /home/jiaverso/Desktop/SparkCar_ROS2_WS/SparkCar_Perception/install/livox_ros_driver2/share/livox_ros_driver2/msg/CustomPoint.idl
[23.953s] -- Installing: /home/jiaverso/Desktop/SparkCar_ROS2_WS/SparkCar_Perception/install/livox_ros_driver2/share/livox_ros_driver2/msg/CustomMsg.idl
[23.953s] -- Installing: /home/jiaverso/Desktop/SparkCar_ROS2_WS/SparkCar_Perception/install/livox_ros_driver2/share/livox_ros_driver2/msg/CustomPoint.msg
[23.954s] -- Installing: /home/jiaverso/Desktop/SparkCar_ROS2_WS/SparkCar_Perception/install/livox_ros_driver2/share/livox_ros_driver2/msg/CustomMsg.msg
[23.954s] -- Installing: /home/jiaverso/Desktop/SparkCar_ROS2_WS/SparkCar_Perception/install/livox_ros_driver2/lib/livox_ros_driver2/livox_ros_driver2_node
[23.954s] -- Set runtime path of "/home/jiaverso/Desktop/SparkCar_ROS2_WS/SparkCar_Perception/install/livox_ros_driver2/lib/livox_ros_driver2/livox_ros_driver2_node" to ""
[23.955s] -- Installing: /home/jiaverso/Desktop/SparkCar_ROS2_WS/SparkCar_Perception/install/livox_ros_driver2/lib/liblivox_ros_driver2.so
[23.958s] -- Set runtime path of "/home/jiaverso/Desktop/SparkCar_ROS2_WS/SparkCar_Perception/install/livox_ros_driver2/lib/liblivox_ros_driver2.so" to ""
[23.958s] -- Installing: /home/jiaverso/Desktop/SparkCar_ROS2_WS/SparkCar_Perception/install/livox_ros_driver2/share/livox_ros_driver2/config
[23.958s] -- Installing: /home/jiaverso/Desktop/SparkCar_ROS2_WS/SparkCar_Perception/install/livox_ros_driver2/share/livox_ros_driver2/config/MID360s_config.json
[23.958s] -- Installing: /home/jiaverso/Desktop/SparkCar_ROS2_WS/SparkCar_Perception/install/livox_ros_driver2/share/livox_ros_driver2/config/MID360_config.json
[23.959s] -- Installing: /home/jiaverso/Desktop/SparkCar_ROS2_WS/SparkCar_Perception/install/livox_ros_driver2/share/livox_ros_driver2/config/display_point_cloud_ROS1.rviz
[23.959s] -- Installing: /home/jiaverso/Desktop/SparkCar_ROS2_WS/SparkCar_Perception/install/livox_ros_driver2/share/livox_ros_driver2/config/mixed_HAP_MID360_config.json
[23.959s] -- Installing: /home/jiaverso/Desktop/SparkCar_ROS2_WS/SparkCar_Perception/install/livox_ros_driver2/share/livox_ros_driver2/config/HAP_config.json
[23.959s] -- Installing: /home/jiaverso/Desktop/SparkCar_ROS2_WS/SparkCar_Perception/install/livox_ros_driver2/share/livox_ros_driver2/config/display_point_cloud_ROS2.rviz
[23.960s] -- Installing: /home/jiaverso/Desktop/SparkCar_ROS2_WS/SparkCar_Perception/install/livox_ros_driver2/share/livox_ros_driver2/launch_ROS2
[23.960s] -- Installing: /home/jiaverso/Desktop/SparkCar_ROS2_WS/SparkCar_Perception/install/livox_ros_driver2/share/livox_ros_driver2/launch_ROS2/rviz_MID360_launch.py
[23.960s] -- Installing: /home/jiaverso/Desktop/SparkCar_ROS2_WS/SparkCar_Perception/install/livox_ros_driver2/share/livox_ros_driver2/launch_ROS2/msg_MID360_launch.py
[23.960s] -- Installing: /home/jiaverso/Desktop/SparkCar_ROS2_WS/SparkCar_Perception/install/livox_ros_driver2/share/livox_ros_driver2/launch_ROS2/msg_MID360s_launch.py
[23.960s] -- Installing: /home/jiaverso/Desktop/SparkCar_ROS2_WS/SparkCar_Perception/install/livox_ros_driver2/share/livox_ros_driver2/launch_ROS2/rviz_mixed.py
[23.961s] -- Installing: /home/jiaverso/Desktop/SparkCar_ROS2_WS/SparkCar_Perception/install/livox_ros_driver2/share/livox_ros_driver2/launch_ROS2/msg_HAP_launch.py
[23.961s] -- Installing: /home/jiaverso/Desktop/SparkCar_ROS2_WS/SparkCar_Perception/install/livox_ros_driver2/share/livox_ros_driver2/launch_ROS2/rviz_HAP_launch.py
[23.961s] -- Installing: /home/jiaverso/Desktop/SparkCar_ROS2_WS/SparkCar_Perception/install/livox_ros_driver2/share/livox_ros_driver2/launch_ROS2/__pycache__
[23.961s] -- Installing: /home/jiaverso/Desktop/SparkCar_ROS2_WS/SparkCar_Perception/install/livox_ros_driver2/share/livox_ros_driver2/launch_ROS2/__pycache__/msg_MID360_launch.cpython-310.pyc
[23.962s] -- Installing: /home/jiaverso/Desktop/SparkCar_ROS2_WS/SparkCar_Perception/install/livox_ros_driver2/share/livox_ros_driver2/launch_ROS2/rviz_MID360s_launch.py
[23.962s] -- Installing: /home/jiaverso/Desktop/SparkCar_ROS2_WS/SparkCar_Perception/install/livox_ros_driver2/share/ament_index/resource_index/package_run_dependencies/livox_ros_driver2
[23.962s] -- Installing: /home/jiaverso/Desktop/SparkCar_ROS2_WS/SparkCar_Perception/install/livox_ros_driver2/share/ament_index/resource_index/parent_prefix_path/livox_ros_driver2
[23.963s] -- Installing: /home/jiaverso/Desktop/SparkCar_ROS2_WS/SparkCar_Perception/install/livox_ros_driver2/share/livox_ros_driver2/environment/ament_prefix_path.sh
[23.963s] -- Installing: /home/jiaverso/Desktop/SparkCar_ROS2_WS/SparkCar_Perception/install/livox_ros_driver2/share/livox_ros_driver2/environment/ament_prefix_path.dsv
[23.963s] -- Installing: /home/jiaverso/Desktop/SparkCar_ROS2_WS/SparkCar_Perception/install/livox_ros_driver2/share/livox_ros_driver2/environment/path.sh
[23.963s] -- Installing: /home/jiaverso/Desktop/SparkCar_ROS2_WS/SparkCar_Perception/install/livox_ros_driver2/share/livox_ros_driver2/environment/path.dsv
[23.964s] -- Installing: /home/jiaverso/Desktop/SparkCar_ROS2_WS/SparkCar_Perception/install/livox_ros_driver2/share/livox_ros_driver2/local_setup.bash
[23.964s] -- Installing: /home/jiaverso/Desktop/SparkCar_ROS2_WS/SparkCar_Perception/install/livox_ros_driver2/share/livox_ros_driver2/local_setup.sh
[23.964s] -- Installing: /home/jiaverso/Desktop/SparkCar_ROS2_WS/SparkCar_Perception/install/livox_ros_driver2/share/livox_ros_driver2/local_setup.zsh
[23.965s] -- Installing: /home/jiaverso/Desktop/SparkCar_ROS2_WS/SparkCar_Perception/install/livox_ros_driver2/share/livox_ros_driver2/local_setup.dsv
[23.965s] -- Installing: /home/jiaverso/Desktop/SparkCar_ROS2_WS/SparkCar_Perception/install/livox_ros_driver2/share/livox_ros_driver2/package.dsv
[23.965s] -- Installing: /home/jiaverso/Desktop/SparkCar_ROS2_WS/SparkCar_Perception/install/livox_ros_driver2/share/ament_index/resource_index/packages/livox_ros_driver2
[23.965s] -- Installing: /home/jiaverso/Desktop/SparkCar_ROS2_WS/SparkCar_Perception/install/livox_ros_driver2/share/ament_index/resource_index/rclcpp_components/livox_ros_driver2
[23.966s] -- Installing: /home/jiaverso/Desktop/SparkCar_ROS2_WS/SparkCar_Perception/install/livox_ros_driver2/share/livox_ros_driver2/cmake/export_livox_interfaces2__rosidl_generator_cExport.cmake
[23.966s] -- Installing: /home/jiaverso/Desktop/SparkCar_ROS2_WS/SparkCar_Perception/install/livox_ros_driver2/share/livox_ros_driver2/cmake/export_livox_interfaces2__rosidl_generator_cExport-noconfig.cmake
[23.966s] -- Installing: /home/jiaverso/Desktop/SparkCar_ROS2_WS/SparkCar_Perception/install/livox_ros_driver2/share/livox_ros_driver2/cmake/export_livox_interfaces2__rosidl_typesupport_fastrtps_cExport.cmake
[23.967s] -- Installing: /home/jiaverso/Desktop/SparkCar_ROS2_WS/SparkCar_Perception/install/livox_ros_driver2/share/livox_ros_driver2/cmake/export_livox_interfaces2__rosidl_typesupport_fastrtps_cExport-noconfig.cmake
[23.967s] -- Installing: /home/jiaverso/Desktop/SparkCar_ROS2_WS/SparkCar_Perception/install/livox_ros_driver2/share/livox_ros_driver2/cmake/livox_interfaces2__rosidl_typesupport_introspection_cExport.cmake
[23.967s] -- Installing: /home/jiaverso/Desktop/SparkCar_ROS2_WS/SparkCar_Perception/install/livox_ros_driver2/share/livox_ros_driver2/cmake/livox_interfaces2__rosidl_typesupport_introspection_cExport-noconfig.cmake
[23.968s] -- Installing: /home/jiaverso/Desktop/SparkCar_ROS2_WS/SparkCar_Perception/install/livox_ros_driver2/share/livox_ros_driver2/cmake/livox_interfaces2__rosidl_typesupport_cExport.cmake
[23.968s] -- Installing: /home/jiaverso/Desktop/SparkCar_ROS2_WS/SparkCar_Perception/install/livox_ros_driver2/share/livox_ros_driver2/cmake/livox_interfaces2__rosidl_typesupport_cExport-noconfig.cmake
[23.968s] -- Installing: /home/jiaverso/Desktop/SparkCar_ROS2_WS/SparkCar_Perception/install/livox_ros_driver2/share/livox_ros_driver2/cmake/export_livox_interfaces2__rosidl_generator_cppExport.cmake
[23.968s] -- Installing: /home/jiaverso/Desktop/SparkCar_ROS2_WS/SparkCar_Perception/install/livox_ros_driver2/share/livox_ros_driver2/cmake/export_livox_interfaces2__rosidl_typesupport_fastrtps_cppExport.cmake
[23.969s] -- Installing: /home/jiaverso/Desktop/SparkCar_ROS2_WS/SparkCar_Perception/install/livox_ros_driver2/share/livox_ros_driver2/cmake/export_livox_interfaces2__rosidl_typesupport_fastrtps_cppExport-noconfig.cmake
[23.969s] -- Installing: /home/jiaverso/Desktop/SparkCar_ROS2_WS/SparkCar_Perception/install/livox_ros_driver2/share/livox_ros_driver2/cmake/livox_interfaces2__rosidl_typesupport_introspection_cppExport.cmake
[23.969s] -- Installing: /home/jiaverso/Desktop/SparkCar_ROS2_WS/SparkCar_Perception/install/livox_ros_driver2/share/livox_ros_driver2/cmake/livox_interfaces2__rosidl_typesupport_introspection_cppExport-noconfig.cmake
[23.969s] -- Installing: /home/jiaverso/Desktop/SparkCar_ROS2_WS/SparkCar_Perception/install/livox_ros_driver2/share/livox_ros_driver2/cmake/livox_interfaces2__rosidl_typesupport_cppExport.cmake
[23.970s] -- Installing: /home/jiaverso/Desktop/SparkCar_ROS2_WS/SparkCar_Perception/install/livox_ros_driver2/share/livox_ros_driver2/cmake/livox_interfaces2__rosidl_typesupport_cppExport-noconfig.cmake
[23.970s] -- Installing: /home/jiaverso/Desktop/SparkCar_ROS2_WS/SparkCar_Perception/install/livox_ros_driver2/share/livox_ros_driver2/cmake/export_livox_interfaces2__rosidl_generator_pyExport.cmake
[23.970s] -- Installing: /home/jiaverso/Desktop/SparkCar_ROS2_WS/SparkCar_Perception/install/livox_ros_driver2/share/livox_ros_driver2/cmake/export_livox_interfaces2__rosidl_generator_pyExport-noconfig.cmake
[23.971s] -- Installing: /home/jiaverso/Desktop/SparkCar_ROS2_WS/SparkCar_Perception/install/livox_ros_driver2/share/livox_ros_driver2/cmake/rosidl_cmake-extras.cmake
[23.971s] -- Installing: /home/jiaverso/Desktop/SparkCar_ROS2_WS/SparkCar_Perception/install/livox_ros_driver2/share/livox_ros_driver2/cmake/ament_cmake_export_dependencies-extras.cmake
[23.971s] -- Installing: /home/jiaverso/Desktop/SparkCar_ROS2_WS/SparkCar_Perception/install/livox_ros_driver2/share/livox_ros_driver2/cmake/ament_cmake_export_include_directories-extras.cmake
[23.971s] -- Installing: /home/jiaverso/Desktop/SparkCar_ROS2_WS/SparkCar_Perception/install/livox_ros_driver2/share/livox_ros_driver2/cmake/ament_cmake_export_libraries-extras.cmake
[23.972s] -- Installing: /home/jiaverso/Desktop/SparkCar_ROS2_WS/SparkCar_Perception/install/livox_ros_driver2/share/livox_ros_driver2/cmake/ament_cmake_export_targets-extras.cmake
[23.975s] -- Installing: /home/jiaverso/Desktop/SparkCar_ROS2_WS/SparkCar_Perception/install/livox_ros_driver2/share/livox_ros_driver2/cmake/rosidl_cmake_export_typesupport_targets-extras.cmake
[23.977s] -- Installing: /home/jiaverso/Desktop/SparkCar_ROS2_WS/SparkCar_Perception/install/livox_ros_driver2/share/livox_ros_driver2/cmake/rosidl_cmake_export_typesupport_libraries-extras.cmake
[23.978s] -- Installing: /home/jiaverso/Desktop/SparkCar_ROS2_WS/SparkCar_Perception/install/livox_ros_driver2/share/livox_ros_driver2/cmake/livox_ros_driver2Config.cmake
[23.978s] -- Installing: /home/jiaverso/Desktop/SparkCar_ROS2_WS/SparkCar_Perception/install/livox_ros_driver2/share/livox_ros_driver2/cmake/livox_ros_driver2Config-version.cmake
[23.980s] -- Installing: /home/jiaverso/Desktop/SparkCar_ROS2_WS/SparkCar_Perception/install/livox_ros_driver2/share/livox_ros_driver2/package.xml
[23.984s] Invoked command in '/home/jiaverso/Desktop/SparkCar_ROS2_WS/SparkCar_Perception/build/livox_ros_driver2' returned '0': CMAKE_PREFIX_PATH=${CMAKE_PREFIX_PATH}:/opt/ros/humble /usr/bin/cmake --install /home/jiaverso/Desktop/SparkCar_ROS2_WS/SparkCar_Perception/build/livox_ros_driver2
