[0.013s] Invoking command in '/home/jiaverso/Desktop/SparkCar_ROS2_WS/HunterSE_Driver/build/hunter_base': AMENT_PREFIX_PATH=/home/jiaverso/Desktop/SparkCar_ROS2_WS/HunterSE_Driver/install/hunter_msgs:${AMENT_PREFIX_PATH} CMAKE_PREFIX_PATH=/opt/ros/humble:/home/jiaverso/Desktop/SparkCar_ROS2_WS/HunterSE_Driver/install/ugv_sdk:/home/jiaverso/Desktop/SparkCar_ROS2_WS/HunterSE_Driver/install/hunter_msgs:${CMAKE_PREFIX_PATH} LD_LIBRARY_PATH=/home/jiaverso/Desktop/SparkCar_ROS2_WS/HunterSE_Driver/install/hunter_msgs/lib:${LD_LIBRARY_PATH} PKG_CONFIG_PATH=/home/jiaverso/Desktop/SparkCar_ROS2_WS/HunterSE_Driver/install/ugv_sdk/lib/x86_64-linux-gnu/pkgconfig:/home/jiaverso/Desktop/SparkCar_ROS2_WS/HunterSE_Driver/install/ugv_sdk/lib/pkgconfig PYTHONPATH=/home/jiaverso/Desktop/SparkCar_ROS2_WS/HunterSE_Driver/install/hunter_msgs/local/lib/python3.10/dist-packages:${PYTHONPATH} ROS_PACKAGE_PATH=/home/jiaverso/Desktop/SparkCar_ROS2_WS/HunterSE_Driver/install/ugv_sdk/share /usr/bin/cmake /home/jiaverso/Desktop/SparkCar_ROS2_WS/HunterSE_Driver/src/hunter_ros2/hunter_base -DAMENT_CMAKE_SYMLINK_INSTALL=1 -DCMAKE_INSTALL_PREFIX=/home/jiaverso/Desktop/SparkCar_ROS2_WS/HunterSE_Driver/install/hunter_base
[0.022s] -- Found ament_cmake: 1.3.14 (/opt/ros/humble/share/ament_cmake/cmake)
[0.111s] -- Override CMake install command with custom implementation using symlinks instead of copying resources
[0.116s] -- Found rclcpp: 16.0.19 (/opt/ros/humble/share/rclcpp/cmake)
[0.136s] -- Found rosidl_generator_c: 3.1.8 (/opt/ros/humble/share/rosidl_generator_c/cmake)
[0.138s] -- Found rosidl_adapter: 3.1.8 (/opt/ros/humble/share/rosidl_adapter/cmake)
[0.142s] -- Found rosidl_generator_cpp: 3.1.8 (/opt/ros/humble/share/rosidl_generator_cpp/cmake)
[0.148s] -- Using all available rosidl_typesupport_c: rosidl_typesupport_fastrtps_c;rosidl_typesupport_introspection_c
[0.157s] -- Using all available rosidl_typesupport_cpp: rosidl_typesupport_fastrtps_cpp;rosidl_typesupport_introspection_cpp
[0.179s] -- Found rmw_implementation_cmake: 6.1.2 (/opt/ros/humble/share/rmw_implementation_cmake/cmake)
[0.179s] -- Found rmw_fastrtps_cpp: 6.2.10 (/opt/ros/humble/share/rmw_fastrtps_cpp/cmake)
[0.252s] -- Using RMW implementation 'rmw_fastrtps_cpp' as default
[0.285s] -- Found geometry_msgs: 4.9.1 (/opt/ros/humble/share/geometry_msgs/cmake)
[0.293s] -- Found nav_msgs: 4.9.1 (/opt/ros/humble/share/nav_msgs/cmake)
[0.304s] -- Found sensor_msgs: 4.9.1 (/opt/ros/humble/share/sensor_msgs/cmake)
[0.316s] -- Found tf2: 0.25.20 (/opt/ros/humble/share/tf2/cmake)
[0.318s] -- Found tf2_ros: 0.25.20 (/opt/ros/humble/share/tf2_ros/cmake)
[0.372s] -- Found tf2_geometry_msgs: 0.25.20 (/opt/ros/humble/share/tf2_geometry_msgs/cmake)
[0.376s] -- Found eigen3_cmake_module: 0.1.1 (/opt/ros/humble/share/eigen3_cmake_module/cmake)
[0.377s] -- Ensuring Eigen3 include directory is part of orocos-kdl CMake target
[0.378s] -- Found hunter_msgs: 0.0.1 (/home/jiaverso/Desktop/SparkCar_ROS2_WS/HunterSE_Driver/install/hunter_msgs/share/hunter_msgs/cmake)
[0.408s] -- Found ament_lint_auto: 0.12.15 (/opt/ros/humble/share/ament_lint_auto/cmake)
[0.462s] -- Added test 'copyright' to check source files copyright and LICENSE
[0.465s] -- Added test 'cppcheck' to perform static code analysis on C / C++ code
[0.465s] -- Configured cppcheck include dirs: /home/jiaverso/Desktop/SparkCar_ROS2_WS/HunterSE_Driver/src/hunter_ros2/hunter_base/include
[0.465s] -- Configured cppcheck exclude dirs and/or files: 
[0.468s] -- Added test 'cpplint' to check C / C++ code against the Google style
[0.468s] -- Configured cpplint exclude dirs and/or files: 
[0.468s] -- Added test 'flake8' to check Python code syntax and style conventions
[0.469s] -- Added test 'lint_cmake' to check CMake code style
[0.469s] -- Added test 'pep257' to check Python code against some of the docstring style conventions in PEP 257
[0.472s] -- Added test 'uncrustify' to check C / C++ code style
[0.472s] -- Configured uncrustify additional arguments: 
[0.473s] -- Added test 'xmllint' to check XML markup files
[0.474s] -- Configuring done
[0.487s] -- Generating done
[0.491s] -- Build files have been written to: /home/jiaverso/Desktop/SparkCar_ROS2_WS/HunterSE_Driver/build/hunter_base
[0.499s] Invoked command in '/home/jiaverso/Desktop/SparkCar_ROS2_WS/HunterSE_Driver/build/hunter_base' returned '0': AMENT_PREFIX_PATH=/home/jiaverso/Desktop/SparkCar_ROS2_WS/HunterSE_Driver/install/hunter_msgs:${AMENT_PREFIX_PATH} CMAKE_PREFIX_PATH=/opt/ros/humble:/home/jiaverso/Desktop/SparkCar_ROS2_WS/HunterSE_Driver/install/ugv_sdk:/home/jiaverso/Desktop/SparkCar_ROS2_WS/HunterSE_Driver/install/hunter_msgs:${CMAKE_PREFIX_PATH} LD_LIBRARY_PATH=/home/jiaverso/Desktop/SparkCar_ROS2_WS/HunterSE_Driver/install/hunter_msgs/lib:${LD_LIBRARY_PATH} PKG_CONFIG_PATH=/home/jiaverso/Desktop/SparkCar_ROS2_WS/HunterSE_Driver/install/ugv_sdk/lib/x86_64-linux-gnu/pkgconfig:/home/jiaverso/Desktop/SparkCar_ROS2_WS/HunterSE_Driver/install/ugv_sdk/lib/pkgconfig PYTHONPATH=/home/jiaverso/Desktop/SparkCar_ROS2_WS/HunterSE_Driver/install/hunter_msgs/local/lib/python3.10/dist-packages:${PYTHONPATH} ROS_PACKAGE_PATH=/home/jiaverso/Desktop/SparkCar_ROS2_WS/HunterSE_Driver/install/ugv_sdk/share /usr/bin/cmake /home/jiaverso/Desktop/SparkCar_ROS2_WS/HunterSE_Driver/src/hunter_ros2/hunter_base -DAMENT_CMAKE_SYMLINK_INSTALL=1 -DCMAKE_INSTALL_PREFIX=/home/jiaverso/Desktop/SparkCar_ROS2_WS/HunterSE_Driver/install/hunter_base
[0.500s] Invoking command in '/home/jiaverso/Desktop/SparkCar_ROS2_WS/HunterSE_Driver/build/hunter_base': AMENT_PREFIX_PATH=/home/jiaverso/Desktop/SparkCar_ROS2_WS/HunterSE_Driver/install/hunter_msgs:${AMENT_PREFIX_PATH} CMAKE_PREFIX_PATH=/opt/ros/humble:/home/jiaverso/Desktop/SparkCar_ROS2_WS/HunterSE_Driver/install/ugv_sdk:/home/jiaverso/Desktop/SparkCar_ROS2_WS/HunterSE_Driver/install/hunter_msgs:${CMAKE_PREFIX_PATH} LD_LIBRARY_PATH=/home/jiaverso/Desktop/SparkCar_ROS2_WS/HunterSE_Driver/install/hunter_msgs/lib:${LD_LIBRARY_PATH} PKG_CONFIG_PATH=/home/jiaverso/Desktop/SparkCar_ROS2_WS/HunterSE_Driver/install/ugv_sdk/lib/x86_64-linux-gnu/pkgconfig:/home/jiaverso/Desktop/SparkCar_ROS2_WS/HunterSE_Driver/install/ugv_sdk/lib/pkgconfig PYTHONPATH=/home/jiaverso/Desktop/SparkCar_ROS2_WS/HunterSE_Driver/install/hunter_msgs/local/lib/python3.10/dist-packages:${PYTHONPATH} ROS_PACKAGE_PATH=/home/jiaverso/Desktop/SparkCar_ROS2_WS/HunterSE_Driver/install/ugv_sdk/share /usr/bin/cmake --build /home/jiaverso/Desktop/SparkCar_ROS2_WS/HunterSE_Driver/build/hunter_base -- -j8 -l8
[0.546s] Consolidate compiler generated dependencies of target hunter_base_node
[0.563s] [ 50%] Building CXX object CMakeFiles/hunter_base_node.dir/src/hunter_base_node.cpp.o
[0.563s] [ 50%] Building CXX object CMakeFiles/hunter_base_node.dir/src/hunter_base_ros.cpp.o
[2.757s] In file included from /home/jiaverso/Desktop/SparkCar_ROS2_WS/HunterSE_Driver/src/hunter_ros2/hunter_base/ascent/include/ascent/Recorder.h:25,
[2.758s]                  from /home/jiaverso/Desktop/SparkCar_ROS2_WS/HunterSE_Driver/src/hunter_ros2/hunter_base/ascent/include/ascent/Ascent.h:17,
[2.758s]                  from /home/jiaverso/Desktop/SparkCar_ROS2_WS/HunterSE_Driver/src/hunter_ros2/hunter_base/include/hunter_base/hunter_messenger.hpp:24,
[2.758s]                  from /home/jiaverso/Desktop/SparkCar_ROS2_WS/HunterSE_Driver/src/hunter_ros2/hunter_base/src/hunter_base_ros.cpp:12:
[2.758s] /home/jiaverso/Desktop/SparkCar_ROS2_WS/HunterSE_Driver/src/hunter_ros2/hunter_base/ascent/include/ascent/containers/stack.h:54:7: warning: type qualifiers ignored on function return type [-Wignored-qualifiers]
[2.758s]    54 |       const pointer operator->() const noexcept
[2.758s]       |       ^~~~~
[2.758s] /home/jiaverso/Desktop/SparkCar_ROS2_WS/HunterSE_Driver/src/hunter_ros2/hunter_base/ascent/include/ascent/containers/stack.h:113:7: warning: type qualifiers ignored on function return type [-Wignored-qualifiers]
[2.758s]   113 |       const pointer operator->() const
[2.758s]       |       ^~~~~
[2.761s] In file included from /home/jiaverso/Desktop/SparkCar_ROS2_WS/HunterSE_Driver/src/hunter_ros2/hunter_base/ascent/include/ascent/integrators/RK2.h:17,
[2.761s]                  from /home/jiaverso/Desktop/SparkCar_ROS2_WS/HunterSE_Driver/src/hunter_ros2/hunter_base/ascent/include/ascent/Ascent.h:26,
[2.761s]                  from /home/jiaverso/Desktop/SparkCar_ROS2_WS/HunterSE_Driver/src/hunter_ros2/hunter_base/include/hunter_base/hunter_messenger.hpp:24,
[2.761s]                  from /home/jiaverso/Desktop/SparkCar_ROS2_WS/HunterSE_Driver/src/hunter_ros2/hunter_base/src/hunter_base_ros.cpp:12:
[2.761s] /home/jiaverso/Desktop/SparkCar_ROS2_WS/HunterSE_Driver/src/hunter_ros2/hunter_base/ascent/include/ascent/Utility.h:25:14: warning: type qualifiers ignored on function return type [-Wignored-qualifiers]
[2.761s]    25 |    constexpr const value_t cx(long double v) { return static_cast<value_t>(v); }
[2.761s]       |              ^~~~~
[2.761s] /home/jiaverso/Desktop/SparkCar_ROS2_WS/HunterSE_Driver/src/hunter_ros2/hunter_base/ascent/include/ascent/Utility.h:26:14: warning: type qualifiers ignored on function return type [-Wignored-qualifiers]
[2.761s]    26 |    constexpr const value_t operator"" _v(long double v) { return static_cast<value_t>(v); }
[2.762s]       |              ^~~~~
[8.141s] [ 75%] Linking CXX executable hunter_base_node
[8.549s] [100%] Built target hunter_base_node
[8.557s] Invoked command in '/home/jiaverso/Desktop/SparkCar_ROS2_WS/HunterSE_Driver/build/hunter_base' returned '0': AMENT_PREFIX_PATH=/home/jiaverso/Desktop/SparkCar_ROS2_WS/HunterSE_Driver/install/hunter_msgs:${AMENT_PREFIX_PATH} CMAKE_PREFIX_PATH=/opt/ros/humble:/home/jiaverso/Desktop/SparkCar_ROS2_WS/HunterSE_Driver/install/ugv_sdk:/home/jiaverso/Desktop/SparkCar_ROS2_WS/HunterSE_Driver/install/hunter_msgs:${CMAKE_PREFIX_PATH} LD_LIBRARY_PATH=/home/jiaverso/Desktop/SparkCar_ROS2_WS/HunterSE_Driver/install/hunter_msgs/lib:${LD_LIBRARY_PATH} PKG_CONFIG_PATH=/home/jiaverso/Desktop/SparkCar_ROS2_WS/HunterSE_Driver/install/ugv_sdk/lib/x86_64-linux-gnu/pkgconfig:/home/jiaverso/Desktop/SparkCar_ROS2_WS/HunterSE_Driver/install/ugv_sdk/lib/pkgconfig PYTHONPATH=/home/jiaverso/Desktop/SparkCar_ROS2_WS/HunterSE_Driver/install/hunter_msgs/local/lib/python3.10/dist-packages:${PYTHONPATH} ROS_PACKAGE_PATH=/home/jiaverso/Desktop/SparkCar_ROS2_WS/HunterSE_Driver/install/ugv_sdk/share /usr/bin/cmake --build /home/jiaverso/Desktop/SparkCar_ROS2_WS/HunterSE_Driver/build/hunter_base -- -j8 -l8
[8.564s] Invoking command in '/home/jiaverso/Desktop/SparkCar_ROS2_WS/HunterSE_Driver/build/hunter_base': AMENT_PREFIX_PATH=/home/jiaverso/Desktop/SparkCar_ROS2_WS/HunterSE_Driver/install/hunter_msgs:${AMENT_PREFIX_PATH} CMAKE_PREFIX_PATH=/opt/ros/humble:/home/jiaverso/Desktop/SparkCar_ROS2_WS/HunterSE_Driver/install/ugv_sdk:/home/jiaverso/Desktop/SparkCar_ROS2_WS/HunterSE_Driver/install/hunter_msgs:${CMAKE_PREFIX_PATH} LD_LIBRARY_PATH=/home/jiaverso/Desktop/SparkCar_ROS2_WS/HunterSE_Driver/install/hunter_msgs/lib:${LD_LIBRARY_PATH} PKG_CONFIG_PATH=/home/jiaverso/Desktop/SparkCar_ROS2_WS/HunterSE_Driver/install/ugv_sdk/lib/x86_64-linux-gnu/pkgconfig:/home/jiaverso/Desktop/SparkCar_ROS2_WS/HunterSE_Driver/install/ugv_sdk/lib/pkgconfig PYTHONPATH=/home/jiaverso/Desktop/SparkCar_ROS2_WS/HunterSE_Driver/install/hunter_msgs/local/lib/python3.10/dist-packages:${PYTHONPATH} ROS_PACKAGE_PATH=/home/jiaverso/Desktop/SparkCar_ROS2_WS/HunterSE_Driver/install/ugv_sdk/share /usr/bin/cmake --install /home/jiaverso/Desktop/SparkCar_ROS2_WS/HunterSE_Driver/build/hunter_base
[8.570s] -- Install configuration: ""
[8.570s] -- Execute custom install script
[8.570s] -- Symlinking: /home/jiaverso/Desktop/SparkCar_ROS2_WS/HunterSE_Driver/install/hunter_base/share/ascent/cmake/ascentConfig.cmake
[8.577s] -- Symlinking: /home/jiaverso/Desktop/SparkCar_ROS2_WS/HunterSE_Driver/install/hunter_base/share/ascent/cmake/ascentConfigVersion.cmake
[8.584s] -- Symlinking: /home/jiaverso/Desktop/SparkCar_ROS2_WS/HunterSE_Driver/install/hunter_base/include/ascent/Ascent.h
[8.591s] -- Symlinking: /home/jiaverso/Desktop/SparkCar_ROS2_WS/HunterSE_Driver/install/hunter_base/include/ascent/ChaiEngine.h
[8.597s] -- Symlinking: /home/jiaverso/Desktop/SparkCar_ROS2_WS/HunterSE_Driver/install/hunter_base/include/ascent/Param.h
[8.604s] -- Symlinking: /home/jiaverso/Desktop/SparkCar_ROS2_WS/HunterSE_Driver/install/hunter_base/include/ascent/ParamV.h
[8.610s] -- Symlinking: /home/jiaverso/Desktop/SparkCar_ROS2_WS/HunterSE_Driver/install/hunter_base/include/ascent/Recorder.h
[8.616s] -- Symlinking: /home/jiaverso/Desktop/SparkCar_ROS2_WS/HunterSE_Driver/install/hunter_base/include/ascent/System.h
[8.623s] -- Symlinking: /home/jiaverso/Desktop/SparkCar_ROS2_WS/HunterSE_Driver/install/hunter_base/include/ascent/Utility.h
[8.630s] -- Symlinking: /home/jiaverso/Desktop/SparkCar_ROS2_WS/HunterSE_Driver/install/hunter_base/include/ascent/Vector.h
[8.636s] -- Symlinking: /home/jiaverso/Desktop/SparkCar_ROS2_WS/HunterSE_Driver/install/hunter_base/include/ascent/algorithms/Derivative.h
[8.642s] -- Symlinking: /home/jiaverso/Desktop/SparkCar_ROS2_WS/HunterSE_Driver/install/hunter_base/include/ascent/containers/stack.h
[8.648s] -- Symlinking: /home/jiaverso/Desktop/SparkCar_ROS2_WS/HunterSE_Driver/install/hunter_base/include/ascent/direct/State.h
[8.654s] -- Symlinking: /home/jiaverso/Desktop/SparkCar_ROS2_WS/HunterSE_Driver/install/hunter_base/include/ascent/integrators/DOPRI45.h
[8.661s] -- Symlinking: /home/jiaverso/Desktop/SparkCar_ROS2_WS/HunterSE_Driver/install/hunter_base/include/ascent/integrators/Euler.h
[8.667s] -- Symlinking: /home/jiaverso/Desktop/SparkCar_ROS2_WS/HunterSE_Driver/install/hunter_base/include/ascent/integrators/Midpoint.h
[8.673s] -- Symlinking: /home/jiaverso/Desktop/SparkCar_ROS2_WS/HunterSE_Driver/install/hunter_base/include/ascent/integrators/PC233.h
[8.679s] -- Symlinking: /home/jiaverso/Desktop/SparkCar_ROS2_WS/HunterSE_Driver/install/hunter_base/include/ascent/integrators/RK2.h
[8.686s] -- Symlinking: /home/jiaverso/Desktop/SparkCar_ROS2_WS/HunterSE_Driver/install/hunter_base/include/ascent/integrators/RK4.h
[8.692s] -- Symlinking: /home/jiaverso/Desktop/SparkCar_ROS2_WS/HunterSE_Driver/install/hunter_base/include/ascent/integrators/RKMM.h
[8.698s] -- Symlinking: /home/jiaverso/Desktop/SparkCar_ROS2_WS/HunterSE_Driver/install/hunter_base/include/ascent/integrators/RTAM4.h
[8.705s] -- Symlinking: /home/jiaverso/Desktop/SparkCar_ROS2_WS/HunterSE_Driver/install/hunter_base/include/ascent/integrators_direct/Euler.h
[8.711s] -- Symlinking: /home/jiaverso/Desktop/SparkCar_ROS2_WS/HunterSE_Driver/install/hunter_base/include/ascent/integrators_direct/RK4.h
[8.717s] -- Symlinking: /home/jiaverso/Desktop/SparkCar_ROS2_WS/HunterSE_Driver/install/hunter_base/include/ascent/integrators_modular/DOPRI45.h
[8.724s] -- Symlinking: /home/jiaverso/Desktop/SparkCar_ROS2_WS/HunterSE_Driver/install/hunter_base/include/ascent/integrators_modular/Euler.h
[8.730s] -- Symlinking: /home/jiaverso/Desktop/SparkCar_ROS2_WS/HunterSE_Driver/install/hunter_base/include/ascent/integrators_modular/Heun.h
[8.736s] -- Symlinking: /home/jiaverso/Desktop/SparkCar_ROS2_WS/HunterSE_Driver/install/hunter_base/include/ascent/integrators_modular/Midpoint.h
[8.743s] -- Symlinking: /home/jiaverso/Desktop/SparkCar_ROS2_WS/HunterSE_Driver/install/hunter_base/include/ascent/integrators_modular/ModularIntegrators.h
[8.749s] -- Symlinking: /home/jiaverso/Desktop/SparkCar_ROS2_WS/HunterSE_Driver/install/hunter_base/include/ascent/integrators_modular/NCRK4.h
[8.755s] -- Symlinking: /home/jiaverso/Desktop/SparkCar_ROS2_WS/HunterSE_Driver/install/hunter_base/include/ascent/integrators_modular/PC233.h
[8.761s] -- Symlinking: /home/jiaverso/Desktop/SparkCar_ROS2_WS/HunterSE_Driver/install/hunter_base/include/ascent/integrators_modular/RK2.h
[8.767s] -- Symlinking: /home/jiaverso/Desktop/SparkCar_ROS2_WS/HunterSE_Driver/install/hunter_base/include/ascent/integrators_modular/RK3.h
[8.774s] -- Symlinking: /home/jiaverso/Desktop/SparkCar_ROS2_WS/HunterSE_Driver/install/hunter_base/include/ascent/integrators_modular/RK4.h
[8.780s] -- Symlinking: /home/jiaverso/Desktop/SparkCar_ROS2_WS/HunterSE_Driver/install/hunter_base/include/ascent/integrators_modular/RTAM2.h
[8.786s] -- Symlinking: /home/jiaverso/Desktop/SparkCar_ROS2_WS/HunterSE_Driver/install/hunter_base/include/ascent/integrators_modular/RTAM3.h
[8.793s] -- Symlinking: /home/jiaverso/Desktop/SparkCar_ROS2_WS/HunterSE_Driver/install/hunter_base/include/ascent/integrators_modular/RTAM4.h
[8.799s] -- Symlinking: /home/jiaverso/Desktop/SparkCar_ROS2_WS/HunterSE_Driver/install/hunter_base/include/ascent/modular/Link.h
[8.806s] -- Symlinking: /home/jiaverso/Desktop/SparkCar_ROS2_WS/HunterSE_Driver/install/hunter_base/include/ascent/modular/Module.h
[8.813s] -- Symlinking: /home/jiaverso/Desktop/SparkCar_ROS2_WS/HunterSE_Driver/install/hunter_base/include/ascent/threading/Pool.h
[8.820s] -- Symlinking: /home/jiaverso/Desktop/SparkCar_ROS2_WS/HunterSE_Driver/install/hunter_base/include/ascent/threading/Queue.h
[8.826s] -- Symlinking: /home/jiaverso/Desktop/SparkCar_ROS2_WS/HunterSE_Driver/install/hunter_base/include/ascent/timing/Sampler.h
[8.833s] -- Symlinking: /home/jiaverso/Desktop/SparkCar_ROS2_WS/HunterSE_Driver/install/hunter_base/include/ascent/timing/TimeAdvanced.h
[8.840s] -- Symlinking: /home/jiaverso/Desktop/SparkCar_ROS2_WS/HunterSE_Driver/install/hunter_base/include/ascent/timing/Timing.h
[8.846s] -- Symlinking: /home/jiaverso/Desktop/SparkCar_ROS2_WS/HunterSE_Driver/install/hunter_base/lib/hunter_base/hunter_base_node
[8.853s] -- Symlinking: /home/jiaverso/Desktop/SparkCar_ROS2_WS/HunterSE_Driver/install/hunter_base/share/hunter_base//launch/hunter_base.launch.py
[8.859s] -- Symlinking: /home/jiaverso/Desktop/SparkCar_ROS2_WS/HunterSE_Driver/install/hunter_base/share/ament_index/resource_index/package_run_dependencies/hunter_base
[8.866s] -- Symlinking: /home/jiaverso/Desktop/SparkCar_ROS2_WS/HunterSE_Driver/install/hunter_base/share/ament_index/resource_index/parent_prefix_path/hunter_base
[8.872s] -- Symlinking: /home/jiaverso/Desktop/SparkCar_ROS2_WS/HunterSE_Driver/install/hunter_base/share/hunter_base/environment/ament_prefix_path.sh
[8.879s] -- Symlinking: /home/jiaverso/Desktop/SparkCar_ROS2_WS/HunterSE_Driver/install/hunter_base/share/hunter_base/environment/ament_prefix_path.dsv
[8.885s] -- Symlinking: /home/jiaverso/Desktop/SparkCar_ROS2_WS/HunterSE_Driver/install/hunter_base/share/hunter_base/environment/path.sh
[8.891s] -- Symlinking: /home/jiaverso/Desktop/SparkCar_ROS2_WS/HunterSE_Driver/install/hunter_base/share/hunter_base/environment/path.dsv
[8.898s] -- Symlinking: /home/jiaverso/Desktop/SparkCar_ROS2_WS/HunterSE_Driver/install/hunter_base/share/hunter_base/local_setup.bash
[8.904s] -- Symlinking: /home/jiaverso/Desktop/SparkCar_ROS2_WS/HunterSE_Driver/install/hunter_base/share/hunter_base/local_setup.sh
[8.911s] -- Symlinking: /home/jiaverso/Desktop/SparkCar_ROS2_WS/HunterSE_Driver/install/hunter_base/share/hunter_base/local_setup.zsh
[8.917s] -- Symlinking: /home/jiaverso/Desktop/SparkCar_ROS2_WS/HunterSE_Driver/install/hunter_base/share/hunter_base/local_setup.dsv
[8.924s] -- Symlinking: /home/jiaverso/Desktop/SparkCar_ROS2_WS/HunterSE_Driver/install/hunter_base/share/hunter_base/package.dsv
[8.930s] -- Symlinking: /home/jiaverso/Desktop/SparkCar_ROS2_WS/HunterSE_Driver/install/hunter_base/share/ament_index/resource_index/packages/hunter_base
[8.937s] -- Symlinking: /home/jiaverso/Desktop/SparkCar_ROS2_WS/HunterSE_Driver/install/hunter_base/share/hunter_base/cmake/hunter_baseConfig.cmake
[8.943s] -- Symlinking: /home/jiaverso/Desktop/SparkCar_ROS2_WS/HunterSE_Driver/install/hunter_base/share/hunter_base/cmake/hunter_baseConfig-version.cmake
[8.950s] -- Symlinking: /home/jiaverso/Desktop/SparkCar_ROS2_WS/HunterSE_Driver/install/hunter_base/share/hunter_base/package.xml
[8.957s] -- Up-to-date: /home/jiaverso/Desktop/SparkCar_ROS2_WS/HunterSE_Driver/install/hunter_base/share/ascent/cmake/ascentTargets.cmake
[8.958s] Invoked command in '/home/jiaverso/Desktop/SparkCar_ROS2_WS/HunterSE_Driver/build/hunter_base' returned '0': AMENT_PREFIX_PATH=/home/jiaverso/Desktop/SparkCar_ROS2_WS/HunterSE_Driver/install/hunter_msgs:${AMENT_PREFIX_PATH} CMAKE_PREFIX_PATH=/opt/ros/humble:/home/jiaverso/Desktop/SparkCar_ROS2_WS/HunterSE_Driver/install/ugv_sdk:/home/jiaverso/Desktop/SparkCar_ROS2_WS/HunterSE_Driver/install/hunter_msgs:${CMAKE_PREFIX_PATH} LD_LIBRARY_PATH=/home/jiaverso/Desktop/SparkCar_ROS2_WS/HunterSE_Driver/install/hunter_msgs/lib:${LD_LIBRARY_PATH} PKG_CONFIG_PATH=/home/jiaverso/Desktop/SparkCar_ROS2_WS/HunterSE_Driver/install/ugv_sdk/lib/x86_64-linux-gnu/pkgconfig:/home/jiaverso/Desktop/SparkCar_ROS2_WS/HunterSE_Driver/install/ugv_sdk/lib/pkgconfig PYTHONPATH=/home/jiaverso/Desktop/SparkCar_ROS2_WS/HunterSE_Driver/install/hunter_msgs/local/lib/python3.10/dist-packages:${PYTHONPATH} ROS_PACKAGE_PATH=/home/jiaverso/Desktop/SparkCar_ROS2_WS/HunterSE_Driver/install/ugv_sdk/share /usr/bin/cmake --install /home/jiaverso/Desktop/SparkCar_ROS2_WS/HunterSE_Driver/build/hunter_base
