[0.015s] Invoking command in '/home/jiaverso/Desktop/SparkCar_ROS2_WS/SparkCar_Perception/build/pgo': CMAKE_PREFIX_PATH=/home/jiaverso/Desktop/SparkCar_ROS2_WS/SparkCar_Perception/install/interface:/home/jiaverso/Desktop/SparkCar_ROS2_WS/SparkCar_Perception/install/pgo:/home/jiaverso/Desktop/SparkCar_ROS2_WS/SparkCar_Perception/install/localizer:/home/jiaverso/Desktop/SparkCar_ROS2_WS/SparkCar_Perception/install/fastlio2:/home/jiaverso/Desktop/SparkCar_ROS2_WS/SparkCar_Perception/install/livox_ros_driver2:/home/jiaverso/Desktop/SparkCar_ROS2_WS/SparkCar_Perception/install/hba:/opt/ros/humble LD_LIBRARY_PATH=/home/jiaverso/Desktop/SparkCar_ROS2_WS/SparkCar_Perception/install/interface/lib:/home/jiaverso/Desktop/SparkCar_ROS2_WS/SparkCar_Perception/install/livox_ros_driver2/lib:/opt/ros/humble/opt/rviz_ogre_vendor/lib:/opt/ros/humble/lib/x86_64-linux-gnu:/opt/ros/humble/lib /usr/bin/cmake /home/jiaverso/Desktop/SparkCar_ROS2_WS/SparkCar_Perception/src/FASTLIO2_ROS2/pgo -DCMAKE_INSTALL_PREFIX=/home/jiaverso/Desktop/SparkCar_ROS2_WS/SparkCar_Perception/install/pgo
[0.025s] -- Found ament_cmake: 1.3.14 (/opt/ros/humble/share/ament_cmake/cmake)
[0.139s] -- Override CMake install command with custom implementation using symlinks instead of copying resources
[0.144s] -- Found std_msgs: 4.9.1 (/opt/ros/humble/share/std_msgs/cmake)
[0.169s] -- Found rosidl_generator_c: 3.1.8 (/opt/ros/humble/share/rosidl_generator_c/cmake)
[0.171s] -- Found rosidl_adapter: 3.1.8 (/opt/ros/humble/share/rosidl_adapter/cmake)
[0.175s] -- Found rosidl_generator_cpp: 3.1.8 (/opt/ros/humble/share/rosidl_generator_cpp/cmake)
[0.182s] -- Using all available rosidl_typesupport_c: rosidl_typesupport_fastrtps_c;rosidl_typesupport_introspection_c
[0.191s] -- Using all available rosidl_typesupport_cpp: rosidl_typesupport_fastrtps_cpp;rosidl_typesupport_introspection_cpp
[0.207s] -- Found rclcpp: 16.0.19 (/opt/ros/humble/share/rclcpp/cmake)
[0.232s] -- Found rmw_implementation_cmake: 6.1.2 (/opt/ros/humble/share/rmw_implementation_cmake/cmake)
[0.234s] -- Found rmw_fastrtps_cpp: 6.2.10 (/opt/ros/humble/share/rmw_fastrtps_cpp/cmake)
[0.322s] -- Using RMW implementation 'rmw_fastrtps_cpp' as default
[0.350s] -- Found nav_msgs: 4.9.1 (/opt/ros/humble/share/nav_msgs/cmake)
[0.373s] -- Found tf2_ros: 0.25.20 (/opt/ros/humble/share/tf2_ros/cmake)
[0.438s] -- Found pcl_conversions: 2.4.5 (/opt/ros/humble/share/pcl_conversions/cmake)
[0.478s] -- Eigen found (include: /usr/include/eigen3, version: 3.4.0)
[0.503s] -- FLANN found (include: /usr/include, lib: /usr/lib/x86_64-linux-gnu/libflann_cpp.so)
[0.773s] -- OpenNI found (version: 1.5.4.0, include: /usr/include/ni, lib: /usr/lib/libOpenNI.so;libusb::libusb)
[0.777s] -- OpenNI2 found (version: 2.2.0.33, include: /usr/include/openni2, lib: /usr/lib/x86_64-linux-gnu/libOpenNI2.so;libusb::libusb)
[0.892s] -- Eigen found (include: /usr/include/eigen3, version: 3.4.0)
[0.897s] -- OpenNI found (version: 1.5.4.0, include: /usr/include/ni, lib: /usr/lib/libOpenNI.so;libusb::libusb)
[0.902s] -- OpenNI2 found (version: 2.2.0.33, include: /usr/include/openni2, lib: /usr/lib/x86_64-linux-gnu/libOpenNI2.so;libusb::libusb)
[1.017s] -- Found Qhull version 8.0.2
[1.147s] -- OpenNI found (version: 1.5.4.0, include: /usr/include/ni, lib: /usr/lib/libOpenNI.so;libusb::libusb)
[1.264s] -- Found visualization_msgs: 4.9.1 (/opt/ros/humble/share/visualization_msgs/cmake)
[1.292s] -- GTSAM include directory:  /usr/local/lib/cmake/GTSAM/../../../include
[1.292s] [33mCMake Warning (dev) at CMakeLists.txt:31 (find_package):
[1.292s]   Policy CMP0074 is not set: find_package uses <PackageName>_ROOT variables.
[1.292s]   Run "cmake --help-policy CMP0074" for policy details.  Use the cmake_policy
[1.292s]   command to set the policy and suppress this warning.
[1.292s] 
[1.292s]   CMake variable PCL_ROOT is set to:
[1.292s] 
[1.292s]     /usr
[1.292s] 
[1.292s]   For compatibility, CMake is ignoring the variable.
[1.293s] This warning is for project developers.  Use -Wno-dev to suppress it.
[1.293s] [0m
[1.298s] -- Found interface: 0.0.0 (/home/jiaverso/Desktop/SparkCar_ROS2_WS/SparkCar_Perception/install/interface/share/interface/cmake)
[1.316s] -- Found ament_lint_auto: 0.12.15 (/opt/ros/humble/share/ament_lint_auto/cmake)
[1.372s] -- Added test 'cppcheck' to perform static code analysis on C / C++ code
[1.372s] -- Configured cppcheck include dirs: 
[1.372s] -- Configured cppcheck exclude dirs and/or files: 
[1.372s] -- Added test 'flake8' to check Python code syntax and style conventions
[1.372s] -- Added test 'lint_cmake' to check CMake code style
[1.373s] -- Added test 'pep257' to check Python code against some of the docstring style conventions in PEP 257
[1.373s] -- Added test 'uncrustify' to check C / C++ code style
[1.373s] -- Configured uncrustify additional arguments: 
[1.373s] -- Added test 'xmllint' to check XML markup files
[1.374s] -- Configuring done
[1.401s] -- Generating done
[1.408s] -- Build files have been written to: /home/jiaverso/Desktop/SparkCar_ROS2_WS/SparkCar_Perception/build/pgo
[1.422s] Invoked command in '/home/jiaverso/Desktop/SparkCar_ROS2_WS/SparkCar_Perception/build/pgo' returned '0': CMAKE_PREFIX_PATH=/home/jiaverso/Desktop/SparkCar_ROS2_WS/SparkCar_Perception/install/interface:/home/jiaverso/Desktop/SparkCar_ROS2_WS/SparkCar_Perception/install/pgo:/home/jiaverso/Desktop/SparkCar_ROS2_WS/SparkCar_Perception/install/localizer:/home/jiaverso/Desktop/SparkCar_ROS2_WS/SparkCar_Perception/install/fastlio2:/home/jiaverso/Desktop/SparkCar_ROS2_WS/SparkCar_Perception/install/livox_ros_driver2:/home/jiaverso/Desktop/SparkCar_ROS2_WS/SparkCar_Perception/install/hba:/opt/ros/humble LD_LIBRARY_PATH=/home/jiaverso/Desktop/SparkCar_ROS2_WS/SparkCar_Perception/install/interface/lib:/home/jiaverso/Desktop/SparkCar_ROS2_WS/SparkCar_Perception/install/livox_ros_driver2/lib:/opt/ros/humble/opt/rviz_ogre_vendor/lib:/opt/ros/humble/lib/x86_64-linux-gnu:/opt/ros/humble/lib /usr/bin/cmake /home/jiaverso/Desktop/SparkCar_ROS2_WS/SparkCar_Perception/src/FASTLIO2_ROS2/pgo -DCMAKE_INSTALL_PREFIX=/home/jiaverso/Desktop/SparkCar_ROS2_WS/SparkCar_Perception/install/pgo
[1.424s] Invoking command in '/home/jiaverso/Desktop/SparkCar_ROS2_WS/SparkCar_Perception/build/pgo': CMAKE_PREFIX_PATH=/home/jiaverso/Desktop/SparkCar_ROS2_WS/SparkCar_Perception/install/interface:/home/jiaverso/Desktop/SparkCar_ROS2_WS/SparkCar_Perception/install/pgo:/home/jiaverso/Desktop/SparkCar_ROS2_WS/SparkCar_Perception/install/localizer:/home/jiaverso/Desktop/SparkCar_ROS2_WS/SparkCar_Perception/install/fastlio2:/home/jiaverso/Desktop/SparkCar_ROS2_WS/SparkCar_Perception/install/livox_ros_driver2:/home/jiaverso/Desktop/SparkCar_ROS2_WS/SparkCar_Perception/install/hba:/opt/ros/humble LD_LIBRARY_PATH=/home/jiaverso/Desktop/SparkCar_ROS2_WS/SparkCar_Perception/install/interface/lib:/home/jiaverso/Desktop/SparkCar_ROS2_WS/SparkCar_Perception/install/livox_ros_driver2/lib:/opt/ros/humble/opt/rviz_ogre_vendor/lib:/opt/ros/humble/lib/x86_64-linux-gnu:/opt/ros/humble/lib /usr/bin/cmake --build /home/jiaverso/Desktop/SparkCar_ROS2_WS/SparkCar_Perception/build/pgo -- -j8 -l8
[1.462s] [35m[1mConsolidate compiler generated dependencies of target pgo_node[0m
[1.492s] [100%] Built target pgo_node
[1.500s] Invoked command in '/home/jiaverso/Desktop/SparkCar_ROS2_WS/SparkCar_Perception/build/pgo' returned '0': CMAKE_PREFIX_PATH=/home/jiaverso/Desktop/SparkCar_ROS2_WS/SparkCar_Perception/install/interface:/home/jiaverso/Desktop/SparkCar_ROS2_WS/SparkCar_Perception/install/pgo:/home/jiaverso/Desktop/SparkCar_ROS2_WS/SparkCar_Perception/install/localizer:/home/jiaverso/Desktop/SparkCar_ROS2_WS/SparkCar_Perception/install/fastlio2:/home/jiaverso/Desktop/SparkCar_ROS2_WS/SparkCar_Perception/install/livox_ros_driver2:/home/jiaverso/Desktop/SparkCar_ROS2_WS/SparkCar_Perception/install/hba:/opt/ros/humble LD_LIBRARY_PATH=/home/jiaverso/Desktop/SparkCar_ROS2_WS/SparkCar_Perception/install/interface/lib:/home/jiaverso/Desktop/SparkCar_ROS2_WS/SparkCar_Perception/install/livox_ros_driver2/lib:/opt/ros/humble/opt/rviz_ogre_vendor/lib:/opt/ros/humble/lib/x86_64-linux-gnu:/opt/ros/humble/lib /usr/bin/cmake --build /home/jiaverso/Desktop/SparkCar_ROS2_WS/SparkCar_Perception/build/pgo -- -j8 -l8
[1.501s] Invoking command in '/home/jiaverso/Desktop/SparkCar_ROS2_WS/SparkCar_Perception/build/pgo': CMAKE_PREFIX_PATH=/home/jiaverso/Desktop/SparkCar_ROS2_WS/SparkCar_Perception/install/interface:/home/jiaverso/Desktop/SparkCar_ROS2_WS/SparkCar_Perception/install/pgo:/home/jiaverso/Desktop/SparkCar_ROS2_WS/SparkCar_Perception/install/localizer:/home/jiaverso/Desktop/SparkCar_ROS2_WS/SparkCar_Perception/install/fastlio2:/home/jiaverso/Desktop/SparkCar_ROS2_WS/SparkCar_Perception/install/livox_ros_driver2:/home/jiaverso/Desktop/SparkCar_ROS2_WS/SparkCar_Perception/install/hba:/opt/ros/humble LD_LIBRARY_PATH=/home/jiaverso/Desktop/SparkCar_ROS2_WS/SparkCar_Perception/install/interface/lib:/home/jiaverso/Desktop/SparkCar_ROS2_WS/SparkCar_Perception/install/livox_ros_driver2/lib:/opt/ros/humble/opt/rviz_ogre_vendor/lib:/opt/ros/humble/lib/x86_64-linux-gnu:/opt/ros/humble/lib /usr/bin/cmake --install /home/jiaverso/Desktop/SparkCar_ROS2_WS/SparkCar_Perception/build/pgo
[1.506s] -- Install configuration: "Release"
[1.506s] -- Execute custom install script
[1.507s] -- Up-to-date symlink: /home/jiaverso/Desktop/SparkCar_ROS2_WS/SparkCar_Perception/install/pgo/lib/pgo/pgo_node
[1.507s] -- Up-to-date symlink: /home/jiaverso/Desktop/SparkCar_ROS2_WS/SparkCar_Perception/install/pgo/share/pgo/launch/pgo_launch.py
[1.507s] -- Up-to-date symlink: /home/jiaverso/Desktop/SparkCar_ROS2_WS/SparkCar_Perception/install/pgo/share/pgo/config/pgo.yaml
[1.507s] -- Up-to-date symlink: /home/jiaverso/Desktop/SparkCar_ROS2_WS/SparkCar_Perception/install/pgo/share/pgo/rviz/pgo.rviz
[1.507s] -- Up-to-date symlink: /home/jiaverso/Desktop/SparkCar_ROS2_WS/SparkCar_Perception/install/pgo/share/ament_index/resource_index/package_run_dependencies/pgo
[1.507s] -- Up-to-date symlink: /home/jiaverso/Desktop/SparkCar_ROS2_WS/SparkCar_Perception/install/pgo/share/ament_index/resource_index/parent_prefix_path/pgo
[1.507s] -- Up-to-date symlink: /home/jiaverso/Desktop/SparkCar_ROS2_WS/SparkCar_Perception/install/pgo/share/pgo/environment/ament_prefix_path.sh
[1.507s] -- Up-to-date symlink: /home/jiaverso/Desktop/SparkCar_ROS2_WS/SparkCar_Perception/install/pgo/share/pgo/environment/ament_prefix_path.dsv
[1.508s] -- Up-to-date symlink: /home/jiaverso/Desktop/SparkCar_ROS2_WS/SparkCar_Perception/install/pgo/share/pgo/environment/path.sh
[1.508s] -- Up-to-date symlink: /home/jiaverso/Desktop/SparkCar_ROS2_WS/SparkCar_Perception/install/pgo/share/pgo/environment/path.dsv
[1.508s] -- Up-to-date symlink: /home/jiaverso/Desktop/SparkCar_ROS2_WS/SparkCar_Perception/install/pgo/share/pgo/local_setup.bash
[1.508s] -- Up-to-date symlink: /home/jiaverso/Desktop/SparkCar_ROS2_WS/SparkCar_Perception/install/pgo/share/pgo/local_setup.sh
[1.508s] -- Up-to-date symlink: /home/jiaverso/Desktop/SparkCar_ROS2_WS/SparkCar_Perception/install/pgo/share/pgo/local_setup.zsh
[1.508s] -- Up-to-date symlink: /home/jiaverso/Desktop/SparkCar_ROS2_WS/SparkCar_Perception/install/pgo/share/pgo/local_setup.dsv
[1.508s] -- Symlinking: /home/jiaverso/Desktop/SparkCar_ROS2_WS/SparkCar_Perception/install/pgo/share/pgo/package.dsv
[1.514s] -- Up-to-date symlink: /home/jiaverso/Desktop/SparkCar_ROS2_WS/SparkCar_Perception/install/pgo/share/ament_index/resource_index/packages/pgo
[1.514s] -- Up-to-date symlink: /home/jiaverso/Desktop/SparkCar_ROS2_WS/SparkCar_Perception/install/pgo/share/pgo/cmake/pgoConfig.cmake
[1.514s] -- Up-to-date symlink: /home/jiaverso/Desktop/SparkCar_ROS2_WS/SparkCar_Perception/install/pgo/share/pgo/cmake/pgoConfig-version.cmake
[1.514s] -- Up-to-date symlink: /home/jiaverso/Desktop/SparkCar_ROS2_WS/SparkCar_Perception/install/pgo/share/pgo/package.xml
[1.516s] Invoked command in '/home/jiaverso/Desktop/SparkCar_ROS2_WS/SparkCar_Perception/build/pgo' returned '0': CMAKE_PREFIX_PATH=/home/jiaverso/Desktop/SparkCar_ROS2_WS/SparkCar_Perception/install/interface:/home/jiaverso/Desktop/SparkCar_ROS2_WS/SparkCar_Perception/install/pgo:/home/jiaverso/Desktop/SparkCar_ROS2_WS/SparkCar_Perception/install/localizer:/home/jiaverso/Desktop/SparkCar_ROS2_WS/SparkCar_Perception/install/fastlio2:/home/jiaverso/Desktop/SparkCar_ROS2_WS/SparkCar_Perception/install/livox_ros_driver2:/home/jiaverso/Desktop/SparkCar_ROS2_WS/SparkCar_Perception/install/hba:/opt/ros/humble LD_LIBRARY_PATH=/home/jiaverso/Desktop/SparkCar_ROS2_WS/SparkCar_Perception/install/interface/lib:/home/jiaverso/Desktop/SparkCar_ROS2_WS/SparkCar_Perception/install/livox_ros_driver2/lib:/opt/ros/humble/opt/rviz_ogre_vendor/lib:/opt/ros/humble/lib/x86_64-linux-gnu:/opt/ros/humble/lib /usr/bin/cmake --install /home/jiaverso/Desktop/SparkCar_ROS2_WS/SparkCar_Perception/build/pgo
