[0.010s] Invoking command in '/home/jiaverso/Desktop/SparkCar_ROS2_WS/SparkCar_Navigation/build/sparkcar_nav_bringup': CMAKE_PREFIX_PATH=${CMAKE_PREFIX_PATH}:/opt/ros/humble /usr/bin/cmake --build /home/jiaverso/Desktop/SparkCar_ROS2_WS/SparkCar_Navigation/build/sparkcar_nav_bringup -- -j8 -l8
[0.059s] -- Found ament_cmake: 1.3.14 (/opt/ros/humble/share/ament_cmake/cmake)
[0.160s] -- Override CMake install command with custom implementation using symlinks instead of copying resources
[0.173s] -- Found nav2_map_server: 1.1.20 (/opt/ros/humble/share/nav2_map_server/cmake)
[0.232s] -- Found rosidl_generator_c: 3.1.8 (/opt/ros/humble/share/rosidl_generator_c/cmake)
[0.237s] -- Found rosidl_adapter: 3.1.8 (/opt/ros/humble/share/rosidl_adapter/cmake)
[0.246s] -- Found rosidl_generator_cpp: 3.1.8 (/opt/ros/humble/share/rosidl_generator_cpp/cmake)
[0.258s] -- Using all available rosidl_typesupport_c: rosidl_typesupport_fastrtps_c;rosidl_typesupport_introspection_c
[0.272s] -- Using all available rosidl_typesupport_cpp: rosidl_typesupport_fastrtps_cpp;rosidl_typesupport_introspection_cpp
[0.424s] -- Found rmw_implementation_cmake: 6.1.2 (/opt/ros/humble/share/rmw_implementation_cmake/cmake)
[0.426s] -- Found rmw_fastrtps_cpp: 6.2.10 (/opt/ros/humble/share/rmw_fastrtps_cpp/cmake)
[0.522s] -- Using RMW implementation 'rmw_fastrtps_cpp' as default
[0.618s] -- Found eigen3_cmake_module: 0.1.1 (/opt/ros/humble/share/eigen3_cmake_module/cmake)
[0.623s] -- Ensuring Eigen3 include directory is part of orocos-kdl CMake target
[0.719s] -- Found ackermann_msgs: 2.0.2 (/opt/ros/humble/share/ackermann_msgs/cmake)
[0.738s] -- Found ament_lint_auto: 0.12.15 (/opt/ros/humble/share/ament_lint_auto/cmake)
[0.825s] -- Added test 'cppcheck' to perform static code analysis on C / C++ code
[0.825s] -- Configured cppcheck include dirs: 
[0.825s] -- Configured cppcheck exclude dirs and/or files: 
[0.825s] -- Added test 'flake8' to check Python code syntax and style conventions
[0.825s] -- Added test 'lint_cmake' to check CMake code style
[0.826s] -- Added test 'pep257' to check Python code against some of the docstring style conventions in PEP 257
[0.827s] -- Added test 'uncrustify' to check C / C++ code style
[0.827s] -- Configured uncrustify additional arguments: 
[0.827s] -- Added test 'xmllint' to check XML markup files
[0.828s] -- Configuring done
[0.840s] -- Generating done
[0.843s] -- Build files have been written to: /home/jiaverso/Desktop/SparkCar_ROS2_WS/SparkCar_Navigation/build/sparkcar_nav_bringup
[0.880s] [ 50%] [32mBuilding CXX object CMakeFiles/twist_to_ackermann.dir/src/twist_to_ackermann.cpp.o[0m
[7.345s] [100%] [32m[1mLinking CXX executable twist_to_ackermann[0m
[7.692s] [100%] Built target twist_to_ackermann
[7.701s] Invoked command in '/home/jiaverso/Desktop/SparkCar_ROS2_WS/SparkCar_Navigation/build/sparkcar_nav_bringup' returned '0': CMAKE_PREFIX_PATH=${CMAKE_PREFIX_PATH}:/opt/ros/humble /usr/bin/cmake --build /home/jiaverso/Desktop/SparkCar_ROS2_WS/SparkCar_Navigation/build/sparkcar_nav_bringup -- -j8 -l8
[7.708s] Invoking command in '/home/jiaverso/Desktop/SparkCar_ROS2_WS/SparkCar_Navigation/build/sparkcar_nav_bringup': CMAKE_PREFIX_PATH=${CMAKE_PREFIX_PATH}:/opt/ros/humble /usr/bin/cmake --install /home/jiaverso/Desktop/SparkCar_ROS2_WS/SparkCar_Navigation/build/sparkcar_nav_bringup
[7.713s] -- Install configuration: ""
[7.713s] -- Execute custom install script
[7.713s] -- Symlinking: /home/jiaverso/Desktop/SparkCar_ROS2_WS/SparkCar_Navigation/install/sparkcar_nav_bringup/lib/sparkcar_nav_bringup/twist_to_ackermann
[7.720s] -- Symlinking: /home/jiaverso/Desktop/SparkCar_ROS2_WS/SparkCar_Navigation/install/sparkcar_nav_bringup/share/sparkcar_nav_bringup/launch/__pycache__/nav_bringup.launch.cpython-310.pyc
[7.726s] -- Up-to-date symlink: /home/jiaverso/Desktop/SparkCar_ROS2_WS/SparkCar_Navigation/install/sparkcar_nav_bringup/share/sparkcar_nav_bringup/launch/nav_bringup.launch.py
[7.726s] -- Up-to-date symlink: /home/jiaverso/Desktop/SparkCar_ROS2_WS/SparkCar_Navigation/install/sparkcar_nav_bringup/share/sparkcar_nav_bringup/config/copy.yaml
[7.726s] -- Up-to-date symlink: /home/jiaverso/Desktop/SparkCar_ROS2_WS/SparkCar_Navigation/install/sparkcar_nav_bringup/share/sparkcar_nav_bringup/config/nav2_params.yaml
[7.726s] -- Up-to-date symlink: /home/jiaverso/Desktop/SparkCar_ROS2_WS/SparkCar_Navigation/install/sparkcar_nav_bringup/share/sparkcar_nav_bringup/maps/.gitkeep
[7.726s] -- Up-to-date symlink: /home/jiaverso/Desktop/SparkCar_ROS2_WS/SparkCar_Navigation/install/sparkcar_nav_bringup/share/sparkcar_nav_bringup/maps/main.pgm
[7.726s] -- Up-to-date symlink: /home/jiaverso/Desktop/SparkCar_ROS2_WS/SparkCar_Navigation/install/sparkcar_nav_bringup/share/sparkcar_nav_bringup/maps/main.yaml
[7.726s] -- Up-to-date symlink: /home/jiaverso/Desktop/SparkCar_ROS2_WS/SparkCar_Navigation/install/sparkcar_nav_bringup/share/sparkcar_nav_bringup/rviz/nav2.rviz
[7.727s] -- Up-to-date symlink: /home/jiaverso/Desktop/SparkCar_ROS2_WS/SparkCar_Navigation/install/sparkcar_nav_bringup/share/ament_index/resource_index/package_run_dependencies/sparkcar_nav_bringup
[7.727s] -- Up-to-date symlink: /home/jiaverso/Desktop/SparkCar_ROS2_WS/SparkCar_Navigation/install/sparkcar_nav_bringup/share/ament_index/resource_index/parent_prefix_path/sparkcar_nav_bringup
[7.727s] -- Up-to-date symlink: /home/jiaverso/Desktop/SparkCar_ROS2_WS/SparkCar_Navigation/install/sparkcar_nav_bringup/share/sparkcar_nav_bringup/environment/ament_prefix_path.sh
[7.727s] -- Up-to-date symlink: /home/jiaverso/Desktop/SparkCar_ROS2_WS/SparkCar_Navigation/install/sparkcar_nav_bringup/share/sparkcar_nav_bringup/environment/ament_prefix_path.dsv
[7.727s] -- Up-to-date symlink: /home/jiaverso/Desktop/SparkCar_ROS2_WS/SparkCar_Navigation/install/sparkcar_nav_bringup/share/sparkcar_nav_bringup/environment/path.sh
[7.727s] -- Up-to-date symlink: /home/jiaverso/Desktop/SparkCar_ROS2_WS/SparkCar_Navigation/install/sparkcar_nav_bringup/share/sparkcar_nav_bringup/environment/path.dsv
[7.727s] -- Up-to-date symlink: /home/jiaverso/Desktop/SparkCar_ROS2_WS/SparkCar_Navigation/install/sparkcar_nav_bringup/share/sparkcar_nav_bringup/local_setup.bash
[7.727s] -- Up-to-date symlink: /home/jiaverso/Desktop/SparkCar_ROS2_WS/SparkCar_Navigation/install/sparkcar_nav_bringup/share/sparkcar_nav_bringup/local_setup.sh
[7.727s] -- Up-to-date symlink: /home/jiaverso/Desktop/SparkCar_ROS2_WS/SparkCar_Navigation/install/sparkcar_nav_bringup/share/sparkcar_nav_bringup/local_setup.zsh
[7.727s] -- Up-to-date symlink: /home/jiaverso/Desktop/SparkCar_ROS2_WS/SparkCar_Navigation/install/sparkcar_nav_bringup/share/sparkcar_nav_bringup/local_setup.dsv
[7.727s] -- Symlinking: /home/jiaverso/Desktop/SparkCar_ROS2_WS/SparkCar_Navigation/install/sparkcar_nav_bringup/share/sparkcar_nav_bringup/package.dsv
[7.734s] -- Up-to-date symlink: /home/jiaverso/Desktop/SparkCar_ROS2_WS/SparkCar_Navigation/install/sparkcar_nav_bringup/share/ament_index/resource_index/packages/sparkcar_nav_bringup
[7.734s] -- Up-to-date symlink: /home/jiaverso/Desktop/SparkCar_ROS2_WS/SparkCar_Navigation/install/sparkcar_nav_bringup/share/sparkcar_nav_bringup/cmake/sparkcar_nav_bringupConfig.cmake
[7.734s] -- Up-to-date symlink: /home/jiaverso/Desktop/SparkCar_ROS2_WS/SparkCar_Navigation/install/sparkcar_nav_bringup/share/sparkcar_nav_bringup/cmake/sparkcar_nav_bringupConfig-version.cmake
[7.734s] -- Up-to-date symlink: /home/jiaverso/Desktop/SparkCar_ROS2_WS/SparkCar_Navigation/install/sparkcar_nav_bringup/share/sparkcar_nav_bringup/package.xml
[7.735s] Invoked command in '/home/jiaverso/Desktop/SparkCar_ROS2_WS/SparkCar_Navigation/build/sparkcar_nav_bringup' returned '0': CMAKE_PREFIX_PATH=${CMAKE_PREFIX_PATH}:/opt/ros/humble /usr/bin/cmake --install /home/jiaverso/Desktop/SparkCar_ROS2_WS/SparkCar_Navigation/build/sparkcar_nav_bringup
