[0.008s] Invoking command in '/home/jiaverso/Desktop/SparkCar_ROS2_WS/HunterSE_Driver/build/ugv_sdk': /usr/bin/cmake /home/jiaverso/Desktop/SparkCar_ROS2_WS/HunterSE_Driver/src/ugv_sdk -DCATKIN_INSTALL_INTO_PREFIX_ROOT=0 -DCMAKE_INSTALL_PREFIX=/home/jiaverso/Desktop/SparkCar_ROS2_WS/HunterSE_Driver/install/ugv_sdk
[0.051s] -- The C compiler identification is GNU 11.4.0
[0.092s] -- The CXX compiler identification is GNU 11.4.0
[0.097s] -- Detecting C compiler ABI info
[0.169s] -- Detecting C compiler ABI info - done
[0.175s] -- Check for working C compiler: /usr/bin/cc - skipped
[0.175s] -- Detecting C compile features
[0.176s] -- Detecting C compile features - done
[0.178s] -- Detecting CXX compiler ABI info
[0.237s] -- Detecting CXX compiler ABI info - done
[0.243s] -- Check for working CXX compiler: /usr/bin/c++ - skipped
[0.243s] -- Detecting CXX compile features
[0.244s] -- Detecting CXX compile features - done
[0.245s] -- Build package with cmake
[0.245s] -- Setting build type to 'Release' as none was specified.
[0.245s] -- Tests will not be built
[0.247s] -- Looking for pthread.h
[0.309s] -- Looking for pthread.h - found
[0.309s] -- Performing Test CMAKE_HAVE_LIBC_PTHREAD
[0.364s] -- Performing Test CMAKE_HAVE_LIBC_PTHREAD - Success
[0.366s] -- Found Threads: TRUE  
[0.372s] -- Project will be installed to /home/jiaverso/Desktop/SparkCar_ROS2_WS/HunterSE_Driver/install/ugv_sdk with 'make install'
[0.372s] --  - To install LIB components to /home/jiaverso/Desktop/SparkCar_ROS2_WS/HunterSE_Driver/install/ugv_sdk/lib
[0.372s] --  - To install BIN components to /home/jiaverso/Desktop/SparkCar_ROS2_WS/HunterSE_Driver/install/ugv_sdk/bin
[0.372s] --  - To install INCLUDE components to /home/jiaverso/Desktop/SparkCar_ROS2_WS/HunterSE_Driver/install/ugv_sdk/include
[0.372s] --  - To install CMAKE components to /home/jiaverso/Desktop/SparkCar_ROS2_WS/HunterSE_Driver/install/ugv_sdk/share/cmake/ugv_sdk
[0.381s] -- Configuring done
[0.399s] -- Generating done
[0.400s] [33mCMake Warning:
[0.401s]   Manually-specified variables were not used by the project:
[0.401s] 
[0.401s]     CATKIN_INSTALL_INTO_PREFIX_ROOT
[0.401s] 
[0.401s] [0m
[0.403s] -- Build files have been written to: /home/jiaverso/Desktop/SparkCar_ROS2_WS/HunterSE_Driver/build/ugv_sdk
[0.407s] Invoked command in '/home/jiaverso/Desktop/SparkCar_ROS2_WS/HunterSE_Driver/build/ugv_sdk' returned '0': /usr/bin/cmake /home/jiaverso/Desktop/SparkCar_ROS2_WS/HunterSE_Driver/src/ugv_sdk -DCATKIN_INSTALL_INTO_PREFIX_ROOT=0 -DCMAKE_INSTALL_PREFIX=/home/jiaverso/Desktop/SparkCar_ROS2_WS/HunterSE_Driver/install/ugv_sdk
[0.408s] Invoking command in '/home/jiaverso/Desktop/SparkCar_ROS2_WS/HunterSE_Driver/build/ugv_sdk': /usr/bin/cmake --build /home/jiaverso/Desktop/SparkCar_ROS2_WS/HunterSE_Driver/build/ugv_sdk -- -j8 -l8
[0.444s] [  3%] [32mBuilding CXX object CMakeFiles/ugv_sdk.dir/src/async_port/async_serial.cpp.o[0m
[0.445s] [  7%] [32mBuilding CXX object CMakeFiles/ugv_sdk.dir/src/mobile_robot/scout_robot.cpp.o[0m
[0.445s] [ 10%] [32mBuilding CXX object CMakeFiles/ugv_sdk.dir/src/mobile_robot/hunter_robot.cpp.o[0m
[0.445s] [ 14%] [32mBuilding CXX object CMakeFiles/ugv_sdk.dir/src/mobile_robot/bunker_robot.cpp.o[0m
[0.447s] [ 17%] [32mBuilding CXX object CMakeFiles/ugv_sdk.dir/src/utilities/protocol_detector.cpp.o[0m
[0.449s] [ 21%] [32mBuilding CXX object CMakeFiles/ugv_sdk.dir/src/async_port/async_can.cpp.o[0m
[0.449s] [ 25%] [32mBuilding CXX object CMakeFiles/ugv_sdk.dir/src/mobile_robot/ranger_robot.cpp.o[0m
[0.451s] [ 28%] [32mBuilding CXX object CMakeFiles/ugv_sdk.dir/src/mobile_robot/titan_robot.cpp.o[0m
[2.205s] [ 32%] [32mBuilding C object CMakeFiles/ugv_sdk.dir/src/protocol_v2/agilex_msg_parser_v2.c.o[0m
[2.420s] [ 35%] [32mBuilding CXX object CMakeFiles/ugv_sdk.dir/src/protocol_v2/protocol_v2_parser.cpp.o[0m
[2.454s] [ 39%] [32mBuilding C object CMakeFiles/ugv_sdk.dir/src/protocol_v1/agilex_msg_parser_v1.c.o[0m
[5.312s] [ 42%] [32m[1mLinking CXX static library lib/libugv_sdk.a[0m
[5.501s] [ 42%] Built target ugv_sdk
[5.525s] [ 46%] [32mBuilding CXX object sample/tracer_demo/CMakeFiles/demo_tracer_robot.dir/tracer_robot_demo.cpp.o[0m
[5.525s] [ 53%] [32mBuilding CXX object sample/ranger_demo/CMakeFiles/demo_ranger_robot.dir/ranger_robot_demo.cpp.o[0m
[5.525s] [ 57%] [32mBuilding CXX object sample/scout_demo/CMakeFiles/demo_scout_mini_omni_robot.dir/scout_mini_omni_demo.cpp.o[0m
[5.525s] [ 60%] [32mBuilding CXX object sample/hunter_demo/CMakeFiles/demo_hunter_robot.dir/hunter_robot_demo.cpp.o[0m
[5.528s] [ 60%] [32mBuilding CXX object sample/scout_demo/CMakeFiles/demo_scout_robot.dir/scout_robot_demo.cpp.o[0m
[5.528s] [ 64%] [32mBuilding CXX object sample/utils_demo/CMakeFiles/demo_protocol_detector.dir/demo_protocol_detector.cpp.o[0m
[5.537s] [ 67%] [32mBuilding CXX object sample/bunker_demo/CMakeFiles/demo_bunker_robot.dir/bunker_robot_demo.cpp.o[0m
[5.542s] [ 71%] [32mBuilding CXX object sample/utils_demo/CMakeFiles/demo_robot_version.dir/demo_robot_version.cpp.o[0m
[6.285s] [ 75%] [32m[1mLinking CXX executable ../../bin/demo_bunker_robot[0m
[6.483s] [ 75%] Built target demo_bunker_robot
[7.058s] [ 78%] [32m[1mLinking CXX executable ../../bin/demo_robot_version[0m
[7.066s] [ 82%] [32m[1mLinking CXX executable ../../bin/demo_hunter_robot[0m
[7.114s] [ 85%] [32m[1mLinking CXX executable ../../bin/demo_scout_mini_omni_robot[0m
[7.159s] [ 89%] [32m[1mLinking CXX executable ../../bin/demo_scout_robot[0m
[7.187s] [ 89%] Built target demo_robot_version
[7.191s] [ 89%] Built target demo_hunter_robot
[7.235s] [ 89%] Built target demo_scout_mini_omni_robot
[7.241s] [ 92%] [32m[1mLinking CXX executable ../../bin/demo_ranger_robot[0m
[7.276s] [ 92%] Built target demo_scout_robot
[7.309s] [ 92%] Built target demo_ranger_robot
[7.378s] [ 96%] [32m[1mLinking CXX executable ../../bin/demo_tracer_robot[0m
[7.442s] [ 96%] Built target demo_tracer_robot
[8.099s] [100%] [32m[1mLinking CXX executable ../../bin/demo_protocol_detector[0m
[8.160s] [100%] Built target demo_protocol_detector
[8.170s] Invoked command in '/home/jiaverso/Desktop/SparkCar_ROS2_WS/HunterSE_Driver/build/ugv_sdk' returned '0': /usr/bin/cmake --build /home/jiaverso/Desktop/SparkCar_ROS2_WS/HunterSE_Driver/build/ugv_sdk -- -j8 -l8
[8.178s] Invoking command in '/home/jiaverso/Desktop/SparkCar_ROS2_WS/HunterSE_Driver/build/ugv_sdk': /usr/bin/cmake --install /home/jiaverso/Desktop/SparkCar_ROS2_WS/HunterSE_Driver/build/ugv_sdk
[8.183s] -- Install configuration: "Release"
[8.183s] -- Installing: /home/jiaverso/Desktop/SparkCar_ROS2_WS/HunterSE_Driver/install/ugv_sdk/lib/libugv_sdk.a
[8.184s] -- Installing: /home/jiaverso/Desktop/SparkCar_ROS2_WS/HunterSE_Driver/install/ugv_sdk/include/ugv_sdk
[8.184s] -- Installing: /home/jiaverso/Desktop/SparkCar_ROS2_WS/HunterSE_Driver/install/ugv_sdk/include/ugv_sdk/utilities
[8.184s] -- Installing: /home/jiaverso/Desktop/SparkCar_ROS2_WS/HunterSE_Driver/install/ugv_sdk/include/ugv_sdk/utilities/protocol_detector.hpp
[8.184s] -- Installing: /home/jiaverso/Desktop/SparkCar_ROS2_WS/HunterSE_Driver/install/ugv_sdk/include/ugv_sdk/mobile_robot
[8.184s] -- Installing: /home/jiaverso/Desktop/SparkCar_ROS2_WS/HunterSE_Driver/install/ugv_sdk/include/ugv_sdk/mobile_robot/ranger_robot.hpp
[8.185s] -- Installing: /home/jiaverso/Desktop/SparkCar_ROS2_WS/HunterSE_Driver/install/ugv_sdk/include/ugv_sdk/mobile_robot/scout_robot.hpp
[8.185s] -- Installing: /home/jiaverso/Desktop/SparkCar_ROS2_WS/HunterSE_Driver/install/ugv_sdk/include/ugv_sdk/mobile_robot/titan_robot.hpp
[8.185s] -- Installing: /home/jiaverso/Desktop/SparkCar_ROS2_WS/HunterSE_Driver/install/ugv_sdk/include/ugv_sdk/mobile_robot/hunter_robot.hpp
[8.185s] -- Installing: /home/jiaverso/Desktop/SparkCar_ROS2_WS/HunterSE_Driver/install/ugv_sdk/include/ugv_sdk/mobile_robot/tracer_robot.hpp
[8.185s] -- Installing: /home/jiaverso/Desktop/SparkCar_ROS2_WS/HunterSE_Driver/install/ugv_sdk/include/ugv_sdk/mobile_robot/bunker_robot.hpp
[8.185s] -- Installing: /home/jiaverso/Desktop/SparkCar_ROS2_WS/HunterSE_Driver/install/ugv_sdk/include/ugv_sdk/details
[8.185s] -- Installing: /home/jiaverso/Desktop/SparkCar_ROS2_WS/HunterSE_Driver/install/ugv_sdk/include/ugv_sdk/details/async_port
[8.185s] -- Installing: /home/jiaverso/Desktop/SparkCar_ROS2_WS/HunterSE_Driver/install/ugv_sdk/include/ugv_sdk/details/async_port/async_can.hpp
[8.186s] -- Installing: /home/jiaverso/Desktop/SparkCar_ROS2_WS/HunterSE_Driver/install/ugv_sdk/include/ugv_sdk/details/async_port/async_serial.hpp
[8.186s] -- Installing: /home/jiaverso/Desktop/SparkCar_ROS2_WS/HunterSE_Driver/install/ugv_sdk/include/ugv_sdk/details/async_port/ring_buffer.hpp
[8.186s] -- Installing: /home/jiaverso/Desktop/SparkCar_ROS2_WS/HunterSE_Driver/install/ugv_sdk/include/ugv_sdk/details/protocol_v1
[8.186s] -- Installing: /home/jiaverso/Desktop/SparkCar_ROS2_WS/HunterSE_Driver/install/ugv_sdk/include/ugv_sdk/details/protocol_v1/agilex_msg_parser_v1.h
[8.186s] -- Installing: /home/jiaverso/Desktop/SparkCar_ROS2_WS/HunterSE_Driver/install/ugv_sdk/include/ugv_sdk/details/protocol_v1/protocol_v1_parser.hpp
[8.186s] -- Installing: /home/jiaverso/Desktop/SparkCar_ROS2_WS/HunterSE_Driver/install/ugv_sdk/include/ugv_sdk/details/protocol_v1/robot_limits.hpp
[8.186s] -- Installing: /home/jiaverso/Desktop/SparkCar_ROS2_WS/HunterSE_Driver/install/ugv_sdk/include/ugv_sdk/details/interface
[8.186s] -- Installing: /home/jiaverso/Desktop/SparkCar_ROS2_WS/HunterSE_Driver/install/ugv_sdk/include/ugv_sdk/details/interface/hunter_interface.hpp
[8.187s] -- Installing: /home/jiaverso/Desktop/SparkCar_ROS2_WS/HunterSE_Driver/install/ugv_sdk/include/ugv_sdk/details/interface/ranger_interface.hpp
[8.187s] -- Installing: /home/jiaverso/Desktop/SparkCar_ROS2_WS/HunterSE_Driver/install/ugv_sdk/include/ugv_sdk/details/interface/agilex_message.h
[8.187s] -- Installing: /home/jiaverso/Desktop/SparkCar_ROS2_WS/HunterSE_Driver/install/ugv_sdk/include/ugv_sdk/details/interface/agilex_types.h
[8.187s] -- Installing: /home/jiaverso/Desktop/SparkCar_ROS2_WS/HunterSE_Driver/install/ugv_sdk/include/ugv_sdk/details/interface/titan_interface.hpp
[8.187s] -- Installing: /home/jiaverso/Desktop/SparkCar_ROS2_WS/HunterSE_Driver/install/ugv_sdk/include/ugv_sdk/details/interface/scout_interface.hpp
[8.187s] -- Installing: /home/jiaverso/Desktop/SparkCar_ROS2_WS/HunterSE_Driver/install/ugv_sdk/include/ugv_sdk/details/interface/robot_common_interface.hpp
[8.187s] -- Installing: /home/jiaverso/Desktop/SparkCar_ROS2_WS/HunterSE_Driver/install/ugv_sdk/include/ugv_sdk/details/interface/tracer_interface.hpp
[8.187s] -- Installing: /home/jiaverso/Desktop/SparkCar_ROS2_WS/HunterSE_Driver/install/ugv_sdk/include/ugv_sdk/details/interface/bunker_interface.hpp
[8.187s] -- Installing: /home/jiaverso/Desktop/SparkCar_ROS2_WS/HunterSE_Driver/install/ugv_sdk/include/ugv_sdk/details/parser_base.hpp
[8.187s] -- Installing: /home/jiaverso/Desktop/SparkCar_ROS2_WS/HunterSE_Driver/install/ugv_sdk/include/ugv_sdk/details/protocol_v2
[8.187s] -- Installing: /home/jiaverso/Desktop/SparkCar_ROS2_WS/HunterSE_Driver/install/ugv_sdk/include/ugv_sdk/details/protocol_v2/protocol_v2_parser.hpp
[8.188s] -- Installing: /home/jiaverso/Desktop/SparkCar_ROS2_WS/HunterSE_Driver/install/ugv_sdk/include/ugv_sdk/details/robot_base
[8.188s] -- Installing: /home/jiaverso/Desktop/SparkCar_ROS2_WS/HunterSE_Driver/install/ugv_sdk/include/ugv_sdk/details/robot_base/ranger_base.hpp
[8.188s] -- Installing: /home/jiaverso/Desktop/SparkCar_ROS2_WS/HunterSE_Driver/install/ugv_sdk/include/ugv_sdk/details/robot_base/hunter_base.hpp
[8.188s] -- Installing: /home/jiaverso/Desktop/SparkCar_ROS2_WS/HunterSE_Driver/install/ugv_sdk/include/ugv_sdk/details/robot_base/scout_base.hpp
[8.188s] -- Installing: /home/jiaverso/Desktop/SparkCar_ROS2_WS/HunterSE_Driver/install/ugv_sdk/include/ugv_sdk/details/robot_base/agilex_base.hpp
[8.188s] -- Installing: /home/jiaverso/Desktop/SparkCar_ROS2_WS/HunterSE_Driver/install/ugv_sdk/include/ugv_sdk/details/robot_base/tracer_base.hpp
[8.188s] -- Installing: /home/jiaverso/Desktop/SparkCar_ROS2_WS/HunterSE_Driver/install/ugv_sdk/include/ugv_sdk/details/robot_base/titan_base.hpp
[8.188s] -- Installing: /home/jiaverso/Desktop/SparkCar_ROS2_WS/HunterSE_Driver/install/ugv_sdk/include/ugv_sdk/details/robot_base/bunker_base.hpp
[8.189s] -- Installing: /home/jiaverso/Desktop/SparkCar_ROS2_WS/HunterSE_Driver/install/ugv_sdk/lib/cmake/ugv_sdk/ugv_sdkTargets.cmake
[8.189s] -- Installing: /home/jiaverso/Desktop/SparkCar_ROS2_WS/HunterSE_Driver/install/ugv_sdk/lib/cmake/ugv_sdk/ugv_sdkTargets-release.cmake
[8.189s] -- Installing: /home/jiaverso/Desktop/SparkCar_ROS2_WS/HunterSE_Driver/install/ugv_sdk/lib/cmake/ugv_sdk/ugv_sdkConfig.cmake
[8.189s] -- Installing: /home/jiaverso/Desktop/SparkCar_ROS2_WS/HunterSE_Driver/install/ugv_sdk/lib/cmake/ugv_sdk/ugv_sdkConfigVersion.cmake
[8.189s] Invoked command in '/home/jiaverso/Desktop/SparkCar_ROS2_WS/HunterSE_Driver/build/ugv_sdk' returned '0': /usr/bin/cmake --install /home/jiaverso/Desktop/SparkCar_ROS2_WS/HunterSE_Driver/build/ugv_sdk
