-- Found ament_cmake: 1.3.14 (/opt/ros/humble/share/ament_cmake/cmake)
-- Override CMake install command with custom implementation using symlinks instead of copying resources
-- Found rclcpp: 16.0.19 (/opt/ros/humble/share/rclcpp/cmake)
-- Found rosidl_generator_c: 3.1.8 (/opt/ros/humble/share/rosidl_generator_c/cmake)
-- Found rosidl_adapter: 3.1.8 (/opt/ros/humble/share/rosidl_adapter/cmake)
-- Found rosidl_generator_cpp: 3.1.8 (/opt/ros/humble/share/rosidl_generator_cpp/cmake)
-- Using all available rosidl_typesupport_c: rosidl_typesupport_fastrtps_c;rosidl_typesupport_introspection_c
-- Using all available rosidl_typesupport_cpp: rosidl_typesupport_fastrtps_cpp;rosidl_typesupport_introspection_cpp
-- Found rmw_implementation_cmake: 6.1.2 (/opt/ros/humble/share/rmw_implementation_cmake/cmake)
-- Found rmw_fastrtps_cpp: 6.2.10 (/opt/ros/humble/share/rmw_fastrtps_cpp/cmake)
-- Using RMW implementation 'rmw_fastrtps_cpp' as default
-- Found tf2: 0.25.20 (/opt/ros/humble/share/tf2/cmake)
-- Found tf2_ros: 0.25.20 (/opt/ros/humble/share/tf2_ros/cmake)
-- Found nav_msgs: 4.9.1 (/opt/ros/humble/share/nav_msgs/cmake)
-- Found sensor_msgs: 4.9.1 (/opt/ros/humble/share/sensor_msgs/cmake)
-- Found livox_ros_driver2: 1.0.0 (/home/jiaverso/Desktop/SparkCar_ROS2_WS/SparkCar_Perception/install/livox_ros_driver2/share/livox_ros_driver2/cmake)
-- Eigen found (include: /usr/include/eigen3, version: 3.4.0)
-- FLANN found (include: /usr/include, lib: /usr/lib/x86_64-linux-gnu/libflann_cpp.so)
-- OpenNI found (version: 1.5.4.0, include: /usr/include/ni, lib: /usr/lib/libOpenNI.so;libusb::libusb)
-- OpenNI2 found (version: 2.2.0.33, include: /usr/include/openni2, lib: /usr/lib/x86_64-linux-gnu/libOpenNI2.so;libusb::libusb)
-- Eigen found (include: /usr/include/eigen3, version: 3.4.0)
-- OpenNI found (version: 1.5.4.0, include: /usr/include/ni, lib: /usr/lib/libOpenNI.so;libusb::libusb)
-- OpenNI2 found (version: 2.2.0.33, include: /usr/include/openni2, lib: /usr/lib/x86_64-linux-gnu/libOpenNI2.so;libusb::libusb)
-- Found Qhull version 8.0.2
-- OpenNI found (version: 1.5.4.0, include: /usr/include/ni, lib: /usr/lib/libOpenNI.so;libusb::libusb)
CMake Warning (dev) at CMakeLists.txt:35 (find_package):
  Policy CMP0074 is not set: find_package uses <PackageName>_ROOT variables.
  Run "cmake --help-policy CMP0074" for policy details.  Use the cmake_policy
  command to set the policy and suppress this warning.

  CMake variable PCL_ROOT is set to:

    /usr

  For compatibility, CMake is ignoring the variable.
This warning is for project developers.  Use -Wno-dev to suppress it.

-- Found ament_lint_auto: 0.12.15 (/opt/ros/humble/share/ament_lint_auto/cmake)
-- Added test 'cppcheck' to perform static code analysis on C / C++ code
-- Configured cppcheck include dirs: 
-- Configured cppcheck exclude dirs and/or files: 
-- Added test 'flake8' to check Python code syntax and style conventions
-- Added test 'lint_cmake' to check CMake code style
-- Added test 'pep257' to check Python code against some of the docstring style conventions in PEP 257
-- Added test 'uncrustify' to check C / C++ code style
-- Configured uncrustify additional arguments: 
-- Added test 'xmllint' to check XML markup files
-- Configuring done
-- Generating done
-- Build files have been written to: /home/jiaverso/Desktop/SparkCar_ROS2_WS/SparkCar_Perception/build/fastlio2
Consolidate compiler generated dependencies of target lio_node
[ 22%] Building CXX object CMakeFiles/lio_node.dir/src/map_builder/commons.cpp.o
[ 22%] Building CXX object CMakeFiles/lio_node.dir/src/map_builder/ieskf.cpp.o
[ 33%] Building CXX object CMakeFiles/lio_node.dir/src/map_builder/imu_processor.cpp.o
[ 44%] Building CXX object CMakeFiles/lio_node.dir/src/map_builder/ikd_Tree.cpp.o
[ 55%] Building CXX object CMakeFiles/lio_node.dir/src/lio_node.cpp.o
[ 66%] Building CXX object CMakeFiles/lio_node.dir/src/map_builder/lidar_processor.cpp.o
[ 77%] Building CXX object CMakeFiles/lio_node.dir/src/utils.cpp.o
[ 88%] Building CXX object CMakeFiles/lio_node.dir/src/map_builder/map_builder.cpp.o
/home/jiaverso/Desktop/SparkCar_ROS2_WS/SparkCar_Perception/src/FASTLIO2_ROS2/fastlio2/src/map_builder/ikd_Tree.cpp: In instantiation of ‘void KD_TREE<PointType>::multi_thread_rebuild() [with PointType = pcl::PointXYZ]’:
/home/jiaverso/Desktop/SparkCar_ROS2_WS/SparkCar_Perception/src/FASTLIO2_ROS2/fastlio2/src/map_builder/ikd_Tree.cpp:1730:16:   required from here
/home/jiaverso/Desktop/SparkCar_ROS2_WS/SparkCar_Perception/src/FASTLIO2_ROS2/fastlio2/src/map_builder/ikd_Tree.cpp:329:17: warning: unused variable ‘valid_old’ [-Wunused-variable]
  329 |             int valid_old = old_root_node->TreeSize - old_root_node->invalid_point_num;
      |                 ^~~~~~~~~
/home/jiaverso/Desktop/SparkCar_ROS2_WS/SparkCar_Perception/src/FASTLIO2_ROS2/fastlio2/src/map_builder/ikd_Tree.cpp:330:17: warning: unused variable ‘valid_new’ [-Wunused-variable]
  330 |             int valid_new = new_root_node->TreeSize - new_root_node->invalid_point_num;
      |                 ^~~~~~~~~
/home/jiaverso/Desktop/SparkCar_ROS2_WS/SparkCar_Perception/src/FASTLIO2_ROS2/fastlio2/src/map_builder/ikd_Tree.cpp:231:33: warning: unused variable ‘new_node_ptr’ [-Wunused-variable]
  231 |     KD_TREE_NODE *father_ptr, **new_node_ptr;
      |                                 ^~~~~~~~~~~~
/home/jiaverso/Desktop/SparkCar_ROS2_WS/SparkCar_Perception/src/FASTLIO2_ROS2/fastlio2/src/map_builder/ikd_Tree.cpp: In instantiation of ‘void KD_TREE<PointType>::Rebuild(KD_TREE<PointType>::KD_TREE_NODE**) [with PointType = pcl::PointXYZ]’:
/home/jiaverso/Desktop/SparkCar_ROS2_WS/SparkCar_Perception/src/FASTLIO2_ROS2/fastlio2/src/map_builder/ikd_Tree.cpp:1730:16:   required from here
/home/jiaverso/Desktop/SparkCar_ROS2_WS/SparkCar_Perception/src/FASTLIO2_ROS2/fastlio2/src/map_builder/ikd_Tree.cpp:751:13: warning: unused variable ‘size_rec’ [-Wunused-variable]
  751 |         int size_rec = (*root)->TreeSize;
      |             ^~~~~~~~
/home/jiaverso/Desktop/SparkCar_ROS2_WS/SparkCar_Perception/src/FASTLIO2_ROS2/fastlio2/src/map_builder/ikd_Tree.cpp: In instantiation of ‘int KD_TREE<PointType>::Delete_by_range(KD_TREE<PointType>::KD_TREE_NODE**, BoxPointType, bool, bool) [with PointType = pcl::PointXYZ]’:
/home/jiaverso/Desktop/SparkCar_ROS2_WS/SparkCar_Perception/src/FASTLIO2_ROS2/fastlio2/src/map_builder/ikd_Tree.cpp:1730:16:   required from here
/home/jiaverso/Desktop/SparkCar_ROS2_WS/SparkCar_Perception/src/FASTLIO2_ROS2/fastlio2/src/map_builder/ikd_Tree.cpp:802:21: warning: unused variable ‘Timeout’ [-Wunused-variable]
  802 |     struct timespec Timeout;
      |                     ^~~~~~~
/home/jiaverso/Desktop/SparkCar_ROS2_WS/SparkCar_Perception/src/FASTLIO2_ROS2/fastlio2/src/map_builder/ikd_Tree.cpp: In instantiation of ‘void KD_TREE<PointType>::Delete_by_point(KD_TREE<PointType>::KD_TREE_NODE**, PointType, bool) [with PointType = pcl::PointXYZ]’:
/home/jiaverso/Desktop/SparkCar_ROS2_WS/SparkCar_Perception/src/FASTLIO2_ROS2/fastlio2/src/map_builder/ikd_Tree.cpp:1730:16:   required from here
/home/jiaverso/Desktop/SparkCar_ROS2_WS/SparkCar_Perception/src/FASTLIO2_ROS2/fastlio2/src/map_builder/ikd_Tree.cpp:867:21: warning: unused variable ‘Timeout’ [-Wunused-variable]
  867 |     struct timespec Timeout;
      |                     ^~~~~~~
/home/jiaverso/Desktop/SparkCar_ROS2_WS/SparkCar_Perception/src/FASTLIO2_ROS2/fastlio2/src/map_builder/ikd_Tree.cpp: In instantiation of ‘void KD_TREE<PointType>::Add_by_point(KD_TREE<PointType>::KD_TREE_NODE**, PointType, bool, int) [with PointType = pcl::PointXYZ]’:
/home/jiaverso/Desktop/SparkCar_ROS2_WS/SparkCar_Perception/src/FASTLIO2_ROS2/fastlio2/src/map_builder/ikd_Tree.cpp:1730:16:   required from here
/home/jiaverso/Desktop/SparkCar_ROS2_WS/SparkCar_Perception/src/FASTLIO2_ROS2/fastlio2/src/map_builder/ikd_Tree.cpp:1006:21: warning: unused variable ‘Timeout’ [-Wunused-variable]
 1006 |     struct timespec Timeout;
      |                     ^~~~~~~
/home/jiaverso/Desktop/SparkCar_ROS2_WS/SparkCar_Perception/src/FASTLIO2_ROS2/fastlio2/src/map_builder/ikd_Tree.cpp: In instantiation of ‘void KD_TREE<PointType>::Add_by_range(KD_TREE<PointType>::KD_TREE_NODE**, BoxPointType, bool) [with PointType = pcl::PointXYZ]’:
/home/jiaverso/Desktop/SparkCar_ROS2_WS/SparkCar_Perception/src/FASTLIO2_ROS2/fastlio2/src/map_builder/ikd_Tree.cpp:1730:16:   required from here
/home/jiaverso/Desktop/SparkCar_ROS2_WS/SparkCar_Perception/src/FASTLIO2_ROS2/fastlio2/src/map_builder/ikd_Tree.cpp:946:21: warning: unused variable ‘Timeout’ [-Wunused-variable]
  946 |     struct timespec Timeout;
      |                     ^~~~~~~
/home/jiaverso/Desktop/SparkCar_ROS2_WS/SparkCar_Perception/src/FASTLIO2_ROS2/fastlio2/src/map_builder/ikd_Tree.cpp: In instantiation of ‘void KD_TREE<PointType>::Search(KD_TREE<PointType>::KD_TREE_NODE*, int, PointType, KD_TREE<PointType>::MANUAL_HEAP&, float) [with PointType = pcl::PointXYZ]’:
/home/jiaverso/Desktop/SparkCar_ROS2_WS/SparkCar_Perception/src/FASTLIO2_ROS2/fastlio2/src/map_builder/ikd_Tree.cpp:1730:16:   required from here
/home/jiaverso/Desktop/SparkCar_ROS2_WS/SparkCar_Perception/src/FASTLIO2_ROS2/fastlio2/src/map_builder/ikd_Tree.cpp:1097:63: warning: suggest parentheses around ‘&&’ within ‘||’ [-Wparentheses]
 1097 |     if (q.size() < k_nearest || dist_left_node < q.top().dist && dist_right_node < q.top().dist)
      |                                 ~~~~~~~~~~~~~~~~~~~~~~~~~~~~~~^~~~~~~~~~~~~~~~~~~~~~~~~~~~~~~~~
/home/jiaverso/Desktop/SparkCar_ROS2_WS/SparkCar_Perception/src/FASTLIO2_ROS2/fastlio2/src/map_builder/ikd_Tree.cpp:1094:9: warning: unused variable ‘cur_search_counter’ [-Wunused-variable]
 1094 |     int cur_search_counter;
      |         ^~~~~~~~~~~~~~~~~~
/home/jiaverso/Desktop/SparkCar_ROS2_WS/SparkCar_Perception/src/FASTLIO2_ROS2/fastlio2/src/map_builder/ikd_Tree.cpp: In instantiation of ‘int KD_TREE<PointType>::Add_Points(KD_TREE<PointType>::PointVector&, bool) [with PointType = pcl::PointXYZ; KD_TREE<PointType>::PointVector = std::vector<pcl::PointXYZ, Eigen::aligned_allocator<pcl::PointXYZ> >]’:
/home/jiaverso/Desktop/SparkCar_ROS2_WS/SparkCar_Perception/src/FASTLIO2_ROS2/fastlio2/src/map_builder/ikd_Tree.cpp:1730:16:   required from here
/home/jiaverso/Desktop/SparkCar_ROS2_WS/SparkCar_Perception/src/FASTLIO2_ROS2/fastlio2/src/map_builder/ikd_Tree.cpp:485:23: warning: comparison of integer expressions of different signedness: ‘int’ and ‘std::vector<pcl::PointXYZ, Eigen::aligned_allocator<pcl::PointXYZ> >::size_type’ {aka ‘long unsigned int’} [-Wsign-compare]
  485 |     for (int i = 0; i < PointToAdd.size(); i++)
      |                     ~~^~~~~~~~~~~~~~~~~~~
/home/jiaverso/Desktop/SparkCar_ROS2_WS/SparkCar_Perception/src/FASTLIO2_ROS2/fastlio2/src/map_builder/ikd_Tree.cpp:502:39: warning: comparison of integer expressions of different signedness: ‘int’ and ‘std::vector<pcl::PointXYZ, Eigen::aligned_allocator<pcl::PointXYZ> >::size_type’ {aka ‘long unsigned int’} [-Wsign-compare]
  502 |             for (int index = 0; index < Downsample_Storage.size(); index++)
      |                                 ~~~~~~^~~~~~~~~~~~~~~~~~~~~~~~~~~
/home/jiaverso/Desktop/SparkCar_ROS2_WS/SparkCar_Perception/src/FASTLIO2_ROS2/fastlio2/src/map_builder/ikd_Tree.cpp:478:9: warning: unused variable ‘NewPointSize’ [-Wunused-variable]
  478 |     int NewPointSize = PointToAdd.size();
      |         ^~~~~~~~~~~~
/home/jiaverso/Desktop/SparkCar_ROS2_WS/SparkCar_Perception/src/FASTLIO2_ROS2/fastlio2/src/map_builder/ikd_Tree.cpp:479:9: warning: unused variable ‘tree_size’ [-Wunused-variable]
  479 |     int tree_size = size();
      |         ^~~~~~~~~
/home/jiaverso/Desktop/SparkCar_ROS2_WS/SparkCar_Perception/src/FASTLIO2_ROS2/fastlio2/src/map_builder/ikd_Tree.cpp: In instantiation of ‘void KD_TREE<PointType>::Add_Point_Boxes(std::vector<BoxPointType>&) [with PointType = pcl::PointXYZ]’:
/home/jiaverso/Desktop/SparkCar_ROS2_WS/SparkCar_Perception/src/FASTLIO2_ROS2/fastlio2/src/map_builder/ikd_Tree.cpp:1730:16:   required from here
/home/jiaverso/Desktop/SparkCar_ROS2_WS/SparkCar_Perception/src/FASTLIO2_ROS2/fastlio2/src/map_builder/ikd_Tree.cpp:576:23: warning: comparison of integer expressions of different signedness: ‘int’ and ‘std::vector<BoxPointType>::size_type’ {aka ‘long unsigned int’} [-Wsign-compare]
  576 |     for (int i = 0; i < BoxPoints.size(); i++)
      |                     ~~^~~~~~~~~~~~~~~~~~
/home/jiaverso/Desktop/SparkCar_ROS2_WS/SparkCar_Perception/src/FASTLIO2_ROS2/fastlio2/src/map_builder/ikd_Tree.cpp: In instantiation of ‘void KD_TREE<PointType>::Delete_Points(KD_TREE<PointType>::PointVector&) [with PointType = pcl::PointXYZ; KD_TREE<PointType>::PointVector = std::vector<pcl::PointXYZ, Eigen::aligned_allocator<pcl::PointXYZ> >]’:
/home/jiaverso/Desktop/SparkCar_ROS2_WS/SparkCar_Perception/src/FASTLIO2_ROS2/fastlio2/src/map_builder/ikd_Tree.cpp:1730:16:   required from here
/home/jiaverso/Desktop/SparkCar_ROS2_WS/SparkCar_Perception/src/FASTLIO2_ROS2/fastlio2/src/map_builder/ikd_Tree.cpp:604:23: warning: comparison of integer expressions of different signedness: ‘int’ and ‘std::vector<pcl::PointXYZ, Eigen::aligned_allocator<pcl::PointXYZ> >::size_type’ {aka ‘long unsigned int’} [-Wsign-compare]
  604 |     for (int i = 0; i < PointToDel.size(); i++)
      |                     ~~^~~~~~~~~~~~~~~~~~~
/home/jiaverso/Desktop/SparkCar_ROS2_WS/SparkCar_Perception/src/FASTLIO2_ROS2/fastlio2/src/map_builder/ikd_Tree.cpp: In instantiation of ‘int KD_TREE<PointType>::Delete_Point_Boxes(std::vector<BoxPointType>&) [with PointType = pcl::PointXYZ]’:
/home/jiaverso/Desktop/SparkCar_ROS2_WS/SparkCar_Perception/src/FASTLIO2_ROS2/fastlio2/src/map_builder/ikd_Tree.cpp:1730:16:   required from here
/home/jiaverso/Desktop/SparkCar_ROS2_WS/SparkCar_Perception/src/FASTLIO2_ROS2/fastlio2/src/map_builder/ikd_Tree.cpp:633:23: warning: comparison of integer expressions of different signedness: ‘int’ and ‘std::vector<BoxPointType>::size_type’ {aka ‘long unsigned int’} [-Wsign-compare]
  633 |     for (int i = 0; i < BoxPoints.size(); i++)
      |                     ~~^~~~~~~~~~~~~~~~~~
/home/jiaverso/Desktop/SparkCar_ROS2_WS/SparkCar_Perception/src/FASTLIO2_ROS2/fastlio2/src/map_builder/ikd_Tree.cpp: In instantiation of ‘void KD_TREE<PointType>::acquire_removed_points(KD_TREE<PointType>::PointVector&) [with PointType = pcl::PointXYZ; KD_TREE<PointType>::PointVector = std::vector<pcl::PointXYZ, Eigen::aligned_allocator<pcl::PointXYZ> >]’:
/home/jiaverso/Desktop/SparkCar_ROS2_WS/SparkCar_Perception/src/FASTLIO2_ROS2/fastlio2/src/map_builder/ikd_Tree.cpp:1730:16:   required from here
/home/jiaverso/Desktop/SparkCar_ROS2_WS/SparkCar_Perception/src/FASTLIO2_ROS2/fastlio2/src/map_builder/ikd_Tree.cpp:662:23: warning: comparison of integer expressions of different signedness: ‘int’ and ‘std::vector<pcl::PointXYZ, Eigen::aligned_allocator<pcl::PointXYZ> >::size_type’ {aka ‘long unsigned int’} [-Wsign-compare]
  662 |     for (int i = 0; i < Points_deleted.size(); i++)
      |                     ~~^~~~~~~~~~~~~~~~~~~~~~~
/home/jiaverso/Desktop/SparkCar_ROS2_WS/SparkCar_Perception/src/FASTLIO2_ROS2/fastlio2/src/map_builder/ikd_Tree.cpp:666:23: warning: comparison of integer expressions of different signedness: ‘int’ and ‘std::vector<pcl::PointXYZ, Eigen::aligned_allocator<pcl::PointXYZ> >::size_type’ {aka ‘long unsigned int’} [-Wsign-compare]
  666 |     for (int i = 0; i < Multithread_Points_deleted.size(); i++)
      |                     ~~^~~~~~~~~~~~~~~~~~~~~~~~~~~~~~~~~~~
/home/jiaverso/Desktop/SparkCar_ROS2_WS/SparkCar_Perception/src/FASTLIO2_ROS2/fastlio2/src/map_builder/ikd_Tree.cpp: In instantiation of ‘void KD_TREE<PointType>::multi_thread_rebuild() [with PointType = pcl::PointXYZI]’:
/home/jiaverso/Desktop/SparkCar_ROS2_WS/SparkCar_Perception/src/FASTLIO2_ROS2/fastlio2/src/map_builder/ikd_Tree.cpp:1731:16:   required from here
/home/jiaverso/Desktop/SparkCar_ROS2_WS/SparkCar_Perception/src/FASTLIO2_ROS2/fastlio2/src/map_builder/ikd_Tree.cpp:329:17: warning: unused variable ‘valid_old’ [-Wunused-variable]
  329 |             int valid_old = old_root_node->TreeSize - old_root_node->invalid_point_num;
      |                 ^~~~~~~~~
/home/jiaverso/Desktop/SparkCar_ROS2_WS/SparkCar_Perception/src/FASTLIO2_ROS2/fastlio2/src/map_builder/ikd_Tree.cpp:330:17: warning: unused variable ‘valid_new’ [-Wunused-variable]
  330 |             int valid_new = new_root_node->TreeSize - new_root_node->invalid_point_num;
      |                 ^~~~~~~~~
/home/jiaverso/Desktop/SparkCar_ROS2_WS/SparkCar_Perception/src/FASTLIO2_ROS2/fastlio2/src/map_builder/ikd_Tree.cpp:231:33: warning: unused variable ‘new_node_ptr’ [-Wunused-variable]
  231 |     KD_TREE_NODE *father_ptr, **new_node_ptr;
      |                                 ^~~~~~~~~~~~
/home/jiaverso/Desktop/SparkCar_ROS2_WS/SparkCar_Perception/src/FASTLIO2_ROS2/fastlio2/src/map_builder/ikd_Tree.cpp: In instantiation of ‘void KD_TREE<PointType>::Rebuild(KD_TREE<PointType>::KD_TREE_NODE**) [with PointType = pcl::PointXYZI]’:
/home/jiaverso/Desktop/SparkCar_ROS2_WS/SparkCar_Perception/src/FASTLIO2_ROS2/fastlio2/src/map_builder/ikd_Tree.cpp:1731:16:   required from here
/home/jiaverso/Desktop/SparkCar_ROS2_WS/SparkCar_Perception/src/FASTLIO2_ROS2/fastlio2/src/map_builder/ikd_Tree.cpp:751:13: warning: unused variable ‘size_rec’ [-Wunused-variable]
  751 |         int size_rec = (*root)->TreeSize;
      |             ^~~~~~~~
/home/jiaverso/Desktop/SparkCar_ROS2_WS/SparkCar_Perception/src/FASTLIO2_ROS2/fastlio2/src/map_builder/ikd_Tree.cpp: In instantiation of ‘int KD_TREE<PointType>::Delete_by_range(KD_TREE<PointType>::KD_TREE_NODE**, BoxPointType, bool, bool) [with PointType = pcl::PointXYZI]’:
/home/jiaverso/Desktop/SparkCar_ROS2_WS/SparkCar_Perception/src/FASTLIO2_ROS2/fastlio2/src/map_builder/ikd_Tree.cpp:1731:16:   required from here
/home/jiaverso/Desktop/SparkCar_ROS2_WS/SparkCar_Perception/src/FASTLIO2_ROS2/fastlio2/src/map_builder/ikd_Tree.cpp:802:21: warning: unused variable ‘Timeout’ [-Wunused-variable]
  802 |     struct timespec Timeout;
      |                     ^~~~~~~
/home/jiaverso/Desktop/SparkCar_ROS2_WS/SparkCar_Perception/src/FASTLIO2_ROS2/fastlio2/src/map_builder/ikd_Tree.cpp: In instantiation of ‘void KD_TREE<PointType>::Delete_by_point(KD_TREE<PointType>::KD_TREE_NODE**, PointType, bool) [with PointType = pcl::PointXYZI]’:
/home/jiaverso/Desktop/SparkCar_ROS2_WS/SparkCar_Perception/src/FASTLIO2_ROS2/fastlio2/src/map_builder/ikd_Tree.cpp:1731:16:   required from here
/home/jiaverso/Desktop/SparkCar_ROS2_WS/SparkCar_Perception/src/FASTLIO2_ROS2/fastlio2/src/map_builder/ikd_Tree.cpp:867:21: warning: unused variable ‘Timeout’ [-Wunused-variable]
  867 |     struct timespec Timeout;
      |                     ^~~~~~~
/home/jiaverso/Desktop/SparkCar_ROS2_WS/SparkCar_Perception/src/FASTLIO2_ROS2/fastlio2/src/map_builder/ikd_Tree.cpp: In instantiation of ‘void KD_TREE<PointType>::Add_by_point(KD_TREE<PointType>::KD_TREE_NODE**, PointType, bool, int) [with PointType = pcl::PointXYZI]’:
/home/jiaverso/Desktop/SparkCar_ROS2_WS/SparkCar_Perception/src/FASTLIO2_ROS2/fastlio2/src/map_builder/ikd_Tree.cpp:1731:16:   required from here
/home/jiaverso/Desktop/SparkCar_ROS2_WS/SparkCar_Perception/src/FASTLIO2_ROS2/fastlio2/src/map_builder/ikd_Tree.cpp:1006:21: warning: unused variable ‘Timeout’ [-Wunused-variable]
 1006 |     struct timespec Timeout;
      |                     ^~~~~~~
/home/jiaverso/Desktop/SparkCar_ROS2_WS/SparkCar_Perception/src/FASTLIO2_ROS2/fastlio2/src/map_builder/ikd_Tree.cpp: In instantiation of ‘void KD_TREE<PointType>::Add_by_range(KD_TREE<PointType>::KD_TREE_NODE**, BoxPointType, bool) [with PointType = pcl::PointXYZI]’:
/home/jiaverso/Desktop/SparkCar_ROS2_WS/SparkCar_Perception/src/FASTLIO2_ROS2/fastlio2/src/map_builder/ikd_Tree.cpp:1731:16:   required from here
/home/jiaverso/Desktop/SparkCar_ROS2_WS/SparkCar_Perception/src/FASTLIO2_ROS2/fastlio2/src/map_builder/ikd_Tree.cpp:946:21: warning: unused variable ‘Timeout’ [-Wunused-variable]
  946 |     struct timespec Timeout;
      |                     ^~~~~~~
/home/jiaverso/Desktop/SparkCar_ROS2_WS/SparkCar_Perception/src/FASTLIO2_ROS2/fastlio2/src/map_builder/ikd_Tree.cpp: In instantiation of ‘void KD_TREE<PointType>::Search(KD_TREE<PointType>::KD_TREE_NODE*, int, PointType, KD_TREE<PointType>::MANUAL_HEAP&, float) [with PointType = pcl::PointXYZI]’:
/home/jiaverso/Desktop/SparkCar_ROS2_WS/SparkCar_Perception/src/FASTLIO2_ROS2/fastlio2/src/map_builder/ikd_Tree.cpp:1731:16:   required from here
/home/jiaverso/Desktop/SparkCar_ROS2_WS/SparkCar_Perception/src/FASTLIO2_ROS2/fastlio2/src/map_builder/ikd_Tree.cpp:1097:63: warning: suggest parentheses around ‘&&’ within ‘||’ [-Wparentheses]
 1097 |     if (q.size() < k_nearest || dist_left_node < q.top().dist && dist_right_node < q.top().dist)
      |                                 ~~~~~~~~~~~~~~~~~~~~~~~~~~~~~~^~~~~~~~~~~~~~~~~~~~~~~~~~~~~~~~~
/home/jiaverso/Desktop/SparkCar_ROS2_WS/SparkCar_Perception/src/FASTLIO2_ROS2/fastlio2/src/map_builder/ikd_Tree.cpp:1094:9: warning: unused variable ‘cur_search_counter’ [-Wunused-variable]
 1094 |     int cur_search_counter;
      |         ^~~~~~~~~~~~~~~~~~
/home/jiaverso/Desktop/SparkCar_ROS2_WS/SparkCar_Perception/src/FASTLIO2_ROS2/fastlio2/src/map_builder/ikd_Tree.cpp: In instantiation of ‘int KD_TREE<PointType>::Add_Points(KD_TREE<PointType>::PointVector&, bool) [with PointType = pcl::PointXYZI; KD_TREE<PointType>::PointVector = std::vector<pcl::PointXYZI, Eigen::aligned_allocator<pcl::PointXYZI> >]’:
/home/jiaverso/Desktop/SparkCar_ROS2_WS/SparkCar_Perception/src/FASTLIO2_ROS2/fastlio2/src/map_builder/ikd_Tree.cpp:1731:16:   required from here
/home/jiaverso/Desktop/SparkCar_ROS2_WS/SparkCar_Perception/src/FASTLIO2_ROS2/fastlio2/src/map_builder/ikd_Tree.cpp:485:23: warning: comparison of integer expressions of different signedness: ‘int’ and ‘std::vector<pcl::PointXYZI, Eigen::aligned_allocator<pcl::PointXYZI> >::size_type’ {aka ‘long unsigned int’} [-Wsign-compare]
  485 |     for (int i = 0; i < PointToAdd.size(); i++)
      |                     ~~^~~~~~~~~~~~~~~~~~~
/home/jiaverso/Desktop/SparkCar_ROS2_WS/SparkCar_Perception/src/FASTLIO2_ROS2/fastlio2/src/map_builder/ikd_Tree.cpp:502:39: warning: comparison of integer expressions of different signedness: ‘int’ and ‘std::vector<pcl::PointXYZI, Eigen::aligned_allocator<pcl::PointXYZI> >::size_type’ {aka ‘long unsigned int’} [-Wsign-compare]
  502 |             for (int index = 0; index < Downsample_Storage.size(); index++)
      |                                 ~~~~~~^~~~~~~~~~~~~~~~~~~~~~~~~~~
/home/jiaverso/Desktop/SparkCar_ROS2_WS/SparkCar_Perception/src/FASTLIO2_ROS2/fastlio2/src/map_builder/ikd_Tree.cpp:478:9: warning: unused variable ‘NewPointSize’ [-Wunused-variable]
  478 |     int NewPointSize = PointToAdd.size();
      |         ^~~~~~~~~~~~
/home/jiaverso/Desktop/SparkCar_ROS2_WS/SparkCar_Perception/src/FASTLIO2_ROS2/fastlio2/src/map_builder/ikd_Tree.cpp:479:9: warning: unused variable ‘tree_size’ [-Wunused-variable]
  479 |     int tree_size = size();
      |         ^~~~~~~~~
/home/jiaverso/Desktop/SparkCar_ROS2_WS/SparkCar_Perception/src/FASTLIO2_ROS2/fastlio2/src/map_builder/ikd_Tree.cpp: In instantiation of ‘void KD_TREE<PointType>::Add_Point_Boxes(std::vector<BoxPointType>&) [with PointType = pcl::PointXYZI]’:
/home/jiaverso/Desktop/SparkCar_ROS2_WS/SparkCar_Perception/src/FASTLIO2_ROS2/fastlio2/src/map_builder/ikd_Tree.cpp:1731:16:   required from here
/home/jiaverso/Desktop/SparkCar_ROS2_WS/SparkCar_Perception/src/FASTLIO2_ROS2/fastlio2/src/map_builder/ikd_Tree.cpp:576:23: warning: comparison of integer expressions of different signedness: ‘int’ and ‘std::vector<BoxPointType>::size_type’ {aka ‘long unsigned int’} [-Wsign-compare]
  576 |     for (int i = 0; i < BoxPoints.size(); i++)
      |                     ~~^~~~~~~~~~~~~~~~~~
/home/jiaverso/Desktop/SparkCar_ROS2_WS/SparkCar_Perception/src/FASTLIO2_ROS2/fastlio2/src/map_builder/ikd_Tree.cpp: In instantiation of ‘void KD_TREE<PointType>::Delete_Points(KD_TREE<PointType>::PointVector&) [with PointType = pcl::PointXYZI; KD_TREE<PointType>::PointVector = std::vector<pcl::PointXYZI, Eigen::aligned_allocator<pcl::PointXYZI> >]’:
/home/jiaverso/Desktop/SparkCar_ROS2_WS/SparkCar_Perception/src/FASTLIO2_ROS2/fastlio2/src/map_builder/ikd_Tree.cpp:1731:16:   required from here
/home/jiaverso/Desktop/SparkCar_ROS2_WS/SparkCar_Perception/src/FASTLIO2_ROS2/fastlio2/src/map_builder/ikd_Tree.cpp:604:23: warning: comparison of integer expressions of different signedness: ‘int’ and ‘std::vector<pcl::PointXYZI, Eigen::aligned_allocator<pcl::PointXYZI> >::size_type’ {aka ‘long unsigned int’} [-Wsign-compare]
  604 |     for (int i = 0; i < PointToDel.size(); i++)
      |                     ~~^~~~~~~~~~~~~~~~~~~
/home/jiaverso/Desktop/SparkCar_ROS2_WS/SparkCar_Perception/src/FASTLIO2_ROS2/fastlio2/src/map_builder/ikd_Tree.cpp: In instantiation of ‘int KD_TREE<PointType>::Delete_Point_Boxes(std::vector<BoxPointType>&) [with PointType = pcl::PointXYZI]’:
/home/jiaverso/Desktop/SparkCar_ROS2_WS/SparkCar_Perception/src/FASTLIO2_ROS2/fastlio2/src/map_builder/ikd_Tree.cpp:1731:16:   required from here
/home/jiaverso/Desktop/SparkCar_ROS2_WS/SparkCar_Perception/src/FASTLIO2_ROS2/fastlio2/src/map_builder/ikd_Tree.cpp:633:23: warning: comparison of integer expressions of different signedness: ‘int’ and ‘std::vector<BoxPointType>::size_type’ {aka ‘long unsigned int’} [-Wsign-compare]
  633 |     for (int i = 0; i < BoxPoints.size(); i++)
      |                     ~~^~~~~~~~~~~~~~~~~~
/home/jiaverso/Desktop/SparkCar_ROS2_WS/SparkCar_Perception/src/FASTLIO2_ROS2/fastlio2/src/map_builder/ikd_Tree.cpp: In instantiation of ‘void KD_TREE<PointType>::acquire_removed_points(KD_TREE<PointType>::PointVector&) [with PointType = pcl::PointXYZI; KD_TREE<PointType>::PointVector = std::vector<pcl::PointXYZI, Eigen::aligned_allocator<pcl::PointXYZI> >]’:
/home/jiaverso/Desktop/SparkCar_ROS2_WS/SparkCar_Perception/src/FASTLIO2_ROS2/fastlio2/src/map_builder/ikd_Tree.cpp:1731:16:   required from here
/home/jiaverso/Desktop/SparkCar_ROS2_WS/SparkCar_Perception/src/FASTLIO2_ROS2/fastlio2/src/map_builder/ikd_Tree.cpp:662:23: warning: comparison of integer expressions of different signedness: ‘int’ and ‘std::vector<pcl::PointXYZI, Eigen::aligned_allocator<pcl::PointXYZI> >::size_type’ {aka ‘long unsigned int’} [-Wsign-compare]
  662 |     for (int i = 0; i < Points_deleted.size(); i++)
      |                     ~~^~~~~~~~~~~~~~~~~~~~~~~
/home/jiaverso/Desktop/SparkCar_ROS2_WS/SparkCar_Perception/src/FASTLIO2_ROS2/fastlio2/src/map_builder/ikd_Tree.cpp:666:23: warning: comparison of integer expressions of different signedness: ‘int’ and ‘std::vector<pcl::PointXYZI, Eigen::aligned_allocator<pcl::PointXYZI> >::size_type’ {aka ‘long unsigned int’} [-Wsign-compare]
  666 |     for (int i = 0; i < Multithread_Points_deleted.size(); i++)
      |                     ~~^~~~~~~~~~~~~~~~~~~~~~~~~~~~~~~~~~~
/home/jiaverso/Desktop/SparkCar_ROS2_WS/SparkCar_Perception/src/FASTLIO2_ROS2/fastlio2/src/map_builder/ikd_Tree.cpp: In instantiation of ‘void KD_TREE<PointType>::multi_thread_rebuild() [with PointType = pcl::PointXYZINormal]’:
/home/jiaverso/Desktop/SparkCar_ROS2_WS/SparkCar_Perception/src/FASTLIO2_ROS2/fastlio2/src/map_builder/ikd_Tree.cpp:1732:16:   required from here
/home/jiaverso/Desktop/SparkCar_ROS2_WS/SparkCar_Perception/src/FASTLIO2_ROS2/fastlio2/src/map_builder/ikd_Tree.cpp:329:17: warning: unused variable ‘valid_old’ [-Wunused-variable]
  329 |             int valid_old = old_root_node->TreeSize - old_root_node->invalid_point_num;
      |                 ^~~~~~~~~
/home/jiaverso/Desktop/SparkCar_ROS2_WS/SparkCar_Perception/src/FASTLIO2_ROS2/fastlio2/src/map_builder/ikd_Tree.cpp:330:17: warning: unused variable ‘valid_new’ [-Wunused-variable]
  330 |             int valid_new = new_root_node->TreeSize - new_root_node->invalid_point_num;
      |                 ^~~~~~~~~
/home/jiaverso/Desktop/SparkCar_ROS2_WS/SparkCar_Perception/src/FASTLIO2_ROS2/fastlio2/src/map_builder/ikd_Tree.cpp:231:33: warning: unused variable ‘new_node_ptr’ [-Wunused-variable]
  231 |     KD_TREE_NODE *father_ptr, **new_node_ptr;
      |                                 ^~~~~~~~~~~~
/home/jiaverso/Desktop/SparkCar_ROS2_WS/SparkCar_Perception/src/FASTLIO2_ROS2/fastlio2/src/map_builder/ikd_Tree.cpp: In instantiation of ‘void KD_TREE<PointType>::Rebuild(KD_TREE<PointType>::KD_TREE_NODE**) [with PointType = pcl::PointXYZINormal]’:
/home/jiaverso/Desktop/SparkCar_ROS2_WS/SparkCar_Perception/src/FASTLIO2_ROS2/fastlio2/src/map_builder/ikd_Tree.cpp:1732:16:   required from here
/home/jiaverso/Desktop/SparkCar_ROS2_WS/SparkCar_Perception/src/FASTLIO2_ROS2/fastlio2/src/map_builder/ikd_Tree.cpp:751:13: warning: unused variable ‘size_rec’ [-Wunused-variable]
  751 |         int size_rec = (*root)->TreeSize;
      |             ^~~~~~~~
/home/jiaverso/Desktop/SparkCar_ROS2_WS/SparkCar_Perception/src/FASTLIO2_ROS2/fastlio2/src/map_builder/ikd_Tree.cpp: In instantiation of ‘int KD_TREE<PointType>::Delete_by_range(KD_TREE<PointType>::KD_TREE_NODE**, BoxPointType, bool, bool) [with PointType = pcl::PointXYZINormal]’:
/home/jiaverso/Desktop/SparkCar_ROS2_WS/SparkCar_Perception/src/FASTLIO2_ROS2/fastlio2/src/map_builder/ikd_Tree.cpp:1732:16:   required from here
/home/jiaverso/Desktop/SparkCar_ROS2_WS/SparkCar_Perception/src/FASTLIO2_ROS2/fastlio2/src/map_builder/ikd_Tree.cpp:802:21: warning: unused variable ‘Timeout’ [-Wunused-variable]
  802 |     struct timespec Timeout;
      |                     ^~~~~~~
/home/jiaverso/Desktop/SparkCar_ROS2_WS/SparkCar_Perception/src/FASTLIO2_ROS2/fastlio2/src/map_builder/ikd_Tree.cpp: In instantiation of ‘void KD_TREE<PointType>::Delete_by_point(KD_TREE<PointType>::KD_TREE_NODE**, PointType, bool) [with PointType = pcl::PointXYZINormal]’:
/home/jiaverso/Desktop/SparkCar_ROS2_WS/SparkCar_Perception/src/FASTLIO2_ROS2/fastlio2/src/map_builder/ikd_Tree.cpp:1732:16:   required from here
/home/jiaverso/Desktop/SparkCar_ROS2_WS/SparkCar_Perception/src/FASTLIO2_ROS2/fastlio2/src/map_builder/ikd_Tree.cpp:867:21: warning: unused variable ‘Timeout’ [-Wunused-variable]
  867 |     struct timespec Timeout;
      |                     ^~~~~~~
/home/jiaverso/Desktop/SparkCar_ROS2_WS/SparkCar_Perception/src/FASTLIO2_ROS2/fastlio2/src/map_builder/ikd_Tree.cpp: In instantiation of ‘void KD_TREE<PointType>::Add_by_point(KD_TREE<PointType>::KD_TREE_NODE**, PointType, bool, int) [with PointType = pcl::PointXYZINormal]’:
/home/jiaverso/Desktop/SparkCar_ROS2_WS/SparkCar_Perception/src/FASTLIO2_ROS2/fastlio2/src/map_builder/ikd_Tree.cpp:1732:16:   required from here
/home/jiaverso/Desktop/SparkCar_ROS2_WS/SparkCar_Perception/src/FASTLIO2_ROS2/fastlio2/src/map_builder/ikd_Tree.cpp:1006:21: warning: unused variable ‘Timeout’ [-Wunused-variable]
 1006 |     struct timespec Timeout;
      |                     ^~~~~~~
/home/jiaverso/Desktop/SparkCar_ROS2_WS/SparkCar_Perception/src/FASTLIO2_ROS2/fastlio2/src/map_builder/ikd_Tree.cpp: In instantiation of ‘void KD_TREE<PointType>::Add_by_range(KD_TREE<PointType>::KD_TREE_NODE**, BoxPointType, bool) [with PointType = pcl::PointXYZINormal]’:
/home/jiaverso/Desktop/SparkCar_ROS2_WS/SparkCar_Perception/src/FASTLIO2_ROS2/fastlio2/src/map_builder/ikd_Tree.cpp:1732:16:   required from here
/home/jiaverso/Desktop/SparkCar_ROS2_WS/SparkCar_Perception/src/FASTLIO2_ROS2/fastlio2/src/map_builder/ikd_Tree.cpp:946:21: warning: unused variable ‘Timeout’ [-Wunused-variable]
  946 |     struct timespec Timeout;
      |                     ^~~~~~~
/home/jiaverso/Desktop/SparkCar_ROS2_WS/SparkCar_Perception/src/FASTLIO2_ROS2/fastlio2/src/map_builder/ikd_Tree.cpp: In instantiation of ‘void KD_TREE<PointType>::Search(KD_TREE<PointType>::KD_TREE_NODE*, int, PointType, KD_TREE<PointType>::MANUAL_HEAP&, float) [with PointType = pcl::PointXYZINormal]’:
/home/jiaverso/Desktop/SparkCar_ROS2_WS/SparkCar_Perception/src/FASTLIO2_ROS2/fastlio2/src/map_builder/ikd_Tree.cpp:1732:16:   required from here
/home/jiaverso/Desktop/SparkCar_ROS2_WS/SparkCar_Perception/src/FASTLIO2_ROS2/fastlio2/src/map_builder/ikd_Tree.cpp:1097:63: warning: suggest parentheses around ‘&&’ within ‘||’ [-Wparentheses]
 1097 |     if (q.size() < k_nearest || dist_left_node < q.top().dist && dist_right_node < q.top().dist)
      |                                 ~~~~~~~~~~~~~~~~~~~~~~~~~~~~~~^~~~~~~~~~~~~~~~~~~~~~~~~~~~~~~~~
/home/jiaverso/Desktop/SparkCar_ROS2_WS/SparkCar_Perception/src/FASTLIO2_ROS2/fastlio2/src/map_builder/ikd_Tree.cpp:1094:9: warning: unused variable ‘cur_search_counter’ [-Wunused-variable]
 1094 |     int cur_search_counter;
      |         ^~~~~~~~~~~~~~~~~~
/home/jiaverso/Desktop/SparkCar_ROS2_WS/SparkCar_Perception/src/FASTLIO2_ROS2/fastlio2/src/map_builder/ikd_Tree.cpp: In instantiation of ‘int KD_TREE<PointType>::Add_Points(KD_TREE<PointType>::PointVector&, bool) [with PointType = pcl::PointXYZINormal; KD_TREE<PointType>::PointVector = std::vector<pcl::PointXYZINormal, Eigen::aligned_allocator<pcl::PointXYZINormal> >]’:
/home/jiaverso/Desktop/SparkCar_ROS2_WS/SparkCar_Perception/src/FASTLIO2_ROS2/fastlio2/src/map_builder/ikd_Tree.cpp:1732:16:   required from here
/home/jiaverso/Desktop/SparkCar_ROS2_WS/SparkCar_Perception/src/FASTLIO2_ROS2/fastlio2/src/map_builder/ikd_Tree.cpp:485:23: warning: comparison of integer expressions of different signedness: ‘int’ and ‘std::vector<pcl::PointXYZINormal, Eigen::aligned_allocator<pcl::PointXYZINormal> >::size_type’ {aka ‘long unsigned int’} [-Wsign-compare]
  485 |     for (int i = 0; i < PointToAdd.size(); i++)
      |                     ~~^~~~~~~~~~~~~~~~~~~
/home/jiaverso/Desktop/SparkCar_ROS2_WS/SparkCar_Perception/src/FASTLIO2_ROS2/fastlio2/src/map_builder/ikd_Tree.cpp:502:39: warning: comparison of integer expressions of different signedness: ‘int’ and ‘std::vector<pcl::PointXYZINormal, Eigen::aligned_allocator<pcl::PointXYZINormal> >::size_type’ {aka ‘long unsigned int’} [-Wsign-compare]
  502 |             for (int index = 0; index < Downsample_Storage.size(); index++)
      |                                 ~~~~~~^~~~~~~~~~~~~~~~~~~~~~~~~~~
/home/jiaverso/Desktop/SparkCar_ROS2_WS/SparkCar_Perception/src/FASTLIO2_ROS2/fastlio2/src/map_builder/ikd_Tree.cpp:478:9: warning: unused variable ‘NewPointSize’ [-Wunused-variable]
  478 |     int NewPointSize = PointToAdd.size();
      |         ^~~~~~~~~~~~
/home/jiaverso/Desktop/SparkCar_ROS2_WS/SparkCar_Perception/src/FASTLIO2_ROS2/fastlio2/src/map_builder/ikd_Tree.cpp:479:9: warning: unused variable ‘tree_size’ [-Wunused-variable]
  479 |     int tree_size = size();
      |         ^~~~~~~~~
/home/jiaverso/Desktop/SparkCar_ROS2_WS/SparkCar_Perception/src/FASTLIO2_ROS2/fastlio2/src/map_builder/ikd_Tree.cpp: In instantiation of ‘void KD_TREE<PointType>::Add_Point_Boxes(std::vector<BoxPointType>&) [with PointType = pcl::PointXYZINormal]’:
/home/jiaverso/Desktop/SparkCar_ROS2_WS/SparkCar_Perception/src/FASTLIO2_ROS2/fastlio2/src/map_builder/ikd_Tree.cpp:1732:16:   required from here
/home/jiaverso/Desktop/SparkCar_ROS2_WS/SparkCar_Perception/src/FASTLIO2_ROS2/fastlio2/src/map_builder/ikd_Tree.cpp:576:23: warning: comparison of integer expressions of different signedness: ‘int’ and ‘std::vector<BoxPointType>::size_type’ {aka ‘long unsigned int’} [-Wsign-compare]
  576 |     for (int i = 0; i < BoxPoints.size(); i++)
      |                     ~~^~~~~~~~~~~~~~~~~~
/home/jiaverso/Desktop/SparkCar_ROS2_WS/SparkCar_Perception/src/FASTLIO2_ROS2/fastlio2/src/map_builder/ikd_Tree.cpp: In instantiation of ‘void KD_TREE<PointType>::Delete_Points(KD_TREE<PointType>::PointVector&) [with PointType = pcl::PointXYZINormal; KD_TREE<PointType>::PointVector = std::vector<pcl::PointXYZINormal, Eigen::aligned_allocator<pcl::PointXYZINormal> >]’:
/home/jiaverso/Desktop/SparkCar_ROS2_WS/SparkCar_Perception/src/FASTLIO2_ROS2/fastlio2/src/map_builder/ikd_Tree.cpp:1732:16:   required from here
/home/jiaverso/Desktop/SparkCar_ROS2_WS/SparkCar_Perception/src/FASTLIO2_ROS2/fastlio2/src/map_builder/ikd_Tree.cpp:604:23: warning: comparison of integer expressions of different signedness: ‘int’ and ‘std::vector<pcl::PointXYZINormal, Eigen::aligned_allocator<pcl::PointXYZINormal> >::size_type’ {aka ‘long unsigned int’} [-Wsign-compare]
  604 |     for (int i = 0; i < PointToDel.size(); i++)
      |                     ~~^~~~~~~~~~~~~~~~~~~
/home/jiaverso/Desktop/SparkCar_ROS2_WS/SparkCar_Perception/src/FASTLIO2_ROS2/fastlio2/src/map_builder/ikd_Tree.cpp: In instantiation of ‘int KD_TREE<PointType>::Delete_Point_Boxes(std::vector<BoxPointType>&) [with PointType = pcl::PointXYZINormal]’:
/home/jiaverso/Desktop/SparkCar_ROS2_WS/SparkCar_Perception/src/FASTLIO2_ROS2/fastlio2/src/map_builder/ikd_Tree.cpp:1732:16:   required from here
/home/jiaverso/Desktop/SparkCar_ROS2_WS/SparkCar_Perception/src/FASTLIO2_ROS2/fastlio2/src/map_builder/ikd_Tree.cpp:633:23: warning: comparison of integer expressions of different signedness: ‘int’ and ‘std::vector<BoxPointType>::size_type’ {aka ‘long unsigned int’} [-Wsign-compare]
  633 |     for (int i = 0; i < BoxPoints.size(); i++)
      |                     ~~^~~~~~~~~~~~~~~~~~
/home/jiaverso/Desktop/SparkCar_ROS2_WS/SparkCar_Perception/src/FASTLIO2_ROS2/fastlio2/src/map_builder/ikd_Tree.cpp: In instantiation of ‘void KD_TREE<PointType>::acquire_removed_points(KD_TREE<PointType>::PointVector&) [with PointType = pcl::PointXYZINormal; KD_TREE<PointType>::PointVector = std::vector<pcl::PointXYZINormal, Eigen::aligned_allocator<pcl::PointXYZINormal> >]’:
/home/jiaverso/Desktop/SparkCar_ROS2_WS/SparkCar_Perception/src/FASTLIO2_ROS2/fastlio2/src/map_builder/ikd_Tree.cpp:1732:16:   required from here
/home/jiaverso/Desktop/SparkCar_ROS2_WS/SparkCar_Perception/src/FASTLIO2_ROS2/fastlio2/src/map_builder/ikd_Tree.cpp:662:23: warning: comparison of integer expressions of different signedness: ‘int’ and ‘std::vector<pcl::PointXYZINormal, Eigen::aligned_allocator<pcl::PointXYZINormal> >::size_type’ {aka ‘long unsigned int’} [-Wsign-compare]
  662 |     for (int i = 0; i < Points_deleted.size(); i++)
      |                     ~~^~~~~~~~~~~~~~~~~~~~~~~
/home/jiaverso/Desktop/SparkCar_ROS2_WS/SparkCar_Perception/src/FASTLIO2_ROS2/fastlio2/src/map_builder/ikd_Tree.cpp:666:23: warning: comparison of integer expressions of different signedness: ‘int’ and ‘std::vector<pcl::PointXYZINormal, Eigen::aligned_allocator<pcl::PointXYZINormal> >::size_type’ {aka ‘long unsigned int’} [-Wsign-compare]
  666 |     for (int i = 0; i < Multithread_Points_deleted.size(); i++)
      |                     ~~^~~~~~~~~~~~~~~~~~~~~~~~~~~~~~~~~~~
[100%] Linking CXX executable lio_node
[100%] Built target lio_node
-- Install configuration: "Release"
-- Execute custom install script
-- Symlinking: /home/jiaverso/Desktop/SparkCar_ROS2_WS/SparkCar_Perception/install/fastlio2/lib/fastlio2/lio_node
-- Symlinking: /home/jiaverso/Desktop/SparkCar_ROS2_WS/SparkCar_Perception/install/fastlio2/share/fastlio2/launch/lio_launch.py
-- Symlinking: /home/jiaverso/Desktop/SparkCar_ROS2_WS/SparkCar_Perception/install/fastlio2/share/fastlio2/rviz/fastlio2.rviz
-- Symlinking: /home/jiaverso/Desktop/SparkCar_ROS2_WS/SparkCar_Perception/install/fastlio2/share/fastlio2/config/lio.yaml
-- Symlinking: /home/jiaverso/Desktop/SparkCar_ROS2_WS/SparkCar_Perception/install/fastlio2/share/ament_index/resource_index/package_run_dependencies/fastlio2
-- Symlinking: /home/jiaverso/Desktop/SparkCar_ROS2_WS/SparkCar_Perception/install/fastlio2/share/ament_index/resource_index/parent_prefix_path/fastlio2
-- Symlinking: /home/jiaverso/Desktop/SparkCar_ROS2_WS/SparkCar_Perception/install/fastlio2/share/fastlio2/environment/ament_prefix_path.sh
-- Symlinking: /home/jiaverso/Desktop/SparkCar_ROS2_WS/SparkCar_Perception/install/fastlio2/share/fastlio2/environment/ament_prefix_path.dsv
-- Symlinking: /home/jiaverso/Desktop/SparkCar_ROS2_WS/SparkCar_Perception/install/fastlio2/share/fastlio2/environment/path.sh
-- Symlinking: /home/jiaverso/Desktop/SparkCar_ROS2_WS/SparkCar_Perception/install/fastlio2/share/fastlio2/environment/path.dsv
-- Symlinking: /home/jiaverso/Desktop/SparkCar_ROS2_WS/SparkCar_Perception/install/fastlio2/share/fastlio2/local_setup.bash
-- Symlinking: /home/jiaverso/Desktop/SparkCar_ROS2_WS/SparkCar_Perception/install/fastlio2/share/fastlio2/local_setup.sh
-- Symlinking: /home/jiaverso/Desktop/SparkCar_ROS2_WS/SparkCar_Perception/install/fastlio2/share/fastlio2/local_setup.zsh
-- Symlinking: /home/jiaverso/Desktop/SparkCar_ROS2_WS/SparkCar_Perception/install/fastlio2/share/fastlio2/local_setup.dsv
-- Symlinking: /home/jiaverso/Desktop/SparkCar_ROS2_WS/SparkCar_Perception/install/fastlio2/share/fastlio2/package.dsv
-- Symlinking: /home/jiaverso/Desktop/SparkCar_ROS2_WS/SparkCar_Perception/install/fastlio2/share/ament_index/resource_index/packages/fastlio2
-- Symlinking: /home/jiaverso/Desktop/SparkCar_ROS2_WS/SparkCar_Perception/install/fastlio2/share/fastlio2/cmake/fastlio2Config.cmake
-- Symlinking: /home/jiaverso/Desktop/SparkCar_ROS2_WS/SparkCar_Perception/install/fastlio2/share/fastlio2/cmake/fastlio2Config-version.cmake
-- Symlinking: /home/jiaverso/Desktop/SparkCar_ROS2_WS/SparkCar_Perception/install/fastlio2/share/fastlio2/package.xml
