[0.015s] Invoking command in '/home/jiaverso/Desktop/SparkCar_ROS2_WS/SparkCar_Navigation/build/hybrid_astar_planner': CMAKE_PREFIX_PATH=${CMAKE_PREFIX_PATH}:/opt/ros/humble /usr/bin/cmake --build /home/jiaverso/Desktop/SparkCar_ROS2_WS/SparkCar_Navigation/build/hybrid_astar_planner -- -j8 -l8
[0.061s] [ 50%] [32mBuilding CXX object CMakeFiles/a_star_demo.dir/src/a_star.cpp.o[0m
[10.327s] [100%] [32m[1mLinking CXX executable a_star_demo[0m
[10.908s] [100%] Built target a_star_demo
[10.918s] Invoked command in '/home/jiaverso/Desktop/SparkCar_ROS2_WS/SparkCar_Navigation/build/hybrid_astar_planner' returned '0': CMAKE_PREFIX_PATH=${CMAKE_PREFIX_PATH}:/opt/ros/humble /usr/bin/cmake --build /home/jiaverso/Desktop/SparkCar_ROS2_WS/SparkCar_Navigation/build/hybrid_astar_planner -- -j8 -l8
[10.927s] Invoking command in '/home/jiaverso/Desktop/SparkCar_ROS2_WS/SparkCar_Navigation/build/hybrid_astar_planner': CMAKE_PREFIX_PATH=${CMAKE_PREFIX_PATH}:/opt/ros/humble /usr/bin/cmake --install /home/jiaverso/Desktop/SparkCar_ROS2_WS/SparkCar_Navigation/build/hybrid_astar_planner
[10.932s] -- Install configuration: ""
[10.932s] -- Execute custom install script
[10.932s] -- Up-to-date symlink: /home/jiaverso/Desktop/SparkCar_ROS2_WS/SparkCar_Navigation/install/hybrid_astar_planner/lib/hybrid_astar_planner/a_star_demo
[10.932s] -- Up-to-date symlink: /home/jiaverso/Desktop/SparkCar_ROS2_WS/SparkCar_Navigation/install/hybrid_astar_planner/share/hybrid_astar_planner/launch/hybrid_astar_test.py
[10.932s] -- Up-to-date symlink: /home/jiaverso/Desktop/SparkCar_ROS2_WS/SparkCar_Navigation/install/hybrid_astar_planner/share/hybrid_astar_planner/config/hybrid_astar_params.yaml
[10.933s] -- Up-to-date symlink: /home/jiaverso/Desktop/SparkCar_ROS2_WS/SparkCar_Navigation/install/hybrid_astar_planner/share/hybrid_astar_planner/rviz/hybrid_astar.rviz
[10.933s] -- Up-to-date symlink: /home/jiaverso/Desktop/SparkCar_ROS2_WS/SparkCar_Navigation/install/hybrid_astar_planner/share/ament_index/resource_index/package_run_dependencies/hybrid_astar_planner
[10.933s] -- Up-to-date symlink: /home/jiaverso/Desktop/SparkCar_ROS2_WS/SparkCar_Navigation/install/hybrid_astar_planner/share/ament_index/resource_index/parent_prefix_path/hybrid_astar_planner
[10.933s] -- Up-to-date symlink: /home/jiaverso/Desktop/SparkCar_ROS2_WS/SparkCar_Navigation/install/hybrid_astar_planner/share/hybrid_astar_planner/environment/ament_prefix_path.sh
[10.933s] -- Up-to-date symlink: /home/jiaverso/Desktop/SparkCar_ROS2_WS/SparkCar_Navigation/install/hybrid_astar_planner/share/hybrid_astar_planner/environment/ament_prefix_path.dsv
[10.933s] -- Up-to-date symlink: /home/jiaverso/Desktop/SparkCar_ROS2_WS/SparkCar_Navigation/install/hybrid_astar_planner/share/hybrid_astar_planner/environment/path.sh
[10.933s] -- Up-to-date symlink: /home/jiaverso/Desktop/SparkCar_ROS2_WS/SparkCar_Navigation/install/hybrid_astar_planner/share/hybrid_astar_planner/environment/path.dsv
[10.933s] -- Up-to-date symlink: /home/jiaverso/Desktop/SparkCar_ROS2_WS/SparkCar_Navigation/install/hybrid_astar_planner/share/hybrid_astar_planner/local_setup.bash
[10.933s] -- Up-to-date symlink: /home/jiaverso/Desktop/SparkCar_ROS2_WS/SparkCar_Navigation/install/hybrid_astar_planner/share/hybrid_astar_planner/local_setup.sh
[10.934s] -- Up-to-date symlink: /home/jiaverso/Desktop/SparkCar_ROS2_WS/SparkCar_Navigation/install/hybrid_astar_planner/share/hybrid_astar_planner/local_setup.zsh
[10.934s] -- Up-to-date symlink: /home/jiaverso/Desktop/SparkCar_ROS2_WS/SparkCar_Navigation/install/hybrid_astar_planner/share/hybrid_astar_planner/local_setup.dsv
[10.934s] -- Symlinking: /home/jiaverso/Desktop/SparkCar_ROS2_WS/SparkCar_Navigation/install/hybrid_astar_planner/share/hybrid_astar_planner/package.dsv
[10.942s] -- Up-to-date symlink: /home/jiaverso/Desktop/SparkCar_ROS2_WS/SparkCar_Navigation/install/hybrid_astar_planner/share/ament_index/resource_index/packages/hybrid_astar_planner
[10.942s] -- Up-to-date symlink: /home/jiaverso/Desktop/SparkCar_ROS2_WS/SparkCar_Navigation/install/hybrid_astar_planner/share/hybrid_astar_planner/cmake/hybrid_astar_plannerConfig.cmake
[10.942s] -- Up-to-date symlink: /home/jiaverso/Desktop/SparkCar_ROS2_WS/SparkCar_Navigation/install/hybrid_astar_planner/share/hybrid_astar_planner/cmake/hybrid_astar_plannerConfig-version.cmake
[10.942s] -- Up-to-date symlink: /home/jiaverso/Desktop/SparkCar_ROS2_WS/SparkCar_Navigation/install/hybrid_astar_planner/share/hybrid_astar_planner/package.xml
[10.943s] Invoked command in '/home/jiaverso/Desktop/SparkCar_ROS2_WS/SparkCar_Navigation/build/hybrid_astar_planner' returned '0': CMAKE_PREFIX_PATH=${CMAKE_PREFIX_PATH}:/opt/ros/humble /usr/bin/cmake --install /home/jiaverso/Desktop/SparkCar_ROS2_WS/SparkCar_Navigation/build/hybrid_astar_planner
