[0.070s] DEBUG:colcon:Command line arguments: ['/usr/bin/colcon', 'build', '--packages-select', 'hunter_base', '--symlink-install']
[0.070s] DEBUG:colcon:Parsed command line arguments: Namespace(log_base=None, log_level=None, verb_name='build', build_base='build', install_base='install', merge_install=False, symlink_install=True, test_result_base=None, continue_on_error=False, executor='parallel', parallel_workers=8, event_handlers=None, ignore_user_meta=False, metas=['./colcon.meta'], base_paths=['.'], packages_ignore=None, packages_ignore_regex=None, paths=None, packages_up_to=None, packages_up_to_regex=None, packages_above=None, packages_above_and_dependencies=None, packages_above_depth=None, packages_select_by_dep=None, packages_skip_by_dep=None, packages_skip_up_to=None, packages_select_build_failed=False, packages_skip_build_finished=False, packages_select_test_failures=False, packages_skip_test_passed=False, packages_select=['hunter_base'], packages_skip=None, packages_select_regex=None, packages_skip_regex=None, packages_start=None, packages_end=None, allow_overriding=[], cmake_args=None, cmake_target=None, cmake_target_skip_unavailable=False, cmake_clean_cache=False, cmake_clean_first=False, cmake_force_configure=False, ament_cmake_args=None, catkin_cmake_args=None, catkin_skip_building_tests=False, verb_parser=<colcon_defaults.argument_parser.defaults.DefaultArgumentsDecorator object at 0x71a94ee37fd0>, verb_extension=<colcon_core.verb.build.BuildVerb object at 0x71a94ef714e0>, main=<bound method BuildVerb.main of <colcon_core.verb.build.BuildVerb object at 0x71a94ef714e0>>)
[0.184s] Level 1:colcon.colcon_core.package_discovery:discover_packages(colcon_meta) check parameters
[0.184s] Level 1:colcon.colcon_core.package_discovery:discover_packages(recursive) check parameters
[0.184s] Level 1:colcon.colcon_core.package_discovery:discover_packages(ignore) check parameters
[0.184s] Level 1:colcon.colcon_core.package_discovery:discover_packages(path) check parameters
[0.184s] Level 1:colcon.colcon_core.package_discovery:discover_packages(colcon_meta) discover
[0.184s] Level 1:colcon.colcon_core.package_discovery:discover_packages(recursive) discover
[0.184s] INFO:colcon.colcon_core.package_discovery:Crawling recursively for packages in '/home/jiaverso/Desktop/SparkCar_ROS2_WS/HunterSE_Driver'
[0.184s] Level 1:colcon.colcon_core.package_identification:_identify(.) by extensions ['ignore', 'ignore_ament_install']
[0.184s] Level 1:colcon.colcon_core.package_identification:_identify(.) by extension 'ignore'
[0.185s] Level 1:colcon.colcon_core.package_identification:_identify(.) by extension 'ignore_ament_install'
[0.185s] Level 1:colcon.colcon_core.package_identification:_identify(.) by extensions ['colcon_pkg']
[0.185s] Level 1:colcon.colcon_core.package_identification:_identify(.) by extension 'colcon_pkg'
[0.185s] Level 1:colcon.colcon_core.package_identification:_identify(.) by extensions ['colcon_meta']
[0.185s] Level 1:colcon.colcon_core.package_identification:_identify(.) by extension 'colcon_meta'
[0.185s] Level 1:colcon.colcon_core.package_identification:_identify(.) by extensions ['ros']
[0.185s] Level 1:colcon.colcon_core.package_identification:_identify(.) by extension 'ros'
[0.192s] Level 1:colcon.colcon_core.package_identification:_identify(.) by extensions ['cmake', 'python']
[0.192s] Level 1:colcon.colcon_core.package_identification:_identify(.) by extension 'cmake'
[0.193s] Level 1:colcon.colcon_core.package_identification:_identify(.) by extension 'python'
[0.193s] Level 1:colcon.colcon_core.package_identification:_identify(.) by extensions ['python_setup_py']
[0.193s] Level 1:colcon.colcon_core.package_identification:_identify(.) by extension 'python_setup_py'
[0.193s] Level 1:colcon.colcon_core.package_identification:_identify(build) by extensions ['ignore', 'ignore_ament_install']
[0.193s] Level 1:colcon.colcon_core.package_identification:_identify(build) by extension 'ignore'
[0.193s] Level 1:colcon.colcon_core.package_identification:_identify(build) ignored
[0.193s] Level 1:colcon.colcon_core.package_identification:_identify(install) by extensions ['ignore', 'ignore_ament_install']
[0.193s] Level 1:colcon.colcon_core.package_identification:_identify(install) by extension 'ignore'
[0.193s] Level 1:colcon.colcon_core.package_identification:_identify(install) ignored
[0.193s] Level 1:colcon.colcon_core.package_identification:_identify(log) by extensions ['ignore', 'ignore_ament_install']
[0.193s] Level 1:colcon.colcon_core.package_identification:_identify(log) by extension 'ignore'
[0.193s] Level 1:colcon.colcon_core.package_identification:_identify(log) ignored
[0.194s] Level 1:colcon.colcon_core.package_identification:_identify(src) by extensions ['ignore', 'ignore_ament_install']
[0.194s] Level 1:colcon.colcon_core.package_identification:_identify(src) by extension 'ignore'
[0.194s] Level 1:colcon.colcon_core.package_identification:_identify(src) by extension 'ignore_ament_install'
[0.194s] Level 1:colcon.colcon_core.package_identification:_identify(src) by extensions ['colcon_pkg']
[0.194s] Level 1:colcon.colcon_core.package_identification:_identify(src) by extension 'colcon_pkg'
[0.194s] Level 1:colcon.colcon_core.package_identification:_identify(src) by extensions ['colcon_meta']
[0.194s] Level 1:colcon.colcon_core.package_identification:_identify(src) by extension 'colcon_meta'
[0.194s] Level 1:colcon.colcon_core.package_identification:_identify(src) by extensions ['ros']
[0.194s] Level 1:colcon.colcon_core.package_identification:_identify(src) by extension 'ros'
[0.194s] Level 1:colcon.colcon_core.package_identification:_identify(src) by extensions ['cmake', 'python']
[0.194s] Level 1:colcon.colcon_core.package_identification:_identify(src) by extension 'cmake'
[0.194s] Level 1:colcon.colcon_core.package_identification:_identify(src) by extension 'python'
[0.194s] Level 1:colcon.colcon_core.package_identification:_identify(src) by extensions ['python_setup_py']
[0.194s] Level 1:colcon.colcon_core.package_identification:_identify(src) by extension 'python_setup_py'
[0.194s] Level 1:colcon.colcon_core.package_identification:_identify(src/hunter_ros2) by extensions ['ignore', 'ignore_ament_install']
[0.194s] Level 1:colcon.colcon_core.package_identification:_identify(src/hunter_ros2) by extension 'ignore'
[0.194s] Level 1:colcon.colcon_core.package_identification:_identify(src/hunter_ros2) by extension 'ignore_ament_install'
[0.194s] Level 1:colcon.colcon_core.package_identification:_identify(src/hunter_ros2) by extensions ['colcon_pkg']
[0.194s] Level 1:colcon.colcon_core.package_identification:_identify(src/hunter_ros2) by extension 'colcon_pkg'
[0.195s] Level 1:colcon.colcon_core.package_identification:_identify(src/hunter_ros2) by extensions ['colcon_meta']
[0.195s] Level 1:colcon.colcon_core.package_identification:_identify(src/hunter_ros2) by extension 'colcon_meta'
[0.195s] Level 1:colcon.colcon_core.package_identification:_identify(src/hunter_ros2) by extensions ['ros']
[0.195s] Level 1:colcon.colcon_core.package_identification:_identify(src/hunter_ros2) by extension 'ros'
[0.195s] Level 1:colcon.colcon_core.package_identification:_identify(src/hunter_ros2) by extensions ['cmake', 'python']
[0.195s] Level 1:colcon.colcon_core.package_identification:_identify(src/hunter_ros2) by extension 'cmake'
[0.195s] Level 1:colcon.colcon_core.package_identification:_identify(src/hunter_ros2) by extension 'python'
[0.195s] Level 1:colcon.colcon_core.package_identification:_identify(src/hunter_ros2) by extensions ['python_setup_py']
[0.195s] Level 1:colcon.colcon_core.package_identification:_identify(src/hunter_ros2) by extension 'python_setup_py'
[0.195s] Level 1:colcon.colcon_core.package_identification:_identify(src/hunter_ros2/hunter_base) by extensions ['ignore', 'ignore_ament_install']
[0.195s] Level 1:colcon.colcon_core.package_identification:_identify(src/hunter_ros2/hunter_base) by extension 'ignore'
[0.195s] Level 1:colcon.colcon_core.package_identification:_identify(src/hunter_ros2/hunter_base) by extension 'ignore_ament_install'
[0.195s] Level 1:colcon.colcon_core.package_identification:_identify(src/hunter_ros2/hunter_base) by extensions ['colcon_pkg']
[0.195s] Level 1:colcon.colcon_core.package_identification:_identify(src/hunter_ros2/hunter_base) by extension 'colcon_pkg'
[0.195s] Level 1:colcon.colcon_core.package_identification:_identify(src/hunter_ros2/hunter_base) by extensions ['colcon_meta']
[0.195s] Level 1:colcon.colcon_core.package_identification:_identify(src/hunter_ros2/hunter_base) by extension 'colcon_meta'
[0.195s] Level 1:colcon.colcon_core.package_identification:_identify(src/hunter_ros2/hunter_base) by extensions ['ros']
[0.195s] Level 1:colcon.colcon_core.package_identification:_identify(src/hunter_ros2/hunter_base) by extension 'ros'
[0.198s] DEBUG:colcon.colcon_core.package_identification:Package 'src/hunter_ros2/hunter_base' with type 'ros.ament_cmake' and name 'hunter_base'
[0.198s] Level 1:colcon.colcon_core.package_identification:_identify(src/hunter_ros2/hunter_msgs) by extensions ['ignore', 'ignore_ament_install']
[0.198s] Level 1:colcon.colcon_core.package_identification:_identify(src/hunter_ros2/hunter_msgs) by extension 'ignore'
[0.198s] Level 1:colcon.colcon_core.package_identification:_identify(src/hunter_ros2/hunter_msgs) by extension 'ignore_ament_install'
[0.198s] Level 1:colcon.colcon_core.package_identification:_identify(src/hunter_ros2/hunter_msgs) by extensions ['colcon_pkg']
[0.198s] Level 1:colcon.colcon_core.package_identification:_identify(src/hunter_ros2/hunter_msgs) by extension 'colcon_pkg'
[0.198s] Level 1:colcon.colcon_core.package_identification:_identify(src/hunter_ros2/hunter_msgs) by extensions ['colcon_meta']
[0.198s] Level 1:colcon.colcon_core.package_identification:_identify(src/hunter_ros2/hunter_msgs) by extension 'colcon_meta'
[0.198s] Level 1:colcon.colcon_core.package_identification:_identify(src/hunter_ros2/hunter_msgs) by extensions ['ros']
[0.199s] Level 1:colcon.colcon_core.package_identification:_identify(src/hunter_ros2/hunter_msgs) by extension 'ros'
[0.200s] DEBUG:colcon.colcon_core.package_identification:Package 'src/hunter_ros2/hunter_msgs' with type 'ros.ament_cmake' and name 'hunter_msgs'
[0.201s] Level 1:colcon.colcon_core.package_identification:_identify(src/ugv_sdk) by extensions ['ignore', 'ignore_ament_install']
[0.201s] Level 1:colcon.colcon_core.package_identification:_identify(src/ugv_sdk) by extension 'ignore'
[0.201s] Level 1:colcon.colcon_core.package_identification:_identify(src/ugv_sdk) by extension 'ignore_ament_install'
[0.201s] Level 1:colcon.colcon_core.package_identification:_identify(src/ugv_sdk) by extensions ['colcon_pkg']
[0.201s] Level 1:colcon.colcon_core.package_identification:_identify(src/ugv_sdk) by extension 'colcon_pkg'
[0.201s] Level 1:colcon.colcon_core.package_identification:_identify(src/ugv_sdk) by extensions ['colcon_meta']
[0.201s] Level 1:colcon.colcon_core.package_identification:_identify(src/ugv_sdk) by extension 'colcon_meta'
[0.201s] Level 1:colcon.colcon_core.package_identification:_identify(src/ugv_sdk) by extensions ['ros']
[0.201s] Level 1:colcon.colcon_core.package_identification:_identify(src/ugv_sdk) by extension 'ros'
[0.203s] DEBUG:colcon.colcon_core.package_identification:Package 'src/ugv_sdk' with type 'ros.catkin' and name 'ugv_sdk'
[0.203s] Level 1:colcon.colcon_core.package_discovery:discover_packages(recursive) using defaults
[0.203s] Level 1:colcon.colcon_core.package_discovery:discover_packages(ignore) discover
[0.203s] Level 1:colcon.colcon_core.package_discovery:discover_packages(ignore) using defaults
[0.203s] Level 1:colcon.colcon_core.package_discovery:discover_packages(path) discover
[0.203s] Level 1:colcon.colcon_core.package_discovery:discover_packages(path) using defaults
[0.226s] INFO:colcon.colcon_core.package_selection:Skipping not selected package 'hunter_msgs' in 'src/hunter_ros2/hunter_msgs'
[0.226s] INFO:colcon.colcon_core.package_selection:Skipping not selected package 'ugv_sdk' in 'src/ugv_sdk'
[0.226s] Level 1:colcon.colcon_core.package_discovery:discover_packages(prefix_path) check parameters
[0.226s] Level 1:colcon.colcon_core.package_discovery:discover_packages(prefix_path) discover
[0.227s] DEBUG:colcon.colcon_installed_package_information.package_discovery:Found 1 installed packages in /home/jiaverso/Desktop/SparkCar_ROS2_WS/SparkCar_Tools/install
[0.228s] DEBUG:colcon.colcon_installed_package_information.package_discovery:Found 6 installed packages in /home/jiaverso/Desktop/SparkCar_ROS2_WS/SparkCar_Perception/install
[0.229s] DEBUG:colcon.colcon_installed_package_information.package_discovery:Found 329 installed packages in /opt/ros/humble
[0.230s] Level 1:colcon.colcon_core.package_discovery:discover_packages(prefix_path) using defaults
[0.257s] Level 5:colcon.colcon_core.verb:set package 'hunter_base' build argument 'cmake_args' from command line to 'None'
[0.257s] Level 5:colcon.colcon_core.verb:set package 'hunter_base' build argument 'cmake_target' from command line to 'None'
[0.257s] Level 5:colcon.colcon_core.verb:set package 'hunter_base' build argument 'cmake_target_skip_unavailable' from command line to 'False'
[0.257s] Level 5:colcon.colcon_core.verb:set package 'hunter_base' build argument 'cmake_clean_cache' from command line to 'False'
[0.257s] Level 5:colcon.colcon_core.verb:set package 'hunter_base' build argument 'cmake_clean_first' from command line to 'False'
[0.257s] Level 5:colcon.colcon_core.verb:set package 'hunter_base' build argument 'cmake_force_configure' from command line to 'False'
[0.257s] Level 5:colcon.colcon_core.verb:set package 'hunter_base' build argument 'ament_cmake_args' from command line to 'None'
[0.257s] Level 5:colcon.colcon_core.verb:set package 'hunter_base' build argument 'catkin_cmake_args' from command line to 'None'
[0.257s] Level 5:colcon.colcon_core.verb:set package 'hunter_base' build argument 'catkin_skip_building_tests' from command line to 'False'
[0.257s] DEBUG:colcon.colcon_core.verb:Building package 'hunter_base' with the following arguments: {'ament_cmake_args': None, 'build_base': '/home/jiaverso/Desktop/SparkCar_ROS2_WS/HunterSE_Driver/build/hunter_base', 'catkin_cmake_args': None, 'catkin_skip_building_tests': False, 'cmake_args': None, 'cmake_clean_cache': False, 'cmake_clean_first': False, 'cmake_force_configure': False, 'cmake_target': None, 'cmake_target_skip_unavailable': False, 'install_base': '/home/jiaverso/Desktop/SparkCar_ROS2_WS/HunterSE_Driver/install/hunter_base', 'merge_install': False, 'path': '/home/jiaverso/Desktop/SparkCar_ROS2_WS/HunterSE_Driver/src/hunter_ros2/hunter_base', 'symlink_install': True, 'test_result_base': None}
[0.258s] INFO:colcon.colcon_core.executor:Executing jobs using 'parallel' executor
[0.258s] DEBUG:colcon.colcon_parallel_executor.executor.parallel:run_until_complete
[0.258s] INFO:colcon.colcon_ros.task.ament_cmake.build:Building ROS package in '/home/jiaverso/Desktop/SparkCar_ROS2_WS/HunterSE_Driver/src/hunter_ros2/hunter_base' with build type 'ament_cmake'
[0.259s] INFO:colcon.colcon_cmake.task.cmake.build:Building CMake package in '/home/jiaverso/Desktop/SparkCar_ROS2_WS/HunterSE_Driver/src/hunter_ros2/hunter_base'
[0.260s] INFO:colcon.colcon_core.plugin_system:Skipping extension 'colcon_core.shell.bat': Not used on non-Windows systems
[0.260s] INFO:colcon.colcon_core.shell:Skip shell extension 'powershell' for command environment: Not usable outside of PowerShell
[0.260s] DEBUG:colcon.colcon_core.shell:Skip shell extension 'dsv' for command environment
[0.272s] DEBUG:colcon.colcon_core.event_handler.log_command:Invoking command in '/home/jiaverso/Desktop/SparkCar_ROS2_WS/HunterSE_Driver/build/hunter_base': AMENT_PREFIX_PATH=/home/jiaverso/Desktop/SparkCar_ROS2_WS/HunterSE_Driver/install/hunter_msgs:${AMENT_PREFIX_PATH} CMAKE_PREFIX_PATH=/opt/ros/humble:/home/jiaverso/Desktop/SparkCar_ROS2_WS/HunterSE_Driver/install/ugv_sdk:/home/jiaverso/Desktop/SparkCar_ROS2_WS/HunterSE_Driver/install/hunter_msgs:${CMAKE_PREFIX_PATH} LD_LIBRARY_PATH=/home/jiaverso/Desktop/SparkCar_ROS2_WS/HunterSE_Driver/install/hunter_msgs/lib:${LD_LIBRARY_PATH} PKG_CONFIG_PATH=/home/jiaverso/Desktop/SparkCar_ROS2_WS/HunterSE_Driver/install/ugv_sdk/lib/x86_64-linux-gnu/pkgconfig:/home/jiaverso/Desktop/SparkCar_ROS2_WS/HunterSE_Driver/install/ugv_sdk/lib/pkgconfig PYTHONPATH=/home/jiaverso/Desktop/SparkCar_ROS2_WS/HunterSE_Driver/install/hunter_msgs/local/lib/python3.10/dist-packages:${PYTHONPATH} ROS_PACKAGE_PATH=/home/jiaverso/Desktop/SparkCar_ROS2_WS/HunterSE_Driver/install/ugv_sdk/share /usr/bin/cmake /home/jiaverso/Desktop/SparkCar_ROS2_WS/HunterSE_Driver/src/hunter_ros2/hunter_base -DAMENT_CMAKE_SYMLINK_INSTALL=1 -DCMAKE_INSTALL_PREFIX=/home/jiaverso/Desktop/SparkCar_ROS2_WS/HunterSE_Driver/install/hunter_base
[0.757s] DEBUG:colcon.colcon_core.event_handler.log_command:Invoked command in '/home/jiaverso/Desktop/SparkCar_ROS2_WS/HunterSE_Driver/build/hunter_base' returned '0': AMENT_PREFIX_PATH=/home/jiaverso/Desktop/SparkCar_ROS2_WS/HunterSE_Driver/install/hunter_msgs:${AMENT_PREFIX_PATH} CMAKE_PREFIX_PATH=/opt/ros/humble:/home/jiaverso/Desktop/SparkCar_ROS2_WS/HunterSE_Driver/install/ugv_sdk:/home/jiaverso/Desktop/SparkCar_ROS2_WS/HunterSE_Driver/install/hunter_msgs:${CMAKE_PREFIX_PATH} LD_LIBRARY_PATH=/home/jiaverso/Desktop/SparkCar_ROS2_WS/HunterSE_Driver/install/hunter_msgs/lib:${LD_LIBRARY_PATH} PKG_CONFIG_PATH=/home/jiaverso/Desktop/SparkCar_ROS2_WS/HunterSE_Driver/install/ugv_sdk/lib/x86_64-linux-gnu/pkgconfig:/home/jiaverso/Desktop/SparkCar_ROS2_WS/HunterSE_Driver/install/ugv_sdk/lib/pkgconfig PYTHONPATH=/home/jiaverso/Desktop/SparkCar_ROS2_WS/HunterSE_Driver/install/hunter_msgs/local/lib/python3.10/dist-packages:${PYTHONPATH} ROS_PACKAGE_PATH=/home/jiaverso/Desktop/SparkCar_ROS2_WS/HunterSE_Driver/install/ugv_sdk/share /usr/bin/cmake /home/jiaverso/Desktop/SparkCar_ROS2_WS/HunterSE_Driver/src/hunter_ros2/hunter_base -DAMENT_CMAKE_SYMLINK_INSTALL=1 -DCMAKE_INSTALL_PREFIX=/home/jiaverso/Desktop/SparkCar_ROS2_WS/HunterSE_Driver/install/hunter_base
[0.759s] DEBUG:colcon.colcon_core.event_handler.log_command:Invoking command in '/home/jiaverso/Desktop/SparkCar_ROS2_WS/HunterSE_Driver/build/hunter_base': AMENT_PREFIX_PATH=/home/jiaverso/Desktop/SparkCar_ROS2_WS/HunterSE_Driver/install/hunter_msgs:${AMENT_PREFIX_PATH} CMAKE_PREFIX_PATH=/opt/ros/humble:/home/jiaverso/Desktop/SparkCar_ROS2_WS/HunterSE_Driver/install/ugv_sdk:/home/jiaverso/Desktop/SparkCar_ROS2_WS/HunterSE_Driver/install/hunter_msgs:${CMAKE_PREFIX_PATH} LD_LIBRARY_PATH=/home/jiaverso/Desktop/SparkCar_ROS2_WS/HunterSE_Driver/install/hunter_msgs/lib:${LD_LIBRARY_PATH} PKG_CONFIG_PATH=/home/jiaverso/Desktop/SparkCar_ROS2_WS/HunterSE_Driver/install/ugv_sdk/lib/x86_64-linux-gnu/pkgconfig:/home/jiaverso/Desktop/SparkCar_ROS2_WS/HunterSE_Driver/install/ugv_sdk/lib/pkgconfig PYTHONPATH=/home/jiaverso/Desktop/SparkCar_ROS2_WS/HunterSE_Driver/install/hunter_msgs/local/lib/python3.10/dist-packages:${PYTHONPATH} ROS_PACKAGE_PATH=/home/jiaverso/Desktop/SparkCar_ROS2_WS/HunterSE_Driver/install/ugv_sdk/share /usr/bin/cmake --build /home/jiaverso/Desktop/SparkCar_ROS2_WS/HunterSE_Driver/build/hunter_base -- -j8 -l8
[8.816s] DEBUG:colcon.colcon_core.event_handler.log_command:Invoked command in '/home/jiaverso/Desktop/SparkCar_ROS2_WS/HunterSE_Driver/build/hunter_base' returned '0': AMENT_PREFIX_PATH=/home/jiaverso/Desktop/SparkCar_ROS2_WS/HunterSE_Driver/install/hunter_msgs:${AMENT_PREFIX_PATH} CMAKE_PREFIX_PATH=/opt/ros/humble:/home/jiaverso/Desktop/SparkCar_ROS2_WS/HunterSE_Driver/install/ugv_sdk:/home/jiaverso/Desktop/SparkCar_ROS2_WS/HunterSE_Driver/install/hunter_msgs:${CMAKE_PREFIX_PATH} LD_LIBRARY_PATH=/home/jiaverso/Desktop/SparkCar_ROS2_WS/HunterSE_Driver/install/hunter_msgs/lib:${LD_LIBRARY_PATH} PKG_CONFIG_PATH=/home/jiaverso/Desktop/SparkCar_ROS2_WS/HunterSE_Driver/install/ugv_sdk/lib/x86_64-linux-gnu/pkgconfig:/home/jiaverso/Desktop/SparkCar_ROS2_WS/HunterSE_Driver/install/ugv_sdk/lib/pkgconfig PYTHONPATH=/home/jiaverso/Desktop/SparkCar_ROS2_WS/HunterSE_Driver/install/hunter_msgs/local/lib/python3.10/dist-packages:${PYTHONPATH} ROS_PACKAGE_PATH=/home/jiaverso/Desktop/SparkCar_ROS2_WS/HunterSE_Driver/install/ugv_sdk/share /usr/bin/cmake --build /home/jiaverso/Desktop/SparkCar_ROS2_WS/HunterSE_Driver/build/hunter_base -- -j8 -l8
[8.823s] DEBUG:colcon.colcon_core.event_handler.log_command:Invoking command in '/home/jiaverso/Desktop/SparkCar_ROS2_WS/HunterSE_Driver/build/hunter_base': AMENT_PREFIX_PATH=/home/jiaverso/Desktop/SparkCar_ROS2_WS/HunterSE_Driver/install/hunter_msgs:${AMENT_PREFIX_PATH} CMAKE_PREFIX_PATH=/opt/ros/humble:/home/jiaverso/Desktop/SparkCar_ROS2_WS/HunterSE_Driver/install/ugv_sdk:/home/jiaverso/Desktop/SparkCar_ROS2_WS/HunterSE_Driver/install/hunter_msgs:${CMAKE_PREFIX_PATH} LD_LIBRARY_PATH=/home/jiaverso/Desktop/SparkCar_ROS2_WS/HunterSE_Driver/install/hunter_msgs/lib:${LD_LIBRARY_PATH} PKG_CONFIG_PATH=/home/jiaverso/Desktop/SparkCar_ROS2_WS/HunterSE_Driver/install/ugv_sdk/lib/x86_64-linux-gnu/pkgconfig:/home/jiaverso/Desktop/SparkCar_ROS2_WS/HunterSE_Driver/install/ugv_sdk/lib/pkgconfig PYTHONPATH=/home/jiaverso/Desktop/SparkCar_ROS2_WS/HunterSE_Driver/install/hunter_msgs/local/lib/python3.10/dist-packages:${PYTHONPATH} ROS_PACKAGE_PATH=/home/jiaverso/Desktop/SparkCar_ROS2_WS/HunterSE_Driver/install/ugv_sdk/share /usr/bin/cmake --install /home/jiaverso/Desktop/SparkCar_ROS2_WS/HunterSE_Driver/build/hunter_base
[9.216s] Level 1:colcon.colcon_core.environment:create_environment_scripts_only(hunter_base)
[9.217s] DEBUG:colcon.colcon_core.event_handler.log_command:Invoked command in '/home/jiaverso/Desktop/SparkCar_ROS2_WS/HunterSE_Driver/build/hunter_base' returned '0': AMENT_PREFIX_PATH=/home/jiaverso/Desktop/SparkCar_ROS2_WS/HunterSE_Driver/install/hunter_msgs:${AMENT_PREFIX_PATH} CMAKE_PREFIX_PATH=/opt/ros/humble:/home/jiaverso/Desktop/SparkCar_ROS2_WS/HunterSE_Driver/install/ugv_sdk:/home/jiaverso/Desktop/SparkCar_ROS2_WS/HunterSE_Driver/install/hunter_msgs:${CMAKE_PREFIX_PATH} LD_LIBRARY_PATH=/home/jiaverso/Desktop/SparkCar_ROS2_WS/HunterSE_Driver/install/hunter_msgs/lib:${LD_LIBRARY_PATH} PKG_CONFIG_PATH=/home/jiaverso/Desktop/SparkCar_ROS2_WS/HunterSE_Driver/install/ugv_sdk/lib/x86_64-linux-gnu/pkgconfig:/home/jiaverso/Desktop/SparkCar_ROS2_WS/HunterSE_Driver/install/ugv_sdk/lib/pkgconfig PYTHONPATH=/home/jiaverso/Desktop/SparkCar_ROS2_WS/HunterSE_Driver/install/hunter_msgs/local/lib/python3.10/dist-packages:${PYTHONPATH} ROS_PACKAGE_PATH=/home/jiaverso/Desktop/SparkCar_ROS2_WS/HunterSE_Driver/install/ugv_sdk/share /usr/bin/cmake --install /home/jiaverso/Desktop/SparkCar_ROS2_WS/HunterSE_Driver/build/hunter_base
[9.218s] Level 1:colcon.colcon_core.environment:checking '/home/jiaverso/Desktop/SparkCar_ROS2_WS/HunterSE_Driver/install/hunter_base' for CMake module files
[9.219s] Level 1:colcon.colcon_core.environment:checking '/home/jiaverso/Desktop/SparkCar_ROS2_WS/HunterSE_Driver/install/hunter_base' for CMake config files
[9.219s] Level 1:colcon.colcon_core.shell:create_environment_hook('hunter_base', 'cmake_prefix_path')
[9.219s] INFO:colcon.colcon_core.shell:Creating environment hook '/home/jiaverso/Desktop/SparkCar_ROS2_WS/HunterSE_Driver/install/hunter_base/share/hunter_base/hook/cmake_prefix_path.ps1'
[9.220s] INFO:colcon.colcon_core.shell:Creating environment descriptor '/home/jiaverso/Desktop/SparkCar_ROS2_WS/HunterSE_Driver/install/hunter_base/share/hunter_base/hook/cmake_prefix_path.dsv'
[9.220s] INFO:colcon.colcon_core.shell:Creating environment hook '/home/jiaverso/Desktop/SparkCar_ROS2_WS/HunterSE_Driver/install/hunter_base/share/hunter_base/hook/cmake_prefix_path.sh'
[9.221s] Level 1:colcon.colcon_core.environment:checking '/home/jiaverso/Desktop/SparkCar_ROS2_WS/HunterSE_Driver/install/hunter_base/lib'
[9.221s] Level 1:colcon.colcon_core.environment:checking '/home/jiaverso/Desktop/SparkCar_ROS2_WS/HunterSE_Driver/install/hunter_base/bin'
[9.221s] Level 1:colcon.colcon_core.environment:checking '/home/jiaverso/Desktop/SparkCar_ROS2_WS/HunterSE_Driver/install/hunter_base/lib/pkgconfig/hunter_base.pc'
[9.221s] Level 1:colcon.colcon_core.environment:checking '/home/jiaverso/Desktop/SparkCar_ROS2_WS/HunterSE_Driver/install/hunter_base/lib/python3.10/site-packages'
[9.221s] Level 1:colcon.colcon_core.environment:checking '/home/jiaverso/Desktop/SparkCar_ROS2_WS/HunterSE_Driver/install/hunter_base/bin'
[9.221s] INFO:colcon.colcon_core.shell:Creating package script '/home/jiaverso/Desktop/SparkCar_ROS2_WS/HunterSE_Driver/install/hunter_base/share/hunter_base/package.ps1'
[9.222s] INFO:colcon.colcon_core.shell:Creating package descriptor '/home/jiaverso/Desktop/SparkCar_ROS2_WS/HunterSE_Driver/install/hunter_base/share/hunter_base/package.dsv'
[9.223s] INFO:colcon.colcon_core.shell:Creating package script '/home/jiaverso/Desktop/SparkCar_ROS2_WS/HunterSE_Driver/install/hunter_base/share/hunter_base/package.sh'
[9.223s] INFO:colcon.colcon_core.shell:Creating package script '/home/jiaverso/Desktop/SparkCar_ROS2_WS/HunterSE_Driver/install/hunter_base/share/hunter_base/package.bash'
[9.224s] INFO:colcon.colcon_core.shell:Creating package script '/home/jiaverso/Desktop/SparkCar_ROS2_WS/HunterSE_Driver/install/hunter_base/share/hunter_base/package.zsh'
[9.224s] Level 1:colcon.colcon_core.environment:create_file_with_runtime_dependencies(/home/jiaverso/Desktop/SparkCar_ROS2_WS/HunterSE_Driver/install/hunter_base/share/colcon-core/packages/hunter_base)
[9.225s] Level 1:colcon.colcon_core.environment:create_environment_scripts_only(hunter_base)
[9.225s] Level 1:colcon.colcon_core.environment:checking '/home/jiaverso/Desktop/SparkCar_ROS2_WS/HunterSE_Driver/install/hunter_base' for CMake module files
[9.225s] Level 1:colcon.colcon_core.environment:checking '/home/jiaverso/Desktop/SparkCar_ROS2_WS/HunterSE_Driver/install/hunter_base' for CMake config files
[9.225s] Level 1:colcon.colcon_core.shell:create_environment_hook('hunter_base', 'cmake_prefix_path')
[9.225s] INFO:colcon.colcon_core.shell:Creating environment hook '/home/jiaverso/Desktop/SparkCar_ROS2_WS/HunterSE_Driver/install/hunter_base/share/hunter_base/hook/cmake_prefix_path.ps1'
[9.226s] INFO:colcon.colcon_core.shell:Creating environment descriptor '/home/jiaverso/Desktop/SparkCar_ROS2_WS/HunterSE_Driver/install/hunter_base/share/hunter_base/hook/cmake_prefix_path.dsv'
[9.226s] INFO:colcon.colcon_core.shell:Creating environment hook '/home/jiaverso/Desktop/SparkCar_ROS2_WS/HunterSE_Driver/install/hunter_base/share/hunter_base/hook/cmake_prefix_path.sh'
[9.226s] Level 1:colcon.colcon_core.environment:checking '/home/jiaverso/Desktop/SparkCar_ROS2_WS/HunterSE_Driver/install/hunter_base/lib'
[9.226s] Level 1:colcon.colcon_core.environment:checking '/home/jiaverso/Desktop/SparkCar_ROS2_WS/HunterSE_Driver/install/hunter_base/bin'
[9.226s] Level 1:colcon.colcon_core.environment:checking '/home/jiaverso/Desktop/SparkCar_ROS2_WS/HunterSE_Driver/install/hunter_base/lib/pkgconfig/hunter_base.pc'
[9.227s] Level 1:colcon.colcon_core.environment:checking '/home/jiaverso/Desktop/SparkCar_ROS2_WS/HunterSE_Driver/install/hunter_base/lib/python3.10/site-packages'
[9.227s] Level 1:colcon.colcon_core.environment:checking '/home/jiaverso/Desktop/SparkCar_ROS2_WS/HunterSE_Driver/install/hunter_base/bin'
[9.227s] INFO:colcon.colcon_core.shell:Creating package script '/home/jiaverso/Desktop/SparkCar_ROS2_WS/HunterSE_Driver/install/hunter_base/share/hunter_base/package.ps1'
[9.228s] INFO:colcon.colcon_core.shell:Creating package descriptor '/home/jiaverso/Desktop/SparkCar_ROS2_WS/HunterSE_Driver/install/hunter_base/share/hunter_base/package.dsv'
[9.228s] INFO:colcon.colcon_core.shell:Creating package script '/home/jiaverso/Desktop/SparkCar_ROS2_WS/HunterSE_Driver/install/hunter_base/share/hunter_base/package.sh'
[9.228s] INFO:colcon.colcon_core.shell:Creating package script '/home/jiaverso/Desktop/SparkCar_ROS2_WS/HunterSE_Driver/install/hunter_base/share/hunter_base/package.bash'
[9.228s] INFO:colcon.colcon_core.shell:Creating package script '/home/jiaverso/Desktop/SparkCar_ROS2_WS/HunterSE_Driver/install/hunter_base/share/hunter_base/package.zsh'
[9.229s] Level 1:colcon.colcon_core.environment:create_file_with_runtime_dependencies(/home/jiaverso/Desktop/SparkCar_ROS2_WS/HunterSE_Driver/install/hunter_base/share/colcon-core/packages/hunter_base)
[9.229s] DEBUG:colcon.colcon_parallel_executor.executor.parallel:closing loop
[9.229s] DEBUG:colcon.colcon_parallel_executor.executor.parallel:loop closed
[9.229s] DEBUG:colcon.colcon_parallel_executor.executor.parallel:run_until_complete finished with '0'
[9.229s] DEBUG:colcon.colcon_core.event_reactor:joining thread
[9.230s] DEBUG:colcon.colcon_core.event_reactor:joined thread
[9.230s] INFO:colcon.colcon_core.shell:Creating prefix script '/home/jiaverso/Desktop/SparkCar_ROS2_WS/HunterSE_Driver/install/local_setup.ps1'
[9.230s] INFO:colcon.colcon_core.shell:Creating prefix util module '/home/jiaverso/Desktop/SparkCar_ROS2_WS/HunterSE_Driver/install/_local_setup_util_ps1.py'
[9.231s] INFO:colcon.colcon_core.shell:Creating prefix chain script '/home/jiaverso/Desktop/SparkCar_ROS2_WS/HunterSE_Driver/install/setup.ps1'
[9.232s] INFO:colcon.colcon_core.shell:Creating prefix script '/home/jiaverso/Desktop/SparkCar_ROS2_WS/HunterSE_Driver/install/local_setup.sh'
[9.233s] INFO:colcon.colcon_core.shell:Creating prefix util module '/home/jiaverso/Desktop/SparkCar_ROS2_WS/HunterSE_Driver/install/_local_setup_util_sh.py'
[9.233s] INFO:colcon.colcon_core.shell:Creating prefix chain script '/home/jiaverso/Desktop/SparkCar_ROS2_WS/HunterSE_Driver/install/setup.sh'
[9.234s] INFO:colcon.colcon_core.shell:Creating prefix script '/home/jiaverso/Desktop/SparkCar_ROS2_WS/HunterSE_Driver/install/local_setup.bash'
[9.234s] INFO:colcon.colcon_core.shell:Creating prefix chain script '/home/jiaverso/Desktop/SparkCar_ROS2_WS/HunterSE_Driver/install/setup.bash'
[9.235s] INFO:colcon.colcon_core.shell:Creating prefix script '/home/jiaverso/Desktop/SparkCar_ROS2_WS/HunterSE_Driver/install/local_setup.zsh'
[9.236s] INFO:colcon.colcon_core.shell:Creating prefix chain script '/home/jiaverso/Desktop/SparkCar_ROS2_WS/HunterSE_Driver/install/setup.zsh'
