[0.116s] DEBUG:colcon:Command line arguments: ['/usr/bin/colcon', 'build', '--packages-select', 'fastlio2', '--symlink-install']
[0.116s] DEBUG:colcon:Parsed command line arguments: Namespace(log_base=None, log_level=None, verb_name='build', build_base='build', install_base='install', merge_install=False, symlink_install=True, test_result_base=None, continue_on_error=False, executor='parallel', parallel_workers=8, event_handlers=None, ignore_user_meta=False, metas=['./colcon.meta'], base_paths=['.'], packages_ignore=None, packages_ignore_regex=None, paths=None, packages_up_to=None, packages_up_to_regex=None, packages_above=None, packages_above_and_dependencies=None, packages_above_depth=None, packages_select_by_dep=None, packages_skip_by_dep=None, packages_skip_up_to=None, packages_select_build_failed=False, packages_skip_build_finished=False, packages_select_test_failures=False, packages_skip_test_passed=False, packages_select=['fastlio2'], packages_skip=None, packages_select_regex=None, packages_skip_regex=None, packages_start=None, packages_end=None, allow_overriding=[], cmake_args=None, cmake_target=None, cmake_target_skip_unavailable=False, cmake_clean_cache=False, cmake_clean_first=False, cmake_force_configure=False, ament_cmake_args=None, catkin_cmake_args=None, catkin_skip_building_tests=False, verb_parser=<colcon_defaults.argument_parser.defaults.DefaultArgumentsDecorator object at 0x73adf2a33fd0>, verb_extension=<colcon_core.verb.build.BuildVerb object at 0x73adf2b6d4e0>, main=<bound method BuildVerb.main of <colcon_core.verb.build.BuildVerb object at 0x73adf2b6d4e0>>)
[0.287s] Level 1:colcon.colcon_core.package_discovery:discover_packages(colcon_meta) check parameters
[0.287s] Level 1:colcon.colcon_core.package_discovery:discover_packages(recursive) check parameters
[0.287s] Level 1:colcon.colcon_core.package_discovery:discover_packages(ignore) check parameters
[0.287s] Level 1:colcon.colcon_core.package_discovery:discover_packages(path) check parameters
[0.287s] Level 1:colcon.colcon_core.package_discovery:discover_packages(colcon_meta) discover
[0.287s] Level 1:colcon.colcon_core.package_discovery:discover_packages(recursive) discover
[0.287s] INFO:colcon.colcon_core.package_discovery:Crawling recursively for packages in '/home/jiaverso/Desktop/SparkCar_ROS2_WS/SparkCar_Perception'
[0.287s] Level 1:colcon.colcon_core.package_identification:_identify(.) by extensions ['ignore', 'ignore_ament_install']
[0.287s] Level 1:colcon.colcon_core.package_identification:_identify(.) by extension 'ignore'
[0.287s] Level 1:colcon.colcon_core.package_identification:_identify(.) by extension 'ignore_ament_install'
[0.287s] Level 1:colcon.colcon_core.package_identification:_identify(.) by extensions ['colcon_pkg']
[0.287s] Level 1:colcon.colcon_core.package_identification:_identify(.) by extension 'colcon_pkg'
[0.287s] Level 1:colcon.colcon_core.package_identification:_identify(.) by extensions ['colcon_meta']
[0.287s] Level 1:colcon.colcon_core.package_identification:_identify(.) by extension 'colcon_meta'
[0.287s] Level 1:colcon.colcon_core.package_identification:_identify(.) by extensions ['ros']
[0.287s] Level 1:colcon.colcon_core.package_identification:_identify(.) by extension 'ros'
[0.295s] Level 1:colcon.colcon_core.package_identification:_identify(.) by extensions ['cmake', 'python']
[0.295s] Level 1:colcon.colcon_core.package_identification:_identify(.) by extension 'cmake'
[0.295s] Level 1:colcon.colcon_core.package_identification:_identify(.) by extension 'python'
[0.296s] Level 1:colcon.colcon_core.package_identification:_identify(.) by extensions ['python_setup_py']
[0.296s] Level 1:colcon.colcon_core.package_identification:_identify(.) by extension 'python_setup_py'
[0.296s] Level 1:colcon.colcon_core.package_identification:_identify(build) by extensions ['ignore', 'ignore_ament_install']
[0.296s] Level 1:colcon.colcon_core.package_identification:_identify(build) by extension 'ignore'
[0.296s] Level 1:colcon.colcon_core.package_identification:_identify(build) ignored
[0.296s] Level 1:colcon.colcon_core.package_identification:_identify(install) by extensions ['ignore', 'ignore_ament_install']
[0.296s] Level 1:colcon.colcon_core.package_identification:_identify(install) by extension 'ignore'
[0.296s] Level 1:colcon.colcon_core.package_identification:_identify(install) ignored
[0.296s] Level 1:colcon.colcon_core.package_identification:_identify(log) by extensions ['ignore', 'ignore_ament_install']
[0.296s] Level 1:colcon.colcon_core.package_identification:_identify(log) by extension 'ignore'
[0.296s] Level 1:colcon.colcon_core.package_identification:_identify(log) ignored
[0.296s] Level 1:colcon.colcon_core.package_identification:_identify(src) by extensions ['ignore', 'ignore_ament_install']
[0.296s] Level 1:colcon.colcon_core.package_identification:_identify(src) by extension 'ignore'
[0.296s] Level 1:colcon.colcon_core.package_identification:_identify(src) by extension 'ignore_ament_install'
[0.296s] Level 1:colcon.colcon_core.package_identification:_identify(src) by extensions ['colcon_pkg']
[0.296s] Level 1:colcon.colcon_core.package_identification:_identify(src) by extension 'colcon_pkg'
[0.296s] Level 1:colcon.colcon_core.package_identification:_identify(src) by extensions ['colcon_meta']
[0.296s] Level 1:colcon.colcon_core.package_identification:_identify(src) by extension 'colcon_meta'
[0.296s] Level 1:colcon.colcon_core.package_identification:_identify(src) by extensions ['ros']
[0.296s] Level 1:colcon.colcon_core.package_identification:_identify(src) by extension 'ros'
[0.296s] Level 1:colcon.colcon_core.package_identification:_identify(src) by extensions ['cmake', 'python']
[0.296s] Level 1:colcon.colcon_core.package_identification:_identify(src) by extension 'cmake'
[0.297s] Level 1:colcon.colcon_core.package_identification:_identify(src) by extension 'python'
[0.297s] Level 1:colcon.colcon_core.package_identification:_identify(src) by extensions ['python_setup_py']
[0.297s] Level 1:colcon.colcon_core.package_identification:_identify(src) by extension 'python_setup_py'
[0.297s] Level 1:colcon.colcon_core.package_identification:_identify(src/FASTLIO2_ROS2) by extensions ['ignore', 'ignore_ament_install']
[0.297s] Level 1:colcon.colcon_core.package_identification:_identify(src/FASTLIO2_ROS2) by extension 'ignore'
[0.297s] Level 1:colcon.colcon_core.package_identification:_identify(src/FASTLIO2_ROS2) by extension 'ignore_ament_install'
[0.297s] Level 1:colcon.colcon_core.package_identification:_identify(src/FASTLIO2_ROS2) by extensions ['colcon_pkg']
[0.297s] Level 1:colcon.colcon_core.package_identification:_identify(src/FASTLIO2_ROS2) by extension 'colcon_pkg'
[0.297s] Level 1:colcon.colcon_core.package_identification:_identify(src/FASTLIO2_ROS2) by extensions ['colcon_meta']
[0.297s] Level 1:colcon.colcon_core.package_identification:_identify(src/FASTLIO2_ROS2) by extension 'colcon_meta'
[0.297s] Level 1:colcon.colcon_core.package_identification:_identify(src/FASTLIO2_ROS2) by extensions ['ros']
[0.297s] Level 1:colcon.colcon_core.package_identification:_identify(src/FASTLIO2_ROS2) by extension 'ros'
[0.297s] Level 1:colcon.colcon_core.package_identification:_identify(src/FASTLIO2_ROS2) by extensions ['cmake', 'python']
[0.297s] Level 1:colcon.colcon_core.package_identification:_identify(src/FASTLIO2_ROS2) by extension 'cmake'
[0.297s] Level 1:colcon.colcon_core.package_identification:_identify(src/FASTLIO2_ROS2) by extension 'python'
[0.297s] Level 1:colcon.colcon_core.package_identification:_identify(src/FASTLIO2_ROS2) by extensions ['python_setup_py']
[0.297s] Level 1:colcon.colcon_core.package_identification:_identify(src/FASTLIO2_ROS2) by extension 'python_setup_py'
[0.297s] Level 1:colcon.colcon_core.package_identification:_identify(src/FASTLIO2_ROS2/fastlio2) by extensions ['ignore', 'ignore_ament_install']
[0.297s] Level 1:colcon.colcon_core.package_identification:_identify(src/FASTLIO2_ROS2/fastlio2) by extension 'ignore'
[0.297s] Level 1:colcon.colcon_core.package_identification:_identify(src/FASTLIO2_ROS2/fastlio2) by extension 'ignore_ament_install'
[0.297s] Level 1:colcon.colcon_core.package_identification:_identify(src/FASTLIO2_ROS2/fastlio2) by extensions ['colcon_pkg']
[0.297s] Level 1:colcon.colcon_core.package_identification:_identify(src/FASTLIO2_ROS2/fastlio2) by extension 'colcon_pkg'
[0.297s] Level 1:colcon.colcon_core.package_identification:_identify(src/FASTLIO2_ROS2/fastlio2) by extensions ['colcon_meta']
[0.297s] Level 1:colcon.colcon_core.package_identification:_identify(src/FASTLIO2_ROS2/fastlio2) by extension 'colcon_meta'
[0.297s] Level 1:colcon.colcon_core.package_identification:_identify(src/FASTLIO2_ROS2/fastlio2) by extensions ['ros']
[0.297s] Level 1:colcon.colcon_core.package_identification:_identify(src/FASTLIO2_ROS2/fastlio2) by extension 'ros'
[0.300s] DEBUG:colcon.colcon_core.package_identification:Package 'src/FASTLIO2_ROS2/fastlio2' with type 'ros.ament_cmake' and name 'fastlio2'
[0.300s] Level 1:colcon.colcon_core.package_identification:_identify(src/FASTLIO2_ROS2/hba) by extensions ['ignore', 'ignore_ament_install']
[0.300s] Level 1:colcon.colcon_core.package_identification:_identify(src/FASTLIO2_ROS2/hba) by extension 'ignore'
[0.300s] Level 1:colcon.colcon_core.package_identification:_identify(src/FASTLIO2_ROS2/hba) by extension 'ignore_ament_install'
[0.300s] Level 1:colcon.colcon_core.package_identification:_identify(src/FASTLIO2_ROS2/hba) by extensions ['colcon_pkg']
[0.300s] Level 1:colcon.colcon_core.package_identification:_identify(src/FASTLIO2_ROS2/hba) by extension 'colcon_pkg'
[0.300s] Level 1:colcon.colcon_core.package_identification:_identify(src/FASTLIO2_ROS2/hba) by extensions ['colcon_meta']
[0.300s] Level 1:colcon.colcon_core.package_identification:_identify(src/FASTLIO2_ROS2/hba) by extension 'colcon_meta'
[0.301s] Level 1:colcon.colcon_core.package_identification:_identify(src/FASTLIO2_ROS2/hba) by extensions ['ros']
[0.301s] Level 1:colcon.colcon_core.package_identification:_identify(src/FASTLIO2_ROS2/hba) by extension 'ros'
[0.301s] DEBUG:colcon.colcon_core.package_identification:Package 'src/FASTLIO2_ROS2/hba' with type 'ros.ament_cmake' and name 'hba'
[0.301s] Level 1:colcon.colcon_core.package_identification:_identify(src/FASTLIO2_ROS2/interface) by extensions ['ignore', 'ignore_ament_install']
[0.301s] Level 1:colcon.colcon_core.package_identification:_identify(src/FASTLIO2_ROS2/interface) by extension 'ignore'
[0.302s] Level 1:colcon.colcon_core.package_identification:_identify(src/FASTLIO2_ROS2/interface) by extension 'ignore_ament_install'
[0.302s] Level 1:colcon.colcon_core.package_identification:_identify(src/FASTLIO2_ROS2/interface) by extensions ['colcon_pkg']
[0.302s] Level 1:colcon.colcon_core.package_identification:_identify(src/FASTLIO2_ROS2/interface) by extension 'colcon_pkg'
[0.302s] Level 1:colcon.colcon_core.package_identification:_identify(src/FASTLIO2_ROS2/interface) by extensions ['colcon_meta']
[0.302s] Level 1:colcon.colcon_core.package_identification:_identify(src/FASTLIO2_ROS2/interface) by extension 'colcon_meta'
[0.302s] Level 1:colcon.colcon_core.package_identification:_identify(src/FASTLIO2_ROS2/interface) by extensions ['ros']
[0.302s] Level 1:colcon.colcon_core.package_identification:_identify(src/FASTLIO2_ROS2/interface) by extension 'ros'
[0.302s] DEBUG:colcon.colcon_core.package_identification:Package 'src/FASTLIO2_ROS2/interface' with type 'ros.ament_cmake' and name 'interface'
[0.302s] Level 1:colcon.colcon_core.package_identification:_identify(src/FASTLIO2_ROS2/localizer) by extensions ['ignore', 'ignore_ament_install']
[0.302s] Level 1:colcon.colcon_core.package_identification:_identify(src/FASTLIO2_ROS2/localizer) by extension 'ignore'
[0.302s] Level 1:colcon.colcon_core.package_identification:_identify(src/FASTLIO2_ROS2/localizer) by extension 'ignore_ament_install'
[0.302s] Level 1:colcon.colcon_core.package_identification:_identify(src/FASTLIO2_ROS2/localizer) by extensions ['colcon_pkg']
[0.302s] Level 1:colcon.colcon_core.package_identification:_identify(src/FASTLIO2_ROS2/localizer) by extension 'colcon_pkg'
[0.302s] Level 1:colcon.colcon_core.package_identification:_identify(src/FASTLIO2_ROS2/localizer) by extensions ['colcon_meta']
[0.302s] Level 1:colcon.colcon_core.package_identification:_identify(src/FASTLIO2_ROS2/localizer) by extension 'colcon_meta'
[0.302s] Level 1:colcon.colcon_core.package_identification:_identify(src/FASTLIO2_ROS2/localizer) by extensions ['ros']
[0.303s] Level 1:colcon.colcon_core.package_identification:_identify(src/FASTLIO2_ROS2/localizer) by extension 'ros'
[0.303s] DEBUG:colcon.colcon_core.package_identification:Package 'src/FASTLIO2_ROS2/localizer' with type 'ros.ament_cmake' and name 'localizer'
[0.303s] Level 1:colcon.colcon_core.package_identification:_identify(src/FASTLIO2_ROS2/pgo) by extensions ['ignore', 'ignore_ament_install']
[0.303s] Level 1:colcon.colcon_core.package_identification:_identify(src/FASTLIO2_ROS2/pgo) by extension 'ignore'
[0.303s] Level 1:colcon.colcon_core.package_identification:_identify(src/FASTLIO2_ROS2/pgo) by extension 'ignore_ament_install'
[0.303s] Level 1:colcon.colcon_core.package_identification:_identify(src/FASTLIO2_ROS2/pgo) by extensions ['colcon_pkg']
[0.303s] Level 1:colcon.colcon_core.package_identification:_identify(src/FASTLIO2_ROS2/pgo) by extension 'colcon_pkg'
[0.304s] Level 1:colcon.colcon_core.package_identification:_identify(src/FASTLIO2_ROS2/pgo) by extensions ['colcon_meta']
[0.304s] Level 1:colcon.colcon_core.package_identification:_identify(src/FASTLIO2_ROS2/pgo) by extension 'colcon_meta'
[0.304s] Level 1:colcon.colcon_core.package_identification:_identify(src/FASTLIO2_ROS2/pgo) by extensions ['ros']
[0.304s] Level 1:colcon.colcon_core.package_identification:_identify(src/FASTLIO2_ROS2/pgo) by extension 'ros'
[0.304s] DEBUG:colcon.colcon_core.package_identification:Package 'src/FASTLIO2_ROS2/pgo' with type 'ros.ament_cmake' and name 'pgo'
[0.305s] Level 1:colcon.colcon_core.package_identification:_identify(src/livox_ros_driver2) by extensions ['ignore', 'ignore_ament_install']
[0.305s] Level 1:colcon.colcon_core.package_identification:_identify(src/livox_ros_driver2) by extension 'ignore'
[0.305s] Level 1:colcon.colcon_core.package_identification:_identify(src/livox_ros_driver2) by extension 'ignore_ament_install'
[0.305s] Level 1:colcon.colcon_core.package_identification:_identify(src/livox_ros_driver2) by extensions ['colcon_pkg']
[0.305s] Level 1:colcon.colcon_core.package_identification:_identify(src/livox_ros_driver2) by extension 'colcon_pkg'
[0.305s] Level 1:colcon.colcon_core.package_identification:_identify(src/livox_ros_driver2) by extensions ['colcon_meta']
[0.305s] Level 1:colcon.colcon_core.package_identification:_identify(src/livox_ros_driver2) by extension 'colcon_meta'
[0.305s] Level 1:colcon.colcon_core.package_identification:_identify(src/livox_ros_driver2) by extensions ['ros']
[0.305s] Level 1:colcon.colcon_core.package_identification:_identify(src/livox_ros_driver2) by extension 'ros'
[0.306s] DEBUG:colcon.colcon_core.package_identification:Package 'src/livox_ros_driver2' with type 'ros.ament_cmake' and name 'livox_ros_driver2'
[0.306s] Level 1:colcon.colcon_core.package_discovery:discover_packages(recursive) using defaults
[0.306s] Level 1:colcon.colcon_core.package_discovery:discover_packages(ignore) discover
[0.306s] Level 1:colcon.colcon_core.package_discovery:discover_packages(ignore) using defaults
[0.306s] Level 1:colcon.colcon_core.package_discovery:discover_packages(path) discover
[0.306s] Level 1:colcon.colcon_core.package_discovery:discover_packages(path) using defaults
[0.331s] INFO:colcon.colcon_core.package_selection:Skipping not selected package 'interface' in 'src/FASTLIO2_ROS2/interface'
[0.331s] INFO:colcon.colcon_core.package_selection:Skipping not selected package 'livox_ros_driver2' in 'src/livox_ros_driver2'
[0.331s] INFO:colcon.colcon_core.package_selection:Skipping not selected package 'hba' in 'src/FASTLIO2_ROS2/hba'
[0.331s] INFO:colcon.colcon_core.package_selection:Skipping not selected package 'localizer' in 'src/FASTLIO2_ROS2/localizer'
[0.331s] INFO:colcon.colcon_core.package_selection:Skipping not selected package 'pgo' in 'src/FASTLIO2_ROS2/pgo'
[0.332s] Level 1:colcon.colcon_core.package_discovery:discover_packages(prefix_path) check parameters
[0.332s] Level 1:colcon.colcon_core.package_discovery:discover_packages(prefix_path) discover
[0.334s] DEBUG:colcon.colcon_installed_package_information.package_discovery:Found 1 installed packages in /home/jiaverso/Desktop/SparkCar_ROS2_WS/SparkCar_Tools/install
[0.334s] DEBUG:colcon.colcon_installed_package_information.package_discovery:Found 6 installed packages in /home/jiaverso/Desktop/SparkCar_ROS2_WS/SparkCar_Perception/install
[0.335s] DEBUG:colcon.colcon_installed_package_information.package_discovery:Found 329 installed packages in /opt/ros/humble
[0.336s] Level 1:colcon.colcon_core.package_discovery:discover_packages(prefix_path) using defaults
[0.364s] Level 5:colcon.colcon_core.verb:set package 'fastlio2' build argument 'cmake_args' from command line to 'None'
[0.365s] Level 5:colcon.colcon_core.verb:set package 'fastlio2' build argument 'cmake_target' from command line to 'None'
[0.365s] Level 5:colcon.colcon_core.verb:set package 'fastlio2' build argument 'cmake_target_skip_unavailable' from command line to 'False'
[0.365s] Level 5:colcon.colcon_core.verb:set package 'fastlio2' build argument 'cmake_clean_cache' from command line to 'False'
[0.365s] Level 5:colcon.colcon_core.verb:set package 'fastlio2' build argument 'cmake_clean_first' from command line to 'False'
[0.365s] Level 5:colcon.colcon_core.verb:set package 'fastlio2' build argument 'cmake_force_configure' from command line to 'False'
[0.365s] Level 5:colcon.colcon_core.verb:set package 'fastlio2' build argument 'ament_cmake_args' from command line to 'None'
[0.365s] Level 5:colcon.colcon_core.verb:set package 'fastlio2' build argument 'catkin_cmake_args' from command line to 'None'
[0.365s] Level 5:colcon.colcon_core.verb:set package 'fastlio2' build argument 'catkin_skip_building_tests' from command line to 'False'
[0.365s] DEBUG:colcon.colcon_core.verb:Building package 'fastlio2' with the following arguments: {'ament_cmake_args': None, 'build_base': '/home/jiaverso/Desktop/SparkCar_ROS2_WS/SparkCar_Perception/build/fastlio2', 'catkin_cmake_args': None, 'catkin_skip_building_tests': False, 'cmake_args': None, 'cmake_clean_cache': False, 'cmake_clean_first': False, 'cmake_force_configure': False, 'cmake_target': None, 'cmake_target_skip_unavailable': False, 'install_base': '/home/jiaverso/Desktop/SparkCar_ROS2_WS/SparkCar_Perception/install/fastlio2', 'merge_install': False, 'path': '/home/jiaverso/Desktop/SparkCar_ROS2_WS/SparkCar_Perception/src/FASTLIO2_ROS2/fastlio2', 'symlink_install': True, 'test_result_base': None}
[0.365s] INFO:colcon.colcon_core.executor:Executing jobs using 'parallel' executor
[0.366s] DEBUG:colcon.colcon_parallel_executor.executor.parallel:run_until_complete
[0.366s] INFO:colcon.colcon_ros.task.ament_cmake.build:Building ROS package in '/home/jiaverso/Desktop/SparkCar_ROS2_WS/SparkCar_Perception/src/FASTLIO2_ROS2/fastlio2' with build type 'ament_cmake'
[0.366s] INFO:colcon.colcon_cmake.task.cmake.build:Building CMake package in '/home/jiaverso/Desktop/SparkCar_ROS2_WS/SparkCar_Perception/src/FASTLIO2_ROS2/fastlio2'
[0.368s] INFO:colcon.colcon_core.plugin_system:Skipping extension 'colcon_core.shell.bat': Not used on non-Windows systems
[0.368s] INFO:colcon.colcon_core.shell:Skip shell extension 'powershell' for command environment: Not usable outside of PowerShell
[0.368s] DEBUG:colcon.colcon_core.shell:Skip shell extension 'dsv' for command environment
[30.380s] DEBUG:colcon.colcon_core.event_handler.log_command:Invoking command in '/home/jiaverso/Desktop/SparkCar_ROS2_WS/SparkCar_Perception/build/fastlio2': CMAKE_PREFIX_PATH=/home/jiaverso/Desktop/SparkCar_ROS2_WS/SparkCar_Perception/install/livox_ros_driver2:/home/jiaverso/Desktop/SparkCar_ROS2_WS/SparkCar_Perception/install/pgo:/home/jiaverso/Desktop/SparkCar_ROS2_WS/SparkCar_Perception/install/localizer:/home/jiaverso/Desktop/SparkCar_ROS2_WS/SparkCar_Perception/install/fastlio2:/home/jiaverso/Desktop/SparkCar_ROS2_WS/SparkCar_Perception/install/hba:/home/jiaverso/Desktop/SparkCar_ROS2_WS/SparkCar_Perception/install/interface:/home/jiaverso/Desktop/SparkCar_ROS2_WS/SparkCar_Tools/install/pcd2pgm:/opt/ros/humble /usr/bin/cmake /home/jiaverso/Desktop/SparkCar_ROS2_WS/SparkCar_Perception/src/FASTLIO2_ROS2/fastlio2 -DAMENT_CMAKE_SYMLINK_INSTALL=1 -DCMAKE_INSTALL_PREFIX=/home/jiaverso/Desktop/SparkCar_ROS2_WS/SparkCar_Perception/install/fastlio2
[60.402s] DEBUG:colcon.colcon_core.event_handler.log_command:Invoked command in '/home/jiaverso/Desktop/SparkCar_ROS2_WS/SparkCar_Perception/build/fastlio2' returned '0': CMAKE_PREFIX_PATH=/home/jiaverso/Desktop/SparkCar_ROS2_WS/SparkCar_Perception/install/livox_ros_driver2:/home/jiaverso/Desktop/SparkCar_ROS2_WS/SparkCar_Perception/install/pgo:/home/jiaverso/Desktop/SparkCar_ROS2_WS/SparkCar_Perception/install/localizer:/home/jiaverso/Desktop/SparkCar_ROS2_WS/SparkCar_Perception/install/fastlio2:/home/jiaverso/Desktop/SparkCar_ROS2_WS/SparkCar_Perception/install/hba:/home/jiaverso/Desktop/SparkCar_ROS2_WS/SparkCar_Perception/install/interface:/home/jiaverso/Desktop/SparkCar_ROS2_WS/SparkCar_Tools/install/pcd2pgm:/opt/ros/humble /usr/bin/cmake /home/jiaverso/Desktop/SparkCar_ROS2_WS/SparkCar_Perception/src/FASTLIO2_ROS2/fastlio2 -DAMENT_CMAKE_SYMLINK_INSTALL=1 -DCMAKE_INSTALL_PREFIX=/home/jiaverso/Desktop/SparkCar_ROS2_WS/SparkCar_Perception/install/fastlio2
[60.407s] DEBUG:colcon.colcon_core.event_handler.log_command:Invoking command in '/home/jiaverso/Desktop/SparkCar_ROS2_WS/SparkCar_Perception/build/fastlio2': CMAKE_PREFIX_PATH=/home/jiaverso/Desktop/SparkCar_ROS2_WS/SparkCar_Perception/install/livox_ros_driver2:/home/jiaverso/Desktop/SparkCar_ROS2_WS/SparkCar_Perception/install/pgo:/home/jiaverso/Desktop/SparkCar_ROS2_WS/SparkCar_Perception/install/localizer:/home/jiaverso/Desktop/SparkCar_ROS2_WS/SparkCar_Perception/install/fastlio2:/home/jiaverso/Desktop/SparkCar_ROS2_WS/SparkCar_Perception/install/hba:/home/jiaverso/Desktop/SparkCar_ROS2_WS/SparkCar_Perception/install/interface:/home/jiaverso/Desktop/SparkCar_ROS2_WS/SparkCar_Tools/install/pcd2pgm:/opt/ros/humble /usr/bin/cmake --build /home/jiaverso/Desktop/SparkCar_ROS2_WS/SparkCar_Perception/build/fastlio2 -- -j8 -l8
[81.708s] DEBUG:colcon.colcon_core.event_handler.log_command:Invoked command in '/home/jiaverso/Desktop/SparkCar_ROS2_WS/SparkCar_Perception/build/fastlio2' returned '0': CMAKE_PREFIX_PATH=/home/jiaverso/Desktop/SparkCar_ROS2_WS/SparkCar_Perception/install/livox_ros_driver2:/home/jiaverso/Desktop/SparkCar_ROS2_WS/SparkCar_Perception/install/pgo:/home/jiaverso/Desktop/SparkCar_ROS2_WS/SparkCar_Perception/install/localizer:/home/jiaverso/Desktop/SparkCar_ROS2_WS/SparkCar_Perception/install/fastlio2:/home/jiaverso/Desktop/SparkCar_ROS2_WS/SparkCar_Perception/install/hba:/home/jiaverso/Desktop/SparkCar_ROS2_WS/SparkCar_Perception/install/interface:/home/jiaverso/Desktop/SparkCar_ROS2_WS/SparkCar_Tools/install/pcd2pgm:/opt/ros/humble /usr/bin/cmake --build /home/jiaverso/Desktop/SparkCar_ROS2_WS/SparkCar_Perception/build/fastlio2 -- -j8 -l8
[81.716s] DEBUG:colcon.colcon_core.event_handler.log_command:Invoking command in '/home/jiaverso/Desktop/SparkCar_ROS2_WS/SparkCar_Perception/build/fastlio2': CMAKE_PREFIX_PATH=/home/jiaverso/Desktop/SparkCar_ROS2_WS/SparkCar_Perception/install/livox_ros_driver2:/home/jiaverso/Desktop/SparkCar_ROS2_WS/SparkCar_Perception/install/pgo:/home/jiaverso/Desktop/SparkCar_ROS2_WS/SparkCar_Perception/install/localizer:/home/jiaverso/Desktop/SparkCar_ROS2_WS/SparkCar_Perception/install/fastlio2:/home/jiaverso/Desktop/SparkCar_ROS2_WS/SparkCar_Perception/install/hba:/home/jiaverso/Desktop/SparkCar_ROS2_WS/SparkCar_Perception/install/interface:/home/jiaverso/Desktop/SparkCar_ROS2_WS/SparkCar_Tools/install/pcd2pgm:/opt/ros/humble /usr/bin/cmake --install /home/jiaverso/Desktop/SparkCar_ROS2_WS/SparkCar_Perception/build/fastlio2
[81.844s] Level 1:colcon.colcon_core.environment:create_environment_scripts_only(fastlio2)
[81.845s] DEBUG:colcon.colcon_core.event_handler.log_command:Invoked command in '/home/jiaverso/Desktop/SparkCar_ROS2_WS/SparkCar_Perception/build/fastlio2' returned '0': CMAKE_PREFIX_PATH=/home/jiaverso/Desktop/SparkCar_ROS2_WS/SparkCar_Perception/install/livox_ros_driver2:/home/jiaverso/Desktop/SparkCar_ROS2_WS/SparkCar_Perception/install/pgo:/home/jiaverso/Desktop/SparkCar_ROS2_WS/SparkCar_Perception/install/localizer:/home/jiaverso/Desktop/SparkCar_ROS2_WS/SparkCar_Perception/install/fastlio2:/home/jiaverso/Desktop/SparkCar_ROS2_WS/SparkCar_Perception/install/hba:/home/jiaverso/Desktop/SparkCar_ROS2_WS/SparkCar_Perception/install/interface:/home/jiaverso/Desktop/SparkCar_ROS2_WS/SparkCar_Tools/install/pcd2pgm:/opt/ros/humble /usr/bin/cmake --install /home/jiaverso/Desktop/SparkCar_ROS2_WS/SparkCar_Perception/build/fastlio2
[81.847s] Level 1:colcon.colcon_core.environment:checking '/home/jiaverso/Desktop/SparkCar_ROS2_WS/SparkCar_Perception/install/fastlio2' for CMake module files
[81.848s] Level 1:colcon.colcon_core.environment:checking '/home/jiaverso/Desktop/SparkCar_ROS2_WS/SparkCar_Perception/install/fastlio2' for CMake config files
[81.848s] Level 1:colcon.colcon_core.shell:create_environment_hook('fastlio2', 'cmake_prefix_path')
[81.848s] INFO:colcon.colcon_core.shell:Creating environment hook '/home/jiaverso/Desktop/SparkCar_ROS2_WS/SparkCar_Perception/install/fastlio2/share/fastlio2/hook/cmake_prefix_path.ps1'
[81.849s] INFO:colcon.colcon_core.shell:Creating environment descriptor '/home/jiaverso/Desktop/SparkCar_ROS2_WS/SparkCar_Perception/install/fastlio2/share/fastlio2/hook/cmake_prefix_path.dsv'
[81.849s] INFO:colcon.colcon_core.shell:Creating environment hook '/home/jiaverso/Desktop/SparkCar_ROS2_WS/SparkCar_Perception/install/fastlio2/share/fastlio2/hook/cmake_prefix_path.sh'
[81.850s] Level 1:colcon.colcon_core.environment:checking '/home/jiaverso/Desktop/SparkCar_ROS2_WS/SparkCar_Perception/install/fastlio2/lib'
[81.850s] Level 1:colcon.colcon_core.environment:checking '/home/jiaverso/Desktop/SparkCar_ROS2_WS/SparkCar_Perception/install/fastlio2/bin'
[81.850s] Level 1:colcon.colcon_core.environment:checking '/home/jiaverso/Desktop/SparkCar_ROS2_WS/SparkCar_Perception/install/fastlio2/lib/pkgconfig/fastlio2.pc'
[81.851s] Level 1:colcon.colcon_core.environment:checking '/home/jiaverso/Desktop/SparkCar_ROS2_WS/SparkCar_Perception/install/fastlio2/lib/python3.10/site-packages'
[81.851s] Level 1:colcon.colcon_core.environment:checking '/home/jiaverso/Desktop/SparkCar_ROS2_WS/SparkCar_Perception/install/fastlio2/bin'
[81.851s] INFO:colcon.colcon_core.shell:Creating package script '/home/jiaverso/Desktop/SparkCar_ROS2_WS/SparkCar_Perception/install/fastlio2/share/fastlio2/package.ps1'
[81.852s] INFO:colcon.colcon_core.shell:Creating package descriptor '/home/jiaverso/Desktop/SparkCar_ROS2_WS/SparkCar_Perception/install/fastlio2/share/fastlio2/package.dsv'
[81.853s] INFO:colcon.colcon_core.shell:Creating package script '/home/jiaverso/Desktop/SparkCar_ROS2_WS/SparkCar_Perception/install/fastlio2/share/fastlio2/package.sh'
[81.853s] INFO:colcon.colcon_core.shell:Creating package script '/home/jiaverso/Desktop/SparkCar_ROS2_WS/SparkCar_Perception/install/fastlio2/share/fastlio2/package.bash'
[81.854s] INFO:colcon.colcon_core.shell:Creating package script '/home/jiaverso/Desktop/SparkCar_ROS2_WS/SparkCar_Perception/install/fastlio2/share/fastlio2/package.zsh'
[81.855s] Level 1:colcon.colcon_core.environment:create_file_with_runtime_dependencies(/home/jiaverso/Desktop/SparkCar_ROS2_WS/SparkCar_Perception/install/fastlio2/share/colcon-core/packages/fastlio2)
[81.855s] Level 1:colcon.colcon_core.environment:create_environment_scripts_only(fastlio2)
[81.855s] Level 1:colcon.colcon_core.environment:checking '/home/jiaverso/Desktop/SparkCar_ROS2_WS/SparkCar_Perception/install/fastlio2' for CMake module files
[81.856s] Level 1:colcon.colcon_core.environment:checking '/home/jiaverso/Desktop/SparkCar_ROS2_WS/SparkCar_Perception/install/fastlio2' for CMake config files
[81.856s] Level 1:colcon.colcon_core.shell:create_environment_hook('fastlio2', 'cmake_prefix_path')
[81.856s] INFO:colcon.colcon_core.shell:Creating environment hook '/home/jiaverso/Desktop/SparkCar_ROS2_WS/SparkCar_Perception/install/fastlio2/share/fastlio2/hook/cmake_prefix_path.ps1'
[81.856s] INFO:colcon.colcon_core.shell:Creating environment descriptor '/home/jiaverso/Desktop/SparkCar_ROS2_WS/SparkCar_Perception/install/fastlio2/share/fastlio2/hook/cmake_prefix_path.dsv'
[81.857s] INFO:colcon.colcon_core.shell:Creating environment hook '/home/jiaverso/Desktop/SparkCar_ROS2_WS/SparkCar_Perception/install/fastlio2/share/fastlio2/hook/cmake_prefix_path.sh'
[81.857s] Level 1:colcon.colcon_core.environment:checking '/home/jiaverso/Desktop/SparkCar_ROS2_WS/SparkCar_Perception/install/fastlio2/lib'
[81.857s] Level 1:colcon.colcon_core.environment:checking '/home/jiaverso/Desktop/SparkCar_ROS2_WS/SparkCar_Perception/install/fastlio2/bin'
[81.857s] Level 1:colcon.colcon_core.environment:checking '/home/jiaverso/Desktop/SparkCar_ROS2_WS/SparkCar_Perception/install/fastlio2/lib/pkgconfig/fastlio2.pc'
[81.857s] Level 1:colcon.colcon_core.environment:checking '/home/jiaverso/Desktop/SparkCar_ROS2_WS/SparkCar_Perception/install/fastlio2/lib/python3.10/site-packages'
[81.857s] Level 1:colcon.colcon_core.environment:checking '/home/jiaverso/Desktop/SparkCar_ROS2_WS/SparkCar_Perception/install/fastlio2/bin'
[81.858s] INFO:colcon.colcon_core.shell:Creating package script '/home/jiaverso/Desktop/SparkCar_ROS2_WS/SparkCar_Perception/install/fastlio2/share/fastlio2/package.ps1'
[81.858s] INFO:colcon.colcon_core.shell:Creating package descriptor '/home/jiaverso/Desktop/SparkCar_ROS2_WS/SparkCar_Perception/install/fastlio2/share/fastlio2/package.dsv'
[81.858s] INFO:colcon.colcon_core.shell:Creating package script '/home/jiaverso/Desktop/SparkCar_ROS2_WS/SparkCar_Perception/install/fastlio2/share/fastlio2/package.sh'
[81.859s] INFO:colcon.colcon_core.shell:Creating package script '/home/jiaverso/Desktop/SparkCar_ROS2_WS/SparkCar_Perception/install/fastlio2/share/fastlio2/package.bash'
[81.859s] INFO:colcon.colcon_core.shell:Creating package script '/home/jiaverso/Desktop/SparkCar_ROS2_WS/SparkCar_Perception/install/fastlio2/share/fastlio2/package.zsh'
[81.859s] Level 1:colcon.colcon_core.environment:create_file_with_runtime_dependencies(/home/jiaverso/Desktop/SparkCar_ROS2_WS/SparkCar_Perception/install/fastlio2/share/colcon-core/packages/fastlio2)
[81.860s] DEBUG:colcon.colcon_parallel_executor.executor.parallel:closing loop
[81.860s] DEBUG:colcon.colcon_parallel_executor.executor.parallel:loop closed
[81.860s] DEBUG:colcon.colcon_parallel_executor.executor.parallel:run_until_complete finished with '0'
[81.860s] DEBUG:colcon.colcon_core.event_reactor:joining thread
[81.860s] DEBUG:colcon.colcon_core.event_reactor:joined thread
[81.861s] INFO:colcon.colcon_core.shell:Creating prefix script '/home/jiaverso/Desktop/SparkCar_ROS2_WS/SparkCar_Perception/install/local_setup.ps1'
[81.861s] INFO:colcon.colcon_core.shell:Creating prefix util module '/home/jiaverso/Desktop/SparkCar_ROS2_WS/SparkCar_Perception/install/_local_setup_util_ps1.py'
[81.863s] INFO:colcon.colcon_core.shell:Creating prefix chain script '/home/jiaverso/Desktop/SparkCar_ROS2_WS/SparkCar_Perception/install/setup.ps1'
[81.864s] INFO:colcon.colcon_core.shell:Creating prefix script '/home/jiaverso/Desktop/SparkCar_ROS2_WS/SparkCar_Perception/install/local_setup.sh'
[81.864s] INFO:colcon.colcon_core.shell:Creating prefix util module '/home/jiaverso/Desktop/SparkCar_ROS2_WS/SparkCar_Perception/install/_local_setup_util_sh.py'
[81.865s] INFO:colcon.colcon_core.shell:Creating prefix chain script '/home/jiaverso/Desktop/SparkCar_ROS2_WS/SparkCar_Perception/install/setup.sh'
[81.866s] INFO:colcon.colcon_core.shell:Creating prefix script '/home/jiaverso/Desktop/SparkCar_ROS2_WS/SparkCar_Perception/install/local_setup.bash'
[81.866s] INFO:colcon.colcon_core.shell:Creating prefix chain script '/home/jiaverso/Desktop/SparkCar_ROS2_WS/SparkCar_Perception/install/setup.bash'
[81.867s] INFO:colcon.colcon_core.shell:Creating prefix script '/home/jiaverso/Desktop/SparkCar_ROS2_WS/SparkCar_Perception/install/local_setup.zsh'
[81.868s] INFO:colcon.colcon_core.shell:Creating prefix chain script '/home/jiaverso/Desktop/SparkCar_ROS2_WS/SparkCar_Perception/install/setup.zsh'
