[0.069s] DEBUG:colcon:Command line arguments: ['/usr/bin/colcon', 'build', '--packages-skip', 'livox_ros_driver2']
[0.069s] DEBUG:colcon:Parsed command line arguments: Namespace(log_base=None, log_level=None, verb_name='build', build_base='build', install_base='install', merge_install=False, symlink_install=False, test_result_base=None, continue_on_error=False, executor='parallel', parallel_workers=8, event_handlers=None, ignore_user_meta=False, metas=['./colcon.meta'], base_paths=['.'], packages_ignore=None, packages_ignore_regex=None, paths=None, packages_up_to=None, packages_up_to_regex=None, packages_above=None, packages_above_and_dependencies=None, packages_above_depth=None, packages_select_by_dep=None, packages_skip_by_dep=None, packages_skip_up_to=None, packages_select_build_failed=False, packages_skip_build_finished=False, packages_select_test_failures=False, packages_skip_test_passed=False, packages_select=None, packages_skip=['livox_ros_driver2'], packages_select_regex=None, packages_skip_regex=None, packages_start=None, packages_end=None, allow_overriding=[], cmake_args=None, cmake_target=None, cmake_target_skip_unavailable=False, cmake_clean_cache=False, cmake_clean_first=False, cmake_force_configure=False, ament_cmake_args=None, catkin_cmake_args=None, catkin_skip_building_tests=False, verb_parser=<colcon_defaults.argument_parser.defaults.DefaultArgumentsDecorator object at 0x7eae88337f10>, verb_extension=<colcon_core.verb.build.BuildVerb object at 0x7eae88461300>, main=<bound method BuildVerb.main of <colcon_core.verb.build.BuildVerb object at 0x7eae88461300>>)
[0.173s] Level 1:colcon.colcon_core.package_discovery:discover_packages(colcon_meta) check parameters
[0.173s] Level 1:colcon.colcon_core.package_discovery:discover_packages(recursive) check parameters
[0.173s] Level 1:colcon.colcon_core.package_discovery:discover_packages(ignore) check parameters
[0.173s] Level 1:colcon.colcon_core.package_discovery:discover_packages(path) check parameters
[0.173s] Level 1:colcon.colcon_core.package_discovery:discover_packages(colcon_meta) discover
[0.173s] Level 1:colcon.colcon_core.package_discovery:discover_packages(recursive) discover
[0.173s] INFO:colcon.colcon_core.package_discovery:Crawling recursively for packages in '/home/jiaverso/Desktop/SparkCar_ROS2_WS/SparkCar_Perception'
[0.173s] Level 1:colcon.colcon_core.package_identification:_identify(.) by extensions ['ignore', 'ignore_ament_install']
[0.173s] Level 1:colcon.colcon_core.package_identification:_identify(.) by extension 'ignore'
[0.173s] Level 1:colcon.colcon_core.package_identification:_identify(.) by extension 'ignore_ament_install'
[0.173s] Level 1:colcon.colcon_core.package_identification:_identify(.) by extensions ['colcon_pkg']
[0.173s] Level 1:colcon.colcon_core.package_identification:_identify(.) by extension 'colcon_pkg'
[0.174s] Level 1:colcon.colcon_core.package_identification:_identify(.) by extensions ['colcon_meta']
[0.174s] Level 1:colcon.colcon_core.package_identification:_identify(.) by extension 'colcon_meta'
[0.174s] Level 1:colcon.colcon_core.package_identification:_identify(.) by extensions ['ros']
[0.174s] Level 1:colcon.colcon_core.package_identification:_identify(.) by extension 'ros'
[0.181s] Level 1:colcon.colcon_core.package_identification:_identify(.) by extensions ['cmake', 'python']
[0.181s] Level 1:colcon.colcon_core.package_identification:_identify(.) by extension 'cmake'
[0.181s] Level 1:colcon.colcon_core.package_identification:_identify(.) by extension 'python'
[0.181s] Level 1:colcon.colcon_core.package_identification:_identify(.) by extensions ['python_setup_py']
[0.181s] Level 1:colcon.colcon_core.package_identification:_identify(.) by extension 'python_setup_py'
[0.181s] Level 1:colcon.colcon_core.package_identification:_identify(build) by extensions ['ignore', 'ignore_ament_install']
[0.181s] Level 1:colcon.colcon_core.package_identification:_identify(build) by extension 'ignore'
[0.181s] Level 1:colcon.colcon_core.package_identification:_identify(build) ignored
[0.182s] Level 1:colcon.colcon_core.package_identification:_identify(install) by extensions ['ignore', 'ignore_ament_install']
[0.182s] Level 1:colcon.colcon_core.package_identification:_identify(install) by extension 'ignore'
[0.182s] Level 1:colcon.colcon_core.package_identification:_identify(install) ignored
[0.182s] Level 1:colcon.colcon_core.package_identification:_identify(log) by extensions ['ignore', 'ignore_ament_install']
[0.182s] Level 1:colcon.colcon_core.package_identification:_identify(log) by extension 'ignore'
[0.182s] Level 1:colcon.colcon_core.package_identification:_identify(log) ignored
[0.182s] Level 1:colcon.colcon_core.package_identification:_identify(src) by extensions ['ignore', 'ignore_ament_install']
[0.182s] Level 1:colcon.colcon_core.package_identification:_identify(src) by extension 'ignore'
[0.182s] Level 1:colcon.colcon_core.package_identification:_identify(src) by extension 'ignore_ament_install'
[0.182s] Level 1:colcon.colcon_core.package_identification:_identify(src) by extensions ['colcon_pkg']
[0.182s] Level 1:colcon.colcon_core.package_identification:_identify(src) by extension 'colcon_pkg'
[0.182s] Level 1:colcon.colcon_core.package_identification:_identify(src) by extensions ['colcon_meta']
[0.182s] Level 1:colcon.colcon_core.package_identification:_identify(src) by extension 'colcon_meta'
[0.182s] Level 1:colcon.colcon_core.package_identification:_identify(src) by extensions ['ros']
[0.182s] Level 1:colcon.colcon_core.package_identification:_identify(src) by extension 'ros'
[0.182s] Level 1:colcon.colcon_core.package_identification:_identify(src) by extensions ['cmake', 'python']
[0.182s] Level 1:colcon.colcon_core.package_identification:_identify(src) by extension 'cmake'
[0.182s] Level 1:colcon.colcon_core.package_identification:_identify(src) by extension 'python'
[0.182s] Level 1:colcon.colcon_core.package_identification:_identify(src) by extensions ['python_setup_py']
[0.182s] Level 1:colcon.colcon_core.package_identification:_identify(src) by extension 'python_setup_py'
[0.182s] Level 1:colcon.colcon_core.package_identification:_identify(src/FASTLIO2_ROS2) by extensions ['ignore', 'ignore_ament_install']
[0.182s] Level 1:colcon.colcon_core.package_identification:_identify(src/FASTLIO2_ROS2) by extension 'ignore'
[0.182s] Level 1:colcon.colcon_core.package_identification:_identify(src/FASTLIO2_ROS2) by extension 'ignore_ament_install'
[0.182s] Level 1:colcon.colcon_core.package_identification:_identify(src/FASTLIO2_ROS2) by extensions ['colcon_pkg']
[0.182s] Level 1:colcon.colcon_core.package_identification:_identify(src/FASTLIO2_ROS2) by extension 'colcon_pkg'
[0.182s] Level 1:colcon.colcon_core.package_identification:_identify(src/FASTLIO2_ROS2) by extensions ['colcon_meta']
[0.182s] Level 1:colcon.colcon_core.package_identification:_identify(src/FASTLIO2_ROS2) by extension 'colcon_meta'
[0.182s] Level 1:colcon.colcon_core.package_identification:_identify(src/FASTLIO2_ROS2) by extensions ['ros']
[0.182s] Level 1:colcon.colcon_core.package_identification:_identify(src/FASTLIO2_ROS2) by extension 'ros'
[0.182s] Level 1:colcon.colcon_core.package_identification:_identify(src/FASTLIO2_ROS2) by extensions ['cmake', 'python']
[0.182s] Level 1:colcon.colcon_core.package_identification:_identify(src/FASTLIO2_ROS2) by extension 'cmake'
[0.182s] Level 1:colcon.colcon_core.package_identification:_identify(src/FASTLIO2_ROS2) by extension 'python'
[0.182s] Level 1:colcon.colcon_core.package_identification:_identify(src/FASTLIO2_ROS2) by extensions ['python_setup_py']
[0.183s] Level 1:colcon.colcon_core.package_identification:_identify(src/FASTLIO2_ROS2) by extension 'python_setup_py'
[0.183s] Level 1:colcon.colcon_core.package_identification:_identify(src/FASTLIO2_ROS2/fastlio2) by extensions ['ignore', 'ignore_ament_install']
[0.183s] Level 1:colcon.colcon_core.package_identification:_identify(src/FASTLIO2_ROS2/fastlio2) by extension 'ignore'
[0.183s] Level 1:colcon.colcon_core.package_identification:_identify(src/FASTLIO2_ROS2/fastlio2) by extension 'ignore_ament_install'
[0.183s] Level 1:colcon.colcon_core.package_identification:_identify(src/FASTLIO2_ROS2/fastlio2) by extensions ['colcon_pkg']
[0.183s] Level 1:colcon.colcon_core.package_identification:_identify(src/FASTLIO2_ROS2/fastlio2) by extension 'colcon_pkg'
[0.183s] Level 1:colcon.colcon_core.package_identification:_identify(src/FASTLIO2_ROS2/fastlio2) by extensions ['colcon_meta']
[0.183s] Level 1:colcon.colcon_core.package_identification:_identify(src/FASTLIO2_ROS2/fastlio2) by extension 'colcon_meta'
[0.183s] Level 1:colcon.colcon_core.package_identification:_identify(src/FASTLIO2_ROS2/fastlio2) by extensions ['ros']
[0.183s] Level 1:colcon.colcon_core.package_identification:_identify(src/FASTLIO2_ROS2/fastlio2) by extension 'ros'
[0.185s] DEBUG:colcon.colcon_core.package_identification:Package 'src/FASTLIO2_ROS2/fastlio2' with type 'ros.ament_cmake' and name 'fastlio2'
[0.185s] Level 1:colcon.colcon_core.package_identification:_identify(src/FASTLIO2_ROS2/hba) by extensions ['ignore', 'ignore_ament_install']
[0.185s] Level 1:colcon.colcon_core.package_identification:_identify(src/FASTLIO2_ROS2/hba) by extension 'ignore'
[0.185s] Level 1:colcon.colcon_core.package_identification:_identify(src/FASTLIO2_ROS2/hba) by extension 'ignore_ament_install'
[0.185s] Level 1:colcon.colcon_core.package_identification:_identify(src/FASTLIO2_ROS2/hba) by extensions ['colcon_pkg']
[0.185s] Level 1:colcon.colcon_core.package_identification:_identify(src/FASTLIO2_ROS2/hba) by extension 'colcon_pkg'
[0.185s] Level 1:colcon.colcon_core.package_identification:_identify(src/FASTLIO2_ROS2/hba) by extensions ['colcon_meta']
[0.185s] Level 1:colcon.colcon_core.package_identification:_identify(src/FASTLIO2_ROS2/hba) by extension 'colcon_meta'
[0.185s] Level 1:colcon.colcon_core.package_identification:_identify(src/FASTLIO2_ROS2/hba) by extensions ['ros']
[0.185s] Level 1:colcon.colcon_core.package_identification:_identify(src/FASTLIO2_ROS2/hba) by extension 'ros'
[0.186s] DEBUG:colcon.colcon_core.package_identification:Package 'src/FASTLIO2_ROS2/hba' with type 'ros.ament_cmake' and name 'hba'
[0.186s] Level 1:colcon.colcon_core.package_identification:_identify(src/FASTLIO2_ROS2/interface) by extensions ['ignore', 'ignore_ament_install']
[0.186s] Level 1:colcon.colcon_core.package_identification:_identify(src/FASTLIO2_ROS2/interface) by extension 'ignore'
[0.186s] Level 1:colcon.colcon_core.package_identification:_identify(src/FASTLIO2_ROS2/interface) by extension 'ignore_ament_install'
[0.186s] Level 1:colcon.colcon_core.package_identification:_identify(src/FASTLIO2_ROS2/interface) by extensions ['colcon_pkg']
[0.186s] Level 1:colcon.colcon_core.package_identification:_identify(src/FASTLIO2_ROS2/interface) by extension 'colcon_pkg'
[0.186s] Level 1:colcon.colcon_core.package_identification:_identify(src/FASTLIO2_ROS2/interface) by extensions ['colcon_meta']
[0.186s] Level 1:colcon.colcon_core.package_identification:_identify(src/FASTLIO2_ROS2/interface) by extension 'colcon_meta'
[0.186s] Level 1:colcon.colcon_core.package_identification:_identify(src/FASTLIO2_ROS2/interface) by extensions ['ros']
[0.186s] Level 1:colcon.colcon_core.package_identification:_identify(src/FASTLIO2_ROS2/interface) by extension 'ros'
[0.187s] DEBUG:colcon.colcon_core.package_identification:Package 'src/FASTLIO2_ROS2/interface' with type 'ros.ament_cmake' and name 'interface'
[0.187s] Level 1:colcon.colcon_core.package_identification:_identify(src/FASTLIO2_ROS2/localizer) by extensions ['ignore', 'ignore_ament_install']
[0.187s] Level 1:colcon.colcon_core.package_identification:_identify(src/FASTLIO2_ROS2/localizer) by extension 'ignore'
[0.187s] Level 1:colcon.colcon_core.package_identification:_identify(src/FASTLIO2_ROS2/localizer) by extension 'ignore_ament_install'
[0.187s] Level 1:colcon.colcon_core.package_identification:_identify(src/FASTLIO2_ROS2/localizer) by extensions ['colcon_pkg']
[0.187s] Level 1:colcon.colcon_core.package_identification:_identify(src/FASTLIO2_ROS2/localizer) by extension 'colcon_pkg'
[0.187s] Level 1:colcon.colcon_core.package_identification:_identify(src/FASTLIO2_ROS2/localizer) by extensions ['colcon_meta']
[0.187s] Level 1:colcon.colcon_core.package_identification:_identify(src/FASTLIO2_ROS2/localizer) by extension 'colcon_meta'
[0.187s] Level 1:colcon.colcon_core.package_identification:_identify(src/FASTLIO2_ROS2/localizer) by extensions ['ros']
[0.187s] Level 1:colcon.colcon_core.package_identification:_identify(src/FASTLIO2_ROS2/localizer) by extension 'ros'
[0.188s] DEBUG:colcon.colcon_core.package_identification:Package 'src/FASTLIO2_ROS2/localizer' with type 'ros.ament_cmake' and name 'localizer'
[0.188s] Level 1:colcon.colcon_core.package_identification:_identify(src/FASTLIO2_ROS2/pgo) by extensions ['ignore', 'ignore_ament_install']
[0.188s] Level 1:colcon.colcon_core.package_identification:_identify(src/FASTLIO2_ROS2/pgo) by extension 'ignore'
[0.188s] Level 1:colcon.colcon_core.package_identification:_identify(src/FASTLIO2_ROS2/pgo) by extension 'ignore_ament_install'
[0.188s] Level 1:colcon.colcon_core.package_identification:_identify(src/FASTLIO2_ROS2/pgo) by extensions ['colcon_pkg']
[0.188s] Level 1:colcon.colcon_core.package_identification:_identify(src/FASTLIO2_ROS2/pgo) by extension 'colcon_pkg'
[0.188s] Level 1:colcon.colcon_core.package_identification:_identify(src/FASTLIO2_ROS2/pgo) by extensions ['colcon_meta']
[0.188s] Level 1:colcon.colcon_core.package_identification:_identify(src/FASTLIO2_ROS2/pgo) by extension 'colcon_meta'
[0.188s] Level 1:colcon.colcon_core.package_identification:_identify(src/FASTLIO2_ROS2/pgo) by extensions ['ros']
[0.188s] Level 1:colcon.colcon_core.package_identification:_identify(src/FASTLIO2_ROS2/pgo) by extension 'ros'
[0.189s] DEBUG:colcon.colcon_core.package_identification:Package 'src/FASTLIO2_ROS2/pgo' with type 'ros.ament_cmake' and name 'pgo'
[0.189s] Level 1:colcon.colcon_core.package_identification:_identify(src/livox_ros_driver2) by extensions ['ignore', 'ignore_ament_install']
[0.189s] Level 1:colcon.colcon_core.package_identification:_identify(src/livox_ros_driver2) by extension 'ignore'
[0.189s] Level 1:colcon.colcon_core.package_identification:_identify(src/livox_ros_driver2) by extension 'ignore_ament_install'
[0.189s] Level 1:colcon.colcon_core.package_identification:_identify(src/livox_ros_driver2) by extensions ['colcon_pkg']
[0.189s] Level 1:colcon.colcon_core.package_identification:_identify(src/livox_ros_driver2) by extension 'colcon_pkg'
[0.189s] Level 1:colcon.colcon_core.package_identification:_identify(src/livox_ros_driver2) by extensions ['colcon_meta']
[0.189s] Level 1:colcon.colcon_core.package_identification:_identify(src/livox_ros_driver2) by extension 'colcon_meta'
[0.189s] Level 1:colcon.colcon_core.package_identification:_identify(src/livox_ros_driver2) by extensions ['ros']
[0.189s] Level 1:colcon.colcon_core.package_identification:_identify(src/livox_ros_driver2) by extension 'ros'
[0.190s] DEBUG:colcon.colcon_core.package_identification:Package 'src/livox_ros_driver2' with type 'ros.ament_cmake' and name 'livox_ros_driver2'
[0.190s] Level 1:colcon.colcon_core.package_discovery:discover_packages(recursive) using defaults
[0.190s] Level 1:colcon.colcon_core.package_discovery:discover_packages(ignore) discover
[0.190s] Level 1:colcon.colcon_core.package_discovery:discover_packages(ignore) using defaults
[0.190s] Level 1:colcon.colcon_core.package_discovery:discover_packages(path) discover
[0.190s] Level 1:colcon.colcon_core.package_discovery:discover_packages(path) using defaults
[0.212s] INFO:colcon.colcon_core.package_selection:Skipping package 'livox_ros_driver2' in 'src/livox_ros_driver2'
[0.213s] Level 1:colcon.colcon_core.package_discovery:discover_packages(prefix_path) check parameters
[0.213s] Level 1:colcon.colcon_core.package_discovery:discover_packages(prefix_path) discover
[0.214s] DEBUG:colcon.colcon_installed_package_information.package_discovery:Found 6 installed packages in /home/jiaverso/Desktop/SparkCar_ROS2_WS/SparkCar_Perception/install
[0.215s] DEBUG:colcon.colcon_installed_package_information.package_discovery:Found 283 installed packages in /opt/ros/humble
[0.216s] Level 1:colcon.colcon_core.package_discovery:discover_packages(prefix_path) using defaults
[0.241s] Level 5:colcon.colcon_core.verb:set package 'interface' build argument 'cmake_args' from command line to 'None'
[0.241s] Level 5:colcon.colcon_core.verb:set package 'interface' build argument 'cmake_target' from command line to 'None'
[0.241s] Level 5:colcon.colcon_core.verb:set package 'interface' build argument 'cmake_target_skip_unavailable' from command line to 'False'
[0.241s] Level 5:colcon.colcon_core.verb:set package 'interface' build argument 'cmake_clean_cache' from command line to 'False'
[0.241s] Level 5:colcon.colcon_core.verb:set package 'interface' build argument 'cmake_clean_first' from command line to 'False'
[0.241s] Level 5:colcon.colcon_core.verb:set package 'interface' build argument 'cmake_force_configure' from command line to 'False'
[0.241s] Level 5:colcon.colcon_core.verb:set package 'interface' build argument 'ament_cmake_args' from command line to 'None'
[0.241s] Level 5:colcon.colcon_core.verb:set package 'interface' build argument 'catkin_cmake_args' from command line to 'None'
[0.241s] Level 5:colcon.colcon_core.verb:set package 'interface' build argument 'catkin_skip_building_tests' from command line to 'False'
[0.241s] DEBUG:colcon.colcon_core.verb:Building package 'interface' with the following arguments: {'ament_cmake_args': None, 'build_base': '/home/jiaverso/Desktop/SparkCar_ROS2_WS/SparkCar_Perception/build/interface', 'catkin_cmake_args': None, 'catkin_skip_building_tests': False, 'cmake_args': None, 'cmake_clean_cache': False, 'cmake_clean_first': False, 'cmake_force_configure': False, 'cmake_target': None, 'cmake_target_skip_unavailable': False, 'install_base': '/home/jiaverso/Desktop/SparkCar_ROS2_WS/SparkCar_Perception/install/interface', 'merge_install': False, 'path': '/home/jiaverso/Desktop/SparkCar_ROS2_WS/SparkCar_Perception/src/FASTLIO2_ROS2/interface', 'symlink_install': False, 'test_result_base': None}
[0.242s] Level 5:colcon.colcon_core.verb:set package 'fastlio2' build argument 'cmake_args' from command line to 'None'
[0.242s] Level 5:colcon.colcon_core.verb:set package 'fastlio2' build argument 'cmake_target' from command line to 'None'
[0.242s] Level 5:colcon.colcon_core.verb:set package 'fastlio2' build argument 'cmake_target_skip_unavailable' from command line to 'False'
[0.242s] Level 5:colcon.colcon_core.verb:set package 'fastlio2' build argument 'cmake_clean_cache' from command line to 'False'
[0.242s] Level 5:colcon.colcon_core.verb:set package 'fastlio2' build argument 'cmake_clean_first' from command line to 'False'
[0.242s] Level 5:colcon.colcon_core.verb:set package 'fastlio2' build argument 'cmake_force_configure' from command line to 'False'
[0.242s] Level 5:colcon.colcon_core.verb:set package 'fastlio2' build argument 'ament_cmake_args' from command line to 'None'
[0.242s] Level 5:colcon.colcon_core.verb:set package 'fastlio2' build argument 'catkin_cmake_args' from command line to 'None'
[0.242s] Level 5:colcon.colcon_core.verb:set package 'fastlio2' build argument 'catkin_skip_building_tests' from command line to 'False'
[0.242s] DEBUG:colcon.colcon_core.verb:Building package 'fastlio2' with the following arguments: {'ament_cmake_args': None, 'build_base': '/home/jiaverso/Desktop/SparkCar_ROS2_WS/SparkCar_Perception/build/fastlio2', 'catkin_cmake_args': None, 'catkin_skip_building_tests': False, 'cmake_args': None, 'cmake_clean_cache': False, 'cmake_clean_first': False, 'cmake_force_configure': False, 'cmake_target': None, 'cmake_target_skip_unavailable': False, 'install_base': '/home/jiaverso/Desktop/SparkCar_ROS2_WS/SparkCar_Perception/install/fastlio2', 'merge_install': False, 'path': '/home/jiaverso/Desktop/SparkCar_ROS2_WS/SparkCar_Perception/src/FASTLIO2_ROS2/fastlio2', 'symlink_install': False, 'test_result_base': None}
[0.242s] Level 5:colcon.colcon_core.verb:set package 'hba' build argument 'cmake_args' from command line to 'None'
[0.242s] Level 5:colcon.colcon_core.verb:set package 'hba' build argument 'cmake_target' from command line to 'None'
[0.242s] Level 5:colcon.colcon_core.verb:set package 'hba' build argument 'cmake_target_skip_unavailable' from command line to 'False'
[0.242s] Level 5:colcon.colcon_core.verb:set package 'hba' build argument 'cmake_clean_cache' from command line to 'False'
[0.242s] Level 5:colcon.colcon_core.verb:set package 'hba' build argument 'cmake_clean_first' from command line to 'False'
[0.242s] Level 5:colcon.colcon_core.verb:set package 'hba' build argument 'cmake_force_configure' from command line to 'False'
[0.242s] Level 5:colcon.colcon_core.verb:set package 'hba' build argument 'ament_cmake_args' from command line to 'None'
[0.242s] Level 5:colcon.colcon_core.verb:set package 'hba' build argument 'catkin_cmake_args' from command line to 'None'
[0.242s] Level 5:colcon.colcon_core.verb:set package 'hba' build argument 'catkin_skip_building_tests' from command line to 'False'
[0.242s] DEBUG:colcon.colcon_core.verb:Building package 'hba' with the following arguments: {'ament_cmake_args': None, 'build_base': '/home/jiaverso/Desktop/SparkCar_ROS2_WS/SparkCar_Perception/build/hba', 'catkin_cmake_args': None, 'catkin_skip_building_tests': False, 'cmake_args': None, 'cmake_clean_cache': False, 'cmake_clean_first': False, 'cmake_force_configure': False, 'cmake_target': None, 'cmake_target_skip_unavailable': False, 'install_base': '/home/jiaverso/Desktop/SparkCar_ROS2_WS/SparkCar_Perception/install/hba', 'merge_install': False, 'path': '/home/jiaverso/Desktop/SparkCar_ROS2_WS/SparkCar_Perception/src/FASTLIO2_ROS2/hba', 'symlink_install': False, 'test_result_base': None}
[0.242s] Level 5:colcon.colcon_core.verb:set package 'localizer' build argument 'cmake_args' from command line to 'None'
[0.242s] Level 5:colcon.colcon_core.verb:set package 'localizer' build argument 'cmake_target' from command line to 'None'
[0.242s] Level 5:colcon.colcon_core.verb:set package 'localizer' build argument 'cmake_target_skip_unavailable' from command line to 'False'
[0.242s] Level 5:colcon.colcon_core.verb:set package 'localizer' build argument 'cmake_clean_cache' from command line to 'False'
[0.242s] Level 5:colcon.colcon_core.verb:set package 'localizer' build argument 'cmake_clean_first' from command line to 'False'
[0.242s] Level 5:colcon.colcon_core.verb:set package 'localizer' build argument 'cmake_force_configure' from command line to 'False'
[0.242s] Level 5:colcon.colcon_core.verb:set package 'localizer' build argument 'ament_cmake_args' from command line to 'None'
[0.242s] Level 5:colcon.colcon_core.verb:set package 'localizer' build argument 'catkin_cmake_args' from command line to 'None'
[0.242s] Level 5:colcon.colcon_core.verb:set package 'localizer' build argument 'catkin_skip_building_tests' from command line to 'False'
[0.242s] DEBUG:colcon.colcon_core.verb:Building package 'localizer' with the following arguments: {'ament_cmake_args': None, 'build_base': '/home/jiaverso/Desktop/SparkCar_ROS2_WS/SparkCar_Perception/build/localizer', 'catkin_cmake_args': None, 'catkin_skip_building_tests': False, 'cmake_args': None, 'cmake_clean_cache': False, 'cmake_clean_first': False, 'cmake_force_configure': False, 'cmake_target': None, 'cmake_target_skip_unavailable': False, 'install_base': '/home/jiaverso/Desktop/SparkCar_ROS2_WS/SparkCar_Perception/install/localizer', 'merge_install': False, 'path': '/home/jiaverso/Desktop/SparkCar_ROS2_WS/SparkCar_Perception/src/FASTLIO2_ROS2/localizer', 'symlink_install': False, 'test_result_base': None}
[0.243s] Level 5:colcon.colcon_core.verb:set package 'pgo' build argument 'cmake_args' from command line to 'None'
[0.243s] Level 5:colcon.colcon_core.verb:set package 'pgo' build argument 'cmake_target' from command line to 'None'
[0.243s] Level 5:colcon.colcon_core.verb:set package 'pgo' build argument 'cmake_target_skip_unavailable' from command line to 'False'
[0.243s] Level 5:colcon.colcon_core.verb:set package 'pgo' build argument 'cmake_clean_cache' from command line to 'False'
[0.243s] Level 5:colcon.colcon_core.verb:set package 'pgo' build argument 'cmake_clean_first' from command line to 'False'
[0.243s] Level 5:colcon.colcon_core.verb:set package 'pgo' build argument 'cmake_force_configure' from command line to 'False'
[0.243s] Level 5:colcon.colcon_core.verb:set package 'pgo' build argument 'ament_cmake_args' from command line to 'None'
[0.243s] Level 5:colcon.colcon_core.verb:set package 'pgo' build argument 'catkin_cmake_args' from command line to 'None'
[0.243s] Level 5:colcon.colcon_core.verb:set package 'pgo' build argument 'catkin_skip_building_tests' from command line to 'False'
[0.243s] DEBUG:colcon.colcon_core.verb:Building package 'pgo' with the following arguments: {'ament_cmake_args': None, 'build_base': '/home/jiaverso/Desktop/SparkCar_ROS2_WS/SparkCar_Perception/build/pgo', 'catkin_cmake_args': None, 'catkin_skip_building_tests': False, 'cmake_args': None, 'cmake_clean_cache': False, 'cmake_clean_first': False, 'cmake_force_configure': False, 'cmake_target': None, 'cmake_target_skip_unavailable': False, 'install_base': '/home/jiaverso/Desktop/SparkCar_ROS2_WS/SparkCar_Perception/install/pgo', 'merge_install': False, 'path': '/home/jiaverso/Desktop/SparkCar_ROS2_WS/SparkCar_Perception/src/FASTLIO2_ROS2/pgo', 'symlink_install': False, 'test_result_base': None}
[0.243s] INFO:colcon.colcon_core.executor:Executing jobs using 'parallel' executor
[0.244s] DEBUG:colcon.colcon_parallel_executor.executor.parallel:run_until_complete
[0.244s] INFO:colcon.colcon_ros.task.ament_cmake.build:Building ROS package in '/home/jiaverso/Desktop/SparkCar_ROS2_WS/SparkCar_Perception/src/FASTLIO2_ROS2/interface' with build type 'ament_cmake'
[0.244s] INFO:colcon.colcon_cmake.task.cmake.build:Building CMake package in '/home/jiaverso/Desktop/SparkCar_ROS2_WS/SparkCar_Perception/src/FASTLIO2_ROS2/interface'
[0.245s] INFO:colcon.colcon_core.plugin_system:Skipping extension 'colcon_core.shell.bat': Not used on non-Windows systems
[0.245s] INFO:colcon.colcon_core.shell:Skip shell extension 'powershell' for command environment: Not usable outside of PowerShell
[0.245s] DEBUG:colcon.colcon_core.shell:Skip shell extension 'dsv' for command environment
[0.248s] INFO:colcon.colcon_ros.task.ament_cmake.build:Building ROS package in '/home/jiaverso/Desktop/SparkCar_ROS2_WS/SparkCar_Perception/src/FASTLIO2_ROS2/fastlio2' with build type 'ament_cmake'
[0.248s] INFO:colcon.colcon_cmake.task.cmake.build:Building CMake package in '/home/jiaverso/Desktop/SparkCar_ROS2_WS/SparkCar_Perception/src/FASTLIO2_ROS2/fastlio2'
[0.248s] INFO:colcon.colcon_core.shell:Skip shell extension 'powershell' for command environment: Not usable outside of PowerShell
[0.248s] DEBUG:colcon.colcon_core.shell:Skip shell extension 'dsv' for command environment
[0.255s] DEBUG:colcon.colcon_core.event_handler.log_command:Invoking command in '/home/jiaverso/Desktop/SparkCar_ROS2_WS/SparkCar_Perception/build/interface': CMAKE_PREFIX_PATH=${CMAKE_PREFIX_PATH}:/opt/ros/humble /usr/bin/cmake /home/jiaverso/Desktop/SparkCar_ROS2_WS/SparkCar_Perception/src/FASTLIO2_ROS2/interface -DCMAKE_INSTALL_PREFIX=/home/jiaverso/Desktop/SparkCar_ROS2_WS/SparkCar_Perception/install/interface
[0.258s] DEBUG:colcon.colcon_core.event_handler.log_command:Invoking command in '/home/jiaverso/Desktop/SparkCar_ROS2_WS/SparkCar_Perception/build/fastlio2': CMAKE_PREFIX_PATH=/home/jiaverso/Desktop/SparkCar_ROS2_WS/SparkCar_Perception/install/livox_ros_driver2:/home/jiaverso/Desktop/SparkCar_ROS2_WS/SparkCar_Perception/install/pgo:/home/jiaverso/Desktop/SparkCar_ROS2_WS/SparkCar_Perception/install/localizer:/home/jiaverso/Desktop/SparkCar_ROS2_WS/SparkCar_Perception/install/fastlio2:/home/jiaverso/Desktop/SparkCar_ROS2_WS/SparkCar_Perception/install/hba:/home/jiaverso/Desktop/SparkCar_ROS2_WS/SparkCar_Perception/install/interface:/opt/ros/humble /usr/bin/cmake /home/jiaverso/Desktop/SparkCar_ROS2_WS/SparkCar_Perception/src/FASTLIO2_ROS2/fastlio2 -DCMAKE_INSTALL_PREFIX=/home/jiaverso/Desktop/SparkCar_ROS2_WS/SparkCar_Perception/install/fastlio2
[1.270s] DEBUG:colcon.colcon_core.event_handler.log_command:Invoked command in '/home/jiaverso/Desktop/SparkCar_ROS2_WS/SparkCar_Perception/build/interface' returned '0': CMAKE_PREFIX_PATH=${CMAKE_PREFIX_PATH}:/opt/ros/humble /usr/bin/cmake /home/jiaverso/Desktop/SparkCar_ROS2_WS/SparkCar_Perception/src/FASTLIO2_ROS2/interface -DCMAKE_INSTALL_PREFIX=/home/jiaverso/Desktop/SparkCar_ROS2_WS/SparkCar_Perception/install/interface
[1.271s] DEBUG:colcon.colcon_core.event_handler.log_command:Invoking command in '/home/jiaverso/Desktop/SparkCar_ROS2_WS/SparkCar_Perception/build/interface': CMAKE_PREFIX_PATH=${CMAKE_PREFIX_PATH}:/opt/ros/humble /usr/bin/cmake --build /home/jiaverso/Desktop/SparkCar_ROS2_WS/SparkCar_Perception/build/interface -- -j8 -l8
[1.538s] DEBUG:colcon.colcon_core.event_handler.log_command:Invoked command in '/home/jiaverso/Desktop/SparkCar_ROS2_WS/SparkCar_Perception/build/interface' returned '0': CMAKE_PREFIX_PATH=${CMAKE_PREFIX_PATH}:/opt/ros/humble /usr/bin/cmake --build /home/jiaverso/Desktop/SparkCar_ROS2_WS/SparkCar_Perception/build/interface -- -j8 -l8
[1.545s] DEBUG:colcon.colcon_core.event_handler.log_command:Invoking command in '/home/jiaverso/Desktop/SparkCar_ROS2_WS/SparkCar_Perception/build/interface': CMAKE_PREFIX_PATH=${CMAKE_PREFIX_PATH}:/opt/ros/humble /usr/bin/cmake --install /home/jiaverso/Desktop/SparkCar_ROS2_WS/SparkCar_Perception/build/interface
[1.605s] Level 1:colcon.colcon_core.environment:create_environment_scripts_only(interface)
[1.605s] DEBUG:colcon.colcon_core.event_handler.log_command:Invoked command in '/home/jiaverso/Desktop/SparkCar_ROS2_WS/SparkCar_Perception/build/interface' returned '0': CMAKE_PREFIX_PATH=${CMAKE_PREFIX_PATH}:/opt/ros/humble /usr/bin/cmake --install /home/jiaverso/Desktop/SparkCar_ROS2_WS/SparkCar_Perception/build/interface
[1.607s] Level 1:colcon.colcon_core.environment:checking '/home/jiaverso/Desktop/SparkCar_ROS2_WS/SparkCar_Perception/install/interface' for CMake module files
[1.607s] Level 1:colcon.colcon_core.environment:checking '/home/jiaverso/Desktop/SparkCar_ROS2_WS/SparkCar_Perception/install/interface' for CMake config files
[1.608s] Level 1:colcon.colcon_core.shell:create_environment_hook('interface', 'cmake_prefix_path')
[1.608s] INFO:colcon.colcon_core.shell:Creating environment hook '/home/jiaverso/Desktop/SparkCar_ROS2_WS/SparkCar_Perception/install/interface/share/interface/hook/cmake_prefix_path.ps1'
[1.608s] INFO:colcon.colcon_core.shell:Creating environment descriptor '/home/jiaverso/Desktop/SparkCar_ROS2_WS/SparkCar_Perception/install/interface/share/interface/hook/cmake_prefix_path.dsv'
[1.609s] INFO:colcon.colcon_core.shell:Creating environment hook '/home/jiaverso/Desktop/SparkCar_ROS2_WS/SparkCar_Perception/install/interface/share/interface/hook/cmake_prefix_path.sh'
[1.609s] Level 1:colcon.colcon_core.environment:checking '/home/jiaverso/Desktop/SparkCar_ROS2_WS/SparkCar_Perception/install/interface/lib'
[1.610s] Level 1:colcon.colcon_core.shell:create_environment_hook('interface', 'ld_library_path_lib')
[1.610s] INFO:colcon.colcon_core.shell:Creating environment hook '/home/jiaverso/Desktop/SparkCar_ROS2_WS/SparkCar_Perception/install/interface/share/interface/hook/ld_library_path_lib.ps1'
[1.610s] INFO:colcon.colcon_core.shell:Creating environment descriptor '/home/jiaverso/Desktop/SparkCar_ROS2_WS/SparkCar_Perception/install/interface/share/interface/hook/ld_library_path_lib.dsv'
[1.610s] INFO:colcon.colcon_core.shell:Creating environment hook '/home/jiaverso/Desktop/SparkCar_ROS2_WS/SparkCar_Perception/install/interface/share/interface/hook/ld_library_path_lib.sh'
[1.611s] Level 1:colcon.colcon_core.environment:checking '/home/jiaverso/Desktop/SparkCar_ROS2_WS/SparkCar_Perception/install/interface/bin'
[1.611s] Level 1:colcon.colcon_core.environment:checking '/home/jiaverso/Desktop/SparkCar_ROS2_WS/SparkCar_Perception/install/interface/lib/pkgconfig/interface.pc'
[1.611s] Level 1:colcon.colcon_core.environment:checking '/home/jiaverso/Desktop/SparkCar_ROS2_WS/SparkCar_Perception/install/interface/lib/python3.10/site-packages'
[1.611s] Level 1:colcon.colcon_core.environment:checking '/home/jiaverso/Desktop/SparkCar_ROS2_WS/SparkCar_Perception/install/interface/bin'
[1.611s] INFO:colcon.colcon_core.shell:Creating package script '/home/jiaverso/Desktop/SparkCar_ROS2_WS/SparkCar_Perception/install/interface/share/interface/package.ps1'
[1.612s] INFO:colcon.colcon_core.shell:Creating package descriptor '/home/jiaverso/Desktop/SparkCar_ROS2_WS/SparkCar_Perception/install/interface/share/interface/package.dsv'
[1.612s] INFO:colcon.colcon_core.shell:Creating package script '/home/jiaverso/Desktop/SparkCar_ROS2_WS/SparkCar_Perception/install/interface/share/interface/package.sh'
[1.613s] INFO:colcon.colcon_core.shell:Creating package script '/home/jiaverso/Desktop/SparkCar_ROS2_WS/SparkCar_Perception/install/interface/share/interface/package.bash'
[1.613s] INFO:colcon.colcon_core.shell:Creating package script '/home/jiaverso/Desktop/SparkCar_ROS2_WS/SparkCar_Perception/install/interface/share/interface/package.zsh'
[1.614s] Level 1:colcon.colcon_core.environment:create_file_with_runtime_dependencies(/home/jiaverso/Desktop/SparkCar_ROS2_WS/SparkCar_Perception/install/interface/share/colcon-core/packages/interface)
[1.614s] Level 1:colcon.colcon_core.environment:create_environment_scripts_only(interface)
[1.615s] Level 1:colcon.colcon_core.environment:checking '/home/jiaverso/Desktop/SparkCar_ROS2_WS/SparkCar_Perception/install/interface' for CMake module files
[1.615s] Level 1:colcon.colcon_core.environment:checking '/home/jiaverso/Desktop/SparkCar_ROS2_WS/SparkCar_Perception/install/interface' for CMake config files
[1.616s] Level 1:colcon.colcon_core.shell:create_environment_hook('interface', 'cmake_prefix_path')
[1.616s] INFO:colcon.colcon_core.shell:Creating environment hook '/home/jiaverso/Desktop/SparkCar_ROS2_WS/SparkCar_Perception/install/interface/share/interface/hook/cmake_prefix_path.ps1'
[1.616s] INFO:colcon.colcon_core.shell:Creating environment descriptor '/home/jiaverso/Desktop/SparkCar_ROS2_WS/SparkCar_Perception/install/interface/share/interface/hook/cmake_prefix_path.dsv'
[1.616s] INFO:colcon.colcon_core.shell:Creating environment hook '/home/jiaverso/Desktop/SparkCar_ROS2_WS/SparkCar_Perception/install/interface/share/interface/hook/cmake_prefix_path.sh'
[1.617s] Level 1:colcon.colcon_core.environment:checking '/home/jiaverso/Desktop/SparkCar_ROS2_WS/SparkCar_Perception/install/interface/lib'
[1.617s] Level 1:colcon.colcon_core.shell:create_environment_hook('interface', 'ld_library_path_lib')
[1.617s] INFO:colcon.colcon_core.shell:Creating environment hook '/home/jiaverso/Desktop/SparkCar_ROS2_WS/SparkCar_Perception/install/interface/share/interface/hook/ld_library_path_lib.ps1'
[1.617s] INFO:colcon.colcon_core.shell:Creating environment descriptor '/home/jiaverso/Desktop/SparkCar_ROS2_WS/SparkCar_Perception/install/interface/share/interface/hook/ld_library_path_lib.dsv'
[1.618s] INFO:colcon.colcon_core.shell:Creating environment hook '/home/jiaverso/Desktop/SparkCar_ROS2_WS/SparkCar_Perception/install/interface/share/interface/hook/ld_library_path_lib.sh'
[1.618s] Level 1:colcon.colcon_core.environment:checking '/home/jiaverso/Desktop/SparkCar_ROS2_WS/SparkCar_Perception/install/interface/bin'
[1.618s] Level 1:colcon.colcon_core.environment:checking '/home/jiaverso/Desktop/SparkCar_ROS2_WS/SparkCar_Perception/install/interface/lib/pkgconfig/interface.pc'
[1.618s] Level 1:colcon.colcon_core.environment:checking '/home/jiaverso/Desktop/SparkCar_ROS2_WS/SparkCar_Perception/install/interface/lib/python3.10/site-packages'
[1.618s] Level 1:colcon.colcon_core.environment:checking '/home/jiaverso/Desktop/SparkCar_ROS2_WS/SparkCar_Perception/install/interface/bin'
[1.618s] INFO:colcon.colcon_core.shell:Creating package script '/home/jiaverso/Desktop/SparkCar_ROS2_WS/SparkCar_Perception/install/interface/share/interface/package.ps1'
[1.619s] INFO:colcon.colcon_core.shell:Creating package descriptor '/home/jiaverso/Desktop/SparkCar_ROS2_WS/SparkCar_Perception/install/interface/share/interface/package.dsv'
[1.619s] INFO:colcon.colcon_core.shell:Creating package script '/home/jiaverso/Desktop/SparkCar_ROS2_WS/SparkCar_Perception/install/interface/share/interface/package.sh'
[1.619s] INFO:colcon.colcon_core.shell:Creating package script '/home/jiaverso/Desktop/SparkCar_ROS2_WS/SparkCar_Perception/install/interface/share/interface/package.bash'
[1.620s] INFO:colcon.colcon_core.shell:Creating package script '/home/jiaverso/Desktop/SparkCar_ROS2_WS/SparkCar_Perception/install/interface/share/interface/package.zsh'
[1.620s] Level 1:colcon.colcon_core.environment:create_file_with_runtime_dependencies(/home/jiaverso/Desktop/SparkCar_ROS2_WS/SparkCar_Perception/install/interface/share/colcon-core/packages/interface)
[1.620s] INFO:colcon.colcon_ros.task.ament_cmake.build:Building ROS package in '/home/jiaverso/Desktop/SparkCar_ROS2_WS/SparkCar_Perception/src/FASTLIO2_ROS2/hba' with build type 'ament_cmake'
[1.620s] INFO:colcon.colcon_cmake.task.cmake.build:Building CMake package in '/home/jiaverso/Desktop/SparkCar_ROS2_WS/SparkCar_Perception/src/FASTLIO2_ROS2/hba'
[1.620s] INFO:colcon.colcon_core.shell:Skip shell extension 'powershell' for command environment: Not usable outside of PowerShell
[1.621s] DEBUG:colcon.colcon_core.shell:Skip shell extension 'dsv' for command environment
[1.623s] INFO:colcon.colcon_ros.task.ament_cmake.build:Building ROS package in '/home/jiaverso/Desktop/SparkCar_ROS2_WS/SparkCar_Perception/src/FASTLIO2_ROS2/localizer' with build type 'ament_cmake'
[1.623s] INFO:colcon.colcon_cmake.task.cmake.build:Building CMake package in '/home/jiaverso/Desktop/SparkCar_ROS2_WS/SparkCar_Perception/src/FASTLIO2_ROS2/localizer'
[1.623s] INFO:colcon.colcon_core.shell:Skip shell extension 'powershell' for command environment: Not usable outside of PowerShell
[1.623s] DEBUG:colcon.colcon_core.shell:Skip shell extension 'dsv' for command environment
[1.626s] INFO:colcon.colcon_ros.task.ament_cmake.build:Building ROS package in '/home/jiaverso/Desktop/SparkCar_ROS2_WS/SparkCar_Perception/src/FASTLIO2_ROS2/pgo' with build type 'ament_cmake'
[1.626s] INFO:colcon.colcon_cmake.task.cmake.build:Building CMake package in '/home/jiaverso/Desktop/SparkCar_ROS2_WS/SparkCar_Perception/src/FASTLIO2_ROS2/pgo'
[1.626s] INFO:colcon.colcon_core.shell:Skip shell extension 'powershell' for command environment: Not usable outside of PowerShell
[1.626s] DEBUG:colcon.colcon_core.shell:Skip shell extension 'dsv' for command environment
[1.635s] DEBUG:colcon.colcon_core.event_handler.log_command:Invoking command in '/home/jiaverso/Desktop/SparkCar_ROS2_WS/SparkCar_Perception/build/hba': CMAKE_PREFIX_PATH=/home/jiaverso/Desktop/SparkCar_ROS2_WS/SparkCar_Perception/install/interface:/home/jiaverso/Desktop/SparkCar_ROS2_WS/SparkCar_Perception/install/pgo:/home/jiaverso/Desktop/SparkCar_ROS2_WS/SparkCar_Perception/install/localizer:/home/jiaverso/Desktop/SparkCar_ROS2_WS/SparkCar_Perception/install/fastlio2:/home/jiaverso/Desktop/SparkCar_ROS2_WS/SparkCar_Perception/install/livox_ros_driver2:/home/jiaverso/Desktop/SparkCar_ROS2_WS/SparkCar_Perception/install/hba:/opt/ros/humble LD_LIBRARY_PATH=/home/jiaverso/Desktop/SparkCar_ROS2_WS/SparkCar_Perception/install/interface/lib:/home/jiaverso/Desktop/SparkCar_ROS2_WS/SparkCar_Perception/install/livox_ros_driver2/lib:/opt/ros/humble/opt/rviz_ogre_vendor/lib:/opt/ros/humble/lib/x86_64-linux-gnu:/opt/ros/humble/lib /usr/bin/cmake /home/jiaverso/Desktop/SparkCar_ROS2_WS/SparkCar_Perception/src/FASTLIO2_ROS2/hba -DCMAKE_INSTALL_PREFIX=/home/jiaverso/Desktop/SparkCar_ROS2_WS/SparkCar_Perception/install/hba
[1.637s] DEBUG:colcon.colcon_core.event_handler.log_command:Invoking command in '/home/jiaverso/Desktop/SparkCar_ROS2_WS/SparkCar_Perception/build/localizer': CMAKE_PREFIX_PATH=/home/jiaverso/Desktop/SparkCar_ROS2_WS/SparkCar_Perception/install/interface:/home/jiaverso/Desktop/SparkCar_ROS2_WS/SparkCar_Perception/install/pgo:/home/jiaverso/Desktop/SparkCar_ROS2_WS/SparkCar_Perception/install/localizer:/home/jiaverso/Desktop/SparkCar_ROS2_WS/SparkCar_Perception/install/fastlio2:/home/jiaverso/Desktop/SparkCar_ROS2_WS/SparkCar_Perception/install/livox_ros_driver2:/home/jiaverso/Desktop/SparkCar_ROS2_WS/SparkCar_Perception/install/hba:/opt/ros/humble LD_LIBRARY_PATH=/home/jiaverso/Desktop/SparkCar_ROS2_WS/SparkCar_Perception/install/interface/lib:/home/jiaverso/Desktop/SparkCar_ROS2_WS/SparkCar_Perception/install/livox_ros_driver2/lib:/opt/ros/humble/opt/rviz_ogre_vendor/lib:/opt/ros/humble/lib/x86_64-linux-gnu:/opt/ros/humble/lib /usr/bin/cmake /home/jiaverso/Desktop/SparkCar_ROS2_WS/SparkCar_Perception/src/FASTLIO2_ROS2/localizer -DCMAKE_INSTALL_PREFIX=/home/jiaverso/Desktop/SparkCar_ROS2_WS/SparkCar_Perception/install/localizer
[1.641s] DEBUG:colcon.colcon_core.event_handler.log_command:Invoking command in '/home/jiaverso/Desktop/SparkCar_ROS2_WS/SparkCar_Perception/build/pgo': CMAKE_PREFIX_PATH=/home/jiaverso/Desktop/SparkCar_ROS2_WS/SparkCar_Perception/install/interface:/home/jiaverso/Desktop/SparkCar_ROS2_WS/SparkCar_Perception/install/pgo:/home/jiaverso/Desktop/SparkCar_ROS2_WS/SparkCar_Perception/install/localizer:/home/jiaverso/Desktop/SparkCar_ROS2_WS/SparkCar_Perception/install/fastlio2:/home/jiaverso/Desktop/SparkCar_ROS2_WS/SparkCar_Perception/install/livox_ros_driver2:/home/jiaverso/Desktop/SparkCar_ROS2_WS/SparkCar_Perception/install/hba:/opt/ros/humble LD_LIBRARY_PATH=/home/jiaverso/Desktop/SparkCar_ROS2_WS/SparkCar_Perception/install/interface/lib:/home/jiaverso/Desktop/SparkCar_ROS2_WS/SparkCar_Perception/install/livox_ros_driver2/lib:/opt/ros/humble/opt/rviz_ogre_vendor/lib:/opt/ros/humble/lib/x86_64-linux-gnu:/opt/ros/humble/lib /usr/bin/cmake /home/jiaverso/Desktop/SparkCar_ROS2_WS/SparkCar_Perception/src/FASTLIO2_ROS2/pgo -DCMAKE_INSTALL_PREFIX=/home/jiaverso/Desktop/SparkCar_ROS2_WS/SparkCar_Perception/install/pgo
[1.917s] DEBUG:colcon.colcon_core.event_handler.log_command:Invoked command in '/home/jiaverso/Desktop/SparkCar_ROS2_WS/SparkCar_Perception/build/fastlio2' returned '0': CMAKE_PREFIX_PATH=/home/jiaverso/Desktop/SparkCar_ROS2_WS/SparkCar_Perception/install/livox_ros_driver2:/home/jiaverso/Desktop/SparkCar_ROS2_WS/SparkCar_Perception/install/pgo:/home/jiaverso/Desktop/SparkCar_ROS2_WS/SparkCar_Perception/install/localizer:/home/jiaverso/Desktop/SparkCar_ROS2_WS/SparkCar_Perception/install/fastlio2:/home/jiaverso/Desktop/SparkCar_ROS2_WS/SparkCar_Perception/install/hba:/home/jiaverso/Desktop/SparkCar_ROS2_WS/SparkCar_Perception/install/interface:/opt/ros/humble /usr/bin/cmake /home/jiaverso/Desktop/SparkCar_ROS2_WS/SparkCar_Perception/src/FASTLIO2_ROS2/fastlio2 -DCMAKE_INSTALL_PREFIX=/home/jiaverso/Desktop/SparkCar_ROS2_WS/SparkCar_Perception/install/fastlio2
[1.918s] DEBUG:colcon.colcon_core.event_handler.log_command:Invoking command in '/home/jiaverso/Desktop/SparkCar_ROS2_WS/SparkCar_Perception/build/fastlio2': CMAKE_PREFIX_PATH=/home/jiaverso/Desktop/SparkCar_ROS2_WS/SparkCar_Perception/install/livox_ros_driver2:/home/jiaverso/Desktop/SparkCar_ROS2_WS/SparkCar_Perception/install/pgo:/home/jiaverso/Desktop/SparkCar_ROS2_WS/SparkCar_Perception/install/localizer:/home/jiaverso/Desktop/SparkCar_ROS2_WS/SparkCar_Perception/install/fastlio2:/home/jiaverso/Desktop/SparkCar_ROS2_WS/SparkCar_Perception/install/hba:/home/jiaverso/Desktop/SparkCar_ROS2_WS/SparkCar_Perception/install/interface:/opt/ros/humble /usr/bin/cmake --build /home/jiaverso/Desktop/SparkCar_ROS2_WS/SparkCar_Perception/build/fastlio2 -- -j8 -l8
[2.003s] DEBUG:colcon.colcon_core.event_handler.log_command:Invoked command in '/home/jiaverso/Desktop/SparkCar_ROS2_WS/SparkCar_Perception/build/fastlio2' returned '0': CMAKE_PREFIX_PATH=/home/jiaverso/Desktop/SparkCar_ROS2_WS/SparkCar_Perception/install/livox_ros_driver2:/home/jiaverso/Desktop/SparkCar_ROS2_WS/SparkCar_Perception/install/pgo:/home/jiaverso/Desktop/SparkCar_ROS2_WS/SparkCar_Perception/install/localizer:/home/jiaverso/Desktop/SparkCar_ROS2_WS/SparkCar_Perception/install/fastlio2:/home/jiaverso/Desktop/SparkCar_ROS2_WS/SparkCar_Perception/install/hba:/home/jiaverso/Desktop/SparkCar_ROS2_WS/SparkCar_Perception/install/interface:/opt/ros/humble /usr/bin/cmake --build /home/jiaverso/Desktop/SparkCar_ROS2_WS/SparkCar_Perception/build/fastlio2 -- -j8 -l8
[2.005s] DEBUG:colcon.colcon_core.event_handler.log_command:Invoking command in '/home/jiaverso/Desktop/SparkCar_ROS2_WS/SparkCar_Perception/build/fastlio2': CMAKE_PREFIX_PATH=/home/jiaverso/Desktop/SparkCar_ROS2_WS/SparkCar_Perception/install/livox_ros_driver2:/home/jiaverso/Desktop/SparkCar_ROS2_WS/SparkCar_Perception/install/pgo:/home/jiaverso/Desktop/SparkCar_ROS2_WS/SparkCar_Perception/install/localizer:/home/jiaverso/Desktop/SparkCar_ROS2_WS/SparkCar_Perception/install/fastlio2:/home/jiaverso/Desktop/SparkCar_ROS2_WS/SparkCar_Perception/install/hba:/home/jiaverso/Desktop/SparkCar_ROS2_WS/SparkCar_Perception/install/interface:/opt/ros/humble /usr/bin/cmake --install /home/jiaverso/Desktop/SparkCar_ROS2_WS/SparkCar_Perception/build/fastlio2
[2.028s] Level 1:colcon.colcon_core.environment:create_environment_scripts_only(fastlio2)
[2.028s] Level 1:colcon.colcon_core.environment:checking '/home/jiaverso/Desktop/SparkCar_ROS2_WS/SparkCar_Perception/install/fastlio2' for CMake module files
[2.029s] DEBUG:colcon.colcon_core.event_handler.log_command:Invoked command in '/home/jiaverso/Desktop/SparkCar_ROS2_WS/SparkCar_Perception/build/fastlio2' returned '0': CMAKE_PREFIX_PATH=/home/jiaverso/Desktop/SparkCar_ROS2_WS/SparkCar_Perception/install/livox_ros_driver2:/home/jiaverso/Desktop/SparkCar_ROS2_WS/SparkCar_Perception/install/pgo:/home/jiaverso/Desktop/SparkCar_ROS2_WS/SparkCar_Perception/install/localizer:/home/jiaverso/Desktop/SparkCar_ROS2_WS/SparkCar_Perception/install/fastlio2:/home/jiaverso/Desktop/SparkCar_ROS2_WS/SparkCar_Perception/install/hba:/home/jiaverso/Desktop/SparkCar_ROS2_WS/SparkCar_Perception/install/interface:/opt/ros/humble /usr/bin/cmake --install /home/jiaverso/Desktop/SparkCar_ROS2_WS/SparkCar_Perception/build/fastlio2
[2.030s] Level 1:colcon.colcon_core.environment:checking '/home/jiaverso/Desktop/SparkCar_ROS2_WS/SparkCar_Perception/install/fastlio2' for CMake config files
[2.030s] Level 1:colcon.colcon_core.shell:create_environment_hook('fastlio2', 'cmake_prefix_path')
[2.030s] INFO:colcon.colcon_core.shell:Creating environment hook '/home/jiaverso/Desktop/SparkCar_ROS2_WS/SparkCar_Perception/install/fastlio2/share/fastlio2/hook/cmake_prefix_path.ps1'
[2.031s] INFO:colcon.colcon_core.shell:Creating environment descriptor '/home/jiaverso/Desktop/SparkCar_ROS2_WS/SparkCar_Perception/install/fastlio2/share/fastlio2/hook/cmake_prefix_path.dsv'
[2.032s] INFO:colcon.colcon_core.shell:Creating environment hook '/home/jiaverso/Desktop/SparkCar_ROS2_WS/SparkCar_Perception/install/fastlio2/share/fastlio2/hook/cmake_prefix_path.sh'
[2.032s] Level 1:colcon.colcon_core.environment:checking '/home/jiaverso/Desktop/SparkCar_ROS2_WS/SparkCar_Perception/install/fastlio2/lib'
[2.032s] Level 1:colcon.colcon_core.environment:checking '/home/jiaverso/Desktop/SparkCar_ROS2_WS/SparkCar_Perception/install/fastlio2/bin'
[2.033s] Level 1:colcon.colcon_core.environment:checking '/home/jiaverso/Desktop/SparkCar_ROS2_WS/SparkCar_Perception/install/fastlio2/lib/pkgconfig/fastlio2.pc'
[2.033s] Level 1:colcon.colcon_core.environment:checking '/home/jiaverso/Desktop/SparkCar_ROS2_WS/SparkCar_Perception/install/fastlio2/lib/python3.10/site-packages'
[2.033s] Level 1:colcon.colcon_core.environment:checking '/home/jiaverso/Desktop/SparkCar_ROS2_WS/SparkCar_Perception/install/fastlio2/bin'
[2.034s] INFO:colcon.colcon_core.shell:Creating package script '/home/jiaverso/Desktop/SparkCar_ROS2_WS/SparkCar_Perception/install/fastlio2/share/fastlio2/package.ps1'
[2.035s] INFO:colcon.colcon_core.shell:Creating package descriptor '/home/jiaverso/Desktop/SparkCar_ROS2_WS/SparkCar_Perception/install/fastlio2/share/fastlio2/package.dsv'
[2.035s] INFO:colcon.colcon_core.shell:Creating package script '/home/jiaverso/Desktop/SparkCar_ROS2_WS/SparkCar_Perception/install/fastlio2/share/fastlio2/package.sh'
[2.036s] INFO:colcon.colcon_core.shell:Creating package script '/home/jiaverso/Desktop/SparkCar_ROS2_WS/SparkCar_Perception/install/fastlio2/share/fastlio2/package.bash'
[2.036s] INFO:colcon.colcon_core.shell:Creating package script '/home/jiaverso/Desktop/SparkCar_ROS2_WS/SparkCar_Perception/install/fastlio2/share/fastlio2/package.zsh'
[2.036s] Level 1:colcon.colcon_core.environment:create_file_with_runtime_dependencies(/home/jiaverso/Desktop/SparkCar_ROS2_WS/SparkCar_Perception/install/fastlio2/share/colcon-core/packages/fastlio2)
[2.037s] Level 1:colcon.colcon_core.environment:create_environment_scripts_only(fastlio2)
[2.037s] Level 1:colcon.colcon_core.environment:checking '/home/jiaverso/Desktop/SparkCar_ROS2_WS/SparkCar_Perception/install/fastlio2' for CMake module files
[2.038s] Level 1:colcon.colcon_core.environment:checking '/home/jiaverso/Desktop/SparkCar_ROS2_WS/SparkCar_Perception/install/fastlio2' for CMake config files
[2.038s] Level 1:colcon.colcon_core.shell:create_environment_hook('fastlio2', 'cmake_prefix_path')
[2.039s] INFO:colcon.colcon_core.shell:Creating environment hook '/home/jiaverso/Desktop/SparkCar_ROS2_WS/SparkCar_Perception/install/fastlio2/share/fastlio2/hook/cmake_prefix_path.ps1'
[2.039s] INFO:colcon.colcon_core.shell:Creating environment descriptor '/home/jiaverso/Desktop/SparkCar_ROS2_WS/SparkCar_Perception/install/fastlio2/share/fastlio2/hook/cmake_prefix_path.dsv'
[2.039s] INFO:colcon.colcon_core.shell:Creating environment hook '/home/jiaverso/Desktop/SparkCar_ROS2_WS/SparkCar_Perception/install/fastlio2/share/fastlio2/hook/cmake_prefix_path.sh'
[2.040s] Level 1:colcon.colcon_core.environment:checking '/home/jiaverso/Desktop/SparkCar_ROS2_WS/SparkCar_Perception/install/fastlio2/lib'
[2.040s] Level 1:colcon.colcon_core.environment:checking '/home/jiaverso/Desktop/SparkCar_ROS2_WS/SparkCar_Perception/install/fastlio2/bin'
[2.040s] Level 1:colcon.colcon_core.environment:checking '/home/jiaverso/Desktop/SparkCar_ROS2_WS/SparkCar_Perception/install/fastlio2/lib/pkgconfig/fastlio2.pc'
[2.041s] Level 1:colcon.colcon_core.environment:checking '/home/jiaverso/Desktop/SparkCar_ROS2_WS/SparkCar_Perception/install/fastlio2/lib/python3.10/site-packages'
[2.041s] Level 1:colcon.colcon_core.environment:checking '/home/jiaverso/Desktop/SparkCar_ROS2_WS/SparkCar_Perception/install/fastlio2/bin'
[2.041s] INFO:colcon.colcon_core.shell:Creating package script '/home/jiaverso/Desktop/SparkCar_ROS2_WS/SparkCar_Perception/install/fastlio2/share/fastlio2/package.ps1'
[2.042s] INFO:colcon.colcon_core.shell:Creating package descriptor '/home/jiaverso/Desktop/SparkCar_ROS2_WS/SparkCar_Perception/install/fastlio2/share/fastlio2/package.dsv'
[2.043s] INFO:colcon.colcon_core.shell:Creating package script '/home/jiaverso/Desktop/SparkCar_ROS2_WS/SparkCar_Perception/install/fastlio2/share/fastlio2/package.sh'
[2.043s] INFO:colcon.colcon_core.shell:Creating package script '/home/jiaverso/Desktop/SparkCar_ROS2_WS/SparkCar_Perception/install/fastlio2/share/fastlio2/package.bash'
[2.044s] INFO:colcon.colcon_core.shell:Creating package script '/home/jiaverso/Desktop/SparkCar_ROS2_WS/SparkCar_Perception/install/fastlio2/share/fastlio2/package.zsh'
[2.044s] Level 1:colcon.colcon_core.environment:create_file_with_runtime_dependencies(/home/jiaverso/Desktop/SparkCar_ROS2_WS/SparkCar_Perception/install/fastlio2/share/colcon-core/packages/fastlio2)
[3.048s] DEBUG:colcon.colcon_core.event_handler.log_command:Invoked command in '/home/jiaverso/Desktop/SparkCar_ROS2_WS/SparkCar_Perception/build/pgo' returned '0': CMAKE_PREFIX_PATH=/home/jiaverso/Desktop/SparkCar_ROS2_WS/SparkCar_Perception/install/interface:/home/jiaverso/Desktop/SparkCar_ROS2_WS/SparkCar_Perception/install/pgo:/home/jiaverso/Desktop/SparkCar_ROS2_WS/SparkCar_Perception/install/localizer:/home/jiaverso/Desktop/SparkCar_ROS2_WS/SparkCar_Perception/install/fastlio2:/home/jiaverso/Desktop/SparkCar_ROS2_WS/SparkCar_Perception/install/livox_ros_driver2:/home/jiaverso/Desktop/SparkCar_ROS2_WS/SparkCar_Perception/install/hba:/opt/ros/humble LD_LIBRARY_PATH=/home/jiaverso/Desktop/SparkCar_ROS2_WS/SparkCar_Perception/install/interface/lib:/home/jiaverso/Desktop/SparkCar_ROS2_WS/SparkCar_Perception/install/livox_ros_driver2/lib:/opt/ros/humble/opt/rviz_ogre_vendor/lib:/opt/ros/humble/lib/x86_64-linux-gnu:/opt/ros/humble/lib /usr/bin/cmake /home/jiaverso/Desktop/SparkCar_ROS2_WS/SparkCar_Perception/src/FASTLIO2_ROS2/pgo -DCMAKE_INSTALL_PREFIX=/home/jiaverso/Desktop/SparkCar_ROS2_WS/SparkCar_Perception/install/pgo
[3.051s] DEBUG:colcon.colcon_core.event_handler.log_command:Invoking command in '/home/jiaverso/Desktop/SparkCar_ROS2_WS/SparkCar_Perception/build/pgo': CMAKE_PREFIX_PATH=/home/jiaverso/Desktop/SparkCar_ROS2_WS/SparkCar_Perception/install/interface:/home/jiaverso/Desktop/SparkCar_ROS2_WS/SparkCar_Perception/install/pgo:/home/jiaverso/Desktop/SparkCar_ROS2_WS/SparkCar_Perception/install/localizer:/home/jiaverso/Desktop/SparkCar_ROS2_WS/SparkCar_Perception/install/fastlio2:/home/jiaverso/Desktop/SparkCar_ROS2_WS/SparkCar_Perception/install/livox_ros_driver2:/home/jiaverso/Desktop/SparkCar_ROS2_WS/SparkCar_Perception/install/hba:/opt/ros/humble LD_LIBRARY_PATH=/home/jiaverso/Desktop/SparkCar_ROS2_WS/SparkCar_Perception/install/interface/lib:/home/jiaverso/Desktop/SparkCar_ROS2_WS/SparkCar_Perception/install/livox_ros_driver2/lib:/opt/ros/humble/opt/rviz_ogre_vendor/lib:/opt/ros/humble/lib/x86_64-linux-gnu:/opt/ros/humble/lib /usr/bin/cmake --build /home/jiaverso/Desktop/SparkCar_ROS2_WS/SparkCar_Perception/build/pgo -- -j8 -l8
[3.126s] DEBUG:colcon.colcon_core.event_handler.log_command:Invoked command in '/home/jiaverso/Desktop/SparkCar_ROS2_WS/SparkCar_Perception/build/pgo' returned '0': CMAKE_PREFIX_PATH=/home/jiaverso/Desktop/SparkCar_ROS2_WS/SparkCar_Perception/install/interface:/home/jiaverso/Desktop/SparkCar_ROS2_WS/SparkCar_Perception/install/pgo:/home/jiaverso/Desktop/SparkCar_ROS2_WS/SparkCar_Perception/install/localizer:/home/jiaverso/Desktop/SparkCar_ROS2_WS/SparkCar_Perception/install/fastlio2:/home/jiaverso/Desktop/SparkCar_ROS2_WS/SparkCar_Perception/install/livox_ros_driver2:/home/jiaverso/Desktop/SparkCar_ROS2_WS/SparkCar_Perception/install/hba:/opt/ros/humble LD_LIBRARY_PATH=/home/jiaverso/Desktop/SparkCar_ROS2_WS/SparkCar_Perception/install/interface/lib:/home/jiaverso/Desktop/SparkCar_ROS2_WS/SparkCar_Perception/install/livox_ros_driver2/lib:/opt/ros/humble/opt/rviz_ogre_vendor/lib:/opt/ros/humble/lib/x86_64-linux-gnu:/opt/ros/humble/lib /usr/bin/cmake --build /home/jiaverso/Desktop/SparkCar_ROS2_WS/SparkCar_Perception/build/pgo -- -j8 -l8
[3.127s] DEBUG:colcon.colcon_core.event_handler.log_command:Invoking command in '/home/jiaverso/Desktop/SparkCar_ROS2_WS/SparkCar_Perception/build/pgo': CMAKE_PREFIX_PATH=/home/jiaverso/Desktop/SparkCar_ROS2_WS/SparkCar_Perception/install/interface:/home/jiaverso/Desktop/SparkCar_ROS2_WS/SparkCar_Perception/install/pgo:/home/jiaverso/Desktop/SparkCar_ROS2_WS/SparkCar_Perception/install/localizer:/home/jiaverso/Desktop/SparkCar_ROS2_WS/SparkCar_Perception/install/fastlio2:/home/jiaverso/Desktop/SparkCar_ROS2_WS/SparkCar_Perception/install/livox_ros_driver2:/home/jiaverso/Desktop/SparkCar_ROS2_WS/SparkCar_Perception/install/hba:/opt/ros/humble LD_LIBRARY_PATH=/home/jiaverso/Desktop/SparkCar_ROS2_WS/SparkCar_Perception/install/interface/lib:/home/jiaverso/Desktop/SparkCar_ROS2_WS/SparkCar_Perception/install/livox_ros_driver2/lib:/opt/ros/humble/opt/rviz_ogre_vendor/lib:/opt/ros/humble/lib/x86_64-linux-gnu:/opt/ros/humble/lib /usr/bin/cmake --install /home/jiaverso/Desktop/SparkCar_ROS2_WS/SparkCar_Perception/build/pgo
[3.142s] Level 1:colcon.colcon_core.environment:create_environment_scripts_only(pgo)
[3.142s] Level 1:colcon.colcon_core.environment:checking '/home/jiaverso/Desktop/SparkCar_ROS2_WS/SparkCar_Perception/install/pgo' for CMake module files
[3.143s] DEBUG:colcon.colcon_core.event_handler.log_command:Invoked command in '/home/jiaverso/Desktop/SparkCar_ROS2_WS/SparkCar_Perception/build/pgo' returned '0': CMAKE_PREFIX_PATH=/home/jiaverso/Desktop/SparkCar_ROS2_WS/SparkCar_Perception/install/interface:/home/jiaverso/Desktop/SparkCar_ROS2_WS/SparkCar_Perception/install/pgo:/home/jiaverso/Desktop/SparkCar_ROS2_WS/SparkCar_Perception/install/localizer:/home/jiaverso/Desktop/SparkCar_ROS2_WS/SparkCar_Perception/install/fastlio2:/home/jiaverso/Desktop/SparkCar_ROS2_WS/SparkCar_Perception/install/livox_ros_driver2:/home/jiaverso/Desktop/SparkCar_ROS2_WS/SparkCar_Perception/install/hba:/opt/ros/humble LD_LIBRARY_PATH=/home/jiaverso/Desktop/SparkCar_ROS2_WS/SparkCar_Perception/install/interface/lib:/home/jiaverso/Desktop/SparkCar_ROS2_WS/SparkCar_Perception/install/livox_ros_driver2/lib:/opt/ros/humble/opt/rviz_ogre_vendor/lib:/opt/ros/humble/lib/x86_64-linux-gnu:/opt/ros/humble/lib /usr/bin/cmake --install /home/jiaverso/Desktop/SparkCar_ROS2_WS/SparkCar_Perception/build/pgo
[3.143s] Level 1:colcon.colcon_core.environment:checking '/home/jiaverso/Desktop/SparkCar_ROS2_WS/SparkCar_Perception/install/pgo' for CMake config files
[3.143s] Level 1:colcon.colcon_core.shell:create_environment_hook('pgo', 'cmake_prefix_path')
[3.143s] INFO:colcon.colcon_core.shell:Creating environment hook '/home/jiaverso/Desktop/SparkCar_ROS2_WS/SparkCar_Perception/install/pgo/share/pgo/hook/cmake_prefix_path.ps1'
[3.144s] INFO:colcon.colcon_core.shell:Creating environment descriptor '/home/jiaverso/Desktop/SparkCar_ROS2_WS/SparkCar_Perception/install/pgo/share/pgo/hook/cmake_prefix_path.dsv'
[3.144s] INFO:colcon.colcon_core.shell:Creating environment hook '/home/jiaverso/Desktop/SparkCar_ROS2_WS/SparkCar_Perception/install/pgo/share/pgo/hook/cmake_prefix_path.sh'
[3.144s] Level 1:colcon.colcon_core.environment:checking '/home/jiaverso/Desktop/SparkCar_ROS2_WS/SparkCar_Perception/install/pgo/lib'
[3.144s] Level 1:colcon.colcon_core.environment:checking '/home/jiaverso/Desktop/SparkCar_ROS2_WS/SparkCar_Perception/install/pgo/bin'
[3.144s] Level 1:colcon.colcon_core.environment:checking '/home/jiaverso/Desktop/SparkCar_ROS2_WS/SparkCar_Perception/install/pgo/lib/pkgconfig/pgo.pc'
[3.145s] Level 1:colcon.colcon_core.environment:checking '/home/jiaverso/Desktop/SparkCar_ROS2_WS/SparkCar_Perception/install/pgo/lib/python3.10/site-packages'
[3.145s] Level 1:colcon.colcon_core.environment:checking '/home/jiaverso/Desktop/SparkCar_ROS2_WS/SparkCar_Perception/install/pgo/bin'
[3.145s] INFO:colcon.colcon_core.shell:Creating package script '/home/jiaverso/Desktop/SparkCar_ROS2_WS/SparkCar_Perception/install/pgo/share/pgo/package.ps1'
[3.146s] INFO:colcon.colcon_core.shell:Creating package descriptor '/home/jiaverso/Desktop/SparkCar_ROS2_WS/SparkCar_Perception/install/pgo/share/pgo/package.dsv'
[3.146s] INFO:colcon.colcon_core.shell:Creating package script '/home/jiaverso/Desktop/SparkCar_ROS2_WS/SparkCar_Perception/install/pgo/share/pgo/package.sh'
[3.146s] INFO:colcon.colcon_core.shell:Creating package script '/home/jiaverso/Desktop/SparkCar_ROS2_WS/SparkCar_Perception/install/pgo/share/pgo/package.bash'
[3.146s] INFO:colcon.colcon_core.shell:Creating package script '/home/jiaverso/Desktop/SparkCar_ROS2_WS/SparkCar_Perception/install/pgo/share/pgo/package.zsh'
[3.146s] Level 1:colcon.colcon_core.environment:create_file_with_runtime_dependencies(/home/jiaverso/Desktop/SparkCar_ROS2_WS/SparkCar_Perception/install/pgo/share/colcon-core/packages/pgo)
[3.147s] Level 1:colcon.colcon_core.environment:create_environment_scripts_only(pgo)
[3.147s] Level 1:colcon.colcon_core.environment:checking '/home/jiaverso/Desktop/SparkCar_ROS2_WS/SparkCar_Perception/install/pgo' for CMake module files
[3.147s] Level 1:colcon.colcon_core.environment:checking '/home/jiaverso/Desktop/SparkCar_ROS2_WS/SparkCar_Perception/install/pgo' for CMake config files
[3.148s] Level 1:colcon.colcon_core.shell:create_environment_hook('pgo', 'cmake_prefix_path')
[3.148s] INFO:colcon.colcon_core.shell:Creating environment hook '/home/jiaverso/Desktop/SparkCar_ROS2_WS/SparkCar_Perception/install/pgo/share/pgo/hook/cmake_prefix_path.ps1'
[3.148s] INFO:colcon.colcon_core.shell:Creating environment descriptor '/home/jiaverso/Desktop/SparkCar_ROS2_WS/SparkCar_Perception/install/pgo/share/pgo/hook/cmake_prefix_path.dsv'
[3.148s] INFO:colcon.colcon_core.shell:Creating environment hook '/home/jiaverso/Desktop/SparkCar_ROS2_WS/SparkCar_Perception/install/pgo/share/pgo/hook/cmake_prefix_path.sh'
[3.149s] Level 1:colcon.colcon_core.environment:checking '/home/jiaverso/Desktop/SparkCar_ROS2_WS/SparkCar_Perception/install/pgo/lib'
[3.149s] Level 1:colcon.colcon_core.environment:checking '/home/jiaverso/Desktop/SparkCar_ROS2_WS/SparkCar_Perception/install/pgo/bin'
[3.149s] Level 1:colcon.colcon_core.environment:checking '/home/jiaverso/Desktop/SparkCar_ROS2_WS/SparkCar_Perception/install/pgo/lib/pkgconfig/pgo.pc'
[3.149s] Level 1:colcon.colcon_core.environment:checking '/home/jiaverso/Desktop/SparkCar_ROS2_WS/SparkCar_Perception/install/pgo/lib/python3.10/site-packages'
[3.149s] Level 1:colcon.colcon_core.environment:checking '/home/jiaverso/Desktop/SparkCar_ROS2_WS/SparkCar_Perception/install/pgo/bin'
[3.149s] INFO:colcon.colcon_core.shell:Creating package script '/home/jiaverso/Desktop/SparkCar_ROS2_WS/SparkCar_Perception/install/pgo/share/pgo/package.ps1'
[3.150s] INFO:colcon.colcon_core.shell:Creating package descriptor '/home/jiaverso/Desktop/SparkCar_ROS2_WS/SparkCar_Perception/install/pgo/share/pgo/package.dsv'
[3.150s] INFO:colcon.colcon_core.shell:Creating package script '/home/jiaverso/Desktop/SparkCar_ROS2_WS/SparkCar_Perception/install/pgo/share/pgo/package.sh'
[3.150s] INFO:colcon.colcon_core.shell:Creating package script '/home/jiaverso/Desktop/SparkCar_ROS2_WS/SparkCar_Perception/install/pgo/share/pgo/package.bash'
[3.151s] INFO:colcon.colcon_core.shell:Creating package script '/home/jiaverso/Desktop/SparkCar_ROS2_WS/SparkCar_Perception/install/pgo/share/pgo/package.zsh'
[3.151s] Level 1:colcon.colcon_core.environment:create_file_with_runtime_dependencies(/home/jiaverso/Desktop/SparkCar_ROS2_WS/SparkCar_Perception/install/pgo/share/colcon-core/packages/pgo)
[3.198s] DEBUG:colcon.colcon_core.event_handler.log_command:Invoked command in '/home/jiaverso/Desktop/SparkCar_ROS2_WS/SparkCar_Perception/build/localizer' returned '0': CMAKE_PREFIX_PATH=/home/jiaverso/Desktop/SparkCar_ROS2_WS/SparkCar_Perception/install/interface:/home/jiaverso/Desktop/SparkCar_ROS2_WS/SparkCar_Perception/install/pgo:/home/jiaverso/Desktop/SparkCar_ROS2_WS/SparkCar_Perception/install/localizer:/home/jiaverso/Desktop/SparkCar_ROS2_WS/SparkCar_Perception/install/fastlio2:/home/jiaverso/Desktop/SparkCar_ROS2_WS/SparkCar_Perception/install/livox_ros_driver2:/home/jiaverso/Desktop/SparkCar_ROS2_WS/SparkCar_Perception/install/hba:/opt/ros/humble LD_LIBRARY_PATH=/home/jiaverso/Desktop/SparkCar_ROS2_WS/SparkCar_Perception/install/interface/lib:/home/jiaverso/Desktop/SparkCar_ROS2_WS/SparkCar_Perception/install/livox_ros_driver2/lib:/opt/ros/humble/opt/rviz_ogre_vendor/lib:/opt/ros/humble/lib/x86_64-linux-gnu:/opt/ros/humble/lib /usr/bin/cmake /home/jiaverso/Desktop/SparkCar_ROS2_WS/SparkCar_Perception/src/FASTLIO2_ROS2/localizer -DCMAKE_INSTALL_PREFIX=/home/jiaverso/Desktop/SparkCar_ROS2_WS/SparkCar_Perception/install/localizer
[3.199s] DEBUG:colcon.colcon_core.event_handler.log_command:Invoking command in '/home/jiaverso/Desktop/SparkCar_ROS2_WS/SparkCar_Perception/build/localizer': CMAKE_PREFIX_PATH=/home/jiaverso/Desktop/SparkCar_ROS2_WS/SparkCar_Perception/install/interface:/home/jiaverso/Desktop/SparkCar_ROS2_WS/SparkCar_Perception/install/pgo:/home/jiaverso/Desktop/SparkCar_ROS2_WS/SparkCar_Perception/install/localizer:/home/jiaverso/Desktop/SparkCar_ROS2_WS/SparkCar_Perception/install/fastlio2:/home/jiaverso/Desktop/SparkCar_ROS2_WS/SparkCar_Perception/install/livox_ros_driver2:/home/jiaverso/Desktop/SparkCar_ROS2_WS/SparkCar_Perception/install/hba:/opt/ros/humble LD_LIBRARY_PATH=/home/jiaverso/Desktop/SparkCar_ROS2_WS/SparkCar_Perception/install/interface/lib:/home/jiaverso/Desktop/SparkCar_ROS2_WS/SparkCar_Perception/install/livox_ros_driver2/lib:/opt/ros/humble/opt/rviz_ogre_vendor/lib:/opt/ros/humble/lib/x86_64-linux-gnu:/opt/ros/humble/lib /usr/bin/cmake --build /home/jiaverso/Desktop/SparkCar_ROS2_WS/SparkCar_Perception/build/localizer -- -j8 -l8
[3.262s] DEBUG:colcon.colcon_core.event_handler.log_command:Invoked command in '/home/jiaverso/Desktop/SparkCar_ROS2_WS/SparkCar_Perception/build/localizer' returned '0': CMAKE_PREFIX_PATH=/home/jiaverso/Desktop/SparkCar_ROS2_WS/SparkCar_Perception/install/interface:/home/jiaverso/Desktop/SparkCar_ROS2_WS/SparkCar_Perception/install/pgo:/home/jiaverso/Desktop/SparkCar_ROS2_WS/SparkCar_Perception/install/localizer:/home/jiaverso/Desktop/SparkCar_ROS2_WS/SparkCar_Perception/install/fastlio2:/home/jiaverso/Desktop/SparkCar_ROS2_WS/SparkCar_Perception/install/livox_ros_driver2:/home/jiaverso/Desktop/SparkCar_ROS2_WS/SparkCar_Perception/install/hba:/opt/ros/humble LD_LIBRARY_PATH=/home/jiaverso/Desktop/SparkCar_ROS2_WS/SparkCar_Perception/install/interface/lib:/home/jiaverso/Desktop/SparkCar_ROS2_WS/SparkCar_Perception/install/livox_ros_driver2/lib:/opt/ros/humble/opt/rviz_ogre_vendor/lib:/opt/ros/humble/lib/x86_64-linux-gnu:/opt/ros/humble/lib /usr/bin/cmake --build /home/jiaverso/Desktop/SparkCar_ROS2_WS/SparkCar_Perception/build/localizer -- -j8 -l8
[3.264s] DEBUG:colcon.colcon_core.event_handler.log_command:Invoking command in '/home/jiaverso/Desktop/SparkCar_ROS2_WS/SparkCar_Perception/build/localizer': CMAKE_PREFIX_PATH=/home/jiaverso/Desktop/SparkCar_ROS2_WS/SparkCar_Perception/install/interface:/home/jiaverso/Desktop/SparkCar_ROS2_WS/SparkCar_Perception/install/pgo:/home/jiaverso/Desktop/SparkCar_ROS2_WS/SparkCar_Perception/install/localizer:/home/jiaverso/Desktop/SparkCar_ROS2_WS/SparkCar_Perception/install/fastlio2:/home/jiaverso/Desktop/SparkCar_ROS2_WS/SparkCar_Perception/install/livox_ros_driver2:/home/jiaverso/Desktop/SparkCar_ROS2_WS/SparkCar_Perception/install/hba:/opt/ros/humble LD_LIBRARY_PATH=/home/jiaverso/Desktop/SparkCar_ROS2_WS/SparkCar_Perception/install/interface/lib:/home/jiaverso/Desktop/SparkCar_ROS2_WS/SparkCar_Perception/install/livox_ros_driver2/lib:/opt/ros/humble/opt/rviz_ogre_vendor/lib:/opt/ros/humble/lib/x86_64-linux-gnu:/opt/ros/humble/lib /usr/bin/cmake --install /home/jiaverso/Desktop/SparkCar_ROS2_WS/SparkCar_Perception/build/localizer
[3.281s] Level 1:colcon.colcon_core.environment:create_environment_scripts_only(localizer)
[3.282s] Level 1:colcon.colcon_core.environment:checking '/home/jiaverso/Desktop/SparkCar_ROS2_WS/SparkCar_Perception/install/localizer' for CMake module files
[3.282s] DEBUG:colcon.colcon_core.event_handler.log_command:Invoked command in '/home/jiaverso/Desktop/SparkCar_ROS2_WS/SparkCar_Perception/build/localizer' returned '0': CMAKE_PREFIX_PATH=/home/jiaverso/Desktop/SparkCar_ROS2_WS/SparkCar_Perception/install/interface:/home/jiaverso/Desktop/SparkCar_ROS2_WS/SparkCar_Perception/install/pgo:/home/jiaverso/Desktop/SparkCar_ROS2_WS/SparkCar_Perception/install/localizer:/home/jiaverso/Desktop/SparkCar_ROS2_WS/SparkCar_Perception/install/fastlio2:/home/jiaverso/Desktop/SparkCar_ROS2_WS/SparkCar_Perception/install/livox_ros_driver2:/home/jiaverso/Desktop/SparkCar_ROS2_WS/SparkCar_Perception/install/hba:/opt/ros/humble LD_LIBRARY_PATH=/home/jiaverso/Desktop/SparkCar_ROS2_WS/SparkCar_Perception/install/interface/lib:/home/jiaverso/Desktop/SparkCar_ROS2_WS/SparkCar_Perception/install/livox_ros_driver2/lib:/opt/ros/humble/opt/rviz_ogre_vendor/lib:/opt/ros/humble/lib/x86_64-linux-gnu:/opt/ros/humble/lib /usr/bin/cmake --install /home/jiaverso/Desktop/SparkCar_ROS2_WS/SparkCar_Perception/build/localizer
[3.283s] Level 1:colcon.colcon_core.environment:checking '/home/jiaverso/Desktop/SparkCar_ROS2_WS/SparkCar_Perception/install/localizer' for CMake config files
[3.283s] Level 1:colcon.colcon_core.shell:create_environment_hook('localizer', 'cmake_prefix_path')
[3.283s] INFO:colcon.colcon_core.shell:Creating environment hook '/home/jiaverso/Desktop/SparkCar_ROS2_WS/SparkCar_Perception/install/localizer/share/localizer/hook/cmake_prefix_path.ps1'
[3.283s] INFO:colcon.colcon_core.shell:Creating environment descriptor '/home/jiaverso/Desktop/SparkCar_ROS2_WS/SparkCar_Perception/install/localizer/share/localizer/hook/cmake_prefix_path.dsv'
[3.284s] INFO:colcon.colcon_core.shell:Creating environment hook '/home/jiaverso/Desktop/SparkCar_ROS2_WS/SparkCar_Perception/install/localizer/share/localizer/hook/cmake_prefix_path.sh'
[3.284s] Level 1:colcon.colcon_core.environment:checking '/home/jiaverso/Desktop/SparkCar_ROS2_WS/SparkCar_Perception/install/localizer/lib'
[3.284s] Level 1:colcon.colcon_core.environment:checking '/home/jiaverso/Desktop/SparkCar_ROS2_WS/SparkCar_Perception/install/localizer/bin'
[3.284s] Level 1:colcon.colcon_core.environment:checking '/home/jiaverso/Desktop/SparkCar_ROS2_WS/SparkCar_Perception/install/localizer/lib/pkgconfig/localizer.pc'
[3.284s] Level 1:colcon.colcon_core.environment:checking '/home/jiaverso/Desktop/SparkCar_ROS2_WS/SparkCar_Perception/install/localizer/lib/python3.10/site-packages'
[3.285s] Level 1:colcon.colcon_core.environment:checking '/home/jiaverso/Desktop/SparkCar_ROS2_WS/SparkCar_Perception/install/localizer/bin'
[3.285s] INFO:colcon.colcon_core.shell:Creating package script '/home/jiaverso/Desktop/SparkCar_ROS2_WS/SparkCar_Perception/install/localizer/share/localizer/package.ps1'
[3.285s] INFO:colcon.colcon_core.shell:Creating package descriptor '/home/jiaverso/Desktop/SparkCar_ROS2_WS/SparkCar_Perception/install/localizer/share/localizer/package.dsv'
[3.286s] INFO:colcon.colcon_core.shell:Creating package script '/home/jiaverso/Desktop/SparkCar_ROS2_WS/SparkCar_Perception/install/localizer/share/localizer/package.sh'
[3.286s] INFO:colcon.colcon_core.shell:Creating package script '/home/jiaverso/Desktop/SparkCar_ROS2_WS/SparkCar_Perception/install/localizer/share/localizer/package.bash'
[3.286s] INFO:colcon.colcon_core.shell:Creating package script '/home/jiaverso/Desktop/SparkCar_ROS2_WS/SparkCar_Perception/install/localizer/share/localizer/package.zsh'
[3.286s] Level 1:colcon.colcon_core.environment:create_file_with_runtime_dependencies(/home/jiaverso/Desktop/SparkCar_ROS2_WS/SparkCar_Perception/install/localizer/share/colcon-core/packages/localizer)
[3.287s] Level 1:colcon.colcon_core.environment:create_environment_scripts_only(localizer)
[3.287s] Level 1:colcon.colcon_core.environment:checking '/home/jiaverso/Desktop/SparkCar_ROS2_WS/SparkCar_Perception/install/localizer' for CMake module files
[3.287s] Level 1:colcon.colcon_core.environment:checking '/home/jiaverso/Desktop/SparkCar_ROS2_WS/SparkCar_Perception/install/localizer' for CMake config files
[3.287s] Level 1:colcon.colcon_core.shell:create_environment_hook('localizer', 'cmake_prefix_path')
[3.287s] INFO:colcon.colcon_core.shell:Creating environment hook '/home/jiaverso/Desktop/SparkCar_ROS2_WS/SparkCar_Perception/install/localizer/share/localizer/hook/cmake_prefix_path.ps1'
[3.287s] INFO:colcon.colcon_core.shell:Creating environment descriptor '/home/jiaverso/Desktop/SparkCar_ROS2_WS/SparkCar_Perception/install/localizer/share/localizer/hook/cmake_prefix_path.dsv'
[3.288s] INFO:colcon.colcon_core.shell:Creating environment hook '/home/jiaverso/Desktop/SparkCar_ROS2_WS/SparkCar_Perception/install/localizer/share/localizer/hook/cmake_prefix_path.sh'
[3.288s] Level 1:colcon.colcon_core.environment:checking '/home/jiaverso/Desktop/SparkCar_ROS2_WS/SparkCar_Perception/install/localizer/lib'
[3.288s] Level 1:colcon.colcon_core.environment:checking '/home/jiaverso/Desktop/SparkCar_ROS2_WS/SparkCar_Perception/install/localizer/bin'
[3.288s] Level 1:colcon.colcon_core.environment:checking '/home/jiaverso/Desktop/SparkCar_ROS2_WS/SparkCar_Perception/install/localizer/lib/pkgconfig/localizer.pc'
[3.288s] Level 1:colcon.colcon_core.environment:checking '/home/jiaverso/Desktop/SparkCar_ROS2_WS/SparkCar_Perception/install/localizer/lib/python3.10/site-packages'
[3.288s] Level 1:colcon.colcon_core.environment:checking '/home/jiaverso/Desktop/SparkCar_ROS2_WS/SparkCar_Perception/install/localizer/bin'
[3.289s] INFO:colcon.colcon_core.shell:Creating package script '/home/jiaverso/Desktop/SparkCar_ROS2_WS/SparkCar_Perception/install/localizer/share/localizer/package.ps1'
[3.289s] INFO:colcon.colcon_core.shell:Creating package descriptor '/home/jiaverso/Desktop/SparkCar_ROS2_WS/SparkCar_Perception/install/localizer/share/localizer/package.dsv'
[3.289s] INFO:colcon.colcon_core.shell:Creating package script '/home/jiaverso/Desktop/SparkCar_ROS2_WS/SparkCar_Perception/install/localizer/share/localizer/package.sh'
[3.290s] INFO:colcon.colcon_core.shell:Creating package script '/home/jiaverso/Desktop/SparkCar_ROS2_WS/SparkCar_Perception/install/localizer/share/localizer/package.bash'
[3.290s] INFO:colcon.colcon_core.shell:Creating package script '/home/jiaverso/Desktop/SparkCar_ROS2_WS/SparkCar_Perception/install/localizer/share/localizer/package.zsh'
[3.290s] Level 1:colcon.colcon_core.environment:create_file_with_runtime_dependencies(/home/jiaverso/Desktop/SparkCar_ROS2_WS/SparkCar_Perception/install/localizer/share/colcon-core/packages/localizer)
[3.476s] DEBUG:colcon.colcon_core.event_handler.log_command:Invoked command in '/home/jiaverso/Desktop/SparkCar_ROS2_WS/SparkCar_Perception/build/hba' returned '0': CMAKE_PREFIX_PATH=/home/jiaverso/Desktop/SparkCar_ROS2_WS/SparkCar_Perception/install/interface:/home/jiaverso/Desktop/SparkCar_ROS2_WS/SparkCar_Perception/install/pgo:/home/jiaverso/Desktop/SparkCar_ROS2_WS/SparkCar_Perception/install/localizer:/home/jiaverso/Desktop/SparkCar_ROS2_WS/SparkCar_Perception/install/fastlio2:/home/jiaverso/Desktop/SparkCar_ROS2_WS/SparkCar_Perception/install/livox_ros_driver2:/home/jiaverso/Desktop/SparkCar_ROS2_WS/SparkCar_Perception/install/hba:/opt/ros/humble LD_LIBRARY_PATH=/home/jiaverso/Desktop/SparkCar_ROS2_WS/SparkCar_Perception/install/interface/lib:/home/jiaverso/Desktop/SparkCar_ROS2_WS/SparkCar_Perception/install/livox_ros_driver2/lib:/opt/ros/humble/opt/rviz_ogre_vendor/lib:/opt/ros/humble/lib/x86_64-linux-gnu:/opt/ros/humble/lib /usr/bin/cmake /home/jiaverso/Desktop/SparkCar_ROS2_WS/SparkCar_Perception/src/FASTLIO2_ROS2/hba -DCMAKE_INSTALL_PREFIX=/home/jiaverso/Desktop/SparkCar_ROS2_WS/SparkCar_Perception/install/hba
[3.477s] DEBUG:colcon.colcon_core.event_handler.log_command:Invoking command in '/home/jiaverso/Desktop/SparkCar_ROS2_WS/SparkCar_Perception/build/hba': CMAKE_PREFIX_PATH=/home/jiaverso/Desktop/SparkCar_ROS2_WS/SparkCar_Perception/install/interface:/home/jiaverso/Desktop/SparkCar_ROS2_WS/SparkCar_Perception/install/pgo:/home/jiaverso/Desktop/SparkCar_ROS2_WS/SparkCar_Perception/install/localizer:/home/jiaverso/Desktop/SparkCar_ROS2_WS/SparkCar_Perception/install/fastlio2:/home/jiaverso/Desktop/SparkCar_ROS2_WS/SparkCar_Perception/install/livox_ros_driver2:/home/jiaverso/Desktop/SparkCar_ROS2_WS/SparkCar_Perception/install/hba:/opt/ros/humble LD_LIBRARY_PATH=/home/jiaverso/Desktop/SparkCar_ROS2_WS/SparkCar_Perception/install/interface/lib:/home/jiaverso/Desktop/SparkCar_ROS2_WS/SparkCar_Perception/install/livox_ros_driver2/lib:/opt/ros/humble/opt/rviz_ogre_vendor/lib:/opt/ros/humble/lib/x86_64-linux-gnu:/opt/ros/humble/lib /usr/bin/cmake --build /home/jiaverso/Desktop/SparkCar_ROS2_WS/SparkCar_Perception/build/hba -- -j8 -l8
[3.550s] DEBUG:colcon.colcon_core.event_handler.log_command:Invoked command in '/home/jiaverso/Desktop/SparkCar_ROS2_WS/SparkCar_Perception/build/hba' returned '0': CMAKE_PREFIX_PATH=/home/jiaverso/Desktop/SparkCar_ROS2_WS/SparkCar_Perception/install/interface:/home/jiaverso/Desktop/SparkCar_ROS2_WS/SparkCar_Perception/install/pgo:/home/jiaverso/Desktop/SparkCar_ROS2_WS/SparkCar_Perception/install/localizer:/home/jiaverso/Desktop/SparkCar_ROS2_WS/SparkCar_Perception/install/fastlio2:/home/jiaverso/Desktop/SparkCar_ROS2_WS/SparkCar_Perception/install/livox_ros_driver2:/home/jiaverso/Desktop/SparkCar_ROS2_WS/SparkCar_Perception/install/hba:/opt/ros/humble LD_LIBRARY_PATH=/home/jiaverso/Desktop/SparkCar_ROS2_WS/SparkCar_Perception/install/interface/lib:/home/jiaverso/Desktop/SparkCar_ROS2_WS/SparkCar_Perception/install/livox_ros_driver2/lib:/opt/ros/humble/opt/rviz_ogre_vendor/lib:/opt/ros/humble/lib/x86_64-linux-gnu:/opt/ros/humble/lib /usr/bin/cmake --build /home/jiaverso/Desktop/SparkCar_ROS2_WS/SparkCar_Perception/build/hba -- -j8 -l8
[3.551s] DEBUG:colcon.colcon_core.event_handler.log_command:Invoking command in '/home/jiaverso/Desktop/SparkCar_ROS2_WS/SparkCar_Perception/build/hba': CMAKE_PREFIX_PATH=/home/jiaverso/Desktop/SparkCar_ROS2_WS/SparkCar_Perception/install/interface:/home/jiaverso/Desktop/SparkCar_ROS2_WS/SparkCar_Perception/install/pgo:/home/jiaverso/Desktop/SparkCar_ROS2_WS/SparkCar_Perception/install/localizer:/home/jiaverso/Desktop/SparkCar_ROS2_WS/SparkCar_Perception/install/fastlio2:/home/jiaverso/Desktop/SparkCar_ROS2_WS/SparkCar_Perception/install/livox_ros_driver2:/home/jiaverso/Desktop/SparkCar_ROS2_WS/SparkCar_Perception/install/hba:/opt/ros/humble LD_LIBRARY_PATH=/home/jiaverso/Desktop/SparkCar_ROS2_WS/SparkCar_Perception/install/interface/lib:/home/jiaverso/Desktop/SparkCar_ROS2_WS/SparkCar_Perception/install/livox_ros_driver2/lib:/opt/ros/humble/opt/rviz_ogre_vendor/lib:/opt/ros/humble/lib/x86_64-linux-gnu:/opt/ros/humble/lib /usr/bin/cmake --install /home/jiaverso/Desktop/SparkCar_ROS2_WS/SparkCar_Perception/build/hba
[3.566s] Level 1:colcon.colcon_core.environment:create_environment_scripts_only(hba)
[3.566s] Level 1:colcon.colcon_core.environment:checking '/home/jiaverso/Desktop/SparkCar_ROS2_WS/SparkCar_Perception/install/hba' for CMake module files
[3.567s] DEBUG:colcon.colcon_core.event_handler.log_command:Invoked command in '/home/jiaverso/Desktop/SparkCar_ROS2_WS/SparkCar_Perception/build/hba' returned '0': CMAKE_PREFIX_PATH=/home/jiaverso/Desktop/SparkCar_ROS2_WS/SparkCar_Perception/install/interface:/home/jiaverso/Desktop/SparkCar_ROS2_WS/SparkCar_Perception/install/pgo:/home/jiaverso/Desktop/SparkCar_ROS2_WS/SparkCar_Perception/install/localizer:/home/jiaverso/Desktop/SparkCar_ROS2_WS/SparkCar_Perception/install/fastlio2:/home/jiaverso/Desktop/SparkCar_ROS2_WS/SparkCar_Perception/install/livox_ros_driver2:/home/jiaverso/Desktop/SparkCar_ROS2_WS/SparkCar_Perception/install/hba:/opt/ros/humble LD_LIBRARY_PATH=/home/jiaverso/Desktop/SparkCar_ROS2_WS/SparkCar_Perception/install/interface/lib:/home/jiaverso/Desktop/SparkCar_ROS2_WS/SparkCar_Perception/install/livox_ros_driver2/lib:/opt/ros/humble/opt/rviz_ogre_vendor/lib:/opt/ros/humble/lib/x86_64-linux-gnu:/opt/ros/humble/lib /usr/bin/cmake --install /home/jiaverso/Desktop/SparkCar_ROS2_WS/SparkCar_Perception/build/hba
[3.567s] Level 1:colcon.colcon_core.environment:checking '/home/jiaverso/Desktop/SparkCar_ROS2_WS/SparkCar_Perception/install/hba' for CMake config files
[3.567s] Level 1:colcon.colcon_core.shell:create_environment_hook('hba', 'cmake_prefix_path')
[3.567s] INFO:colcon.colcon_core.shell:Creating environment hook '/home/jiaverso/Desktop/SparkCar_ROS2_WS/SparkCar_Perception/install/hba/share/hba/hook/cmake_prefix_path.ps1'
[3.568s] INFO:colcon.colcon_core.shell:Creating environment descriptor '/home/jiaverso/Desktop/SparkCar_ROS2_WS/SparkCar_Perception/install/hba/share/hba/hook/cmake_prefix_path.dsv'
[3.568s] INFO:colcon.colcon_core.shell:Creating environment hook '/home/jiaverso/Desktop/SparkCar_ROS2_WS/SparkCar_Perception/install/hba/share/hba/hook/cmake_prefix_path.sh'
[3.568s] Level 1:colcon.colcon_core.environment:checking '/home/jiaverso/Desktop/SparkCar_ROS2_WS/SparkCar_Perception/install/hba/lib'
[3.568s] Level 1:colcon.colcon_core.environment:checking '/home/jiaverso/Desktop/SparkCar_ROS2_WS/SparkCar_Perception/install/hba/bin'
[3.568s] Level 1:colcon.colcon_core.environment:checking '/home/jiaverso/Desktop/SparkCar_ROS2_WS/SparkCar_Perception/install/hba/lib/pkgconfig/hba.pc'
[3.569s] Level 1:colcon.colcon_core.environment:checking '/home/jiaverso/Desktop/SparkCar_ROS2_WS/SparkCar_Perception/install/hba/lib/python3.10/site-packages'
[3.569s] Level 1:colcon.colcon_core.environment:checking '/home/jiaverso/Desktop/SparkCar_ROS2_WS/SparkCar_Perception/install/hba/bin'
[3.569s] INFO:colcon.colcon_core.shell:Creating package script '/home/jiaverso/Desktop/SparkCar_ROS2_WS/SparkCar_Perception/install/hba/share/hba/package.ps1'
[3.569s] INFO:colcon.colcon_core.shell:Creating package descriptor '/home/jiaverso/Desktop/SparkCar_ROS2_WS/SparkCar_Perception/install/hba/share/hba/package.dsv'
[3.570s] INFO:colcon.colcon_core.shell:Creating package script '/home/jiaverso/Desktop/SparkCar_ROS2_WS/SparkCar_Perception/install/hba/share/hba/package.sh'
[3.570s] INFO:colcon.colcon_core.shell:Creating package script '/home/jiaverso/Desktop/SparkCar_ROS2_WS/SparkCar_Perception/install/hba/share/hba/package.bash'
[3.570s] INFO:colcon.colcon_core.shell:Creating package script '/home/jiaverso/Desktop/SparkCar_ROS2_WS/SparkCar_Perception/install/hba/share/hba/package.zsh'
[3.570s] Level 1:colcon.colcon_core.environment:create_file_with_runtime_dependencies(/home/jiaverso/Desktop/SparkCar_ROS2_WS/SparkCar_Perception/install/hba/share/colcon-core/packages/hba)
[3.571s] Level 1:colcon.colcon_core.environment:create_environment_scripts_only(hba)
[3.571s] Level 1:colcon.colcon_core.environment:checking '/home/jiaverso/Desktop/SparkCar_ROS2_WS/SparkCar_Perception/install/hba' for CMake module files
[3.571s] Level 1:colcon.colcon_core.environment:checking '/home/jiaverso/Desktop/SparkCar_ROS2_WS/SparkCar_Perception/install/hba' for CMake config files
[3.571s] Level 1:colcon.colcon_core.shell:create_environment_hook('hba', 'cmake_prefix_path')
[3.571s] INFO:colcon.colcon_core.shell:Creating environment hook '/home/jiaverso/Desktop/SparkCar_ROS2_WS/SparkCar_Perception/install/hba/share/hba/hook/cmake_prefix_path.ps1'
[3.572s] INFO:colcon.colcon_core.shell:Creating environment descriptor '/home/jiaverso/Desktop/SparkCar_ROS2_WS/SparkCar_Perception/install/hba/share/hba/hook/cmake_prefix_path.dsv'
[3.572s] INFO:colcon.colcon_core.shell:Creating environment hook '/home/jiaverso/Desktop/SparkCar_ROS2_WS/SparkCar_Perception/install/hba/share/hba/hook/cmake_prefix_path.sh'
[3.572s] Level 1:colcon.colcon_core.environment:checking '/home/jiaverso/Desktop/SparkCar_ROS2_WS/SparkCar_Perception/install/hba/lib'
[3.572s] Level 1:colcon.colcon_core.environment:checking '/home/jiaverso/Desktop/SparkCar_ROS2_WS/SparkCar_Perception/install/hba/bin'
[3.572s] Level 1:colcon.colcon_core.environment:checking '/home/jiaverso/Desktop/SparkCar_ROS2_WS/SparkCar_Perception/install/hba/lib/pkgconfig/hba.pc'
[3.573s] Level 1:colcon.colcon_core.environment:checking '/home/jiaverso/Desktop/SparkCar_ROS2_WS/SparkCar_Perception/install/hba/lib/python3.10/site-packages'
[3.573s] Level 1:colcon.colcon_core.environment:checking '/home/jiaverso/Desktop/SparkCar_ROS2_WS/SparkCar_Perception/install/hba/bin'
[3.573s] INFO:colcon.colcon_core.shell:Creating package script '/home/jiaverso/Desktop/SparkCar_ROS2_WS/SparkCar_Perception/install/hba/share/hba/package.ps1'
[3.573s] INFO:colcon.colcon_core.shell:Creating package descriptor '/home/jiaverso/Desktop/SparkCar_ROS2_WS/SparkCar_Perception/install/hba/share/hba/package.dsv'
[3.574s] INFO:colcon.colcon_core.shell:Creating package script '/home/jiaverso/Desktop/SparkCar_ROS2_WS/SparkCar_Perception/install/hba/share/hba/package.sh'
[3.574s] INFO:colcon.colcon_core.shell:Creating package script '/home/jiaverso/Desktop/SparkCar_ROS2_WS/SparkCar_Perception/install/hba/share/hba/package.bash'
[3.574s] INFO:colcon.colcon_core.shell:Creating package script '/home/jiaverso/Desktop/SparkCar_ROS2_WS/SparkCar_Perception/install/hba/share/hba/package.zsh'
[3.574s] Level 1:colcon.colcon_core.environment:create_file_with_runtime_dependencies(/home/jiaverso/Desktop/SparkCar_ROS2_WS/SparkCar_Perception/install/hba/share/colcon-core/packages/hba)
[3.575s] DEBUG:colcon.colcon_parallel_executor.executor.parallel:closing loop
[3.575s] DEBUG:colcon.colcon_parallel_executor.executor.parallel:loop closed
[3.575s] DEBUG:colcon.colcon_parallel_executor.executor.parallel:run_until_complete finished with '0'
[3.575s] DEBUG:colcon.colcon_core.event_reactor:joining thread
[3.580s] INFO:colcon.colcon_core.plugin_system:Skipping extension 'colcon_notification.desktop_notification.terminal_notifier': Not used on non-Darwin systems
[3.580s] INFO:colcon.colcon_core.plugin_system:Skipping extension 'colcon_notification.desktop_notification.win32': Not used on non-Windows systems
[3.580s] INFO:colcon.colcon_notification.desktop_notification:Sending desktop notification using 'notify2'
[3.591s] DEBUG:colcon.colcon_core.event_reactor:joined thread
[3.591s] INFO:colcon.colcon_core.shell:Creating prefix script '/home/jiaverso/Desktop/SparkCar_ROS2_WS/SparkCar_Perception/install/local_setup.ps1'
[3.592s] INFO:colcon.colcon_core.shell:Creating prefix util module '/home/jiaverso/Desktop/SparkCar_ROS2_WS/SparkCar_Perception/install/_local_setup_util_ps1.py'
[3.593s] INFO:colcon.colcon_core.shell:Creating prefix chain script '/home/jiaverso/Desktop/SparkCar_ROS2_WS/SparkCar_Perception/install/setup.ps1'
[3.594s] INFO:colcon.colcon_core.shell:Creating prefix script '/home/jiaverso/Desktop/SparkCar_ROS2_WS/SparkCar_Perception/install/local_setup.sh'
[3.595s] INFO:colcon.colcon_core.shell:Creating prefix util module '/home/jiaverso/Desktop/SparkCar_ROS2_WS/SparkCar_Perception/install/_local_setup_util_sh.py'
[3.595s] INFO:colcon.colcon_core.shell:Creating prefix chain script '/home/jiaverso/Desktop/SparkCar_ROS2_WS/SparkCar_Perception/install/setup.sh'
[3.596s] INFO:colcon.colcon_core.shell:Creating prefix script '/home/jiaverso/Desktop/SparkCar_ROS2_WS/SparkCar_Perception/install/local_setup.bash'
[3.597s] INFO:colcon.colcon_core.shell:Creating prefix chain script '/home/jiaverso/Desktop/SparkCar_ROS2_WS/SparkCar_Perception/install/setup.bash'
[3.597s] INFO:colcon.colcon_core.shell:Creating prefix script '/home/jiaverso/Desktop/SparkCar_ROS2_WS/SparkCar_Perception/install/local_setup.zsh'
[3.598s] INFO:colcon.colcon_core.shell:Creating prefix chain script '/home/jiaverso/Desktop/SparkCar_ROS2_WS/SparkCar_Perception/install/setup.zsh'
