[0.014s] Invoking command in '/home/jiaverso/Desktop/SparkCar_ROS2_WS/SparkCar_Perception/build/pgo': CMAKE_PREFIX_PATH=/home/jiaverso/Desktop/SparkCar_ROS2_WS/SparkCar_Perception/install/interface:/home/jiaverso/Desktop/SparkCar_ROS2_WS/SparkCar_Perception/install/pgo:/home/jiaverso/Desktop/SparkCar_ROS2_WS/SparkCar_Perception/install/localizer:/home/jiaverso/Desktop/SparkCar_ROS2_WS/SparkCar_Perception/install/fastlio2:/home/jiaverso/Desktop/SparkCar_ROS2_WS/SparkCar_Perception/install/livox_ros_driver2:/home/jiaverso/Desktop/SparkCar_ROS2_WS/SparkCar_Perception/install/hba:/opt/ros/humble LD_LIBRARY_PATH=/home/jiaverso/Desktop/SparkCar_ROS2_WS/SparkCar_Perception/install/interface/lib:/home/jiaverso/Desktop/SparkCar_ROS2_WS/SparkCar_Perception/install/livox_ros_driver2/lib:/opt/ros/humble/opt/rviz_ogre_vendor/lib:/opt/ros/humble/lib/x86_64-linux-gnu:/opt/ros/humble/lib /usr/bin/cmake /home/jiaverso/Desktop/SparkCar_ROS2_WS/SparkCar_Perception/src/FASTLIO2_ROS2/pgo -DROS_EDITION=ROS2 -DDISTRO_ROS=humble -DCMAKE_INSTALL_PREFIX=/home/jiaverso/Desktop/SparkCar_ROS2_WS/SparkCar_Perception/install/pgo
[0.069s] -- The C compiler identification is GNU 11.4.0
[0.129s] -- The CXX compiler identification is GNU 11.4.0
[0.141s] -- Detecting C compiler ABI info
[0.304s] -- Detecting C compiler ABI info - done
[0.315s] -- Check for working C compiler: /usr/bin/cc - skipped
[0.316s] -- Detecting C compile features
[0.316s] -- Detecting C compile features - done
[0.322s] -- Detecting CXX compiler ABI info
[0.469s] -- Detecting CXX compiler ABI info - done
[0.496s] -- Check for working CXX compiler: /usr/bin/c++ - skipped
[0.497s] -- Detecting CXX compile features
[0.504s] -- Detecting CXX compile features - done
[0.504s] -- Found ament_cmake: 1.3.14 (/opt/ros/humble/share/ament_cmake/cmake)
[0.894s] -- Found Python3: /usr/bin/python3 (found version "3.10.12") found components: Interpreter 
[1.053s] -- Found std_msgs: 4.9.1 (/opt/ros/humble/share/std_msgs/cmake)
[1.122s] -- Found rosidl_generator_c: 3.1.8 (/opt/ros/humble/share/rosidl_generator_c/cmake)
[1.128s] -- Found rosidl_adapter: 3.1.8 (/opt/ros/humble/share/rosidl_adapter/cmake)
[1.138s] -- Found rosidl_generator_cpp: 3.1.8 (/opt/ros/humble/share/rosidl_generator_cpp/cmake)
[1.153s] -- Using all available rosidl_typesupport_c: rosidl_typesupport_fastrtps_c;rosidl_typesupport_introspection_c
[1.172s] -- Using all available rosidl_typesupport_cpp: rosidl_typesupport_fastrtps_cpp;rosidl_typesupport_introspection_cpp
[1.211s] -- Found rclcpp: 16.0.19 (/opt/ros/humble/share/rclcpp/cmake)
[1.252s] -- Found rmw_implementation_cmake: 6.1.2 (/opt/ros/humble/share/rmw_implementation_cmake/cmake)
[1.255s] -- Found rmw_fastrtps_cpp: 6.2.10 (/opt/ros/humble/share/rmw_fastrtps_cpp/cmake)
[1.372s] -- Found OpenSSL: /usr/lib/x86_64-linux-gnu/libcrypto.so (found version "3.0.2")  
[1.416s] -- Found FastRTPS: /opt/ros/humble/include  
[1.490s] -- Using RMW implementation 'rmw_fastrtps_cpp' as default
[1.517s] -- Looking for pthread.h
[1.679s] -- Looking for pthread.h - found
[1.683s] -- Performing Test CMAKE_HAVE_LIBC_PTHREAD
[1.877s] -- Performing Test CMAKE_HAVE_LIBC_PTHREAD - Success
[1.877s] -- Found Threads: TRUE  
[1.988s] -- Found nav_msgs: 4.9.1 (/opt/ros/humble/share/nav_msgs/cmake)
[2.039s] -- Found tf2_ros: 0.25.20 (/opt/ros/humble/share/tf2_ros/cmake)
[2.210s] -- Found pcl_conversions: 2.4.5 (/opt/ros/humble/share/pcl_conversions/cmake)
[2.295s] -- Checking for module 'eigen3'
[2.325s] --   Found eigen3, version 3.4.0
[2.394s] -- Found Eigen: /usr/include/eigen3 (Required is at least version "3.1") 
[2.394s] -- Eigen found (include: /usr/include/eigen3, version: 3.4.0)
[2.457s] -- Checking for module 'flann'
[2.475s] --   Found flann, version 1.9.1
[2.543s] -- Found FLANN: /usr/lib/x86_64-linux-gnu/libflann_cpp.so  
[2.543s] -- FLANN found (include: /usr/include, lib: /usr/lib/x86_64-linux-gnu/libflann_cpp.so)
[4.610s] -- Checking for module 'libusb-1.0'
[4.636s] --   Found libusb-1.0, version 1.0.25
[4.682s] -- Found libusb: /usr/lib/x86_64-linux-gnu/libusb-1.0.so  
[4.683s] -- OpenNI found (version: 1.5.4.0, include: /usr/include/ni, lib: /usr/lib/libOpenNI.so;libusb::libusb)
[4.766s] -- OpenNI2 found (version: 2.2.0.33, include: /usr/include/openni2, lib: /usr/lib/x86_64-linux-gnu/libOpenNI2.so;libusb::libusb)
[4.959s] -- Eigen found (include: /usr/include/eigen3, version: 3.4.0)
[4.966s] -- OpenNI found (version: 1.5.4.0, include: /usr/include/ni, lib: /usr/lib/libOpenNI.so;libusb::libusb)
[4.973s] -- OpenNI2 found (version: 2.2.0.33, include: /usr/include/openni2, lib: /usr/lib/x86_64-linux-gnu/libOpenNI2.so;libusb::libusb)
[5.144s] -- Found Qhull version 8.0.2
[5.382s] -- OpenNI found (version: 1.5.4.0, include: /usr/include/ni, lib: /usr/lib/libOpenNI.so;libusb::libusb)
[5.563s] -- Found PCL_COMMON: /usr/lib/x86_64-linux-gnu/libpcl_common.so  
[5.564s] -- Found PCL_KDTREE: /usr/lib/x86_64-linux-gnu/libpcl_kdtree.so  
[5.565s] -- Found PCL_OCTREE: /usr/lib/x86_64-linux-gnu/libpcl_octree.so  
[5.566s] -- Found PCL_SEARCH: /usr/lib/x86_64-linux-gnu/libpcl_search.so  
[5.567s] -- Found PCL_SAMPLE_CONSENSUS: /usr/lib/x86_64-linux-gnu/libpcl_sample_consensus.so  
[5.568s] -- Found PCL_FILTERS: /usr/lib/x86_64-linux-gnu/libpcl_filters.so  
[5.569s] -- Found PCL_2D: /usr/include/pcl-1.12  
[5.571s] -- Found PCL_GEOMETRY: /usr/include/pcl-1.12  
[5.572s] -- Found PCL_IO: /usr/lib/x86_64-linux-gnu/libpcl_io.so  
[5.573s] -- Found PCL_FEATURES: /usr/lib/x86_64-linux-gnu/libpcl_features.so  
[5.576s] -- Found PCL_ML: /usr/lib/x86_64-linux-gnu/libpcl_ml.so  
[5.576s] -- Found PCL_SEGMENTATION: /usr/lib/x86_64-linux-gnu/libpcl_segmentation.so  
[5.577s] -- Found PCL_VISUALIZATION: /usr/lib/x86_64-linux-gnu/libpcl_visualization.so  
[5.579s] -- Found PCL_SURFACE: /usr/lib/x86_64-linux-gnu/libpcl_surface.so  
[5.580s] -- Found PCL_REGISTRATION: /usr/lib/x86_64-linux-gnu/libpcl_registration.so  
[5.581s] -- Found PCL_KEYPOINTS: /usr/lib/x86_64-linux-gnu/libpcl_keypoints.so  
[5.583s] -- Found PCL_TRACKING: /usr/lib/x86_64-linux-gnu/libpcl_tracking.so  
[5.584s] -- Found PCL_RECOGNITION: /usr/lib/x86_64-linux-gnu/libpcl_recognition.so  
[5.585s] -- Found PCL_STEREO: /usr/lib/x86_64-linux-gnu/libpcl_stereo.so  
[5.586s] -- Found PCL_APPS: /usr/lib/x86_64-linux-gnu/libpcl_apps.so  
[5.587s] -- Found PCL_IN_HAND_SCANNER: /usr/include/pcl-1.12  
[5.588s] -- Found PCL_MODELER: /usr/include/pcl-1.12  
[5.588s] -- Found PCL_POINT_CLOUD_EDITOR: /usr/include/pcl-1.12  
[5.589s] -- Found PCL_OUTOFCORE: /usr/lib/x86_64-linux-gnu/libpcl_outofcore.so  
[5.591s] -- Found PCL_PEOPLE: /usr/lib/x86_64-linux-gnu/libpcl_people.so  
[5.596s] -- Found visualization_msgs: 4.9.1 (/opt/ros/humble/share/visualization_msgs/cmake)
[5.645s] -- Found Boost: /usr/lib/x86_64-linux-gnu/cmake/Boost-1.74.0/BoostConfig.cmake (found suitable version "1.74.0", minimum required is "1.65") found components: serialization system filesystem thread program_options date_time timer chrono regex 
[5.653s] -- GTSAM include directory:  /usr/local/lib/cmake/GTSAM/../../../include
[5.654s] [33mCMake Warning (dev) at CMakeLists.txt:31 (find_package):
[5.654s]   Policy CMP0074 is not set: find_package uses <PackageName>_ROOT variables.
[5.654s]   Run "cmake --help-policy CMP0074" for policy details.  Use the cmake_policy
[5.654s]   command to set the policy and suppress this warning.
[5.654s] 
[5.655s]   CMake variable PCL_ROOT is set to:
[5.655s] 
[5.655s]     /usr
[5.655s] 
[5.655s]   For compatibility, CMake is ignoring the variable.
[5.655s] This warning is for project developers.  Use -Wno-dev to suppress it.
[5.655s] [0m
[5.666s] -- Found interface: 0.0.0 (/home/jiaverso/Desktop/SparkCar_ROS2_WS/SparkCar_Perception/install/interface/share/interface/cmake)
[5.698s] -- Found ament_lint_auto: 0.12.15 (/opt/ros/humble/share/ament_lint_auto/cmake)
[5.797s] -- Added test 'cppcheck' to perform static code analysis on C / C++ code
[5.797s] -- Configured cppcheck include dirs: 
[5.798s] -- Configured cppcheck exclude dirs and/or files: 
[5.798s] -- Added test 'flake8' to check Python code syntax and style conventions
[5.798s] -- Added test 'lint_cmake' to check CMake code style
[5.798s] -- Added test 'pep257' to check Python code against some of the docstring style conventions in PEP 257
[5.799s] -- Added test 'uncrustify' to check C / C++ code style
[5.799s] -- Configured uncrustify additional arguments: 
[5.800s] -- Added test 'xmllint' to check XML markup files
[5.801s] -- Configuring done
[5.852s] -- Generating done
[5.853s] [33mCMake Warning:
[5.854s]   Manually-specified variables were not used by the project:
[5.854s] 
[5.854s]     DISTRO_ROS
[5.854s]     ROS_EDITION
[5.854s] 
[5.854s] [0m
[5.863s] -- Build files have been written to: /home/jiaverso/Desktop/SparkCar_ROS2_WS/SparkCar_Perception/build/pgo
[5.883s] Invoked command in '/home/jiaverso/Desktop/SparkCar_ROS2_WS/SparkCar_Perception/build/pgo' returned '0': CMAKE_PREFIX_PATH=/home/jiaverso/Desktop/SparkCar_ROS2_WS/SparkCar_Perception/install/interface:/home/jiaverso/Desktop/SparkCar_ROS2_WS/SparkCar_Perception/install/pgo:/home/jiaverso/Desktop/SparkCar_ROS2_WS/SparkCar_Perception/install/localizer:/home/jiaverso/Desktop/SparkCar_ROS2_WS/SparkCar_Perception/install/fastlio2:/home/jiaverso/Desktop/SparkCar_ROS2_WS/SparkCar_Perception/install/livox_ros_driver2:/home/jiaverso/Desktop/SparkCar_ROS2_WS/SparkCar_Perception/install/hba:/opt/ros/humble LD_LIBRARY_PATH=/home/jiaverso/Desktop/SparkCar_ROS2_WS/SparkCar_Perception/install/interface/lib:/home/jiaverso/Desktop/SparkCar_ROS2_WS/SparkCar_Perception/install/livox_ros_driver2/lib:/opt/ros/humble/opt/rviz_ogre_vendor/lib:/opt/ros/humble/lib/x86_64-linux-gnu:/opt/ros/humble/lib /usr/bin/cmake /home/jiaverso/Desktop/SparkCar_ROS2_WS/SparkCar_Perception/src/FASTLIO2_ROS2/pgo -DROS_EDITION=ROS2 -DDISTRO_ROS=humble -DCMAKE_INSTALL_PREFIX=/home/jiaverso/Desktop/SparkCar_ROS2_WS/SparkCar_Perception/install/pgo
[5.885s] Invoking command in '/home/jiaverso/Desktop/SparkCar_ROS2_WS/SparkCar_Perception/build/pgo': CMAKE_PREFIX_PATH=/home/jiaverso/Desktop/SparkCar_ROS2_WS/SparkCar_Perception/install/interface:/home/jiaverso/Desktop/SparkCar_ROS2_WS/SparkCar_Perception/install/pgo:/home/jiaverso/Desktop/SparkCar_ROS2_WS/SparkCar_Perception/install/localizer:/home/jiaverso/Desktop/SparkCar_ROS2_WS/SparkCar_Perception/install/fastlio2:/home/jiaverso/Desktop/SparkCar_ROS2_WS/SparkCar_Perception/install/livox_ros_driver2:/home/jiaverso/Desktop/SparkCar_ROS2_WS/SparkCar_Perception/install/hba:/opt/ros/humble LD_LIBRARY_PATH=/home/jiaverso/Desktop/SparkCar_ROS2_WS/SparkCar_Perception/install/interface/lib:/home/jiaverso/Desktop/SparkCar_ROS2_WS/SparkCar_Perception/install/livox_ros_driver2/lib:/opt/ros/humble/opt/rviz_ogre_vendor/lib:/opt/ros/humble/lib/x86_64-linux-gnu:/opt/ros/humble/lib /usr/bin/cmake --build /home/jiaverso/Desktop/SparkCar_ROS2_WS/SparkCar_Perception/build/pgo -- -j8 -l8
[5.951s] [ 25%] [32mBuilding CXX object CMakeFiles/pgo_node.dir/src/pgo_node.cpp.o[0m
[5.958s] [ 50%] [32mBuilding CXX object CMakeFiles/pgo_node.dir/src/pgos/commons.cpp.o[0m
[5.959s] [ 75%] [32mBuilding CXX object CMakeFiles/pgo_node.dir/src/pgos/simple_pgo.cpp.o[0m
[56.525s] [100%] [32m[1mLinking CXX executable pgo_node[0m
[57.538s] [100%] Built target pgo_node
[57.548s] Invoked command in '/home/jiaverso/Desktop/SparkCar_ROS2_WS/SparkCar_Perception/build/pgo' returned '0': CMAKE_PREFIX_PATH=/home/jiaverso/Desktop/SparkCar_ROS2_WS/SparkCar_Perception/install/interface:/home/jiaverso/Desktop/SparkCar_ROS2_WS/SparkCar_Perception/install/pgo:/home/jiaverso/Desktop/SparkCar_ROS2_WS/SparkCar_Perception/install/localizer:/home/jiaverso/Desktop/SparkCar_ROS2_WS/SparkCar_Perception/install/fastlio2:/home/jiaverso/Desktop/SparkCar_ROS2_WS/SparkCar_Perception/install/livox_ros_driver2:/home/jiaverso/Desktop/SparkCar_ROS2_WS/SparkCar_Perception/install/hba:/opt/ros/humble LD_LIBRARY_PATH=/home/jiaverso/Desktop/SparkCar_ROS2_WS/SparkCar_Perception/install/interface/lib:/home/jiaverso/Desktop/SparkCar_ROS2_WS/SparkCar_Perception/install/livox_ros_driver2/lib:/opt/ros/humble/opt/rviz_ogre_vendor/lib:/opt/ros/humble/lib/x86_64-linux-gnu:/opt/ros/humble/lib /usr/bin/cmake --build /home/jiaverso/Desktop/SparkCar_ROS2_WS/SparkCar_Perception/build/pgo -- -j8 -l8
[57.550s] Invoking command in '/home/jiaverso/Desktop/SparkCar_ROS2_WS/SparkCar_Perception/build/pgo': CMAKE_PREFIX_PATH=/home/jiaverso/Desktop/SparkCar_ROS2_WS/SparkCar_Perception/install/interface:/home/jiaverso/Desktop/SparkCar_ROS2_WS/SparkCar_Perception/install/pgo:/home/jiaverso/Desktop/SparkCar_ROS2_WS/SparkCar_Perception/install/localizer:/home/jiaverso/Desktop/SparkCar_ROS2_WS/SparkCar_Perception/install/fastlio2:/home/jiaverso/Desktop/SparkCar_ROS2_WS/SparkCar_Perception/install/livox_ros_driver2:/home/jiaverso/Desktop/SparkCar_ROS2_WS/SparkCar_Perception/install/hba:/opt/ros/humble LD_LIBRARY_PATH=/home/jiaverso/Desktop/SparkCar_ROS2_WS/SparkCar_Perception/install/interface/lib:/home/jiaverso/Desktop/SparkCar_ROS2_WS/SparkCar_Perception/install/livox_ros_driver2/lib:/opt/ros/humble/opt/rviz_ogre_vendor/lib:/opt/ros/humble/lib/x86_64-linux-gnu:/opt/ros/humble/lib /usr/bin/cmake --install /home/jiaverso/Desktop/SparkCar_ROS2_WS/SparkCar_Perception/build/pgo
[57.555s] -- Install configuration: "Release"
[57.555s] -- Installing: /home/jiaverso/Desktop/SparkCar_ROS2_WS/SparkCar_Perception/install/pgo/lib/pgo/pgo_node
[57.556s] -- Set runtime path of "/home/jiaverso/Desktop/SparkCar_ROS2_WS/SparkCar_Perception/install/pgo/lib/pgo/pgo_node" to ""
[57.556s] -- Installing: /home/jiaverso/Desktop/SparkCar_ROS2_WS/SparkCar_Perception/install/pgo/share/pgo/launch
[57.557s] -- Installing: /home/jiaverso/Desktop/SparkCar_ROS2_WS/SparkCar_Perception/install/pgo/share/pgo/launch/pgo_launch.py
[57.557s] -- Installing: /home/jiaverso/Desktop/SparkCar_ROS2_WS/SparkCar_Perception/install/pgo/share/pgo/config
[57.557s] -- Installing: /home/jiaverso/Desktop/SparkCar_ROS2_WS/SparkCar_Perception/install/pgo/share/pgo/config/pgo.yaml
[57.558s] -- Installing: /home/jiaverso/Desktop/SparkCar_ROS2_WS/SparkCar_Perception/install/pgo/share/pgo/rviz
[57.558s] -- Installing: /home/jiaverso/Desktop/SparkCar_ROS2_WS/SparkCar_Perception/install/pgo/share/pgo/rviz/pgo.rviz
[57.558s] -- Installing: /home/jiaverso/Desktop/SparkCar_ROS2_WS/SparkCar_Perception/install/pgo/share/ament_index/resource_index/package_run_dependencies/pgo
[57.559s] -- Installing: /home/jiaverso/Desktop/SparkCar_ROS2_WS/SparkCar_Perception/install/pgo/share/ament_index/resource_index/parent_prefix_path/pgo
[57.559s] -- Installing: /home/jiaverso/Desktop/SparkCar_ROS2_WS/SparkCar_Perception/install/pgo/share/pgo/environment/ament_prefix_path.sh
[57.559s] -- Installing: /home/jiaverso/Desktop/SparkCar_ROS2_WS/SparkCar_Perception/install/pgo/share/pgo/environment/ament_prefix_path.dsv
[57.559s] -- Installing: /home/jiaverso/Desktop/SparkCar_ROS2_WS/SparkCar_Perception/install/pgo/share/pgo/environment/path.sh
[57.559s] -- Installing: /home/jiaverso/Desktop/SparkCar_ROS2_WS/SparkCar_Perception/install/pgo/share/pgo/environment/path.dsv
[57.559s] -- Installing: /home/jiaverso/Desktop/SparkCar_ROS2_WS/SparkCar_Perception/install/pgo/share/pgo/local_setup.bash
[57.559s] -- Installing: /home/jiaverso/Desktop/SparkCar_ROS2_WS/SparkCar_Perception/install/pgo/share/pgo/local_setup.sh
[57.559s] -- Installing: /home/jiaverso/Desktop/SparkCar_ROS2_WS/SparkCar_Perception/install/pgo/share/pgo/local_setup.zsh
[57.559s] -- Installing: /home/jiaverso/Desktop/SparkCar_ROS2_WS/SparkCar_Perception/install/pgo/share/pgo/local_setup.dsv
[57.559s] -- Installing: /home/jiaverso/Desktop/SparkCar_ROS2_WS/SparkCar_Perception/install/pgo/share/pgo/package.dsv
[57.559s] -- Installing: /home/jiaverso/Desktop/SparkCar_ROS2_WS/SparkCar_Perception/install/pgo/share/ament_index/resource_index/packages/pgo
[57.559s] -- Installing: /home/jiaverso/Desktop/SparkCar_ROS2_WS/SparkCar_Perception/install/pgo/share/pgo/cmake/pgoConfig.cmake
[57.559s] -- Installing: /home/jiaverso/Desktop/SparkCar_ROS2_WS/SparkCar_Perception/install/pgo/share/pgo/cmake/pgoConfig-version.cmake
[57.559s] -- Installing: /home/jiaverso/Desktop/SparkCar_ROS2_WS/SparkCar_Perception/install/pgo/share/pgo/package.xml
[57.561s] Invoked command in '/home/jiaverso/Desktop/SparkCar_ROS2_WS/SparkCar_Perception/build/pgo' returned '0': CMAKE_PREFIX_PATH=/home/jiaverso/Desktop/SparkCar_ROS2_WS/SparkCar_Perception/install/interface:/home/jiaverso/Desktop/SparkCar_ROS2_WS/SparkCar_Perception/install/pgo:/home/jiaverso/Desktop/SparkCar_ROS2_WS/SparkCar_Perception/install/localizer:/home/jiaverso/Desktop/SparkCar_ROS2_WS/SparkCar_Perception/install/fastlio2:/home/jiaverso/Desktop/SparkCar_ROS2_WS/SparkCar_Perception/install/livox_ros_driver2:/home/jiaverso/Desktop/SparkCar_ROS2_WS/SparkCar_Perception/install/hba:/opt/ros/humble LD_LIBRARY_PATH=/home/jiaverso/Desktop/SparkCar_ROS2_WS/SparkCar_Perception/install/interface/lib:/home/jiaverso/Desktop/SparkCar_ROS2_WS/SparkCar_Perception/install/livox_ros_driver2/lib:/opt/ros/humble/opt/rviz_ogre_vendor/lib:/opt/ros/humble/lib/x86_64-linux-gnu:/opt/ros/humble/lib /usr/bin/cmake --install /home/jiaverso/Desktop/SparkCar_ROS2_WS/SparkCar_Perception/build/pgo
