[0.008s] Invoking command in '/home/jiaverso/Desktop/SparkCar_ROS2_WS/SparkCar_Navigation/build/sparkcar_nav_bringup': CMAKE_PREFIX_PATH=${CMAKE_PREFIX_PATH}:/opt/ros/humble /usr/bin/cmake --build /home/jiaverso/Desktop/SparkCar_ROS2_WS/SparkCar_Navigation/build/sparkcar_nav_bringup -- -j8 -l8
[0.037s] [35m[1mConsolidate compiler generated dependencies of target twist_to_ackermann[0m
[0.050s] [ 50%] [32mBuilding CXX object CMakeFiles/twist_to_ackermann.dir/src/twist_to_ackermann.cpp.o[0m
[3.333s] [01m[K/home/jiaverso/Desktop/SparkCar_ROS2_WS/SparkCar_Navigation/src/sparkcar_nav_bringup/src/twist_to_ackermann.cpp:[m[K In member function ‘[01m[Kvoid TwistToAckermann::cmdVelCallback(geometry_msgs::msg::Twist_<std::allocator<void> >::ConstSharedPtr)[m[K’:
[3.334s] [01m[K/home/jiaverso/Desktop/SparkCar_ROS2_WS/SparkCar_Navigation/src/sparkcar_nav_bringup/src/twist_to_ackermann.cpp:59:18:[m[K [01;31m[Kerror: [m[Kno matching function for call to ‘[01m[Krclcpp::Publisher<ackermann_msgs::msg::AckermannDrive_<std::allocator<void> > >::publish(ackermann_msgs::msg::AckermannDriveStamped&)[m[K’
[3.334s]    59 |     [01;31m[Kpub_->publish(out)[m[K;                              // 发布 /ackermann_cmd
[3.334s]       |     [01;31m[K~~~~~~~~~~~~~^~~~~[m[K
[3.334s] In file included from [01m[K/opt/ros/humble/include/rclcpp/rclcpp/topic_statistics/subscription_topic_statistics.hpp:31[m[K,
[3.334s]                  from [01m[K/opt/ros/humble/include/rclcpp/rclcpp/subscription.hpp:50[m[K,
[3.334s]                  from [01m[K/opt/ros/humble/include/rclcpp/rclcpp/any_executable.hpp:25[m[K,
[3.334s]                  from [01m[K/opt/ros/humble/include/rclcpp/rclcpp/memory_strategy.hpp:25[m[K,
[3.334s]                  from [01m[K/opt/ros/humble/include/rclcpp/rclcpp/memory_strategies.hpp:18[m[K,
[3.334s]                  from [01m[K/opt/ros/humble/include/rclcpp/rclcpp/executor_options.hpp:20[m[K,
[3.334s]                  from [01m[K/opt/ros/humble/include/rclcpp/rclcpp/executor.hpp:37[m[K,
[3.334s]                  from [01m[K/opt/ros/humble/include/rclcpp/rclcpp/executors/multi_threaded_executor.hpp:25[m[K,
[3.334s]                  from [01m[K/opt/ros/humble/include/rclcpp/rclcpp/executors.hpp:21[m[K,
[3.334s]                  from [01m[K/opt/ros/humble/include/rclcpp/rclcpp/rclcpp.hpp:155[m[K,
[3.334s]                  from [01m[K/home/jiaverso/Desktop/SparkCar_ROS2_WS/SparkCar_Navigation/src/sparkcar_nav_bringup/src/twist_to_ackermann.cpp:8[m[K:
[3.334s] [01m[K/opt/ros/humble/include/rclcpp/rclcpp/publisher.hpp:254:3:[m[K [01;36m[Knote: [m[Kcandidate: ‘[01m[Ktemplate<class T> std::enable_if_t<(rosidl_generator_traits::is_message<T>::value && std::is_same<T, typename rclcpp::TypeAdapter<MessageT>::ros_message_type>::value)> rclcpp::Publisher<MessageT, AllocatorT>::publish(std::unique_ptr<T, typename std::conditional<std::is_same<typename std::allocator_traits<typename std::allocator_traits<_Allocator>::rebind_traits<typename rclcpp::TypeAdapter<MessageT, void, void>::ros_message_type>::allocator_type>::rebind_alloc<typename rclcpp::TypeAdapter<MessageT, void, void>::ros_message_type>, std::allocator<typename rclcpp::TypeAdapter<MessageT>::ros_message_type> >::value, std::default_delete<typename rclcpp::TypeAdapter<MessageT>::ros_message_type>, rclcpp::allocator::AllocatorDeleter<typename std::allocator_traits<_Allocator>::rebind_traits<typename rclcpp::TypeAdapter<MessageT, void, void>::ros_message_type>::allocator_type> >::type>) [with T = T; MessageT = ackermann_msgs::msg::AckermannDrive_<std::allocator<void> >; AllocatorT = std::allocator<void>][m[K’
[3.334s]   254 |   [01;36m[Kpublish[m[K(std::unique_ptr<T, ROSMessageTypeDeleter> msg)
[3.334s]       |   [01;36m[K^~~~~~~[m[K
[3.334s] [01m[K/opt/ros/humble/include/rclcpp/rclcpp/publisher.hpp:254:3:[m[K [01;36m[Knote: [m[K  template argument deduction/substitution failed:
[3.334s] [01m[K/home/jiaverso/Desktop/SparkCar_ROS2_WS/SparkCar_Navigation/src/sparkcar_nav_bringup/src/twist_to_ackermann.cpp:59:18:[m[K [01;36m[Knote: [m[K  ‘[01m[Kackermann_msgs::msg::AckermannDriveStamped_<std::allocator<void> >[m[K’ is not derived from ‘[01m[Kstd::unique_ptr<T, std::default_delete<ackermann_msgs::msg::AckermannDrive_<std::allocator<void> > > >[m[K’
[3.334s]    59 |     [01;36m[Kpub_->publish(out)[m[K;                              // 发布 /ackermann_cmd
[3.335s]       |     [01;36m[K~~~~~~~~~~~~~^~~~~[m[K
[3.335s] In file included from [01m[K/opt/ros/humble/include/rclcpp/rclcpp/topic_statistics/subscription_topic_statistics.hpp:31[m[K,
[3.335s]                  from [01m[K/opt/ros/humble/include/rclcpp/rclcpp/subscription.hpp:50[m[K,
[3.335s]                  from [01m[K/opt/ros/humble/include/rclcpp/rclcpp/any_executable.hpp:25[m[K,
[3.335s]                  from [01m[K/opt/ros/humble/include/rclcpp/rclcpp/memory_strategy.hpp:25[m[K,
[3.335s]                  from [01m[K/opt/ros/humble/include/rclcpp/rclcpp/memory_strategies.hpp:18[m[K,
[3.335s]                  from [01m[K/opt/ros/humble/include/rclcpp/rclcpp/executor_options.hpp:20[m[K,
[3.335s]                  from [01m[K/opt/ros/humble/include/rclcpp/rclcpp/executor.hpp:37[m[K,
[3.335s]                  from [01m[K/opt/ros/humble/include/rclcpp/rclcpp/executors/multi_threaded_executor.hpp:25[m[K,
[3.335s]                  from [01m[K/opt/ros/humble/include/rclcpp/rclcpp/executors.hpp:21[m[K,
[3.335s]                  from [01m[K/opt/ros/humble/include/rclcpp/rclcpp/rclcpp.hpp:155[m[K,
[3.335s]                  from [01m[K/home/jiaverso/Desktop/SparkCar_ROS2_WS/SparkCar_Navigation/src/sparkcar_nav_bringup/src/twist_to_ackermann.cpp:8[m[K:
[3.335s] [01m[K/opt/ros/humble/include/rclcpp/rclcpp/publisher.hpp:295:3:[m[K [01;36m[Knote: [m[Kcandidate: ‘[01m[Ktemplate<class T> std::enable_if_t<(rosidl_generator_traits::is_message<T>::value && std::is_same<T, typename rclcpp::TypeAdapter<MessageT>::ros_message_type>::value)> rclcpp::Publisher<MessageT, AllocatorT>::publish(const T&) [with T = T; MessageT = ackermann_msgs::msg::AckermannDrive_<std::allocator<void> >; AllocatorT = std::allocator<void>][m[K’
[3.335s]   295 |   [01;36m[Kpublish[m[K(const T & msg)
[3.335s]       |   [01;36m[K^~~~~~~[m[K
[3.335s] [01m[K/opt/ros/humble/include/rclcpp/rclcpp/publisher.hpp:295:3:[m[K [01;36m[Knote: [m[K  template argument deduction/substitution failed:
[3.335s] In file included from [01m[K/usr/include/c++/11/bits/move.h:57[m[K,
[3.335s]                  from [01m[K/usr/include/c++/11/bits/stl_pair.h:59[m[K,
[3.335s]                  from [01m[K/usr/include/c++/11/utility:70[m[K,
[3.335s]                  from [01m[K/usr/include/c++/11/algorithm:60[m[K,
[3.335s]                  from [01m[K/home/jiaverso/Desktop/SparkCar_ROS2_WS/SparkCar_Navigation/src/sparkcar_nav_bringup/src/twist_to_ackermann.cpp:1[m[K:
[3.336s] /usr/include/c++/11/type_traits: In substitution of ‘[01m[Ktemplate<bool _Cond, class _Tp> using enable_if_t = typename std::enable_if::type [with bool _Cond = false; _Tp = void][m[K’:
[3.336s] [01m[K/opt/ros/humble/include/rclcpp/rclcpp/publisher.hpp:295:3:[m[K   required by substitution of ‘[01m[Ktemplate<class T> std::enable_if_t<(rosidl_generator_traits::is_message<T>::value && std::is_same<T, ackermann_msgs::msg::AckermannDrive_<std::allocator<void> > >::value), void> rclcpp::Publisher<ackermann_msgs::msg::AckermannDrive_<std::allocator<void> > >::publish<T>(const T&) [with T = ackermann_msgs::msg::AckermannDriveStamped_<std::allocator<void> >][m[K’
[3.336s] [01m[K/home/jiaverso/Desktop/SparkCar_ROS2_WS/SparkCar_Navigation/src/sparkcar_nav_bringup/src/twist_to_ackermann.cpp:59:18:[m[K   required from here
[3.336s] [01m[K/usr/include/c++/11/type_traits:2579:11:[m[K [01;31m[Kerror: [m[Kno type named ‘[01m[Ktype[m[K’ in ‘[01m[Kstruct std::enable_if<false, void>[m[K’
[3.336s]  2579 |     using [01;31m[Kenable_if_t[m[K = typename enable_if<_Cond, _Tp>::type;
[3.336s]       |           [01;31m[K^~~~~~~~~~~[m[K
[3.336s] In file included from [01m[K/opt/ros/humble/include/rclcpp/rclcpp/topic_statistics/subscription_topic_statistics.hpp:31[m[K,
[3.336s]                  from [01m[K/opt/ros/humble/include/rclcpp/rclcpp/subscription.hpp:50[m[K,
[3.336s]                  from [01m[K/opt/ros/humble/include/rclcpp/rclcpp/any_executable.hpp:25[m[K,
[3.336s]                  from [01m[K/opt/ros/humble/include/rclcpp/rclcpp/memory_strategy.hpp:25[m[K,
[3.336s]                  from [01m[K/opt/ros/humble/include/rclcpp/rclcpp/memory_strategies.hpp:18[m[K,
[3.336s]                  from [01m[K/opt/ros/humble/include/rclcpp/rclcpp/executor_options.hpp:20[m[K,
[3.336s]                  from [01m[K/opt/ros/humble/include/rclcpp/rclcpp/executor.hpp:37[m[K,
[3.336s]                  from [01m[K/opt/ros/humble/include/rclcpp/rclcpp/executors/multi_threaded_executor.hpp:25[m[K,
[3.336s]                  from [01m[K/opt/ros/humble/include/rclcpp/rclcpp/executors.hpp:21[m[K,
[3.336s]                  from [01m[K/opt/ros/humble/include/rclcpp/rclcpp/rclcpp.hpp:155[m[K,
[3.336s]                  from [01m[K/home/jiaverso/Desktop/SparkCar_ROS2_WS/SparkCar_Navigation/src/sparkcar_nav_bringup/src/twist_to_ackermann.cpp:8[m[K:
[3.336s] [01m[K/opt/ros/humble/include/rclcpp/rclcpp/publisher.hpp:325:3:[m[K [01;36m[Knote: [m[Kcandidate: ‘[01m[Ktemplate<class T> std::enable_if_t<(typename rclcpp::TypeAdapter<MessageT>::is_specialized::value && std::is_same<T, typename rclcpp::TypeAdapter<MessageT>::custom_type>::value)> rclcpp::Publisher<MessageT, AllocatorT>::publish(std::unique_ptr<T, typename std::conditional<std::is_same<typename std::allocator_traits<typename std::allocator_traits<_Allocator>::rebind_traits<typename rclcpp::TypeAdapter<MessageT, void, void>::custom_type>::allocator_type>::rebind_alloc<typename rclcpp::TypeAdapter<MessageT, void, void>::custom_type>, std::allocator<typename rclcpp::TypeAdapter<MessageT>::custom_type> >::value, std::default_delete<typename rclcpp::TypeAdapter<MessageT>::custom_type>, rclcpp::allocator::AllocatorDeleter<typename std::allocator_traits<_Allocator>::rebind_traits<typename rclcpp::TypeAdapter<MessageT, void, void>::custom_type>::allocator_type> >::type>) [with T = T; MessageT = ackermann_msgs::msg::AckermannDrive_<std::allocator<void> >; AllocatorT = std::allocator<void>][m[K’
[3.336s]   325 |   [01;36m[Kpublish[m[K(std::unique_ptr<T, PublishedTypeDeleter> msg)
[3.336s]       |   [01;36m[K^~~~~~~[m[K
[3.336s] [01m[K/opt/ros/humble/include/rclcpp/rclcpp/publisher.hpp:325:3:[m[K [01;36m[Knote: [m[K  template argument deduction/substitution failed:
[3.336s] [01m[K/home/jiaverso/Desktop/SparkCar_ROS2_WS/SparkCar_Navigation/src/sparkcar_nav_bringup/src/twist_to_ackermann.cpp:59:18:[m[K [01;36m[Knote: [m[K  ‘[01m[Kackermann_msgs::msg::AckermannDriveStamped_<std::allocator<void> >[m[K’ is not derived from ‘[01m[Kstd::unique_ptr<T, std::default_delete<ackermann_msgs::msg::AckermannDrive_<std::allocator<void> > > >[m[K’
[3.336s]    59 |     [01;36m[Kpub_->publish(out)[m[K;                              // 发布 /ackermann_cmd
[3.337s]       |     [01;36m[K~~~~~~~~~~~~~^~~~~[m[K
[3.337s] In file included from [01m[K/opt/ros/humble/include/rclcpp/rclcpp/topic_statistics/subscription_topic_statistics.hpp:31[m[K,
[3.337s]                  from [01m[K/opt/ros/humble/include/rclcpp/rclcpp/subscription.hpp:50[m[K,
[3.337s]                  from [01m[K/opt/ros/humble/include/rclcpp/rclcpp/any_executable.hpp:25[m[K,
[3.337s]                  from [01m[K/opt/ros/humble/include/rclcpp/rclcpp/memory_strategy.hpp:25[m[K,
[3.337s]                  from [01m[K/opt/ros/humble/include/rclcpp/rclcpp/memory_strategies.hpp:18[m[K,
[3.337s]                  from [01m[K/opt/ros/humble/include/rclcpp/rclcpp/executor_options.hpp:20[m[K,
[3.337s]                  from [01m[K/opt/ros/humble/include/rclcpp/rclcpp/executor.hpp:37[m[K,
[3.337s]                  from [01m[K/opt/ros/humble/include/rclcpp/rclcpp/executors/multi_threaded_executor.hpp:25[m[K,
[3.337s]                  from [01m[K/opt/ros/humble/include/rclcpp/rclcpp/executors.hpp:21[m[K,
[3.337s]                  from [01m[K/opt/ros/humble/include/rclcpp/rclcpp/rclcpp.hpp:155[m[K,
[3.337s]                  from [01m[K/home/jiaverso/Desktop/SparkCar_ROS2_WS/SparkCar_Navigation/src/sparkcar_nav_bringup/src/twist_to_ackermann.cpp:8[m[K:
[3.337s] [01m[K/opt/ros/humble/include/rclcpp/rclcpp/publisher.hpp:367:3:[m[K [01;36m[Knote: [m[Kcandidate: ‘[01m[Ktemplate<class T> std::enable_if_t<(typename rclcpp::TypeAdapter<MessageT>::is_specialized::value && std::is_same<T, typename rclcpp::TypeAdapter<MessageT>::custom_type>::value)> rclcpp::Publisher<MessageT, AllocatorT>::publish(const T&) [with T = T; MessageT = ackermann_msgs::msg::AckermannDrive_<std::allocator<void> >; AllocatorT = std::allocator<void>][m[K’
[3.337s]   367 |   [01;36m[Kpublish[m[K(const T & msg)
[3.337s]       |   [01;36m[K^~~~~~~[m[K
[3.337s] [01m[K/opt/ros/humble/include/rclcpp/rclcpp/publisher.hpp:367:3:[m[K [01;36m[Knote: [m[K  template argument deduction/substitution failed:
[3.337s] [01m[K/opt/ros/humble/include/rclcpp/rclcpp/publisher.hpp:386:3:[m[K [01;36m[Knote: [m[Kcandidate: ‘[01m[Kvoid rclcpp::Publisher<MessageT, AllocatorT>::publish(const rcl_serialized_message_t&) [with MessageT = ackermann_msgs::msg::AckermannDrive_<std::allocator<void> >; AllocatorT = std::allocator<void>; rcl_serialized_message_t = rcutils_uint8_array_s][m[K’
[3.337s]   386 |   [01;36m[Kpublish[m[K(const rcl_serialized_message_t & serialized_msg)
[3.337s]       |   [01;36m[K^~~~~~~[m[K
[3.337s] [01m[K/opt/ros/humble/include/rclcpp/rclcpp/publisher.hpp:386:44:[m[K [01;36m[Knote: [m[K  no known conversion for argument 1 from ‘[01m[Kackermann_msgs::msg::AckermannDriveStamped[m[K’ {aka ‘[01m[Kackermann_msgs::msg::AckermannDriveStamped_<std::allocator<void> >[m[K’} to ‘[01m[Kconst rcl_serialized_message_t&[m[K’ {aka ‘[01m[Kconst rcutils_uint8_array_s&[m[K’}
[3.337s]   386 |   publish([01;36m[Kconst rcl_serialized_message_t & serialized_msg[m[K)
[3.337s]       |           [01;36m[K~~~~~~~~~~~~~~~~~~~~~~~~~~~~~~~~~^~~~~~~~~~~~~~[m[K
[3.337s] [01m[K/opt/ros/humble/include/rclcpp/rclcpp/publisher.hpp:392:3:[m[K [01;36m[Knote: [m[Kcandidate: ‘[01m[Kvoid rclcpp::Publisher<MessageT, AllocatorT>::publish(const rclcpp::SerializedMessage&) [with MessageT = ackermann_msgs::msg::AckermannDrive_<std::allocator<void> >; AllocatorT = std::allocator<void>][m[K’
[3.338s]   392 |   [01;36m[Kpublish[m[K(const SerializedMessage & serialized_msg)
[3.338s]       |   [01;36m[K^~~~~~~[m[K
[3.338s] [01m[K/opt/ros/humble/include/rclcpp/rclcpp/publisher.hpp:392:37:[m[K [01;36m[Knote: [m[K  no known conversion for argument 1 from ‘[01m[Kackermann_msgs::msg::AckermannDriveStamped[m[K’ {aka ‘[01m[Kackermann_msgs::msg::AckermannDriveStamped_<std::allocator<void> >[m[K’} to ‘[01m[Kconst rclcpp::SerializedMessage&[m[K’
[3.338s]   392 |   publish([01;36m[Kconst SerializedMessage & serialized_msg[m[K)
[3.338s]       |           [01;36m[K~~~~~~~~~~~~~~~~~~~~~~~~~~^~~~~~~~~~~~~~[m[K
[3.338s] [01m[K/opt/ros/humble/include/rclcpp/rclcpp/publisher.hpp:406:3:[m[K [01;36m[Knote: [m[Kcandidate: ‘[01m[Kvoid rclcpp::Publisher<MessageT, AllocatorT>::publish(rclcpp::LoanedMessage<typename rclcpp::TypeAdapter<MessageT>::ros_message_type, AllocatorT>&&) [with MessageT = ackermann_msgs::msg::AckermannDrive_<std::allocator<void> >; AllocatorT = std::allocator<void>; typename rclcpp::TypeAdapter<MessageT>::ros_message_type = ackermann_msgs::msg::AckermannDrive_<std::allocator<void> >][m[K’
[3.338s]   406 |   [01;36m[Kpublish[m[K(rclcpp::LoanedMessage<ROSMessageType, AllocatorT> && loaned_msg)
[3.338s]       |   [01;36m[K^~~~~~~[m[K
[3.338s] [01m[K/opt/ros/humble/include/rclcpp/rclcpp/publisher.hpp:406:64:[m[K [01;36m[Knote: [m[K  no known conversion for argument 1 from ‘[01m[Kackermann_msgs::msg::AckermannDriveStamped[m[K’ {aka ‘[01m[Kackermann_msgs::msg::AckermannDriveStamped_<std::allocator<void> >[m[K’} to ‘[01m[Krclcpp::LoanedMessage<ackermann_msgs::msg::AckermannDrive_<std::allocator<void> >, std::allocator<void> >&&[m[K’
[3.338s]   406 |   publish([01;36m[Krclcpp::LoanedMessage<ROSMessageType, AllocatorT> && loaned_msg[m[K)
[3.338s]       |           [01;36m[K~~~~~~~~~~~~~~~~~~~~~~~~~~~~~~~~~~~~~~~~~~~~~~~~~~~~~^~~~~~~~~~[m[K
[6.469s] gmake[2]: *** [CMakeFiles/twist_to_ackermann.dir/build.make:76: CMakeFiles/twist_to_ackermann.dir/src/twist_to_ackermann.cpp.o] Error 1
[6.469s] gmake[1]: *** [CMakeFiles/Makefile2:137: CMakeFiles/twist_to_ackermann.dir/all] Error 2
[6.469s] gmake: *** [Makefile:146: all] Error 2
[6.471s] Invoked command in '/home/jiaverso/Desktop/SparkCar_ROS2_WS/SparkCar_Navigation/build/sparkcar_nav_bringup' returned '2': CMAKE_PREFIX_PATH=${CMAKE_PREFIX_PATH}:/opt/ros/humble /usr/bin/cmake --build /home/jiaverso/Desktop/SparkCar_ROS2_WS/SparkCar_Navigation/build/sparkcar_nav_bringup -- -j8 -l8
